Log file open, 11/03/20 21:23:08
LogInit: Display: Running engine for game: BattleChess_Game
LogPlatformFile: Not using cached read wrapper
LogTaskGraph: Started task graph with 5 named threads and 23 total threads with 3 sets of task threads.
LogStats: Stats thread started at 6.383496
LogD3D11RHI: Loaded GFSDK_Aftermath_Lib.x64.dll
LogICUInternationalization: ICU TimeZone Detection - Raw Offset: +7:00, Platform Override: ''
LogPluginManager: Mounting plugin Paper2D
LogPluginManager: Mounting plugin AISupport
LogPluginManager: Mounting plugin LightPropagationVolume
LogPluginManager: Mounting plugin CameraShakePreviewer
LogPluginManager: Mounting plugin ActorLayerUtilities
LogPluginManager: Mounting plugin AnimationSharing
LogPluginManager: Mounting plugin CLionSourceCodeAccess
LogPluginManager: Mounting plugin CodeLiteSourceCodeAccess
LogPluginManager: Mounting plugin GitSourceControl
LogPluginManager: Mounting plugin KDevelopSourceCodeAccess
LogPluginManager: Mounting plugin NullSourceCodeAccess
LogPluginManager: Mounting plugin PerforceSourceControl
LogPluginManager: Mounting plugin PlasticSourceControl
LogPluginManager: Mounting plugin RiderSourceCodeAccess
LogPluginManager: Mounting plugin SubversionSourceControl
LogPluginManager: Mounting plugin UObjectPlugin
LogPluginManager: Mounting plugin VisualStudioCodeSourceCodeAccess
LogPluginManager: Mounting plugin VisualStudioSourceCodeAccess
LogPluginManager: Mounting plugin XCodeSourceCodeAccess
LogPluginManager: Mounting plugin AssetManagerEditor
LogPluginManager: Mounting plugin CryptoKeys
LogPluginManager: Mounting plugin CurveEditorTools
LogPluginManager: Mounting plugin DataValidation
LogPluginManager: Mounting plugin EditorScriptingUtilities
LogPluginManager: Mounting plugin FacialAnimation
LogPluginManager: Mounting plugin GameplayTagsEditor
LogPluginManager: Mounting plugin GeometryMode
LogPluginManager: Mounting plugin MacGraphicsSwitching
LogPluginManager: Mounting plugin MaterialAnalyzer
LogPluginManager: Mounting plugin MobileLauncherProfileWizard
LogPluginManager: Mounting plugin PluginBrowser
LogPluginManager: Mounting plugin SpeedTreeImporter
LogPluginManager: Mounting plugin DatasmithContent
LogPluginManager: Mounting plugin VariantManagerContent
LogPluginManager: Mounting plugin AlembicImporter
LogPluginManager: Mounting plugin AutomationUtils
LogPluginManager: Mounting plugin BackChannel
LogPluginManager: Mounting plugin ChaosCloth
LogPluginManager: Mounting plugin ChaosClothEditor
LogPluginManager: Mounting plugin ChaosEditor
LogPluginManager: Mounting plugin ChaosNiagara
LogPluginManager: Mounting plugin ChaosSolverPlugin
LogPluginManager: Mounting plugin CharacterAI
LogPluginManager: Mounting plugin GeometryCache
LogPluginManager: Mounting plugin GeometryCollectionPlugin
LogPluginManager: Mounting plugin GeometryProcessing
LogPluginManager: Mounting plugin PlanarCut
LogPluginManager: Mounting plugin PlatformCrypto
LogPluginManager: Mounting plugin ProxyLODPlugin
LogPluginManager: Mounting plugin SkeletalReduction
LogPluginManager: Mounting plugin Niagara
LogPluginManager: Mounting plugin MagicLeap
LogPluginManager: Mounting plugin MagicLeapLightEstimation
LogPluginManager: Mounting plugin MagicLeapMedia
LogPluginManager: Mounting plugin MagicLeapPassableWorld
LogPluginManager: Mounting plugin MLSDK
LogPluginManager: Mounting plugin AndroidMedia
LogPluginManager: Mounting plugin AvfMedia
LogPluginManager: Mounting plugin ImgMedia
LogPluginManager: Mounting plugin MediaCompositing
LogPluginManager: Mounting plugin MediaPlayerEditor
LogPluginManager: Mounting plugin WebMMedia
LogPluginManager: Mounting plugin WmfMedia
LogPluginManager: Mounting plugin MeshPainting
LogPluginManager: Mounting plugin TcpMessaging
LogPluginManager: Mounting plugin UdpMessaging
LogPluginManager: Mounting plugin ActorSequence
LogPluginManager: Mounting plugin LevelSequenceEditor
LogPluginManager: Mounting plugin MatineeToLevelSequence
LogPluginManager: Mounting plugin MovieRenderPipeline
LogPluginManager: Mounting plugin TemplateSequence
LogPluginManager: Mounting plugin NetcodeUnitTest
LogPluginManager: Mounting plugin NUTUnrealEngine4
LogPluginManager: Mounting plugin OnlineSubsystemGooglePlay
LogPluginManager: Mounting plugin OnlineSubsystemIOS
LogPluginManager: Mounting plugin OnlineSubsystem
LogPluginManager: Mounting plugin OnlineSubsystemNull
LogPluginManager: Mounting plugin OnlineSubsystemSteam
LogPluginManager: Mounting plugin OnlineSubsystemUtils
LogPluginManager: Mounting plugin LauncherChunkInstaller
LogPluginManager: Mounting plugin AndroidDeviceProfileSelector
LogPluginManager: Mounting plugin AndroidMoviePlayer
LogPluginManager: Mounting plugin AndroidPermission
LogPluginManager: Mounting plugin AppleImageUtils
LogPluginManager: Mounting plugin AppleMoviePlayer
LogPluginManager: Mounting plugin ArchVisCharacter
LogPluginManager: Mounting plugin AssetTags
LogPluginManager: Mounting plugin AudioCapture
LogPluginManager: Mounting plugin CableComponent
LogPluginManager: Mounting plugin CustomMeshComponent
LogPluginManager: Mounting plugin EditableMesh
LogPluginManager: Mounting plugin ExampleDeviceProfileSelector
LogPluginManager: Mounting plugin GoogleCloudMessaging
LogPluginManager: Mounting plugin GooglePAD
LogPluginManager: Mounting plugin IOSDeviceProfileSelector
LogPluginManager: Mounting plugin LinuxDeviceProfileSelector
LogPluginManager: Mounting plugin LocationServicesBPLibrary
LogPluginManager: Mounting plugin MobilePatchingUtils
LogPluginManager: Mounting plugin OculusVR
LogPluginManager: Mounting plugin PhysXVehicles
LogPluginManager: Mounting plugin PostSplashScreen
LogPluginManager: Mounting plugin ProceduralMeshComponent
LogPluginManager: Mounting plugin RuntimePhysXCooking
LogPluginManager: Mounting plugin SignificanceManager
LogPluginManager: Mounting plugin SoundFields
LogPluginManager: Mounting plugin SteamShared
LogPluginManager: Mounting plugin SteamVR
LogPluginManager: Mounting plugin Synthesis
LogPluginManager: Mounting plugin WebMMoviePlayer
LogPluginManager: Mounting plugin WindowsMoviePlayer
LogPluginManager: Mounting plugin ScreenshotTools
LogInit: Using libcurl 7.55.1-DEV
LogInit:  - built for x86_64-pc-win32
LogInit:  - supports SSL with OpenSSL/1.1.1
LogInit:  - supports HTTP deflate (compression) using libz 1.2.8
LogInit:  - other features:
LogInit:      CURL_VERSION_SSL
LogInit:      CURL_VERSION_LIBZ
LogInit:      CURL_VERSION_IPV6
LogInit:      CURL_VERSION_ASYNCHDNS
LogInit:      CURL_VERSION_LARGEFILE
LogInit:      CURL_VERSION_IDN
LogInit:  CurlRequestOptions (configurable via config and command line):
LogInit:  - bVerifyPeer = true  - Libcurl will verify peer certificate
LogInit:  - bUseHttpProxy = false  - Libcurl will NOT use HTTP proxy
LogInit:  - bDontReuseConnections = false  - Libcurl will reuse connections
LogInit:  - MaxHostConnections = 16  - Libcurl will limit the number of connections to a host
LogInit:  - LocalHostAddr = Default
LogInit:  - BufferSize = 65536
LogSteamShared: Display: Loading Steam SDK 1.47
LogSteamShared: Steam SDK Loaded!
LogOnline: OSS: Creating online subsystem instance for: Steam
LogOnline: Warning: STEAM: Steam API disabled!
LogOnline: Display: STEAM: OnlineSubsystemSteam::Shutdown()
LogOnline: OSS: Unable to create OnlineSubsystem module Steam
LogOnline: OSS: Creating online subsystem instance for: NULL
LogInit: WinSock: version 1.1 (2.2), MaxSocks=32767, MaxUdp=65467
LogOnline: OSS: TryLoadSubsystemAndSetDefault: Loaded subsystem for module [NULL]
LogInit: Build: ++UE4+Release-4.25-CL-13942748
LogInit: Engine Version: 4.25.3-13942748+++UE4+Release-4.25
LogInit: Compatible Engine Version: 4.25.0-13144385+++UE4+Release-4.25
LogInit: Net CL: 13144385
LogInit: OS: Windows 10 (Release 1909) (), CPU: AMD Ryzen 7 3750H with Radeon Vega Mobile Gfx  , GPU: AMD Radeon(TM) RX Vega 10 Graphics
LogInit: Compiled (64-bit): Jul 25 2020 02:07:48
LogInit: Compiled with Visual C++: 19.24.28315.00
LogInit: Build Configuration: Development
LogInit: Branch Name: ++UE4+Release-4.25
LogInit: Command Line:  /Game/Maps/MainMenu -game -PIEVIACONSOLE -Multiprocess "GameUserSettingsINI=C:/Users/anuch/Desktop/github multi/BattleChess/BattleChess_Game/Saved/Config/Windows/PIEGameUserSettings0.ini" -MultiprocessSaveConfig -MultiprocessOSS -messaging -SessionName="Play in Standalone Game" -windowed -ResX=1280 -ResY=720
LogInit: Base Directory: D:/Program File/Epic game/Epic Games/UE_4.25/Engine/Binaries/Win64/
LogInit: Allocator: TBB
LogInit: Installed Engine Build: 1
LogDevObjectVersion: Number of dev versions registered: 26
LogDevObjectVersion:   Dev-Blueprints (B0D832E4-1F89-4F0D-ACCF-7EB736FD4AA2): 10
LogDevObjectVersion:   Dev-Build (E1C64328-A22C-4D53-A36C-8E866417BD8C): 0
LogDevObjectVersion:   Dev-Core (375EC13C-06E4-48FB-B500-84F0262A717E): 4
LogDevObjectVersion:   Dev-Editor (E4B068ED-F494-42E9-A231-DA0B2E46BB41): 38
LogDevObjectVersion:   Dev-Framework (CFFC743F-43B0-4480-9391-14DF171D2073): 37
LogDevObjectVersion:   Dev-Mobile (B02B49B5-BB20-44E9-A304-32B752E40360): 2
LogDevObjectVersion:   Dev-Networking (A4E4105C-59A1-49B5-A7C5-40C4547EDFEE): 0
LogDevObjectVersion:   Dev-Online (39C831C9-5AE6-47DC-9A44-9C173E1C8E7C): 0
LogDevObjectVersion:   Dev-Physics (78F01B33-EBEA-4F98-B9B4-84EACCB95AA2): 4
LogDevObjectVersion:   Dev-Platform (6631380F-2D4D-43E0-8009-CF276956A95A): 0
LogDevObjectVersion:   Dev-Rendering (12F88B9F-8875-4AFC-A67C-D90C383ABD29): 43
LogDevObjectVersion:   Dev-Sequencer (7B5AE74C-D270-4C10-A958-57980B212A5A): 12
LogDevObjectVersion:   Dev-VR (D7296918-1DD6-4BDD-9DE2-64A83CC13884): 3
LogDevObjectVersion:   Dev-LoadTimes (C2A15278-BFE7-4AFE-6C17-90FF531DF755): 1
LogDevObjectVersion:   Private-Geometry (6EACA3D4-40EC-4CC1-B786-8BED09428FC5): 3
LogDevObjectVersion:   Dev-AnimPhys (29E575DD-E0A3-4627-9D10-D276232CDCEA): 17
LogDevObjectVersion:   Dev-Anim (AF43A65D-7FD3-4947-9873-3E8ED9C1BB05): 7
LogDevObjectVersion:   Dev-ReflectionCapture (6B266CEC-1EC7-4B8F-A30B-E4D90942FC07): 1
LogDevObjectVersion:   Dev-Automation (0DF73D61-A23F-47EA-B727-89E90C41499A): 1
LogDevObjectVersion:   FortniteMain (601D1886-AC64-4F84-AA16-D3DE0DEAC7D6): 31
LogDevObjectVersion:   Dev-Enterprise (9DFFBCD6-494F-0158-E221-12823C92A888): 10
LogDevObjectVersion:   Dev-Niagara (F2AED0AC-9AFE-416F-8664-AA7FFA26D6FC): 1
LogDevObjectVersion:   Dev-Destruction (174F1F0B-B4C6-45A5-B13F-2EE8D0FB917D): 10
LogDevObjectVersion:   Dev-Physics-Ext (35F94A83-E258-406C-A318-09F59610247C): 37
LogDevObjectVersion:   Dev-PhysicsMaterial-Chaos (B68FC16E-8B1B-42E2-B453-215C058844FE): 1
LogDevObjectVersion:   Dev-CineCamera (B2E18506-4273-CFC2-A54E-F4BB758BBA07): 1
LogInit: Presizing for max 25165824 objects, including 0 objects not considered by GC, pre-allocating 0 bytes for permanent pool.
LogConfig: Applying CVar settings from Section [/Script/Engine.StreamingSettings] File [C:/Users/anuch/Desktop/github multi/BattleChess/BattleChess_Game/Saved/Config/Windows/Engine.ini]
LogConfig: Setting CVar [[s.MinBulkDataSizeForAsyncLoading:131072]]
LogConfig: Setting CVar [[s.AsyncLoadingThreadEnabled:0]]
LogConfig: Setting CVar [[s.EventDrivenLoaderEnabled:1]]
LogConfig: Setting CVar [[s.WarnIfTimeLimitExceeded:0]]
LogConfig: Setting CVar [[s.TimeLimitExceededMultiplier:1.5]]
LogConfig: Setting CVar [[s.TimeLimitExceededMinTime:0.005]]
LogConfig: Setting CVar [[s.UseBackgroundLevelStreaming:1]]
LogConfig: Setting CVar [[s.PriorityAsyncLoadingExtraTime:15.0]]
LogConfig: Setting CVar [[s.LevelStreamingActorsUpdateTimeLimit:5.0]]
LogConfig: Setting CVar [[s.PriorityLevelStreamingActorsUpdateExtraTime:5.0]]
LogConfig: Setting CVar [[s.LevelStreamingComponentsRegistrationGranularity:10]]
LogConfig: Setting CVar [[s.UnregisterComponentsTimeLimit:1.0]]
LogConfig: Setting CVar [[s.LevelStreamingComponentsUnregistrationGranularity:5]]
LogConfig: Setting CVar [[s.FlushStreamingOnExit:1]]
LogInit: Object subsystem initialized
LogConfig: Setting CVar [[con.DebugEarlyDefault:1]]
LogConfig: Setting CVar [[r.setres:1280x720]]
[2020.11.03-14.23.11:070][  0]LogConfig: Setting CVar [[con.DebugEarlyDefault:1]]
[2020.11.03-14.23.11:071][  0]LogConfig: Setting CVar [[r.setres:1280x720]]
[2020.11.03-14.23.11:071][  0]LogConfig: Applying CVar settings from Section [/Script/Engine.RendererSettings] File [C:/Users/anuch/Desktop/github multi/BattleChess/BattleChess_Game/Saved/Config/Windows/Engine.ini]
[2020.11.03-14.23.11:071][  0]LogConfig: Setting CVar [[r.GPUCrashDebugging:0]]
[2020.11.03-14.23.11:071][  0]LogConfig: Applying CVar settings from Section [/Script/Engine.RendererOverrideSettings] File [C:/Users/anuch/Desktop/github multi/BattleChess/BattleChess_Game/Saved/Config/Windows/Engine.ini]
[2020.11.03-14.23.11:071][  0]LogConfig: Applying CVar settings from Section [/Script/Engine.StreamingSettings] File [C:/Users/anuch/Desktop/github multi/BattleChess/BattleChess_Game/Saved/Config/Windows/Engine.ini]
[2020.11.03-14.23.11:071][  0]LogConfig: Setting CVar [[s.MinBulkDataSizeForAsyncLoading:131072]]
[2020.11.03-14.23.11:071][  0]LogConfig: Setting CVar [[s.AsyncLoadingThreadEnabled:0]]
[2020.11.03-14.23.11:071][  0]LogConfig: Setting CVar [[s.EventDrivenLoaderEnabled:1]]
[2020.11.03-14.23.11:071][  0]LogConfig: Setting CVar [[s.WarnIfTimeLimitExceeded:0]]
[2020.11.03-14.23.11:071][  0]LogConfig: Setting CVar [[s.TimeLimitExceededMultiplier:1.5]]
[2020.11.03-14.23.11:071][  0]LogConfig: Setting CVar [[s.TimeLimitExceededMinTime:0.005]]
[2020.11.03-14.23.11:071][  0]LogConfig: Setting CVar [[s.UseBackgroundLevelStreaming:1]]
[2020.11.03-14.23.11:071][  0]LogConfig: Setting CVar [[s.PriorityAsyncLoadingExtraTime:15.0]]
[2020.11.03-14.23.11:071][  0]LogConfig: Setting CVar [[s.LevelStreamingActorsUpdateTimeLimit:5.0]]
[2020.11.03-14.23.11:071][  0]LogConfig: Setting CVar [[s.PriorityLevelStreamingActorsUpdateExtraTime:5.0]]
[2020.11.03-14.23.11:071][  0]LogConfig: Setting CVar [[s.LevelStreamingComponentsRegistrationGranularity:10]]
[2020.11.03-14.23.11:071][  0]LogConfig: Setting CVar [[s.UnregisterComponentsTimeLimit:1.0]]
[2020.11.03-14.23.11:071][  0]LogConfig: Setting CVar [[s.LevelStreamingComponentsUnregistrationGranularity:5]]
[2020.11.03-14.23.11:071][  0]LogConfig: Setting CVar [[s.FlushStreamingOnExit:1]]
[2020.11.03-14.23.11:071][  0]LogConfig: Applying CVar settings from Section [/Script/Engine.GarbageCollectionSettings] File [C:/Users/anuch/Desktop/github multi/BattleChess/BattleChess_Game/Saved/Config/Windows/Engine.ini]
[2020.11.03-14.23.11:071][  0]LogConfig: Setting CVar [[gc.MaxObjectsNotConsideredByGC:1]]
[2020.11.03-14.23.11:071][  0]LogConfig: Setting CVar [[gc.SizeOfPermanentObjectPool:0]]
[2020.11.03-14.23.11:071][  0]LogConfig: Setting CVar [[gc.FlushStreamingOnGC:0]]
[2020.11.03-14.23.11:071][  0]LogConfig: Setting CVar [[gc.NumRetriesBeforeForcingGC:10]]
[2020.11.03-14.23.11:071][  0]LogConfig: Setting CVar [[gc.AllowParallelGC:1]]
[2020.11.03-14.23.11:071][  0]LogConfig: Setting CVar [[gc.TimeBetweenPurgingPendingKillObjects:61.1]]
[2020.11.03-14.23.11:071][  0]LogConfig: Setting CVar [[gc.MaxObjectsInEditor:25165824]]
[2020.11.03-14.23.11:071][  0]LogConfig: Setting CVar [[gc.IncrementalBeginDestroyEnabled:1]]
[2020.11.03-14.23.11:071][  0]LogConfig: Setting CVar [[gc.CreateGCClusters:1]]
[2020.11.03-14.23.11:071][  0]LogConfig: Setting CVar [[gc.MinGCClusterSize:5]]
[2020.11.03-14.23.11:071][  0]LogConfig: Setting CVar [[gc.ActorClusteringEnabled:0]]
[2020.11.03-14.23.11:071][  0]LogConfig: Setting CVar [[gc.BlueprintClusteringEnabled:0]]
[2020.11.03-14.23.11:071][  0]LogConfig: Setting CVar [[gc.UseDisregardForGCOnDedicatedServers:0]]
[2020.11.03-14.23.11:071][  0]LogConfig: Applying CVar settings from Section [/Script/Engine.NetworkSettings] File [C:/Users/anuch/Desktop/github multi/BattleChess/BattleChess_Game/Saved/Config/Windows/Engine.ini]
[2020.11.03-14.23.11:072][  0]LogConfig: Applying CVar settings from Section [/Script/UnrealEd.CookerSettings] File [C:/Users/anuch/Desktop/github multi/BattleChess/BattleChess_Game/Saved/Config/Windows/Engine.ini]
[2020.11.03-14.23.11:094][  0]LogConfig: Applying CVar settings from Section [ViewDistanceQuality@3] File [C:/Users/anuch/Desktop/github multi/BattleChess/BattleChess_Game/Saved/Config/Windows/Scalability.ini]
[2020.11.03-14.23.11:094][  0]LogConfig: Setting CVar [[r.SkeletalMeshLODBias:0]]
[2020.11.03-14.23.11:094][  0]LogConfig: Setting CVar [[r.ViewDistanceScale:1.0]]
[2020.11.03-14.23.11:094][  0]LogConfig: Applying CVar settings from Section [AntiAliasingQuality@3] File [C:/Users/anuch/Desktop/github multi/BattleChess/BattleChess_Game/Saved/Config/Windows/Scalability.ini]
[2020.11.03-14.23.11:094][  0]LogConfig: Setting CVar [[r.PostProcessAAQuality:4]]
[2020.11.03-14.23.11:094][  0]LogConfig: Applying CVar settings from Section [ShadowQuality@3] File [C:/Users/anuch/Desktop/github multi/BattleChess/BattleChess_Game/Saved/Config/Windows/Scalability.ini]
[2020.11.03-14.23.11:094][  0]LogConfig: Setting CVar [[r.LightFunctionQuality:1]]
[2020.11.03-14.23.11:094][  0]LogConfig: Setting CVar [[r.ShadowQuality:5]]
[2020.11.03-14.23.11:094][  0]LogConfig: Setting CVar [[r.Shadow.CSM.MaxCascades:10]]
[2020.11.03-14.23.11:094][  0]LogConfig: Setting CVar [[r.Shadow.MaxResolution:2048]]
[2020.11.03-14.23.11:094][  0]LogConfig: Setting CVar [[r.Shadow.MaxCSMResolution:2048]]
[2020.11.03-14.23.11:094][  0]LogConfig: Setting CVar [[r.Shadow.RadiusThreshold:0.01]]
[2020.11.03-14.23.11:094][  0]LogConfig: Setting CVar [[r.Shadow.DistanceScale:1.0]]
[2020.11.03-14.23.11:094][  0]LogConfig: Setting CVar [[r.Shadow.CSM.TransitionScale:1.0]]
[2020.11.03-14.23.11:095][  0]LogConfig: Setting CVar [[r.Shadow.PreShadowResolutionFactor:1.0]]
[2020.11.03-14.23.11:095][  0]LogConfig: Setting CVar [[r.DistanceFieldShadowing:1]]
[2020.11.03-14.23.11:095][  0]LogConfig: Setting CVar [[r.DistanceFieldAO:1]]
[2020.11.03-14.23.11:095][  0]LogConfig: Setting CVar [[r.AOQuality:2]]
[2020.11.03-14.23.11:095][  0]LogConfig: Setting CVar [[r.VolumetricFog:1]]
[2020.11.03-14.23.11:095][  0]LogConfig: Setting CVar [[r.VolumetricFog.GridPixelSize:8]]
[2020.11.03-14.23.11:095][  0]LogConfig: Setting CVar [[r.VolumetricFog.GridSizeZ:128]]
[2020.11.03-14.23.11:095][  0]LogConfig: Setting CVar [[r.VolumetricFog.HistoryMissSupersampleCount:4]]
[2020.11.03-14.23.11:095][  0]LogConfig: Setting CVar [[r.LightMaxDrawDistanceScale:1]]
[2020.11.03-14.23.11:095][  0]LogConfig: Setting CVar [[r.CapsuleShadows:1]]
[2020.11.03-14.23.11:095][  0]LogConfig: Applying CVar settings from Section [PostProcessQuality@3] File [C:/Users/anuch/Desktop/github multi/BattleChess/BattleChess_Game/Saved/Config/Windows/Scalability.ini]
[2020.11.03-14.23.11:095][  0]LogConfig: Setting CVar [[r.MotionBlurQuality:4]]
[2020.11.03-14.23.11:095][  0]LogConfig: Setting CVar [[r.AmbientOcclusionMipLevelFactor:0.4]]
[2020.11.03-14.23.11:095][  0]LogConfig: Setting CVar [[r.AmbientOcclusionMaxQuality:100]]
[2020.11.03-14.23.11:095][  0]LogConfig: Setting CVar [[r.AmbientOcclusionLevels:-1]]
[2020.11.03-14.23.11:095][  0]LogConfig: Setting CVar [[r.AmbientOcclusionRadiusScale:1.0]]
[2020.11.03-14.23.11:095][  0]LogConfig: Setting CVar [[r.DepthOfFieldQuality:2]]
[2020.11.03-14.23.11:095][  0]LogConfig: Setting CVar [[r.RenderTargetPoolMin:400]]
[2020.11.03-14.23.11:095][  0]LogConfig: Setting CVar [[r.LensFlareQuality:2]]
[2020.11.03-14.23.11:095][  0]LogConfig: Setting CVar [[r.SceneColorFringeQuality:1]]
[2020.11.03-14.23.11:095][  0]LogConfig: Setting CVar [[r.EyeAdaptationQuality:2]]
[2020.11.03-14.23.11:095][  0]LogConfig: Setting CVar [[r.BloomQuality:5]]
[2020.11.03-14.23.11:095][  0]LogConfig: Setting CVar [[r.FastBlurThreshold:100]]
[2020.11.03-14.23.11:095][  0]LogConfig: Setting CVar [[r.Upscale.Quality:3]]
[2020.11.03-14.23.11:095][  0]LogConfig: Setting CVar [[r.Tonemapper.GrainQuantization:1]]
[2020.11.03-14.23.11:095][  0]LogConfig: Setting CVar [[r.LightShaftQuality:1]]
[2020.11.03-14.23.11:095][  0]LogConfig: Setting CVar [[r.Filter.SizeScale:1]]
[2020.11.03-14.23.11:095][  0]LogConfig: Setting CVar [[r.Tonemapper.Quality:5]]
[2020.11.03-14.23.11:095][  0]LogConfig: Setting CVar [[r.DOF.Gather.AccumulatorQuality:1        ; higher gathering accumulator quality]]
[2020.11.03-14.23.11:095][  0]LogConfig: Setting CVar [[r.DOF.Gather.PostfilterMethod:1          ; Median3x3 postfilering method]]
[2020.11.03-14.23.11:095][  0]LogConfig: Setting CVar [[r.DOF.Gather.EnableBokehSettings:0       ; no bokeh simulation when gathering]]
[2020.11.03-14.23.11:095][  0]LogConfig: Setting CVar [[r.DOF.Gather.RingCount:4                 ; medium number of samples when gathering]]
[2020.11.03-14.23.11:095][  0]LogConfig: Setting CVar [[r.DOF.Scatter.ForegroundCompositing:1    ; additive foreground scattering]]
[2020.11.03-14.23.11:095][  0]LogConfig: Setting CVar [[r.DOF.Scatter.BackgroundCompositing:2    ; additive background scattering]]
[2020.11.03-14.23.11:095][  0]LogConfig: Setting CVar [[r.DOF.Scatter.EnableBokehSettings:1      ; bokeh simulation when scattering]]
[2020.11.03-14.23.11:095][  0]LogConfig: Setting CVar [[r.DOF.Scatter.MaxSpriteRatio:0.1         ; only a maximum of 10% of scattered bokeh]]
[2020.11.03-14.23.11:095][  0]LogConfig: Setting CVar [[r.DOF.Recombine.Quality:1                ; cheap slight out of focus]]
[2020.11.03-14.23.11:095][  0]LogConfig: Setting CVar [[r.DOF.Recombine.EnableBokehSettings:0    ; no bokeh simulation on slight out of focus]]
[2020.11.03-14.23.11:095][  0]LogConfig: Setting CVar [[r.DOF.TemporalAAQuality:1                ; more stable temporal accumulation]]
[2020.11.03-14.23.11:095][  0]LogConfig: Setting CVar [[r.DOF.Kernel.MaxForegroundRadius:0.025]]
[2020.11.03-14.23.11:095][  0]LogConfig: Setting CVar [[r.DOF.Kernel.MaxBackgroundRadius:0.025]]
[2020.11.03-14.23.11:095][  0]LogConfig: Applying CVar settings from Section [TextureQuality@3] File [C:/Users/anuch/Desktop/github multi/BattleChess/BattleChess_Game/Saved/Config/Windows/Scalability.ini]
[2020.11.03-14.23.11:095][  0]LogConfig: Setting CVar [[r.Streaming.MipBias:0]]
[2020.11.03-14.23.11:095][  0]LogConfig: Setting CVar [[r.Streaming.AmortizeCPUToGPUCopy:0]]
[2020.11.03-14.23.11:095][  0]LogConfig: Setting CVar [[r.Streaming.MaxNumTexturesToStreamPerFrame:0]]
[2020.11.03-14.23.11:095][  0]LogConfig: Setting CVar [[r.Streaming.Boost:1]]
[2020.11.03-14.23.11:095][  0]LogConfig: Setting CVar [[r.MaxAnisotropy:8]]
[2020.11.03-14.23.11:095][  0]LogConfig: Setting CVar [[r.VT.MaxAnisotropy:8]]
[2020.11.03-14.23.11:095][  0]LogConfig: Setting CVar [[r.Streaming.LimitPoolSizeToVRAM:0]]
[2020.11.03-14.23.11:095][  0]LogConfig: Setting CVar [[r.Streaming.PoolSize:1000]]
[2020.11.03-14.23.11:095][  0]LogConfig: Setting CVar [[r.Streaming.MaxEffectiveScreenSize:0]]
[2020.11.03-14.23.11:096][  0]LogConfig: Applying CVar settings from Section [EffectsQuality@3] File [C:/Users/anuch/Desktop/github multi/BattleChess/BattleChess_Game/Saved/Config/Windows/Scalability.ini]
[2020.11.03-14.23.11:096][  0]LogConfig: Setting CVar [[r.TranslucencyLightingVolumeDim:64]]
[2020.11.03-14.23.11:096][  0]LogConfig: Setting CVar [[r.RefractionQuality:2]]
[2020.11.03-14.23.11:096][  0]LogConfig: Setting CVar [[r.SSR.Quality:3]]
[2020.11.03-14.23.11:096][  0]LogConfig: Setting CVar [[r.SSR.HalfResSceneColor:0]]
[2020.11.03-14.23.11:096][  0]LogConfig: Setting CVar [[r.SceneColorFormat:4]]
[2020.11.03-14.23.11:096][  0]LogConfig: Setting CVar [[r.DetailMode:2]]
[2020.11.03-14.23.11:096][  0]LogConfig: Setting CVar [[r.TranslucencyVolumeBlur:1]]
[2020.11.03-14.23.11:096][  0]LogConfig: Setting CVar [[r.MaterialQualityLevel:1 ; High quality]]
[2020.11.03-14.23.11:096][  0]LogConfig: Setting CVar [[r.SSS.Scale:1]]
[2020.11.03-14.23.11:096][  0]LogConfig: Setting CVar [[r.SSS.SampleSet:2]]
[2020.11.03-14.23.11:096][  0]LogConfig: Setting CVar [[r.SSS.Quality:1]]
[2020.11.03-14.23.11:096][  0]LogConfig: Setting CVar [[r.SSS.HalfRes:0]]
[2020.11.03-14.23.11:096][  0]LogConfig: Setting CVar [[r.SSGI.Quality:3]]
[2020.11.03-14.23.11:096][  0]LogConfig: Setting CVar [[r.EmitterSpawnRateScale:1.0]]
[2020.11.03-14.23.11:096][  0]LogConfig: Setting CVar [[r.ParticleLightQuality:2]]
[2020.11.03-14.23.11:096][  0]LogConfig: Setting CVar [[r.SkyAtmosphere.AerialPerspectiveLUT.FastApplyOnOpaque:1 ; Always have FastSkyLUT 1 in this case to avoid wrong sky]]
[2020.11.03-14.23.11:096][  0]LogConfig: Setting CVar [[r.SkyAtmosphere.AerialPerspectiveLUT.SampleCountPerSlice:1]]
[2020.11.03-14.23.11:096][  0]LogConfig: Setting CVar [[r.SkyAtmosphere.AerialPerspectiveLUT.DepthResolution:16.0]]
[2020.11.03-14.23.11:096][  0]LogConfig: Setting CVar [[r.SkyAtmosphere.FastSkyLUT:1]]
[2020.11.03-14.23.11:096][  0]LogConfig: Setting CVar [[r.SkyAtmosphere.FastSkyLUT.SampleCountMin:4.0]]
[2020.11.03-14.23.11:096][  0]LogConfig: Setting CVar [[r.SkyAtmosphere.FastSkyLUT.SampleCountMax:32.0]]
[2020.11.03-14.23.11:096][  0]LogConfig: Setting CVar [[r.SkyAtmosphere.SampleCountMin:4.0]]
[2020.11.03-14.23.11:096][  0]LogConfig: Setting CVar [[r.SkyAtmosphere.SampleCountMax:32.0]]
[2020.11.03-14.23.11:096][  0]LogConfig: Setting CVar [[r.SkyAtmosphere.TransmittanceLUT.UseSmallFormat:0]]
[2020.11.03-14.23.11:096][  0]LogConfig: Setting CVar [[r.SkyAtmosphere.TransmittanceLUT.SampleCount:10.0]]
[2020.11.03-14.23.11:096][  0]LogConfig: Setting CVar [[r.SkyAtmosphere.MultiScatteringLUT.SampleCount:15.0]]
[2020.11.03-14.23.11:096][  0]LogConfig: Applying CVar settings from Section [FoliageQuality@3] File [C:/Users/anuch/Desktop/github multi/BattleChess/BattleChess_Game/Saved/Config/Windows/Scalability.ini]
[2020.11.03-14.23.11:096][  0]LogConfig: Setting CVar [[foliage.DensityScale:1.0]]
[2020.11.03-14.23.11:096][  0]LogConfig: Setting CVar [[grass.DensityScale:1.0]]
[2020.11.03-14.23.11:096][  0]LogConfig: Applying CVar settings from Section [ShadingQuality@3] File [C:/Users/anuch/Desktop/github multi/BattleChess/BattleChess_Game/Saved/Config/Windows/Scalability.ini]
[2020.11.03-14.23.11:096][  0]LogConfig: Setting CVar [[r.HairStrands.SkyLighting.SampleCount:16]]
[2020.11.03-14.23.11:096][  0]LogConfig: Setting CVar [[r.HairStrands.SkyLighting.JitterIntegration:0]]
[2020.11.03-14.23.11:096][  0]LogConfig: Setting CVar [[r.HairStrands.SkyAO.SampleCount:16]]
[2020.11.03-14.23.11:096][  0]LogConfig: Setting CVar [[r.HairStrands.DeepShadow.SuperSampling:0]]
[2020.11.03-14.23.11:096][  0]LogConfig: Setting CVar [[r.HairStrands.VisibilityPPLL:0]]
[2020.11.03-14.23.11:096][  0]LogConfig: Setting CVar [[r.HairStrands.RasterizationScale:0.5]]
[2020.11.03-14.23.11:096][  0]LogConfig: Setting CVar [[r.HairStrands.VelocityRasterizationScale:1]]
[2020.11.03-14.23.11:108][  0]LogInit: Selected Device Profile: [Windows]
[2020.11.03-14.23.11:108][  0]LogInit: Applying CVar settings loaded from the selected device profile: [Windows]
[2020.11.03-14.23.11:109][  0]LogHAL: Display: Platform has ~ 8 GB [7985590272 / 8589934592 / 8], which maps to Default [LargestMinGB=32, LargerMinGB=12, DefaultMinGB=8, SmallerMinGB=6, SmallestMinGB=0)
[2020.11.03-14.23.11:109][  0]LogInit: Going up to parent DeviceProfile []
[2020.11.03-14.23.11:122][  0]LogConfig: Applying CVar settings from Section [ViewDistanceQuality@3] File [C:/Users/anuch/Desktop/github multi/BattleChess/BattleChess_Game/Saved/Config/Windows/Scalability.ini]
[2020.11.03-14.23.11:122][  0]LogConfig: Setting CVar [[r.SkeletalMeshLODBias:0]]
[2020.11.03-14.23.11:122][  0]LogConfig: Setting CVar [[r.ViewDistanceScale:1.0]]
[2020.11.03-14.23.11:122][  0]LogConfig: Applying CVar settings from Section [AntiAliasingQuality@3] File [C:/Users/anuch/Desktop/github multi/BattleChess/BattleChess_Game/Saved/Config/Windows/Scalability.ini]
[2020.11.03-14.23.11:122][  0]LogConfig: Setting CVar [[r.PostProcessAAQuality:4]]
[2020.11.03-14.23.11:122][  0]LogConfig: Applying CVar settings from Section [ShadowQuality@3] File [C:/Users/anuch/Desktop/github multi/BattleChess/BattleChess_Game/Saved/Config/Windows/Scalability.ini]
[2020.11.03-14.23.11:122][  0]LogConfig: Setting CVar [[r.LightFunctionQuality:1]]
[2020.11.03-14.23.11:122][  0]LogConfig: Setting CVar [[r.ShadowQuality:5]]
[2020.11.03-14.23.11:122][  0]LogConfig: Setting CVar [[r.Shadow.CSM.MaxCascades:10]]
[2020.11.03-14.23.11:122][  0]LogConfig: Setting CVar [[r.Shadow.MaxResolution:2048]]
[2020.11.03-14.23.11:122][  0]LogConfig: Setting CVar [[r.Shadow.MaxCSMResolution:2048]]
[2020.11.03-14.23.11:122][  0]LogConfig: Setting CVar [[r.Shadow.RadiusThreshold:0.01]]
[2020.11.03-14.23.11:122][  0]LogConfig: Setting CVar [[r.Shadow.DistanceScale:1.0]]
[2020.11.03-14.23.11:122][  0]LogConfig: Setting CVar [[r.Shadow.CSM.TransitionScale:1.0]]
[2020.11.03-14.23.11:122][  0]LogConfig: Setting CVar [[r.Shadow.PreShadowResolutionFactor:1.0]]
[2020.11.03-14.23.11:122][  0]LogConfig: Setting CVar [[r.DistanceFieldShadowing:1]]
[2020.11.03-14.23.11:122][  0]LogConfig: Setting CVar [[r.DistanceFieldAO:1]]
[2020.11.03-14.23.11:122][  0]LogConfig: Setting CVar [[r.AOQuality:2]]
[2020.11.03-14.23.11:122][  0]LogConfig: Setting CVar [[r.VolumetricFog:1]]
[2020.11.03-14.23.11:122][  0]LogConfig: Setting CVar [[r.VolumetricFog.GridPixelSize:8]]
[2020.11.03-14.23.11:122][  0]LogConfig: Setting CVar [[r.VolumetricFog.GridSizeZ:128]]
[2020.11.03-14.23.11:122][  0]LogConfig: Setting CVar [[r.VolumetricFog.HistoryMissSupersampleCount:4]]
[2020.11.03-14.23.11:122][  0]LogConfig: Setting CVar [[r.LightMaxDrawDistanceScale:1]]
[2020.11.03-14.23.11:122][  0]LogConfig: Setting CVar [[r.CapsuleShadows:1]]
[2020.11.03-14.23.11:122][  0]LogConfig: Applying CVar settings from Section [PostProcessQuality@3] File [C:/Users/anuch/Desktop/github multi/BattleChess/BattleChess_Game/Saved/Config/Windows/Scalability.ini]
[2020.11.03-14.23.11:122][  0]LogConfig: Setting CVar [[r.MotionBlurQuality:4]]
[2020.11.03-14.23.11:123][  0]LogConfig: Setting CVar [[r.AmbientOcclusionMipLevelFactor:0.4]]
[2020.11.03-14.23.11:123][  0]LogConfig: Setting CVar [[r.AmbientOcclusionMaxQuality:100]]
[2020.11.03-14.23.11:123][  0]LogConfig: Setting CVar [[r.AmbientOcclusionLevels:-1]]
[2020.11.03-14.23.11:123][  0]LogConfig: Setting CVar [[r.AmbientOcclusionRadiusScale:1.0]]
[2020.11.03-14.23.11:123][  0]LogConfig: Setting CVar [[r.DepthOfFieldQuality:2]]
[2020.11.03-14.23.11:123][  0]LogConfig: Setting CVar [[r.RenderTargetPoolMin:400]]
[2020.11.03-14.23.11:123][  0]LogConfig: Setting CVar [[r.LensFlareQuality:2]]
[2020.11.03-14.23.11:123][  0]LogConfig: Setting CVar [[r.SceneColorFringeQuality:1]]
[2020.11.03-14.23.11:123][  0]LogConfig: Setting CVar [[r.EyeAdaptationQuality:2]]
[2020.11.03-14.23.11:123][  0]LogConfig: Setting CVar [[r.BloomQuality:5]]
[2020.11.03-14.23.11:123][  0]LogConfig: Setting CVar [[r.FastBlurThreshold:100]]
[2020.11.03-14.23.11:123][  0]LogConfig: Setting CVar [[r.Upscale.Quality:3]]
[2020.11.03-14.23.11:123][  0]LogConfig: Setting CVar [[r.Tonemapper.GrainQuantization:1]]
[2020.11.03-14.23.11:123][  0]LogConfig: Setting CVar [[r.LightShaftQuality:1]]
[2020.11.03-14.23.11:123][  0]LogConfig: Setting CVar [[r.Filter.SizeScale:1]]
[2020.11.03-14.23.11:123][  0]LogConfig: Setting CVar [[r.Tonemapper.Quality:5]]
[2020.11.03-14.23.11:123][  0]LogConfig: Setting CVar [[r.DOF.Gather.AccumulatorQuality:1        ; higher gathering accumulator quality]]
[2020.11.03-14.23.11:123][  0]LogConfig: Setting CVar [[r.DOF.Gather.PostfilterMethod:1          ; Median3x3 postfilering method]]
[2020.11.03-14.23.11:123][  0]LogConfig: Setting CVar [[r.DOF.Gather.EnableBokehSettings:0       ; no bokeh simulation when gathering]]
[2020.11.03-14.23.11:123][  0]LogConfig: Setting CVar [[r.DOF.Gather.RingCount:4                 ; medium number of samples when gathering]]
[2020.11.03-14.23.11:123][  0]LogConfig: Setting CVar [[r.DOF.Scatter.ForegroundCompositing:1    ; additive foreground scattering]]
[2020.11.03-14.23.11:123][  0]LogConfig: Setting CVar [[r.DOF.Scatter.BackgroundCompositing:2    ; additive background scattering]]
[2020.11.03-14.23.11:123][  0]LogConfig: Setting CVar [[r.DOF.Scatter.EnableBokehSettings:1      ; bokeh simulation when scattering]]
[2020.11.03-14.23.11:123][  0]LogConfig: Setting CVar [[r.DOF.Scatter.MaxSpriteRatio:0.1         ; only a maximum of 10% of scattered bokeh]]
[2020.11.03-14.23.11:123][  0]LogConfig: Setting CVar [[r.DOF.Recombine.Quality:1                ; cheap slight out of focus]]
[2020.11.03-14.23.11:123][  0]LogConfig: Setting CVar [[r.DOF.Recombine.EnableBokehSettings:0    ; no bokeh simulation on slight out of focus]]
[2020.11.03-14.23.11:123][  0]LogConfig: Setting CVar [[r.DOF.TemporalAAQuality:1                ; more stable temporal accumulation]]
[2020.11.03-14.23.11:123][  0]LogConfig: Setting CVar [[r.DOF.Kernel.MaxForegroundRadius:0.025]]
[2020.11.03-14.23.11:123][  0]LogConfig: Setting CVar [[r.DOF.Kernel.MaxBackgroundRadius:0.025]]
[2020.11.03-14.23.11:123][  0]LogConfig: Applying CVar settings from Section [TextureQuality@3] File [C:/Users/anuch/Desktop/github multi/BattleChess/BattleChess_Game/Saved/Config/Windows/Scalability.ini]
[2020.11.03-14.23.11:124][  0]LogConfig: Setting CVar [[r.Streaming.MipBias:0]]
[2020.11.03-14.23.11:124][  0]LogConfig: Setting CVar [[r.Streaming.AmortizeCPUToGPUCopy:0]]
[2020.11.03-14.23.11:124][  0]LogConfig: Setting CVar [[r.Streaming.MaxNumTexturesToStreamPerFrame:0]]
[2020.11.03-14.23.11:124][  0]LogConfig: Setting CVar [[r.Streaming.Boost:1]]
[2020.11.03-14.23.11:124][  0]LogConfig: Setting CVar [[r.MaxAnisotropy:8]]
[2020.11.03-14.23.11:124][  0]LogConfig: Setting CVar [[r.VT.MaxAnisotropy:8]]
[2020.11.03-14.23.11:124][  0]LogConfig: Setting CVar [[r.Streaming.LimitPoolSizeToVRAM:0]]
[2020.11.03-14.23.11:124][  0]LogConfig: Setting CVar [[r.Streaming.PoolSize:1000]]
[2020.11.03-14.23.11:124][  0]LogConfig: Setting CVar [[r.Streaming.MaxEffectiveScreenSize:0]]
[2020.11.03-14.23.11:124][  0]LogConfig: Applying CVar settings from Section [EffectsQuality@3] File [C:/Users/anuch/Desktop/github multi/BattleChess/BattleChess_Game/Saved/Config/Windows/Scalability.ini]
[2020.11.03-14.23.11:124][  0]LogConfig: Setting CVar [[r.TranslucencyLightingVolumeDim:64]]
[2020.11.03-14.23.11:124][  0]LogConfig: Setting CVar [[r.RefractionQuality:2]]
[2020.11.03-14.23.11:124][  0]LogConfig: Setting CVar [[r.SSR.Quality:3]]
[2020.11.03-14.23.11:124][  0]LogConfig: Setting CVar [[r.SSR.HalfResSceneColor:0]]
[2020.11.03-14.23.11:124][  0]LogConfig: Setting CVar [[r.SceneColorFormat:4]]
[2020.11.03-14.23.11:124][  0]LogConfig: Setting CVar [[r.DetailMode:2]]
[2020.11.03-14.23.11:124][  0]LogConfig: Setting CVar [[r.TranslucencyVolumeBlur:1]]
[2020.11.03-14.23.11:124][  0]LogConfig: Setting CVar [[r.MaterialQualityLevel:1 ; High quality]]
[2020.11.03-14.23.11:124][  0]LogConfig: Setting CVar [[r.SSS.Scale:1]]
[2020.11.03-14.23.11:124][  0]LogConfig: Setting CVar [[r.SSS.SampleSet:2]]
[2020.11.03-14.23.11:124][  0]LogConfig: Setting CVar [[r.SSS.Quality:1]]
[2020.11.03-14.23.11:124][  0]LogConfig: Setting CVar [[r.SSS.HalfRes:0]]
[2020.11.03-14.23.11:124][  0]LogConfig: Setting CVar [[r.SSGI.Quality:3]]
[2020.11.03-14.23.11:124][  0]LogConfig: Setting CVar [[r.EmitterSpawnRateScale:1.0]]
[2020.11.03-14.23.11:124][  0]LogConfig: Setting CVar [[r.ParticleLightQuality:2]]
[2020.11.03-14.23.11:124][  0]LogConfig: Setting CVar [[r.SkyAtmosphere.AerialPerspectiveLUT.FastApplyOnOpaque:1 ; Always have FastSkyLUT 1 in this case to avoid wrong sky]]
[2020.11.03-14.23.11:124][  0]LogConfig: Setting CVar [[r.SkyAtmosphere.AerialPerspectiveLUT.SampleCountPerSlice:1]]
[2020.11.03-14.23.11:124][  0]LogConfig: Setting CVar [[r.SkyAtmosphere.AerialPerspectiveLUT.DepthResolution:16.0]]
[2020.11.03-14.23.11:124][  0]LogConfig: Setting CVar [[r.SkyAtmosphere.FastSkyLUT:1]]
[2020.11.03-14.23.11:124][  0]LogConfig: Setting CVar [[r.SkyAtmosphere.FastSkyLUT.SampleCountMin:4.0]]
[2020.11.03-14.23.11:124][  0]LogConfig: Setting CVar [[r.SkyAtmosphere.FastSkyLUT.SampleCountMax:32.0]]
[2020.11.03-14.23.11:124][  0]LogConfig: Setting CVar [[r.SkyAtmosphere.SampleCountMin:4.0]]
[2020.11.03-14.23.11:124][  0]LogConfig: Setting CVar [[r.SkyAtmosphere.SampleCountMax:32.0]]
[2020.11.03-14.23.11:124][  0]LogConfig: Setting CVar [[r.SkyAtmosphere.TransmittanceLUT.UseSmallFormat:0]]
[2020.11.03-14.23.11:125][  0]LogConfig: Setting CVar [[r.SkyAtmosphere.TransmittanceLUT.SampleCount:10.0]]
[2020.11.03-14.23.11:125][  0]LogConfig: Setting CVar [[r.SkyAtmosphere.MultiScatteringLUT.SampleCount:15.0]]
[2020.11.03-14.23.11:125][  0]LogConfig: Applying CVar settings from Section [FoliageQuality@3] File [C:/Users/anuch/Desktop/github multi/BattleChess/BattleChess_Game/Saved/Config/Windows/Scalability.ini]
[2020.11.03-14.23.11:125][  0]LogConfig: Setting CVar [[foliage.DensityScale:1.0]]
[2020.11.03-14.23.11:125][  0]LogConfig: Setting CVar [[grass.DensityScale:1.0]]
[2020.11.03-14.23.11:125][  0]LogConfig: Applying CVar settings from Section [ShadingQuality@3] File [C:/Users/anuch/Desktop/github multi/BattleChess/BattleChess_Game/Saved/Config/Windows/Scalability.ini]
[2020.11.03-14.23.11:125][  0]LogConfig: Setting CVar [[r.HairStrands.SkyLighting.SampleCount:16]]
[2020.11.03-14.23.11:125][  0]LogConfig: Setting CVar [[r.HairStrands.SkyLighting.JitterIntegration:0]]
[2020.11.03-14.23.11:125][  0]LogConfig: Setting CVar [[r.HairStrands.SkyAO.SampleCount:16]]
[2020.11.03-14.23.11:125][  0]LogConfig: Setting CVar [[r.HairStrands.DeepShadow.SuperSampling:0]]
[2020.11.03-14.23.11:125][  0]LogConfig: Setting CVar [[r.HairStrands.VisibilityPPLL:0]]
[2020.11.03-14.23.11:125][  0]LogConfig: Setting CVar [[r.HairStrands.RasterizationScale:0.5]]
[2020.11.03-14.23.11:125][  0]LogConfig: Setting CVar [[r.HairStrands.VelocityRasterizationScale:1]]
[2020.11.03-14.23.11:125][  0]LogConfig: Applying CVar settings from Section [Startup] File [../../../Engine/Config/ConsoleVariables.ini]
[2020.11.03-14.23.11:140][  0]LogConfig: Setting CVar [[net.UseAdaptiveNetUpdateFrequency:0]]
[2020.11.03-14.23.11:141][  0]LogConfig: Setting CVar [[p.chaos.AllowCreatePhysxBodies:1]]
[2020.11.03-14.23.11:141][  0]LogConfig: Setting CVar [[fx.SkipVectorVMBackendOptimizations:1]]
[2020.11.03-14.23.11:141][  0]LogConfig: Applying CVar settings from Section [ConsoleVariables] File [C:/Users/anuch/Desktop/github multi/BattleChess/BattleChess_Game/Saved/Config/Windows/Engine.ini]
[2020.11.03-14.23.11:193][  0]LogInit: Computer: LAPTOP-NUI87G2V
[2020.11.03-14.23.11:193][  0]LogInit: User: anuch
[2020.11.03-14.23.11:204][  0]LogInit: CPU Page size=4096, Cores=4
[2020.11.03-14.23.11:204][  0]LogInit: High frequency timer resolution =10.000000 MHz
[2020.11.03-14.23.11:204][  0]LogMemory: Memory total: Physical=7.4GB (8GB approx)
[2020.11.03-14.23.11:206][  0]LogMemory: Platform Memory Stats for Windows
[2020.11.03-14.23.11:206][  0]LogMemory: Process Physical Memory: 114.23 MB used, 114.23 MB peak
[2020.11.03-14.23.11:206][  0]LogMemory: Process Virtual Memory: 96.13 MB used, 96.13 MB peak
[2020.11.03-14.23.11:206][  0]LogMemory: Physical Memory: 7236.65 MB used,  379.00 MB free, 7615.65 MB total
[2020.11.03-14.23.11:206][  0]LogMemory: Virtual Memory: 5144.53 MB used,  134212584.00 MB free, 134217728.00 MB total
[2020.11.03-14.23.11:212][  0]LogWindows: WindowsPlatformFeatures enabled
[2020.11.03-14.23.12:037][  0]LogInit: Physics initialised using underlying interface: PhysX
[2020.11.03-14.23.12:038][  0]LogInit: Using OS detected language (en-US).
[2020.11.03-14.23.12:038][  0]LogInit: Using OS detected locale (en-US).
[2020.11.03-14.23.12:042][  0]LogTextLocalizationManager: No specific localization for 'en-US' exists, so the 'en' localization will be used.
[2020.11.03-14.23.13:135][  0]LogSlate: New Slate User Created.  User Index 0, Is Virtual User: 0
[2020.11.03-14.23.13:135][  0]LogSlate: Slate User Registered.  User Index 0, Is Virtual User: 0
[2020.11.03-14.23.13:264][  0]LogHMD: Failed to initialize OpenVR with code 110
[2020.11.03-14.23.13:285][  0]LogD3D11RHI: D3D11 min allowed feature level: 11_0
[2020.11.03-14.23.13:285][  0]LogD3D11RHI: D3D11 max allowed feature level: 11_0
[2020.11.03-14.23.13:285][  0]LogD3D11RHI: D3D11 adapters:
[2020.11.03-14.23.13:537][  0]LogD3D11RHI:    0. 'NVIDIA GeForce GTX 1660 Ti' (Feature Level 11_0)
[2020.11.03-14.23.13:537][  0]LogD3D11RHI:       5991/0/3807 MB DedicatedVideo/DedicatedSystem/SharedSystem, Outputs:1, VendorId:0x10de
[2020.11.03-14.23.13:578][  0]LogD3D11RHI:    1. 'AMD Radeon(TM) RX Vega 10 Graphics' (Feature Level 11_0)
[2020.11.03-14.23.13:578][  0]LogD3D11RHI:       496/0/3807 MB DedicatedVideo/DedicatedSystem/SharedSystem, Outputs:0, VendorId:0x1002
[2020.11.03-14.23.13:583][  0]LogD3D11RHI:    2. 'Microsoft Basic Render Driver' (Feature Level 11_0)
[2020.11.03-14.23.13:583][  0]LogD3D11RHI:       0/0/3807 MB DedicatedVideo/DedicatedSystem/SharedSystem, Outputs:0, VendorId:0x1414
[2020.11.03-14.23.13:583][  0]LogD3D11RHI: Chosen D3D11 Adapter: 0
[2020.11.03-14.23.13:626][  0]LogD3D11RHI: Creating new Direct3DDevice
[2020.11.03-14.23.13:626][  0]LogD3D11RHI:     GPU DeviceId: 0x2191 (for the marketing name, search the web for "GPU Device Id")
[2020.11.03-14.23.13:643][  0]LogWindows: EnumDisplayDevices:
[2020.11.03-14.23.13:643][  0]LogWindows:    0. 'AMD Radeon(TM) RX Vega 10 Graphics' (P:1 D:1)
[2020.11.03-14.23.13:644][  0]LogWindows:    1. 'AMD Radeon(TM) RX Vega 10 Graphics' (P:0 D:0)
[2020.11.03-14.23.13:644][  0]LogWindows:    2. 'AMD Radeon(TM) RX Vega 10 Graphics' (P:0 D:0)
[2020.11.03-14.23.13:645][  0]LogWindows:    3. 'NVIDIA GeForce GTX 1660 Ti' (P:0 D:0)
[2020.11.03-14.23.13:645][  0]LogWindows: DebugString: PrimaryIsNotTheChoosenAdapter PrimaryIsNotTheChoosenAdapter PrimaryIsNotTheChoosenAdapter 
[2020.11.03-14.23.13:645][  0]LogD3D11RHI:     Adapter Name: NVIDIA GeForce GTX 1660 Ti
[2020.11.03-14.23.13:645][  0]LogD3D11RHI:   Driver Version: 457.09 (internal:27.21.14.5709, unified:457.09)
[2020.11.03-14.23.13:645][  0]LogD3D11RHI:      Driver Date: 10-22-2020
[2020.11.03-14.23.13:645][  0]LogRHI: Texture pool is 4193 MB (70% of 5991 MB)
[2020.11.03-14.23.13:779][  0]LogD3D11RHI: RHI has support for 64 bit atomics
[2020.11.03-14.23.13:779][  0]LogD3D11RHI: Async texture creation enabled
[2020.11.03-14.23.13:780][  0]LogD3D11RHI: Array index from any shader is supported
[2020.11.03-14.23.14:292][  0]LogD3D11RHI: GPU Timing Frequency: 1000.000000 (Debug: 2 1)
[2020.11.03-14.23.15:293][  0]LogTargetPlatformManager: Display: Loaded TargetPlatform 'WindowsNoEditor'
[2020.11.03-14.23.15:315][  0]LogTargetPlatformManager: Display: Loaded TargetPlatform 'Windows'
[2020.11.03-14.23.15:329][  0]LogTargetPlatformManager: Display: Loaded TargetPlatform 'WindowsClient'
[2020.11.03-14.23.15:358][  0]LogTargetPlatformManager: Display: Loaded TargetPlatform 'WindowsServer'
[2020.11.03-14.23.15:358][  0]LogTargetPlatformManager: Display: Building Assets For Windows
[2020.11.03-14.23.15:531][  0]LogAudioDebug: Display: Lib vorbis DLL was dynamically loaded.
[2020.11.03-14.23.16:214][  0]LogShaderCompilers: Guid format shader working directory is -18 characters bigger than the processId version (C:/Users/anuch/Desktop/github multi/BattleChess/BattleChess_Game/Intermediate/Shaders/WorkingDirectory/1164/).
[2020.11.03-14.23.16:214][  0]LogShaderCompilers: Cleaned the shader compiler working directory 'C:/Users/anuch/AppData/Local/Temp/UnrealShaderWorkingDir/FCEC8C944AA60C02F5A6E7A8B18863C5/'.
[2020.11.03-14.23.16:243][  0]LogXGEController: Cannot use XGE Controller as Incredibuild is not installed on this machine.
[2020.11.03-14.23.16:243][  0]LogShaderCompilers: Cannot use XGE Shader Compiler as Incredibuild is not installed on this machine.
[2020.11.03-14.23.16:243][  0]LogShaderCompilers: Display: Using Local Shader Compiler.
[2020.11.03-14.23.18:735][  0]LogDerivedDataCache: Display: Max Cache Size: 512 MB
[2020.11.03-14.23.18:898][  0]LogDerivedDataCache: Loaded boot cache 0.16s 75MB C:/Users/anuch/AppData/Local/UnrealEngine/4.25/DerivedDataCache/Boot.ddc.
[2020.11.03-14.23.18:898][  0]LogDerivedDataCache: Display: Loaded Boot cache: C:/Users/anuch/AppData/Local/UnrealEngine/4.25/DerivedDataCache/Boot.ddc
[2020.11.03-14.23.18:899][  0]LogDerivedDataCache: FDerivedDataBackendGraph:  Pak pak cache file C:/Users/anuch/Desktop/github multi/BattleChess/BattleChess_Game/DerivedDataCache/DDC.ddp not found, will not use a pak cache.
[2020.11.03-14.23.18:899][  0]LogDerivedDataCache: Unable to find inner node Pak for hierarchical cache Hierarchy.
[2020.11.03-14.23.18:899][  0]LogDerivedDataCache: FDerivedDataBackendGraph:  CompressedPak pak cache file C:/Users/anuch/Desktop/github multi/BattleChess/BattleChess_Game/DerivedDataCache/Compressed.ddp not found, will not use a pak cache.
[2020.11.03-14.23.18:899][  0]LogDerivedDataCache: Unable to find inner node CompressedPak for hierarchical cache Hierarchy.
[2020.11.03-14.23.19:005][  0]LogDerivedDataCache: Display: Pak cache opened for reading ../../../Engine/DerivedDataCache/Compressed.ddp.
[2020.11.03-14.23.19:005][  0]LogDerivedDataCache: FDerivedDataBackendGraph:  EnterprisePak pak cache file ../../../Enterprise/DerivedDataCache/Compressed.ddp not found, will not use a pak cache.
[2020.11.03-14.23.19:005][  0]LogDerivedDataCache: Unable to find inner node EnterprisePak for hierarchical cache Hierarchy.
[2020.11.03-14.23.19:010][  0]LogDerivedDataCache: Using Local data cache path C:/Users/anuch/AppData/Local/UnrealEngine/Common/DerivedDataCache: Writable
[2020.11.03-14.23.19:010][  0]LogDerivedDataCache: Shared data cache path not found in *engine.ini, will not use an Shared cache.
[2020.11.03-14.23.19:010][  0]LogDerivedDataCache: Unable to find inner node Shared for hierarchical cache Hierarchy.
[2020.11.03-14.23.19:219][  0]LogSlate: Using FreeType 2.10.0
[2020.11.03-14.23.19:261][  0]LogSlate: SlateFontServices - WITH_FREETYPE: 1, WITH_HARFBUZZ: 1
[2020.11.03-14.23.20:135][  0]LogInit: Using OS detected language (en-US).
[2020.11.03-14.23.20:135][  0]LogInit: Using OS detected locale (en-US).
[2020.11.03-14.23.20:135][  0]LogTextLocalizationManager: No localization for 'en-US' exists, so 'en' will be used for the language.
[2020.11.03-14.23.20:135][  0]LogTextLocalizationManager: No localization for 'en-US' exists, so 'en' will be used for the locale.
[2020.11.03-14.23.20:135][  0]LogSlate: FontCache flush requested. Reason: Culture for localization was changed
[2020.11.03-14.23.20:135][  0]LogSlate: FontCache flush requested. Reason: Culture for localization was changed
[2020.11.03-14.23.20:137][  0]LogTextLocalizationManager: Compacting localization data took   0.01ms
[2020.11.03-14.23.20:189][  0]LogAssetRegistry: FAssetRegistry took 0.0029 seconds to start up
[2020.11.03-14.23.23:967][  0]LogPackageLocalizationCache: Processed 19 localized package path(s) for 1 prioritized culture(s) in 0.031741 seconds
[2020.11.03-14.23.24:227][  0]LogInit: Selected Device Profile: [Windows]
[2020.11.03-14.23.25:274][  0]LogMeshReduction: Using QuadricMeshReduction for automatic static mesh reduction
[2020.11.03-14.23.25:274][  0]LogMeshReduction: Using SimplygonMeshReduction for automatic skeletal mesh reduction
[2020.11.03-14.23.25:274][  0]LogMeshReduction: Using ProxyLODMeshReduction for automatic mesh merging
[2020.11.03-14.23.25:275][  0]LogMeshReduction: No distributed automatic mesh merging module available
[2020.11.03-14.23.25:275][  0]LogMeshMerging: No distributed automatic mesh merging module available
[2020.11.03-14.23.25:474][  0]LogNetVersion: BattleChess_Game 1.0.0, NetCL: 13144385, EngineNetVer: 14, GameNetVer: 0 (Checksum: 631773850)
[2020.11.03-14.23.29:125][  0]LogAISub: UAISubsystem::UAISubsystem AISubsystem (0000013ADA967340), frame # 0
[2020.11.03-14.23.29:125][  0]LogAISub: UAISubsystem::UAISubsystem AIPerceptionSystem (0000013ADA92D580), frame # 0
[2020.11.03-14.23.29:154][  0]LogAISub: UAISubsystem::UAISubsystem EnvQueryManager (0000013ADAA82800), frame # 0
[2020.11.03-14.23.33:039][  0]LogCollectionManager: Loaded 0 collections in 0.002098 seconds
[2020.11.03-14.23.33:059][  0]LogFileCache: Scanning file cache for directory 'C:/Users/anuch/Desktop/github multi/BattleChess/BattleChess_Game/Saved/Collections/' took 0.00s
[2020.11.03-14.23.33:059][  0]LogFileCache: Scanning file cache for directory 'C:/Users/anuch/Desktop/github multi/BattleChess/BattleChess_Game/Content/Developers/anuch/Collections/' took 0.00s
[2020.11.03-14.23.33:059][  0]LogFileCache: Scanning file cache for directory 'C:/Users/anuch/Desktop/github multi/BattleChess/BattleChess_Game/Content/Collections/' took 0.00s
[2020.11.03-14.23.33:059][  0]LogCollectionManager: Fixed up redirectors for 0 collections in 0.000003 seconds (updated 0 objects)
[2020.11.03-14.23.34:497][  0]LogMoviePlayer: Initializing movie player
[2020.11.03-14.23.36:408][  0]LogTcpMessaging: Initializing TcpMessaging bridge
[2020.11.03-14.23.36:484][  0]LogUdpMessaging: Initializing bridge on interface 0.0.0.0:0 to multicast group 230.0.0.1:6666.
[2020.11.03-14.23.37:098][  0]SourceControl: Source control is disabled
[2020.11.03-14.23.37:098][  0]SourceControl: Source control is disabled
[2020.11.03-14.23.37:139][  0]SourceControl: Source control is disabled
[2020.11.03-14.23.37:270][  0]LogVSAccessor: Display: Unable to create Visual Studio setup instance: 80040154
[2020.11.03-14.23.37:272][  0]LogVSAccessor: Display: Unable to create Visual Studio setup instance: 80040154
[2020.11.03-14.23.38:784][  0]LogAndroidPermission: UAndroidPermissionCallbackProxy::GetInstance
[2020.11.03-14.23.38:890][  0]LogAudioCaptureCore: Display: No Audio Capture implementations found. Audio input will be silent.
[2020.11.03-14.23.38:890][  0]LogAudioCaptureCore: Display: No Audio Capture implementations found. Audio input will be silent.
[2020.11.03-14.23.39:322][  0]LogOcInput: OculusInput pre-init called
[2020.11.03-14.23.39:458][  0]LogUObjectArray: 19072 objects as part of root set at end of initial load.
[2020.11.03-14.23.39:458][  0]LogUObjectAllocator: 5026912 out of 0 bytes used by permanent object pool.
[2020.11.03-14.23.39:458][  0]LogUObjectArray: CloseDisregardForGC: 0/0 objects in disregard for GC pool
[2020.11.03-14.23.41:750][  0]LogEngine: Initializing Engine...
[2020.11.03-14.23.41:834][  0]LogHMD: Failed to initialize OpenVR with code 110
[2020.11.03-14.23.41:834][  0]LogMagicLeap: Warning: VR disabled because ZI is not enabled.  To enable, in the editor, Edit -> Project Settings -> Plugins -> Magic Leap Plugin -> Enable Zero Iteration
[2020.11.03-14.23.41:881][  0]LogStats: UGameplayTagsManager::InitializeManager -  0.015 s
[2020.11.03-14.23.43:522][  0]LogInit: Initializing FReadOnlyCVARCache
[2020.11.03-14.23.43:988][  0]LogAudioMixer: Display: Audio Mixer Platform Settings:
[2020.11.03-14.23.43:988][  0]LogAudioMixer: Display: 	Sample Rate:						  48000
[2020.11.03-14.23.43:988][  0]LogAudioMixer: Display: 	Callback Buffer Frame Size Requested: 1024
[2020.11.03-14.23.43:988][  0]LogAudioMixer: Display: 	Callback Buffer Frame Size To Use:	  1024
[2020.11.03-14.23.43:988][  0]LogAudioMixer: Display: 	Number of buffers to queue:			  2
[2020.11.03-14.23.43:988][  0]LogAudioMixer: Display: 	Max Channels (voices):				  32
[2020.11.03-14.23.43:988][  0]LogAudioMixer: Display: 	Number of Async Source Workers:		  0
[2020.11.03-14.23.44:002][  0]LogAudio: Display: AudioDevice MaxSources: 32
[2020.11.03-14.23.44:013][  0]LogAudio: Display: Using built-in audio occlusion.
[2020.11.03-14.23.44:013][  0]LogAudioMixer: Display: Initializing audio mixer.
[2020.11.03-14.23.44:155][  0]LogAudioMixer: Display: 0: FrontLeft
[2020.11.03-14.23.44:155][  0]LogAudioMixer: Display: 1: FrontRight
[2020.11.03-14.23.44:283][  0]LogAudioMixer: Display: Using Audio Device Speakers (Realtek(R) Audio)
[2020.11.03-14.23.44:304][  0]LogAudioMixer: Display: Initializing Sound Submixes...
[2020.11.03-14.23.44:330][  0]LogAudioMixer: Display: Creating Master Submix 'MasterSubmixDefault'
[2020.11.03-14.23.44:331][  0]LogAudioMixer: Display: Creating Master Submix 'MasterReverbSubmixDefault'
[2020.11.03-14.23.44:343][  0]LogAudioMixer: Display: Creating Master Submix 'MasterEQSubmixDefault'
[2020.11.03-14.23.44:345][  0]LogInit: FAudioDevice initialized.
[2020.11.03-14.23.44:424][  0]LogNetVersion: Set ProjectVersion to 1.0.0.0. Version Checksum will be recalculated on next use.
[2020.11.03-14.23.44:429][  0]LogInit: Texture streaming: Enabled
[2020.11.03-14.23.49:090][  0]LogSlate: Updating window title bar state: overlay mode, drag disabled, window buttons hidden, title bar hidden
[2020.11.03-14.23.49:150][  0]LogInit: Display: Game Engine Initialized.
[2020.11.03-14.23.49:254][  0]LogNiagaraEditor: Warning: GEditor isn't valid! Particle reset commands will not work for Niagara components!
[2020.11.03-14.23.49:947][  0]LogInit: Display: Starting Game.
[2020.11.03-14.23.49:949][  0]LogNet: Browse: /Game/Maps/MainMenu?Name=Player
[2020.11.03-14.23.49:989][  0]LogLoad: LoadMap: /Game/Maps/MainMenu?Name=Player
[2020.11.03-14.23.50:003][  0]LogWorld: BeginTearingDown for /Temp/Untitled_0
[2020.11.03-14.23.50:060][  0]LogWorld: UWorld::CleanupWorld for Untitled, bSessionEnded=true, bCleanupResources=true
[2020.11.03-14.23.50:061][  0]LogSlate: InvalidateAllWidgets triggered.  All widgets were invalidated
[2020.11.03-14.23.50:285][  0]LogUObjectHash: Compacting FUObjectHashTables data took   0.94ms
[2020.11.03-14.23.50:652][  0]LogAIModule: Creating AISystem for world MainMenu
[2020.11.03-14.23.50:653][  0]LogAISub: UAISubsystem::UAISubsystem EnvQueryManager (0000013AE048AE00), frame # 0
[2020.11.03-14.23.50:654][  0]LogAISub: UAISubsystem::UAISubsystem AIPerceptionSystem (0000013AE0599300), frame # 0
[2020.11.03-14.23.51:259][  0]LogLoad: Game class is 'ThirdPersonGameMode_C'
[2020.11.03-14.23.51:283][  0]LogWorld: Bringing World /Game/Maps/MainMenu.MainMenu up for play (max tick rate 0) at 2020.11.03-21.23.51
[2020.11.03-14.23.51:285][  0]LogWorld: Bringing up level for play took: 0.013099
[2020.11.03-14.23.51:374][  0]LogGameMode: FindPlayerStart: PATHS NOT DEFINED or NO PLAYERSTART with positive rating
[2020.11.03-14.23.51:736][  0]LogUObjectGlobals: Warning: Failed to find object 'Object None.None'
[2020.11.03-14.23.51:737][  0]LogLoad: Took 1.747809 seconds to LoadMap(/Game/Maps/MainMenu)
[2020.11.03-14.23.51:921][  0]LogSlate: Took 0.071914 seconds to synchronously load lazily loaded font '../../../Engine/Content/Slate/Fonts/Roboto-Regular.ttf' (155K)
[2020.11.03-14.23.52:425][  0]LogRenderer: Reallocating scene render targets to support 1280x720 Format 10 NumSamples 1 (Frame:1).
[2020.11.03-14.23.52:425][  0]LogLoad: (Engine Initialization) Total time: 61.91 seconds
[2020.11.03-14.23.52:425][  0]LogLoad: (Engine Initialization) Total Blueprint compile time: 0.00 seconds
[2020.11.03-14.23.52:701][  0]LogContentStreaming: Texture pool size now 1000 MB
[2020.11.03-14.23.52:771][  0]LogSlate: InvalidateAllWidgets triggered.  All widgets were invalidated
[2020.11.03-14.23.52:984][  1]LogSlate: Took 0.000318 seconds to synchronously load lazily loaded font '../../../Engine/Content/Slate/Fonts/Roboto-Regular.ttf' (155K)
[2020.11.03-14.24.07:020][365]LogPackageName: SearchForPackageOnDisk took   2.484s to resolve Lobby.umap.
[2020.11.03-14.24.07:143][365]LogPackageName: SearchForPackageOnDisk took   0.114s to resolve Lobby.umap.
[2020.11.03-14.24.07:143][365]LogNet: Browse: /Game/Maps/Lobby?listen
[2020.11.03-14.24.07:143][365]LogLoad: LoadMap: /Game/Maps/Lobby?listen
[2020.11.03-14.24.07:143][365]LogWorld: BeginTearingDown for /Game/Maps/MainMenu
[2020.11.03-14.24.07:162][365]LogWorld: UWorld::CleanupWorld for MainMenu, bSessionEnded=true, bCleanupResources=true
[2020.11.03-14.24.07:172][365]LogSlate: InvalidateAllWidgets triggered.  All widgets were invalidated
[2020.11.03-14.24.07:417][365]LogAISub: UAISubsystem::~UAISubsystem AIPerceptionSystem (0000013AE0599300), frame # 2365
[2020.11.03-14.24.07:417][365]LogAISub: UAISubsystem::~UAISubsystem EnvQueryManager (0000013AE048AE00), frame # 2365
[2020.11.03-14.24.07:418][365]LogUObjectHash: Compacting FUObjectHashTables data took   1.24ms
[2020.11.03-14.24.09:150][365]LogAIModule: Creating AISystem for world Lobby
[2020.11.03-14.24.09:150][365]LogAISub: UAISubsystem::UAISubsystem EnvQueryManager (0000013ADCA7D200), frame # 2365
[2020.11.03-14.24.09:150][365]LogAISub: UAISubsystem::UAISubsystem AIPerceptionSystem (0000013AE079B600), frame # 2365
[2020.11.03-14.24.09:150][365]LogLoad: Game class is 'LobbyGM_C'
[2020.11.03-14.24.09:178][365]LogOnline: OSS: Creating online subsystem instance for: STEAM
[2020.11.03-14.24.09:199][365]LogOnline: Warning: STEAM: Steam API disabled!
[2020.11.03-14.24.09:199][365]LogOnline: Display: STEAM: OnlineSubsystemSteam::Shutdown()
[2020.11.03-14.24.09:307][365]LogNet: ReplicationDriverClass is null! Not using ReplicationDriver.
[2020.11.03-14.24.09:307][365]LogNetCore: DDoS detection status: detection enabled: 0 analytics enabled: 0
[2020.11.03-14.24.09:318][365]LogInit: WinSock: Socket queue. Rx: 131072 (config 131072) Tx: 131072 (config 131072)
[2020.11.03-14.24.09:318][365]LogNet: Created socket for bind address: 0.0.0.0 on port 7777
[2020.11.03-14.24.09:342][365]PacketHandlerLog: Loaded PacketHandler component: Engine.EngineHandlerComponentFactory (StatelessConnectHandlerComponent)
[2020.11.03-14.24.09:353][365]LogNet: GameNetDriver IpNetDriver_0 IpNetDriver listening on port 7777
[2020.11.03-14.24.09:416][365]LogWorld: Bringing World /Game/Maps/Lobby.Lobby up for play (max tick rate 0) at 2020.11.03-21.24.09
[2020.11.03-14.24.09:417][365]LogWorld: Bringing up level for play took: 0.062951
[2020.11.03-14.24.09:536][365]LogGameMode: Display: Match State Changed from EnteringMap to WaitingToStart
[2020.11.03-14.24.09:536][365]LogGameState: Match State Changed from EnteringMap to WaitingToStart
[2020.11.03-14.24.09:536][365]LogGameMode: Display: Match State Changed from WaitingToStart to InProgress
[2020.11.03-14.24.09:537][365]LogGameState: Match State Changed from WaitingToStart to InProgress
[2020.11.03-14.24.09:616][365]LogLoad: Took 2.473148 seconds to LoadMap(/Game/Maps/Lobby)
[2020.11.03-14.24.09:676][366]LogNet: UNetDriver::TickDispatch: Very long time between ticks. DeltaTime: 5.25, Realtime: 0.06. IpNetDriver_0
[2020.11.03-14.24.17:965][689]PIE: Warning: CharacterSelect
[2020.11.03-14.24.26:878][241]LogSlate: Window 'BattleChess_Game (64-bit Development PCD3D_SM5) ' being destroyed
[2020.11.03-14.24.26:905][241]LogWindowsTextInputMethodSystem: Display: IME system now deactivated.
[2020.11.03-14.24.26:947][241]LogScript: Warning: Script Msg: DestroySession - Invalid player state
[2020.11.03-14.24.26:948][241]LogSlate: Updating window title bar state: overlay mode, drag disabled, window buttons hidden, title bar hidden
[2020.11.03-14.24.26:948][241]LogEngine: All Windows Closed
[2020.11.03-14.24.26:948][241]LogWindows: FPlatformMisc::RequestExit(0)
[2020.11.03-14.24.26:962][241]LogCore: Engine exit requested (reason: Win RequestExit)
[2020.11.03-14.24.26:963][242]LogCore: Engine exit requested (reason: EngineExit() was called; note: exit was already requested)
[2020.11.03-14.24.27:055][242]LogAudio: Display: Shutting down audio device while 2 references to it are still alive. For more information, compile with INSTRUMENT_AUDIODEVICE_HANDLES.
[2020.11.03-14.24.27:142][242]LogInit: Display: PreExit Game.
[2020.11.03-14.24.27:266][242]LogWorld: BeginTearingDown for /Game/Maps/Lobby
[2020.11.03-14.24.27:266][242]LogNet: World NetDriver shutdown IpNetDriver_0 [GameNetDriver]
[2020.11.03-14.24.27:266][242]LogNet: DestroyNamedNetDriver IpNetDriver_0 [GameNetDriver]
[2020.11.03-14.24.27:273][242]LogExit: GameNetDriver IpNetDriver_0 shut down
[2020.11.03-14.24.27:273][242]LogWorld: UWorld::CleanupWorld for Lobby, bSessionEnded=true, bCleanupResources=true
[2020.11.03-14.24.27:309][242]LogSlate: InvalidateAllWidgets triggered.  All widgets were invalidated
[2020.11.03-14.24.27:983][242]LogExit: Preparing to exit.
[2020.11.03-14.24.28:577][242]LogMoviePlayer: Shutting down movie player
[2020.11.03-14.24.29:337][242]LogSlate: Updating window title bar state: overlay mode, drag disabled, window buttons hidden, title bar hidden
[2020.11.03-14.24.30:259][242]LogDemo: Cleaned up 0 splitscreen connections with owner deletion
[2020.11.03-14.24.30:320][242]LogExit: Game engine shut down
[2020.11.03-14.24.32:262][242]LogAISub: UAISubsystem::~UAISubsystem EnvQueryManager (0000013ADCA7D200), frame # 5242
[2020.11.03-14.24.32:262][242]LogAISub: UAISubsystem::~UAISubsystem AIPerceptionSystem (0000013AE079B600), frame # 5242
[2020.11.03-14.24.34:035][242]LogAISub: UAISubsystem::~UAISubsystem AISubsystem (0000013ADA967340), frame # 5242
[2020.11.03-14.24.34:035][242]LogAISub: UAISubsystem::~UAISubsystem AIPerceptionSystem (0000013ADA92D580), frame # 5242
[2020.11.03-14.24.34:074][242]LogAISub: UAISubsystem::~UAISubsystem EnvQueryManager (0000013ADAA82800), frame # 5242
[2020.11.03-14.24.34:923][242]LogExit: Object subsystem successfully closed.
[2020.11.03-14.24.35:507][242]LogShaderCompilers: Display: Shaders left to compile 0
[2020.11.03-14.24.41:518][242]LogModuleManager: Shutting down and abandoning module SequenceRecorderSections (506)
[2020.11.03-14.24.41:522][242]LogModuleManager: Shutting down and abandoning module SequenceRecorder (504)
[2020.11.03-14.24.41:540][242]LogModuleManager: Shutting down and abandoning module AutomationController (502)
[2020.11.03-14.24.41:557][242]LogModuleManager: Shutting down and abandoning module AutomationWorker (500)
[2020.11.03-14.24.41:570][242]LogModuleManager: Shutting down and abandoning module Voice (498)
[2020.11.03-14.24.41:587][242]LogModuleManager: Shutting down and abandoning module AIModule (496)
[2020.11.03-14.24.41:596][242]LogModuleManager: Shutting down and abandoning module GameplayDebugger (495)
[2020.11.03-14.24.41:625][242]LogModuleManager: Shutting down and abandoning module AITestSuite (493)
[2020.11.03-14.24.41:633][242]LogModuleManager: Shutting down and abandoning module NavigationSystem (491)
[2020.11.03-14.24.41:633][242]LogModuleManager: Shutting down and abandoning module OculusMR (488)
[2020.11.03-14.24.41:633][242]LogModuleManager: Shutting down and abandoning module WmfMediaFactory (486)
[2020.11.03-14.24.41:633][242]LogModuleManager: Shutting down and abandoning module WebMMediaFactory (484)
[2020.11.03-14.24.41:633][242]LogModuleManager: Shutting down and abandoning module WebMMedia (482)
[2020.11.03-14.24.41:654][242]LogModuleManager: Shutting down and abandoning module OpenExrWrapper (480)
[2020.11.03-14.24.41:669][242]LogModuleManager: Shutting down and abandoning module ImgMediaFactory (478)
[2020.11.03-14.24.41:669][242]LogModuleManager: Shutting down and abandoning module AvfMediaFactory (476)
[2020.11.03-14.24.41:669][242]LogModuleManager: Shutting down and abandoning module MagicLeapMediaCodecFactory (474)
[2020.11.03-14.24.41:669][242]LogModuleManager: Shutting down and abandoning module MagicLeapMediaFactory (472)
[2020.11.03-14.24.41:669][242]LogModuleManager: Shutting down and abandoning module PlanarCut (470)
[2020.11.03-14.24.41:695][242]LogModuleManager: Shutting down and abandoning module CharacterAI (468)
[2020.11.03-14.24.41:695][242]LogModuleManager: Shutting down and abandoning module SessionServices (466)
[2020.11.03-14.24.41:695][242]LogModuleManager: Shutting down and abandoning module MovieSceneCapture (464)
[2020.11.03-14.24.41:708][242]LogModuleManager: Shutting down and abandoning module LiveCoding (462)
[2020.11.03-14.24.41:734][242]LogModuleManager: Shutting down and abandoning module LevelSequence (460)
[2020.11.03-14.24.41:754][242]LogModuleManager: Shutting down and abandoning module MovieSceneTracks (458)
[2020.11.03-14.24.41:765][242]LogModuleManager: Shutting down and abandoning module MovieScene (456)
[2020.11.03-14.24.41:855][242]LogModuleManager: Shutting down and abandoning module StreamingPauseRendering (454)
[2020.11.03-14.24.41:867][242]LogModuleManager: Shutting down and abandoning module PortalServices (452)
[2020.11.03-14.24.41:867][242]LogModuleManager: Shutting down and abandoning module PortalRpc (450)
[2020.11.03-14.24.41:867][242]LogModuleManager: Shutting down and abandoning module MessagingRpc (448)
[2020.11.03-14.24.41:867][242]LogModuleManager: Shutting down and abandoning module AudioMixerXAudio2 (446)
[2020.11.03-14.24.41:867][242]LogModuleManager: Shutting down and abandoning module AudioMixerCore (445)
[2020.11.03-14.24.41:867][242]LogModuleManager: Shutting down and abandoning module ProfilerService (442)
[2020.11.03-14.24.42:045][242]LogModuleManager: Shutting down and abandoning module TaskGraph (440)
[2020.11.03-14.24.42:105][242]LogModuleManager: Shutting down and abandoning module Synthesis (438)
[2020.11.03-14.24.42:132][242]LogModuleManager: Shutting down and abandoning module ProceduralMeshComponent (436)
[2020.11.03-14.24.42:132][242]LogModuleManager: Shutting down and abandoning module OculusInput (434)
[2020.11.03-14.24.42:132][242]LogModuleManager: Shutting down and abandoning module MobilePatchingUtils (432)
[2020.11.03-14.24.42:132][242]LogModuleManager: Shutting down and abandoning module GooglePAD (430)
[2020.11.03-14.24.42:132][242]LogModuleManager: Shutting down and abandoning module EditableMesh (428)
[2020.11.03-14.24.42:146][242]LogModuleManager: Shutting down and abandoning module CustomMeshComponent (426)
[2020.11.03-14.24.42:146][242]LogModuleManager: Shutting down and abandoning module CableComponent (424)
[2020.11.03-14.24.42:146][242]LogModuleManager: Shutting down and abandoning module AudioCapture (422)
[2020.11.03-14.24.42:146][242]LogModuleManager: Shutting down and abandoning module AudioCaptureRtAudio (421)
[2020.11.03-14.24.42:165][242]LogModuleManager: Shutting down and abandoning module AssetTags (418)
[2020.11.03-14.24.42:165][242]LogModuleManager: Shutting down and abandoning module ArchVisCharacter (416)
[2020.11.03-14.24.42:165][242]LogModuleManager: Shutting down and abandoning module AppleImageUtilsBlueprintSupport (414)
[2020.11.03-14.24.42:165][242]LogModuleManager: Shutting down and abandoning module AppleImageUtils (412)
[2020.11.03-14.24.42:165][242]LogModuleManager: Shutting down and abandoning module AndroidPermission (410)
[2020.11.03-14.24.42:165][242]LogModuleManager: Shutting down and abandoning module NUTUnrealEngine4 (408)
[2020.11.03-14.24.42:165][242]LogModuleManager: Shutting down and abandoning module NetcodeUnitTest (406)
[2020.11.03-14.24.42:209][242]LogModuleManager: Shutting down and abandoning module TemplateSequence (404)
[2020.11.03-14.24.42:209][242]LogModuleManager: Shutting down and abandoning module MovieRenderPipelineRenderPasses (402)
[2020.11.03-14.24.42:243][242]LogModuleManager: Shutting down and abandoning module MovieRenderPipelineSettings (400)
[2020.11.03-14.24.42:244][242]LogModuleManager: Shutting down and abandoning module MovieRenderPipelineCore (398)
[2020.11.03-14.24.42:244][242]LogModuleManager: Shutting down and abandoning module ImageWriteQueue (397)
[2020.11.03-14.24.42:244][242]LogModuleManager: Shutting down and abandoning module MediaCompositing (394)
[2020.11.03-14.24.42:244][242]LogModuleManager: Shutting down and abandoning module ImgMedia (392)
[2020.11.03-14.24.42:251][242]LogModuleManager: Shutting down and abandoning module MagicLeapSharedWorld (390)
[2020.11.03-14.24.42:251][242]LogModuleManager: Shutting down and abandoning module MagicLeapLightEstimation (388)
[2020.11.03-14.24.42:265][242]LogModuleManager: Shutting down and abandoning module MagicLeapHelperVulkan (386)
[2020.11.03-14.24.42:265][242]LogModuleManager: Shutting down and abandoning module MagicLeapHelperOpenGL (384)
[2020.11.03-14.24.42:265][242]LogModuleManager: Shutting down and abandoning module MagicLeapAudio (382)
[2020.11.03-14.24.42:273][242]LogModuleManager: Shutting down and abandoning module MeshSolverUtilities (380)
[2020.11.03-14.24.42:280][242]LogModuleManager: Shutting down and abandoning module MeshConversion (378)
[2020.11.03-14.24.42:295][242]LogModuleManager: Shutting down and abandoning module DynamicMesh (376)
[2020.11.03-14.24.42:315][242]LogModuleManager: Shutting down and abandoning module GeometryAlgorithms (374)
[2020.11.03-14.24.42:326][242]LogModuleManager: Shutting down and abandoning module GeometricObjects (372)
[2020.11.03-14.24.42:338][242]LogModuleManager: Shutting down and abandoning module GeometryCollectionTracks (370)
[2020.11.03-14.24.42:338][242]LogModuleManager: Shutting down and abandoning module GeometryCollectionSequencer (369)
[2020.11.03-14.24.42:392][242]LogModuleManager: Shutting down and abandoning module GeometryCacheTracks (366)
[2020.11.03-14.24.42:392][242]LogModuleManager: Shutting down and abandoning module GeometryCacheSequencer (365)
[2020.11.03-14.24.42:392][242]LogModuleManager: Shutting down and abandoning module GeometryCache (362)
[2020.11.03-14.24.42:392][242]LogModuleManager: Shutting down and abandoning module GeometryCacheEd (361)
[2020.11.03-14.24.42:392][242]LogModuleManager: Shutting down and abandoning module ChaosNiagara (358)
[2020.11.03-14.24.42:392][242]LogModuleManager: Shutting down and abandoning module ChaosCloth (356)
[2020.11.03-14.24.42:411][242]LogModuleManager: Shutting down and abandoning module BackChannel (354)
[2020.11.03-14.24.42:420][242]LogModuleManager: Shutting down and abandoning module AutomationUtils (352)
[2020.11.03-14.24.42:433][242]LogModuleManager: Shutting down and abandoning module VisualStudioSourceCodeAccess (350)
[2020.11.03-14.24.42:447][242]LogModuleManager: Shutting down and abandoning module HotReload (349)
[2020.11.03-14.24.42:453][242]LogModuleManager: Shutting down and abandoning module VisualStudioCodeSourceCodeAccess (346)
[2020.11.03-14.24.42:453][242]LogModuleManager: Shutting down and abandoning module UObjectPlugin (344)
[2020.11.03-14.24.42:453][242]LogModuleManager: Shutting down and abandoning module SubversionSourceControl (342)
[2020.11.03-14.24.42:486][242]LogModuleManager: Shutting down and abandoning module RiderSourceCodeAccess (340)
[2020.11.03-14.24.42:493][242]LogModuleManager: Shutting down and abandoning module PerforceSourceControl (338)
[2020.11.03-14.24.42:590][242]LogModuleManager: Shutting down and abandoning module SourceControl (337)
[2020.11.03-14.24.42:629][242]LogModuleManager: Shutting down and abandoning module CLionSourceCodeAccess (334)
[2020.11.03-14.24.42:649][242]LogModuleManager: Shutting down and abandoning module ActorLayerUtilities (332)
[2020.11.03-14.24.42:649][242]LogModuleManager: Shutting down and abandoning module SoundFields (330)
[2020.11.03-14.24.42:659][242]LogModuleManager: Shutting down and abandoning module SignificanceManager (328)
[2020.11.03-14.24.42:659][242]LogModuleManager: Shutting down and abandoning module RuntimePhysXCooking (326)
[2020.11.03-14.24.42:659][242]LogModuleManager: Shutting down and abandoning module PhysXVehiclesEditor (324)
[2020.11.03-14.24.42:659][242]LogModuleManager: Shutting down and abandoning module LocationServicesBPLibrary (320)
[2020.11.03-14.24.42:659][242]LogModuleManager: Shutting down and abandoning module ActorSequence (318)
[2020.11.03-14.24.42:659][242]LogModuleManager: Shutting down and abandoning module UdpMessaging (316)
[2020.11.03-14.24.42:761][242]LogModuleManager: Shutting down and abandoning module TcpMessaging (314)
[2020.11.03-14.24.42:885][242]LogModuleManager: Shutting down and abandoning module MagicLeapARPin (312)
[2020.11.03-14.24.42:885][242]LogModuleManager: Shutting down and abandoning module MagicLeapHandMeshing (310)
[2020.11.03-14.24.42:885][242]LogModuleManager: Shutting down and abandoning module MagicLeapSecureStorage (308)
[2020.11.03-14.24.42:885][242]LogModuleManager: Shutting down and abandoning module MagicLeapPrivileges (306)
[2020.11.03-14.24.42:885][242]LogModuleManager: Shutting down and abandoning module MagicLeapPlanes (304)
[2020.11.03-14.24.42:904][242]LogMagicLeapPlanes: Planes tracker already destroyed.
[2020.11.03-14.24.42:904][242]LogModuleManager: Shutting down and abandoning module MagicLeapImageTracker (302)
[2020.11.03-14.24.42:919][242]LogModuleManager: Shutting down and abandoning module MagicLeapIdentity (300)
[2020.11.03-14.24.42:919][242]LogModuleManager: Shutting down and abandoning module MagicLeapHandTracking (298)
[2020.11.03-14.24.42:954][242]LogModuleManager: Shutting down and abandoning module MagicLeapEyeTracker (296)
[2020.11.03-14.24.42:986][242]LogModuleManager: Shutting down and abandoning module MagicLeapController (294)
[2020.11.03-14.24.43:001][242]LogSlate: Slate User Destroyed.  User Index 0, Is Virtual User: 0
[2020.11.03-14.24.43:002][242]LogModuleManager: Shutting down and abandoning module MagicLeapARPinImpl (292)
[2020.11.03-14.24.43:020][242]LogModuleManager: Shutting down and abandoning module MagicLeapAR (290)
[2020.11.03-14.24.43:020][242]LogModuleManager: Shutting down and abandoning module AugmentedReality (289)
[2020.11.03-14.24.43:040][242]LogModuleManager: Shutting down and abandoning module NiagaraAnimNotifies (286)
[2020.11.03-14.24.43:040][242]LogModuleManager: Shutting down and abandoning module Niagara (284)
[2020.11.03-14.24.43:119][242]LogModuleManager: Shutting down and abandoning module SignalProcessing (283)
[2020.11.03-14.24.43:119][242]LogModuleManager: Shutting down and abandoning module NiagaraEditor (281)
[2020.11.03-14.24.43:181][242]LogModuleManager: Shutting down and abandoning module NiagaraCore (278)
[2020.11.03-14.24.43:181][242]LogModuleManager: Shutting down and abandoning module GameplayTagsEditor (276)
[2020.11.03-14.24.43:199][242]LogModuleManager: Shutting down and abandoning module FacialAnimation (274)
[2020.11.03-14.24.43:199][242]LogModuleManager: Shutting down and abandoning module AssetManagerEditor (272)
[2020.11.03-14.24.43:213][242]LogModuleManager: Shutting down and abandoning module TreeMap (271)
[2020.11.03-14.24.43:223][242]LogModuleManager: Shutting down and abandoning module AnimationSharing (268)
[2020.11.03-14.24.43:223][242]LogModuleManager: Shutting down and abandoning module LightPropagationVolumeRuntime (266)
[2020.11.03-14.24.43:235][242]LogModuleManager: Shutting down and abandoning module Paper2D (264)
[2020.11.03-14.24.43:255][242]LogModuleManager: Shutting down and abandoning module WindowsMoviePlayer (262)
[2020.11.03-14.24.43:264][242]LogModuleManager: Shutting down and abandoning module WebMMoviePlayer (260)
[2020.11.03-14.24.43:275][242]LogModuleManager: Shutting down and abandoning module NetworkReplayStreaming (258)
[2020.11.03-14.24.43:294][242]LogModuleManager: Shutting down and abandoning module PacketHandler (256)
[2020.11.03-14.24.43:294][242]LogModuleManager: Shutting down and abandoning module ClothingSystemEditor (254)
[2020.11.03-14.24.43:309][242]LogModuleManager: Shutting down and abandoning module ClothingSystemRuntimeNv (252)
[2020.11.03-14.24.43:340][242]LogModuleManager: Shutting down and abandoning module MediaAssets (250)
[2020.11.03-14.24.43:355][242]LogModuleManager: Shutting down and abandoning module Overlay (248)
[2020.11.03-14.24.43:355][242]LogModuleManager: Shutting down and abandoning module OverlayEditor (247)
[2020.11.03-14.24.43:355][242]LogModuleManager: Shutting down and abandoning module VREditor (244)
[2020.11.03-14.24.43:377][242]LogModuleManager: Shutting down and abandoning module StringTableEditor (242)
[2020.11.03-14.24.43:395][242]LogModuleManager: Shutting down and abandoning module GameplayTasksEditor (240)
[2020.11.03-14.24.43:395][242]LogModuleManager: Shutting down and abandoning module BehaviorTreeEditor (238)
[2020.11.03-14.24.43:437][242]LogModuleManager: Shutting down and abandoning module FunctionalTesting (236)
[2020.11.03-14.24.43:447][242]LogModuleManager: Shutting down and abandoning module CollisionAnalyzer (234)
[2020.11.03-14.24.43:459][242]LogModuleManager: Shutting down and abandoning module UMG (232)
[2020.11.03-14.24.43:479][242]LogModuleManager: Shutting down and abandoning module UMGEditor (231)
[2020.11.03-14.24.43:523][242]LogModuleManager: Shutting down and abandoning module Sequencer (230)
[2020.11.03-14.24.43:543][242]LogModuleManager: Shutting down and abandoning module MessageLog (227)
[2020.11.03-14.24.43:569][242]LogModuleManager: Shutting down and abandoning module MaterialEditor (225)
[2020.11.03-14.24.43:640][242]LogModuleManager: Shutting down and abandoning module ContentBrowser (224)
[2020.11.03-14.24.43:646][242]LogModuleManager: Shutting down and abandoning module WorkspaceMenuStructure (223)
[2020.11.03-14.24.43:661][242]LogModuleManager: Shutting down and abandoning module CollectionManager (221)
[2020.11.03-14.24.43:689][242]LogModuleManager: Shutting down and abandoning module DirectoryWatcher (220)
[2020.11.03-14.24.43:689][242]LogModuleManager: Shutting down and abandoning module SlateReflector (212)
[2020.11.03-14.24.43:722][242]LogModuleManager: Shutting down and abandoning module Slate (210)
[2020.11.03-14.24.43:722][242]LogModuleManager: Shutting down and abandoning module SlateCore (208)
[2020.11.03-14.24.43:722][242]LogModuleManager: Shutting down and abandoning module LandscapeEditorUtilities (206)
[2020.11.03-14.24.43:722][242]LogModuleManager: Shutting down and abandoning module EditorStyle (204)
[2020.11.03-14.24.43:758][242]LogModuleManager: Shutting down and abandoning module UnrealEd (202)
[2020.11.03-14.24.43:758][242]LogModuleManager: Shutting down and abandoning module MRMesh (200)
[2020.11.03-14.24.43:758][242]LogModuleManager: Shutting down and abandoning module Messaging (198)
[2020.11.03-14.24.43:758][242]LogModuleManager: Shutting down and abandoning module SourceCodeAccess (196)
[2020.11.03-14.24.43:758][242]LogModuleManager: Shutting down and abandoning module HeadMountedDisplay (194)
[2020.11.03-14.24.43:759][242]LogModuleManager: Shutting down and abandoning module XAudio2 (192)
[2020.11.03-14.24.43:780][242]LogModuleManager: Shutting down and abandoning module Networking (190)
[2020.11.03-14.24.43:780][242]LogModuleManager: Shutting down and abandoning module Core (188)
[2020.11.03-14.24.43:780][242]LogModuleManager: Shutting down and abandoning module MovieSceneTools (186)
[2020.11.03-14.24.43:822][242]LogModuleManager: Shutting down and abandoning module KismetCompiler (184)
[2020.11.03-14.24.43:822][242]LogModuleManager: Shutting down and abandoning module MeshBuilder (182)
[2020.11.03-14.24.43:834][242]LogModuleManager: Shutting down and abandoning module MeshUtilities (180)
[2020.11.03-14.24.43:868][242]LogModuleManager: Shutting down and abandoning module MeshMergeUtilities (179)
[2020.11.03-14.24.43:885][242]LogModuleManager: Shutting down and abandoning module MeshReductionInterface (178)
[2020.11.03-14.24.43:900][242]LogModuleManager: Shutting down and abandoning module MeshBoneReduction (177)
[2020.11.03-14.24.43:901][242]LogModuleManager: Shutting down and abandoning module SkeletalMeshReduction (175)
[2020.11.03-14.24.43:913][242]LogModuleManager: Shutting down and abandoning module ProxyLODMeshReduction (173)
[2020.11.03-14.24.43:980][242]LogModuleManager: Shutting down and abandoning module QuadricMeshReduction (171)
[2020.11.03-14.24.43:994][242]LogModuleManager: Shutting down and abandoning module MaterialBaking (167)
[2020.11.03-14.24.44:015][242]LogModuleManager: Shutting down and abandoning module NullInstallBundleManager (162)
[2020.11.03-14.24.44:015][242]LogModuleManager: Shutting down and abandoning module PIEPreviewDeviceProfileSelector (160)
[2020.11.03-14.24.44:026][242]LogModuleManager: Shutting down and abandoning module DerivedDataCache (158)
[2020.11.03-14.24.44:046][242]LogModuleManager: Shutting down and abandoning module XGEController (156)
[2020.11.03-14.24.44:063][242]LogModuleManager: Shutting down and abandoning module TargetPlatform (154)
[2020.11.03-14.24.44:073][242]LogModuleManager: Shutting down and abandoning module VulkanShaderFormat (153)
[2020.11.03-14.24.44:090][242]LogModuleManager: Shutting down and abandoning module ShaderFormatVectorVM (151)
[2020.11.03-14.24.44:105][242]LogModuleManager: Shutting down and abandoning module ShaderFormatOpenGL (149)
[2020.11.03-14.24.44:122][242]LogModuleManager: Shutting down and abandoning module ShaderFormatD3D (147)
[2020.11.03-14.24.44:122][242]LogModuleManager: Shutting down and abandoning module MetalShaderFormat (145)
[2020.11.03-14.24.44:140][242]LogModuleManager: Shutting down and abandoning module TextureFormatUncompressed (143)
[2020.11.03-14.24.44:149][242]LogModuleManager: Shutting down and abandoning module TextureFormatPVR (141)
[2020.11.03-14.24.44:165][242]LogModuleManager: Shutting down and abandoning module TextureFormatDXT (139)
[2020.11.03-14.24.44:181][242]LogModuleManager: Shutting down and abandoning module TextureFormatIntelISPCTexComp (137)
[2020.11.03-14.24.44:208][242]LogModuleManager: Shutting down and abandoning module TextureFormatASTC (135)
[2020.11.03-14.24.44:209][242]LogModuleManager: Shutting down and abandoning module ImageWrapper (134)
[2020.11.03-14.24.44:217][242]LogModuleManager: Shutting down and abandoning module TextureFormatAndroid (131)
[2020.11.03-14.24.44:230][242]LogModuleManager: Shutting down and abandoning module AudioFormatOpus (129)
[2020.11.03-14.24.44:252][242]LogModuleManager: Shutting down and abandoning module AudioFormatOgg (127)
[2020.11.03-14.24.44:253][242]LogModuleManager: Shutting down and abandoning module AudioFormatADPCM (125)
[2020.11.03-14.24.44:254][242]LogModuleManager: Shutting down and abandoning module WindowsServerTargetPlatform (123)
[2020.11.03-14.24.44:254][242]LogModuleManager: Shutting down and abandoning module WindowsClientTargetPlatform (121)
[2020.11.03-14.24.44:269][242]LogModuleManager: Shutting down and abandoning module WindowsTargetPlatform (119)
[2020.11.03-14.24.44:269][242]LogModuleManager: Shutting down and abandoning module WindowsNoEditorTargetPlatform (117)
[2020.11.03-14.24.44:269][242]LogModuleManager: Shutting down and abandoning module InputCore (114)
[2020.11.03-14.24.44:269][242]LogModuleManager: Shutting down and abandoning module Settings (112)
[2020.11.03-14.24.44:269][242]LogModuleManager: Shutting down and abandoning module PhysXCooking (110)
[2020.11.03-14.24.44:269][242]LogModuleManager: Shutting down and abandoning module ChaosSolvers (108)
[2020.11.03-14.24.44:324][242]LogModuleManager: Shutting down and abandoning module FieldSystemEngine (107)
[2020.11.03-14.24.44:339][242]LogModuleManager: Shutting down and abandoning module Chaos (104)
[2020.11.03-14.24.44:365][242]LogModuleManager: Shutting down and abandoning module WindowsPlatformFeatures (102)
[2020.11.03-14.24.44:366][242]LogModuleManager: Shutting down and abandoning module GameplayMediaEncoder (101)
[2020.11.03-14.24.44:366][242]LogModuleManager: Shutting down and abandoning module AVEncoder (100)
[2020.11.03-14.24.44:384][242]LogModuleManager: Shutting down and abandoning module SteamVRInputDevice (96)
[2020.11.03-14.24.44:400][242]LogModuleManager: Shutting down and abandoning module SteamVRInput (94)
[2020.11.03-14.24.44:400][242]LogModuleManager: Shutting down and abandoning module SteamVR (92)
[2020.11.03-14.24.44:412][242]LogHMD: Freeing OpenVRDLLHandle.
[2020.11.03-14.24.44:412][242]LogModuleManager: Shutting down and abandoning module OculusHMD (90)
[2020.11.03-14.24.44:421][242]LogModuleManager: Shutting down and abandoning module ExampleDeviceProfileSelector (88)
[2020.11.03-14.24.44:421][242]LogModuleManager: Shutting down and abandoning module LauncherChunkInstaller (86)
[2020.11.03-14.24.44:421][242]LogModuleManager: Shutting down and abandoning module OnlineBlueprintSupport (84)
[2020.11.03-14.24.44:422][242]LogModuleManager: Shutting down and abandoning module OnlineSubsystem (80)
[2020.11.03-14.24.44:474][242]LogModuleManager: Shutting down and abandoning module SteamShared (74)
[2020.11.03-14.24.44:494][242]LogSteamShared: Freeing the Steam Loaded Modules...
[2020.11.03-14.24.44:558][242]LogModuleManager: Shutting down and abandoning module XMPP (71)
[2020.11.03-14.24.44:627][242]LogModuleManager: Shutting down and abandoning module WebSockets (70)
[2020.11.03-14.24.44:724][242]LogModuleManager: Shutting down and abandoning module HTTP (67)
[2020.11.03-14.24.44:839][242]LogModuleManager: Shutting down and abandoning module SSL (66)
[2020.11.03-14.24.45:002][242]LogModuleManager: Shutting down and abandoning module WmfMedia (62)
[2020.11.03-14.24.45:023][242]LogModuleManager: Shutting down and abandoning module Media (61)
[2020.11.03-14.24.45:024][242]LogModuleManager: Shutting down and abandoning module MagicLeap (58)
[2020.11.03-14.24.45:038][242]LogModuleManager: Shutting down and abandoning module NiagaraVertexFactories (56)
[2020.11.03-14.24.45:055][242]LogModuleManager: Shutting down and abandoning module NiagaraShader (54)
[2020.11.03-14.24.45:063][242]LogModuleManager: Shutting down and abandoning module VariantManagerContent (52)
[2020.11.03-14.24.45:064][242]LogModuleManager: Shutting down and abandoning module DatasmithContent (50)
[2020.11.03-14.24.45:064][242]LogModuleManager: Shutting down and abandoning module AISupportModule (48)
[2020.11.03-14.24.45:064][242]LogModuleManager: Shutting down and abandoning module DesktopPlatform (46)
[2020.11.03-14.24.45:085][242]LogModuleManager: Shutting down and abandoning module PlatformCryptoOpenSSL (44)
[2020.11.03-14.24.45:105][242]LogModuleManager: Shutting down and abandoning module PlatformCryptoTypes (42)
[2020.11.03-14.24.45:105][242]LogModuleManager: Shutting down and abandoning module PlatformCrypto (40)
[2020.11.03-14.24.45:105][242]LogModuleManager: Shutting down and abandoning module AnimationModifiers (38)
[2020.11.03-14.24.45:144][242]LogModuleManager: Shutting down and abandoning module PropertyEditor (37)
[2020.11.03-14.24.45:194][242]LogModuleManager: Shutting down and abandoning module AudioEditor (34)
[2020.11.03-14.24.45:376][242]LogModuleManager: Shutting down and abandoning module TextureCompressor (32)
[2020.11.03-14.24.45:415][242]LogModuleManager: Shutting down and abandoning module RenderCore (30)
[2020.11.03-14.24.45:415][242]LogModuleManager: Shutting down and abandoning module Landscape (28)
[2020.11.03-14.24.45:415][242]LogModuleManager: Shutting down and abandoning module SlateRHIRenderer (26)
[2020.11.03-14.24.45:436][242]LogModuleManager: Shutting down and abandoning module OpenGLDrv (24)
[2020.11.03-14.24.45:453][242]LogModuleManager: Shutting down and abandoning module D3D11RHI (22)
[2020.11.03-14.24.45:453][242]LogModuleManager: Shutting down and abandoning module AnimGraphRuntime (20)
[2020.11.03-14.24.45:463][242]LogModuleManager: Shutting down and abandoning module Renderer (18)
[2020.11.03-14.24.45:492][242]LogModuleManager: Shutting down and abandoning module Engine (16)
[2020.11.03-14.24.45:492][242]LogModuleManager: Shutting down and abandoning module CoreUObject (14)
[2020.11.03-14.24.45:508][242]LogModuleManager: Shutting down and abandoning module NetworkFile (12)
[2020.11.03-14.24.45:524][242]LogModuleManager: Shutting down and abandoning module CookedIterativeFile (10)
[2020.11.03-14.24.45:524][242]LogModuleManager: Shutting down and abandoning module StreamingFile (8)
[2020.11.03-14.24.45:533][242]LogModuleManager: Shutting down and abandoning module SandboxFile (6)
[2020.11.03-14.24.45:539][242]LogModuleManager: Shutting down and abandoning module PakFile (4)
[2020.11.03-14.24.45:624][242]LogModuleManager: Shutting down and abandoning module RSA (3)
[2020.11.03-14.24.45:846][242]LogContentStreaming: Display: There are 1 unreleased StreamingManagers
[2020.11.03-14.24.45:879][242]LogD3D11RHI: Shutdown
[2020.11.03-14.24.45:879][242]LogD3D11RHI: CleanupD3DDevice
[2020.11.03-14.24.46:920][242]LogExit: Exiting.
[2020.11.03-14.24.47:006][242]Log file closed, 11/03/20 21:24:47
