Log file open, 11/17/20 14:13:41
LogInit: Display: Running engine for game: BattleChess_Game
LogPlatformFile: Not using cached read wrapper
LogTaskGraph: Started task graph with 5 named threads and 23 total threads with 3 sets of task threads.
LogStats: Stats thread started at 0.532377
LogD3D11RHI: Loaded GFSDK_Aftermath_Lib.x64.dll
LogICUInternationalization: ICU TimeZone Detection - Raw Offset: +7:00, Platform Override: ''
LogPluginManager: Mounting plugin Paper2D
LogPluginManager: Mounting plugin AISupport
LogPluginManager: Mounting plugin LightPropagationVolume
LogPluginManager: Mounting plugin CameraShakePreviewer
LogPluginManager: Mounting plugin ActorLayerUtilities
LogPluginManager: Mounting plugin AnimationSharing
LogPluginManager: Mounting plugin CLionSourceCodeAccess
LogPluginManager: Mounting plugin CodeLiteSourceCodeAccess
LogPluginManager: Mounting plugin GitSourceControl
LogPluginManager: Mounting plugin KDevelopSourceCodeAccess
LogPluginManager: Mounting plugin NullSourceCodeAccess
LogPluginManager: Mounting plugin PerforceSourceControl
LogPluginManager: Mounting plugin PlasticSourceControl
LogPluginManager: Mounting plugin RiderSourceCodeAccess
LogPluginManager: Mounting plugin SubversionSourceControl
LogPluginManager: Mounting plugin UObjectPlugin
LogPluginManager: Mounting plugin VisualStudioCodeSourceCodeAccess
LogPluginManager: Mounting plugin VisualStudioSourceCodeAccess
LogPluginManager: Mounting plugin XCodeSourceCodeAccess
LogPluginManager: Mounting plugin AssetManagerEditor
LogPluginManager: Mounting plugin CryptoKeys
LogPluginManager: Mounting plugin CurveEditorTools
LogPluginManager: Mounting plugin DataValidation
LogPluginManager: Mounting plugin EditorScriptingUtilities
LogPluginManager: Mounting plugin FacialAnimation
LogPluginManager: Mounting plugin GameplayTagsEditor
LogPluginManager: Mounting plugin GeometryMode
LogPluginManager: Mounting plugin MacGraphicsSwitching
LogPluginManager: Mounting plugin MaterialAnalyzer
LogPluginManager: Mounting plugin MobileLauncherProfileWizard
LogPluginManager: Mounting plugin PluginBrowser
LogPluginManager: Mounting plugin SpeedTreeImporter
LogPluginManager: Mounting plugin DatasmithContent
LogPluginManager: Mounting plugin VariantManagerContent
LogPluginManager: Mounting plugin AlembicImporter
LogPluginManager: Mounting plugin AutomationUtils
LogPluginManager: Mounting plugin BackChannel
LogPluginManager: Mounting plugin ChaosCloth
LogPluginManager: Mounting plugin ChaosClothEditor
LogPluginManager: Mounting plugin ChaosEditor
LogPluginManager: Mounting plugin ChaosNiagara
LogPluginManager: Mounting plugin ChaosSolverPlugin
LogPluginManager: Mounting plugin CharacterAI
LogPluginManager: Mounting plugin GeometryCache
LogPluginManager: Mounting plugin GeometryCollectionPlugin
LogPluginManager: Mounting plugin GeometryProcessing
LogPluginManager: Mounting plugin PlanarCut
LogPluginManager: Mounting plugin PlatformCrypto
LogPluginManager: Mounting plugin ProxyLODPlugin
LogPluginManager: Mounting plugin SkeletalReduction
LogPluginManager: Mounting plugin Niagara
LogPluginManager: Mounting plugin MagicLeap
LogPluginManager: Mounting plugin MagicLeapLightEstimation
LogPluginManager: Mounting plugin MagicLeapMedia
LogPluginManager: Mounting plugin MagicLeapPassableWorld
LogPluginManager: Mounting plugin MLSDK
LogPluginManager: Mounting plugin AndroidMedia
LogPluginManager: Mounting plugin AvfMedia
LogPluginManager: Mounting plugin ImgMedia
LogPluginManager: Mounting plugin MediaCompositing
LogPluginManager: Mounting plugin MediaPlayerEditor
LogPluginManager: Mounting plugin WebMMedia
LogPluginManager: Mounting plugin WmfMedia
LogPluginManager: Mounting plugin MeshPainting
LogPluginManager: Mounting plugin TcpMessaging
LogPluginManager: Mounting plugin UdpMessaging
LogPluginManager: Mounting plugin ActorSequence
LogPluginManager: Mounting plugin LevelSequenceEditor
LogPluginManager: Mounting plugin MatineeToLevelSequence
LogPluginManager: Mounting plugin MovieRenderPipeline
LogPluginManager: Mounting plugin TemplateSequence
LogPluginManager: Mounting plugin NetcodeUnitTest
LogPluginManager: Mounting plugin NUTUnrealEngine4
LogPluginManager: Mounting plugin OnlineSubsystemGooglePlay
LogPluginManager: Mounting plugin OnlineSubsystemIOS
LogPluginManager: Mounting plugin OnlineSubsystem
LogPluginManager: Mounting plugin OnlineSubsystemNull
LogPluginManager: Mounting plugin OnlineSubsystemSteam
LogPluginManager: Mounting plugin OnlineSubsystemUtils
LogPluginManager: Mounting plugin LauncherChunkInstaller
LogPluginManager: Mounting plugin AndroidDeviceProfileSelector
LogPluginManager: Mounting plugin AndroidMoviePlayer
LogPluginManager: Mounting plugin AndroidPermission
LogPluginManager: Mounting plugin AppleImageUtils
LogPluginManager: Mounting plugin AppleMoviePlayer
LogPluginManager: Mounting plugin ArchVisCharacter
LogPluginManager: Mounting plugin AssetTags
LogPluginManager: Mounting plugin AudioCapture
LogPluginManager: Mounting plugin CableComponent
LogPluginManager: Mounting plugin CustomMeshComponent
LogPluginManager: Mounting plugin EditableMesh
LogPluginManager: Mounting plugin ExampleDeviceProfileSelector
LogPluginManager: Mounting plugin GoogleCloudMessaging
LogPluginManager: Mounting plugin GooglePAD
LogPluginManager: Mounting plugin IOSDeviceProfileSelector
LogPluginManager: Mounting plugin LinuxDeviceProfileSelector
LogPluginManager: Mounting plugin LocationServicesBPLibrary
LogPluginManager: Mounting plugin MobilePatchingUtils
LogPluginManager: Mounting plugin OculusVR
LogPluginManager: Mounting plugin PhysXVehicles
LogPluginManager: Mounting plugin PostSplashScreen
LogPluginManager: Mounting plugin ProceduralMeshComponent
LogPluginManager: Mounting plugin RuntimePhysXCooking
LogPluginManager: Mounting plugin SignificanceManager
LogPluginManager: Mounting plugin SoundFields
LogPluginManager: Mounting plugin SteamShared
LogPluginManager: Mounting plugin SteamVR
LogPluginManager: Mounting plugin Synthesis
LogPluginManager: Mounting plugin WebMMoviePlayer
LogPluginManager: Mounting plugin WindowsMoviePlayer
LogPluginManager: Mounting plugin ScreenshotTools
LogInit: Using libcurl 7.55.1-DEV
LogInit:  - built for x86_64-pc-win32
LogInit:  - supports SSL with OpenSSL/1.1.1
LogInit:  - supports HTTP deflate (compression) using libz 1.2.8
LogInit:  - other features:
LogInit:      CURL_VERSION_SSL
LogInit:      CURL_VERSION_LIBZ
LogInit:      CURL_VERSION_IPV6
LogInit:      CURL_VERSION_ASYNCHDNS
LogInit:      CURL_VERSION_LARGEFILE
LogInit:      CURL_VERSION_IDN
LogInit:  CurlRequestOptions (configurable via config and command line):
LogInit:  - bVerifyPeer = true  - Libcurl will verify peer certificate
LogInit:  - bUseHttpProxy = false  - Libcurl will NOT use HTTP proxy
LogInit:  - bDontReuseConnections = false  - Libcurl will reuse connections
LogInit:  - MaxHostConnections = 16  - Libcurl will limit the number of connections to a host
LogInit:  - LocalHostAddr = Default
LogInit:  - BufferSize = 65536
LogSteamShared: Display: Loading Steam SDK 1.47
LogSteamShared: Steam SDK Loaded!
LogOnline: OSS: Creating online subsystem instance for: Steam
LogOnline: Warning: STEAM: Steam API disabled!
LogOnline: Display: STEAM: OnlineSubsystemSteam::Shutdown()
LogOnline: OSS: Unable to create OnlineSubsystem module Steam
LogOnline: OSS: Creating online subsystem instance for: NULL
LogInit: WinSock: version 1.1 (2.2), MaxSocks=32767, MaxUdp=65467
LogOnline: OSS: TryLoadSubsystemAndSetDefault: Loaded subsystem for module [NULL]
LogInit: Build: ++UE4+Release-4.25-CL-13942748
LogInit: Engine Version: 4.25.3-13942748+++UE4+Release-4.25
LogInit: Compatible Engine Version: 4.25.0-13144385+++UE4+Release-4.25
LogInit: Net CL: 13144385
LogInit: OS: Windows 10 (Release 1909) (), CPU: Intel(R) Core(TM) i7-6700HQ CPU @ 2.60GHz, GPU: Intel(R) HD Graphics 530
LogInit: Compiled (64-bit): Jul 25 2020 02:07:48
LogInit: Compiled with Visual C++: 19.24.28315.00
LogInit: Build Configuration: Development
LogInit: Branch Name: ++UE4+Release-4.25
LogInit: Command Line:  /Game/Maps/MainMenu -game -PIEVIACONSOLE -Multiprocess GameUserSettingsINI=D:/Abiogolf/IT_KMITL/BattleChess/BattleChess_Game/Saved/Config/Windows/PIEGameUserSettings0.ini -MultiprocessSaveConfig -MultiprocessOSS -messaging -SessionName="Play in Standalone Game" -windowed -ResX=1280 -ResY=720
LogInit: Base Directory: D:/Program Files (x86)/Epic Games/UE_4.25/Engine/Binaries/Win64/
LogInit: Allocator: TBB
LogInit: Installed Engine Build: 1
LogDevObjectVersion: Number of dev versions registered: 26
LogDevObjectVersion:   Dev-Blueprints (B0D832E4-1F89-4F0D-ACCF-7EB736FD4AA2): 10
LogDevObjectVersion:   Dev-Build (E1C64328-A22C-4D53-A36C-8E866417BD8C): 0
LogDevObjectVersion:   Dev-Core (375EC13C-06E4-48FB-B500-84F0262A717E): 4
LogDevObjectVersion:   Dev-Editor (E4B068ED-F494-42E9-A231-DA0B2E46BB41): 38
LogDevObjectVersion:   Dev-Framework (CFFC743F-43B0-4480-9391-14DF171D2073): 37
LogDevObjectVersion:   Dev-Mobile (B02B49B5-BB20-44E9-A304-32B752E40360): 2
LogDevObjectVersion:   Dev-Networking (A4E4105C-59A1-49B5-A7C5-40C4547EDFEE): 0
LogDevObjectVersion:   Dev-Online (39C831C9-5AE6-47DC-9A44-9C173E1C8E7C): 0
LogDevObjectVersion:   Dev-Physics (78F01B33-EBEA-4F98-B9B4-84EACCB95AA2): 4
LogDevObjectVersion:   Dev-Platform (6631380F-2D4D-43E0-8009-CF276956A95A): 0
LogDevObjectVersion:   Dev-Rendering (12F88B9F-8875-4AFC-A67C-D90C383ABD29): 43
LogDevObjectVersion:   Dev-Sequencer (7B5AE74C-D270-4C10-A958-57980B212A5A): 12
LogDevObjectVersion:   Dev-VR (D7296918-1DD6-4BDD-9DE2-64A83CC13884): 3
LogDevObjectVersion:   Dev-LoadTimes (C2A15278-BFE7-4AFE-6C17-90FF531DF755): 1
LogDevObjectVersion:   Private-Geometry (6EACA3D4-40EC-4CC1-B786-8BED09428FC5): 3
LogDevObjectVersion:   Dev-AnimPhys (29E575DD-E0A3-4627-9D10-D276232CDCEA): 17
LogDevObjectVersion:   Dev-Anim (AF43A65D-7FD3-4947-9873-3E8ED9C1BB05): 7
LogDevObjectVersion:   Dev-ReflectionCapture (6B266CEC-1EC7-4B8F-A30B-E4D90942FC07): 1
LogDevObjectVersion:   Dev-Automation (0DF73D61-A23F-47EA-B727-89E90C41499A): 1
LogDevObjectVersion:   FortniteMain (601D1886-AC64-4F84-AA16-D3DE0DEAC7D6): 31
LogDevObjectVersion:   Dev-Enterprise (9DFFBCD6-494F-0158-E221-12823C92A888): 10
LogDevObjectVersion:   Dev-Niagara (F2AED0AC-9AFE-416F-8664-AA7FFA26D6FC): 1
LogDevObjectVersion:   Dev-Destruction (174F1F0B-B4C6-45A5-B13F-2EE8D0FB917D): 10
LogDevObjectVersion:   Dev-Physics-Ext (35F94A83-E258-406C-A318-09F59610247C): 37
LogDevObjectVersion:   Dev-PhysicsMaterial-Chaos (B68FC16E-8B1B-42E2-B453-215C058844FE): 1
LogDevObjectVersion:   Dev-CineCamera (B2E18506-4273-CFC2-A54E-F4BB758BBA07): 1
LogInit: Presizing for max 25165824 objects, including 0 objects not considered by GC, pre-allocating 0 bytes for permanent pool.
LogConfig: Applying CVar settings from Section [/Script/Engine.StreamingSettings] File [D:/Abiogolf/IT_KMITL/BattleChess/BattleChess_Game/Saved/Config/Windows/Engine.ini]
LogConfig: Setting CVar [[s.MinBulkDataSizeForAsyncLoading:131072]]
LogConfig: Setting CVar [[s.AsyncLoadingThreadEnabled:0]]
LogConfig: Setting CVar [[s.EventDrivenLoaderEnabled:1]]
LogConfig: Setting CVar [[s.WarnIfTimeLimitExceeded:0]]
LogConfig: Setting CVar [[s.TimeLimitExceededMultiplier:1.5]]
LogConfig: Setting CVar [[s.TimeLimitExceededMinTime:0.005]]
LogConfig: Setting CVar [[s.UseBackgroundLevelStreaming:1]]
LogConfig: Setting CVar [[s.PriorityAsyncLoadingExtraTime:15.0]]
LogConfig: Setting CVar [[s.LevelStreamingActorsUpdateTimeLimit:5.0]]
LogConfig: Setting CVar [[s.PriorityLevelStreamingActorsUpdateExtraTime:5.0]]
LogConfig: Setting CVar [[s.LevelStreamingComponentsRegistrationGranularity:10]]
LogConfig: Setting CVar [[s.UnregisterComponentsTimeLimit:1.0]]
LogConfig: Setting CVar [[s.LevelStreamingComponentsUnregistrationGranularity:5]]
LogConfig: Setting CVar [[s.FlushStreamingOnExit:1]]
LogInit: Object subsystem initialized
LogConfig: Setting CVar [[con.DebugEarlyDefault:1]]
LogConfig: Setting CVar [[r.setres:1280x720]]
[2020.11.17-07.13.41:837][  0]LogConfig: Setting CVar [[con.DebugEarlyDefault:1]]
[2020.11.17-07.13.41:837][  0]LogConfig: Setting CVar [[r.setres:1280x720]]
[2020.11.17-07.13.41:837][  0]LogConfig: Applying CVar settings from Section [/Script/Engine.RendererSettings] File [D:/Abiogolf/IT_KMITL/BattleChess/BattleChess_Game/Saved/Config/Windows/Engine.ini]
[2020.11.17-07.13.41:837][  0]LogConfig: Setting CVar [[r.GPUCrashDebugging:0]]
[2020.11.17-07.13.41:837][  0]LogConfig: Applying CVar settings from Section [/Script/Engine.RendererOverrideSettings] File [D:/Abiogolf/IT_KMITL/BattleChess/BattleChess_Game/Saved/Config/Windows/Engine.ini]
[2020.11.17-07.13.41:837][  0]LogConfig: Applying CVar settings from Section [/Script/Engine.StreamingSettings] File [D:/Abiogolf/IT_KMITL/BattleChess/BattleChess_Game/Saved/Config/Windows/Engine.ini]
[2020.11.17-07.13.41:837][  0]LogConfig: Setting CVar [[s.MinBulkDataSizeForAsyncLoading:131072]]
[2020.11.17-07.13.41:837][  0]LogConfig: Setting CVar [[s.AsyncLoadingThreadEnabled:0]]
[2020.11.17-07.13.41:837][  0]LogConfig: Setting CVar [[s.EventDrivenLoaderEnabled:1]]
[2020.11.17-07.13.41:837][  0]LogConfig: Setting CVar [[s.WarnIfTimeLimitExceeded:0]]
[2020.11.17-07.13.41:837][  0]LogConfig: Setting CVar [[s.TimeLimitExceededMultiplier:1.5]]
[2020.11.17-07.13.41:837][  0]LogConfig: Setting CVar [[s.TimeLimitExceededMinTime:0.005]]
[2020.11.17-07.13.41:837][  0]LogConfig: Setting CVar [[s.UseBackgroundLevelStreaming:1]]
[2020.11.17-07.13.41:837][  0]LogConfig: Setting CVar [[s.PriorityAsyncLoadingExtraTime:15.0]]
[2020.11.17-07.13.41:837][  0]LogConfig: Setting CVar [[s.LevelStreamingActorsUpdateTimeLimit:5.0]]
[2020.11.17-07.13.41:837][  0]LogConfig: Setting CVar [[s.PriorityLevelStreamingActorsUpdateExtraTime:5.0]]
[2020.11.17-07.13.41:837][  0]LogConfig: Setting CVar [[s.LevelStreamingComponentsRegistrationGranularity:10]]
[2020.11.17-07.13.41:837][  0]LogConfig: Setting CVar [[s.UnregisterComponentsTimeLimit:1.0]]
[2020.11.17-07.13.41:837][  0]LogConfig: Setting CVar [[s.LevelStreamingComponentsUnregistrationGranularity:5]]
[2020.11.17-07.13.41:837][  0]LogConfig: Setting CVar [[s.FlushStreamingOnExit:1]]
[2020.11.17-07.13.41:837][  0]LogConfig: Applying CVar settings from Section [/Script/Engine.GarbageCollectionSettings] File [D:/Abiogolf/IT_KMITL/BattleChess/BattleChess_Game/Saved/Config/Windows/Engine.ini]
[2020.11.17-07.13.41:837][  0]LogConfig: Setting CVar [[gc.MaxObjectsNotConsideredByGC:1]]
[2020.11.17-07.13.41:838][  0]LogConfig: Setting CVar [[gc.SizeOfPermanentObjectPool:0]]
[2020.11.17-07.13.41:838][  0]LogConfig: Setting CVar [[gc.FlushStreamingOnGC:0]]
[2020.11.17-07.13.41:838][  0]LogConfig: Setting CVar [[gc.NumRetriesBeforeForcingGC:10]]
[2020.11.17-07.13.41:838][  0]LogConfig: Setting CVar [[gc.AllowParallelGC:1]]
[2020.11.17-07.13.41:838][  0]LogConfig: Setting CVar [[gc.TimeBetweenPurgingPendingKillObjects:61.1]]
[2020.11.17-07.13.41:838][  0]LogConfig: Setting CVar [[gc.MaxObjectsInEditor:25165824]]
[2020.11.17-07.13.41:838][  0]LogConfig: Setting CVar [[gc.IncrementalBeginDestroyEnabled:1]]
[2020.11.17-07.13.41:838][  0]LogConfig: Setting CVar [[gc.CreateGCClusters:1]]
[2020.11.17-07.13.41:838][  0]LogConfig: Setting CVar [[gc.MinGCClusterSize:5]]
[2020.11.17-07.13.41:838][  0]LogConfig: Setting CVar [[gc.ActorClusteringEnabled:0]]
[2020.11.17-07.13.41:838][  0]LogConfig: Setting CVar [[gc.BlueprintClusteringEnabled:0]]
[2020.11.17-07.13.41:838][  0]LogConfig: Setting CVar [[gc.UseDisregardForGCOnDedicatedServers:0]]
[2020.11.17-07.13.41:838][  0]LogConfig: Applying CVar settings from Section [/Script/Engine.NetworkSettings] File [D:/Abiogolf/IT_KMITL/BattleChess/BattleChess_Game/Saved/Config/Windows/Engine.ini]
[2020.11.17-07.13.41:838][  0]LogConfig: Applying CVar settings from Section [/Script/UnrealEd.CookerSettings] File [D:/Abiogolf/IT_KMITL/BattleChess/BattleChess_Game/Saved/Config/Windows/Engine.ini]
[2020.11.17-07.13.41:844][  0]LogConfig: Applying CVar settings from Section [ViewDistanceQuality@3] File [D:/Abiogolf/IT_KMITL/BattleChess/BattleChess_Game/Saved/Config/Windows/Scalability.ini]
[2020.11.17-07.13.41:844][  0]LogConfig: Setting CVar [[r.SkeletalMeshLODBias:0]]
[2020.11.17-07.13.41:844][  0]LogConfig: Setting CVar [[r.ViewDistanceScale:1.0]]
[2020.11.17-07.13.41:844][  0]LogConfig: Applying CVar settings from Section [AntiAliasingQuality@3] File [D:/Abiogolf/IT_KMITL/BattleChess/BattleChess_Game/Saved/Config/Windows/Scalability.ini]
[2020.11.17-07.13.41:844][  0]LogConfig: Setting CVar [[r.PostProcessAAQuality:4]]
[2020.11.17-07.13.41:844][  0]LogConfig: Applying CVar settings from Section [ShadowQuality@3] File [D:/Abiogolf/IT_KMITL/BattleChess/BattleChess_Game/Saved/Config/Windows/Scalability.ini]
[2020.11.17-07.13.41:844][  0]LogConfig: Setting CVar [[r.LightFunctionQuality:1]]
[2020.11.17-07.13.41:844][  0]LogConfig: Setting CVar [[r.ShadowQuality:5]]
[2020.11.17-07.13.41:844][  0]LogConfig: Setting CVar [[r.Shadow.CSM.MaxCascades:10]]
[2020.11.17-07.13.41:844][  0]LogConfig: Setting CVar [[r.Shadow.MaxResolution:2048]]
[2020.11.17-07.13.41:844][  0]LogConfig: Setting CVar [[r.Shadow.MaxCSMResolution:2048]]
[2020.11.17-07.13.41:844][  0]LogConfig: Setting CVar [[r.Shadow.RadiusThreshold:0.01]]
[2020.11.17-07.13.41:844][  0]LogConfig: Setting CVar [[r.Shadow.DistanceScale:1.0]]
[2020.11.17-07.13.41:844][  0]LogConfig: Setting CVar [[r.Shadow.CSM.TransitionScale:1.0]]
[2020.11.17-07.13.41:844][  0]LogConfig: Setting CVar [[r.Shadow.PreShadowResolutionFactor:1.0]]
[2020.11.17-07.13.41:844][  0]LogConfig: Setting CVar [[r.DistanceFieldShadowing:1]]
[2020.11.17-07.13.41:844][  0]LogConfig: Setting CVar [[r.DistanceFieldAO:1]]
[2020.11.17-07.13.41:844][  0]LogConfig: Setting CVar [[r.AOQuality:2]]
[2020.11.17-07.13.41:844][  0]LogConfig: Setting CVar [[r.VolumetricFog:1]]
[2020.11.17-07.13.41:844][  0]LogConfig: Setting CVar [[r.VolumetricFog.GridPixelSize:8]]
[2020.11.17-07.13.41:844][  0]LogConfig: Setting CVar [[r.VolumetricFog.GridSizeZ:128]]
[2020.11.17-07.13.41:844][  0]LogConfig: Setting CVar [[r.VolumetricFog.HistoryMissSupersampleCount:4]]
[2020.11.17-07.13.41:844][  0]LogConfig: Setting CVar [[r.LightMaxDrawDistanceScale:1]]
[2020.11.17-07.13.41:844][  0]LogConfig: Setting CVar [[r.CapsuleShadows:1]]
[2020.11.17-07.13.41:844][  0]LogConfig: Applying CVar settings from Section [PostProcessQuality@3] File [D:/Abiogolf/IT_KMITL/BattleChess/BattleChess_Game/Saved/Config/Windows/Scalability.ini]
[2020.11.17-07.13.41:844][  0]LogConfig: Setting CVar [[r.MotionBlurQuality:4]]
[2020.11.17-07.13.41:844][  0]LogConfig: Setting CVar [[r.AmbientOcclusionMipLevelFactor:0.4]]
[2020.11.17-07.13.41:844][  0]LogConfig: Setting CVar [[r.AmbientOcclusionMaxQuality:100]]
[2020.11.17-07.13.41:844][  0]LogConfig: Setting CVar [[r.AmbientOcclusionLevels:-1]]
[2020.11.17-07.13.41:844][  0]LogConfig: Setting CVar [[r.AmbientOcclusionRadiusScale:1.0]]
[2020.11.17-07.13.41:844][  0]LogConfig: Setting CVar [[r.DepthOfFieldQuality:2]]
[2020.11.17-07.13.41:844][  0]LogConfig: Setting CVar [[r.RenderTargetPoolMin:400]]
[2020.11.17-07.13.41:844][  0]LogConfig: Setting CVar [[r.LensFlareQuality:2]]
[2020.11.17-07.13.41:844][  0]LogConfig: Setting CVar [[r.SceneColorFringeQuality:1]]
[2020.11.17-07.13.41:845][  0]LogConfig: Setting CVar [[r.EyeAdaptationQuality:2]]
[2020.11.17-07.13.41:845][  0]LogConfig: Setting CVar [[r.BloomQuality:5]]
[2020.11.17-07.13.41:845][  0]LogConfig: Setting CVar [[r.FastBlurThreshold:100]]
[2020.11.17-07.13.41:845][  0]LogConfig: Setting CVar [[r.Upscale.Quality:3]]
[2020.11.17-07.13.41:845][  0]LogConfig: Setting CVar [[r.Tonemapper.GrainQuantization:1]]
[2020.11.17-07.13.41:845][  0]LogConfig: Setting CVar [[r.LightShaftQuality:1]]
[2020.11.17-07.13.41:845][  0]LogConfig: Setting CVar [[r.Filter.SizeScale:1]]
[2020.11.17-07.13.41:845][  0]LogConfig: Setting CVar [[r.Tonemapper.Quality:5]]
[2020.11.17-07.13.41:845][  0]LogConfig: Setting CVar [[r.DOF.Gather.AccumulatorQuality:1        ; higher gathering accumulator quality]]
[2020.11.17-07.13.41:845][  0]LogConfig: Setting CVar [[r.DOF.Gather.PostfilterMethod:1          ; Median3x3 postfilering method]]
[2020.11.17-07.13.41:845][  0]LogConfig: Setting CVar [[r.DOF.Gather.EnableBokehSettings:0       ; no bokeh simulation when gathering]]
[2020.11.17-07.13.41:845][  0]LogConfig: Setting CVar [[r.DOF.Gather.RingCount:4                 ; medium number of samples when gathering]]
[2020.11.17-07.13.41:845][  0]LogConfig: Setting CVar [[r.DOF.Scatter.ForegroundCompositing:1    ; additive foreground scattering]]
[2020.11.17-07.13.41:845][  0]LogConfig: Setting CVar [[r.DOF.Scatter.BackgroundCompositing:2    ; additive background scattering]]
[2020.11.17-07.13.41:845][  0]LogConfig: Setting CVar [[r.DOF.Scatter.EnableBokehSettings:1      ; bokeh simulation when scattering]]
[2020.11.17-07.13.41:845][  0]LogConfig: Setting CVar [[r.DOF.Scatter.MaxSpriteRatio:0.1         ; only a maximum of 10% of scattered bokeh]]
[2020.11.17-07.13.41:845][  0]LogConfig: Setting CVar [[r.DOF.Recombine.Quality:1                ; cheap slight out of focus]]
[2020.11.17-07.13.41:845][  0]LogConfig: Setting CVar [[r.DOF.Recombine.EnableBokehSettings:0    ; no bokeh simulation on slight out of focus]]
[2020.11.17-07.13.41:845][  0]LogConfig: Setting CVar [[r.DOF.TemporalAAQuality:1                ; more stable temporal accumulation]]
[2020.11.17-07.13.41:845][  0]LogConfig: Setting CVar [[r.DOF.Kernel.MaxForegroundRadius:0.025]]
[2020.11.17-07.13.41:845][  0]LogConfig: Setting CVar [[r.DOF.Kernel.MaxBackgroundRadius:0.025]]
[2020.11.17-07.13.41:845][  0]LogConfig: Applying CVar settings from Section [TextureQuality@3] File [D:/Abiogolf/IT_KMITL/BattleChess/BattleChess_Game/Saved/Config/Windows/Scalability.ini]
[2020.11.17-07.13.41:845][  0]LogConfig: Setting CVar [[r.Streaming.MipBias:0]]
[2020.11.17-07.13.41:845][  0]LogConfig: Setting CVar [[r.Streaming.AmortizeCPUToGPUCopy:0]]
[2020.11.17-07.13.41:845][  0]LogConfig: Setting CVar [[r.Streaming.MaxNumTexturesToStreamPerFrame:0]]
[2020.11.17-07.13.41:845][  0]LogConfig: Setting CVar [[r.Streaming.Boost:1]]
[2020.11.17-07.13.41:845][  0]LogConfig: Setting CVar [[r.MaxAnisotropy:8]]
[2020.11.17-07.13.41:845][  0]LogConfig: Setting CVar [[r.VT.MaxAnisotropy:8]]
[2020.11.17-07.13.41:845][  0]LogConfig: Setting CVar [[r.Streaming.LimitPoolSizeToVRAM:0]]
[2020.11.17-07.13.41:845][  0]LogConfig: Setting CVar [[r.Streaming.PoolSize:1000]]
[2020.11.17-07.13.41:845][  0]LogConfig: Setting CVar [[r.Streaming.MaxEffectiveScreenSize:0]]
[2020.11.17-07.13.41:845][  0]LogConfig: Applying CVar settings from Section [EffectsQuality@3] File [D:/Abiogolf/IT_KMITL/BattleChess/BattleChess_Game/Saved/Config/Windows/Scalability.ini]
[2020.11.17-07.13.41:845][  0]LogConfig: Setting CVar [[r.TranslucencyLightingVolumeDim:64]]
[2020.11.17-07.13.41:845][  0]LogConfig: Setting CVar [[r.RefractionQuality:2]]
[2020.11.17-07.13.41:845][  0]LogConfig: Setting CVar [[r.SSR.Quality:3]]
[2020.11.17-07.13.41:845][  0]LogConfig: Setting CVar [[r.SSR.HalfResSceneColor:0]]
[2020.11.17-07.13.41:846][  0]LogConfig: Setting CVar [[r.SceneColorFormat:4]]
[2020.11.17-07.13.41:846][  0]LogConfig: Setting CVar [[r.DetailMode:2]]
[2020.11.17-07.13.41:846][  0]LogConfig: Setting CVar [[r.TranslucencyVolumeBlur:1]]
[2020.11.17-07.13.41:846][  0]LogConfig: Setting CVar [[r.MaterialQualityLevel:1 ; High quality]]
[2020.11.17-07.13.41:846][  0]LogConfig: Setting CVar [[r.SSS.Scale:1]]
[2020.11.17-07.13.41:846][  0]LogConfig: Setting CVar [[r.SSS.SampleSet:2]]
[2020.11.17-07.13.41:846][  0]LogConfig: Setting CVar [[r.SSS.Quality:1]]
[2020.11.17-07.13.41:846][  0]LogConfig: Setting CVar [[r.SSS.HalfRes:0]]
[2020.11.17-07.13.41:846][  0]LogConfig: Setting CVar [[r.SSGI.Quality:3]]
[2020.11.17-07.13.41:846][  0]LogConfig: Setting CVar [[r.EmitterSpawnRateScale:1.0]]
[2020.11.17-07.13.41:846][  0]LogConfig: Setting CVar [[r.ParticleLightQuality:2]]
[2020.11.17-07.13.41:846][  0]LogConfig: Setting CVar [[r.SkyAtmosphere.AerialPerspectiveLUT.FastApplyOnOpaque:1 ; Always have FastSkyLUT 1 in this case to avoid wrong sky]]
[2020.11.17-07.13.41:846][  0]LogConfig: Setting CVar [[r.SkyAtmosphere.AerialPerspectiveLUT.SampleCountPerSlice:1]]
[2020.11.17-07.13.41:846][  0]LogConfig: Setting CVar [[r.SkyAtmosphere.AerialPerspectiveLUT.DepthResolution:16.0]]
[2020.11.17-07.13.41:846][  0]LogConfig: Setting CVar [[r.SkyAtmosphere.FastSkyLUT:1]]
[2020.11.17-07.13.41:846][  0]LogConfig: Setting CVar [[r.SkyAtmosphere.FastSkyLUT.SampleCountMin:4.0]]
[2020.11.17-07.13.41:846][  0]LogConfig: Setting CVar [[r.SkyAtmosphere.FastSkyLUT.SampleCountMax:32.0]]
[2020.11.17-07.13.41:846][  0]LogConfig: Setting CVar [[r.SkyAtmosphere.SampleCountMin:4.0]]
[2020.11.17-07.13.41:846][  0]LogConfig: Setting CVar [[r.SkyAtmosphere.SampleCountMax:32.0]]
[2020.11.17-07.13.41:846][  0]LogConfig: Setting CVar [[r.SkyAtmosphere.TransmittanceLUT.UseSmallFormat:0]]
[2020.11.17-07.13.41:846][  0]LogConfig: Setting CVar [[r.SkyAtmosphere.TransmittanceLUT.SampleCount:10.0]]
[2020.11.17-07.13.41:846][  0]LogConfig: Setting CVar [[r.SkyAtmosphere.MultiScatteringLUT.SampleCount:15.0]]
[2020.11.17-07.13.41:846][  0]LogConfig: Applying CVar settings from Section [FoliageQuality@3] File [D:/Abiogolf/IT_KMITL/BattleChess/BattleChess_Game/Saved/Config/Windows/Scalability.ini]
[2020.11.17-07.13.41:846][  0]LogConfig: Setting CVar [[foliage.DensityScale:1.0]]
[2020.11.17-07.13.41:846][  0]LogConfig: Setting CVar [[grass.DensityScale:1.0]]
[2020.11.17-07.13.41:846][  0]LogConfig: Applying CVar settings from Section [ShadingQuality@3] File [D:/Abiogolf/IT_KMITL/BattleChess/BattleChess_Game/Saved/Config/Windows/Scalability.ini]
[2020.11.17-07.13.41:846][  0]LogConfig: Setting CVar [[r.HairStrands.SkyLighting.SampleCount:16]]
[2020.11.17-07.13.41:846][  0]LogConfig: Setting CVar [[r.HairStrands.SkyLighting.JitterIntegration:0]]
[2020.11.17-07.13.41:846][  0]LogConfig: Setting CVar [[r.HairStrands.SkyAO.SampleCount:16]]
[2020.11.17-07.13.41:846][  0]LogConfig: Setting CVar [[r.HairStrands.DeepShadow.SuperSampling:0]]
[2020.11.17-07.13.41:846][  0]LogConfig: Setting CVar [[r.HairStrands.VisibilityPPLL:0]]
[2020.11.17-07.13.41:846][  0]LogConfig: Setting CVar [[r.HairStrands.RasterizationScale:0.5]]
[2020.11.17-07.13.41:846][  0]LogConfig: Setting CVar [[r.HairStrands.VelocityRasterizationScale:1]]
[2020.11.17-07.13.41:847][  0]LogInit: Selected Device Profile: [Windows]
[2020.11.17-07.13.41:847][  0]LogInit: Applying CVar settings loaded from the selected device profile: [Windows]
[2020.11.17-07.13.41:847][  0]LogHAL: Display: Platform has ~ 8 GB [8460451840 / 8589934592 / 8], which maps to Default [LargestMinGB=32, LargerMinGB=12, DefaultMinGB=8, SmallerMinGB=6, SmallestMinGB=0)
[2020.11.17-07.13.41:847][  0]LogInit: Going up to parent DeviceProfile []
[2020.11.17-07.13.41:847][  0]LogConfig: Applying CVar settings from Section [ViewDistanceQuality@3] File [D:/Abiogolf/IT_KMITL/BattleChess/BattleChess_Game/Saved/Config/Windows/Scalability.ini]
[2020.11.17-07.13.41:847][  0]LogConfig: Setting CVar [[r.SkeletalMeshLODBias:0]]
[2020.11.17-07.13.41:847][  0]LogConfig: Setting CVar [[r.ViewDistanceScale:1.0]]
[2020.11.17-07.13.41:847][  0]LogConfig: Applying CVar settings from Section [AntiAliasingQuality@3] File [D:/Abiogolf/IT_KMITL/BattleChess/BattleChess_Game/Saved/Config/Windows/Scalability.ini]
[2020.11.17-07.13.41:847][  0]LogConfig: Setting CVar [[r.PostProcessAAQuality:4]]
[2020.11.17-07.13.41:847][  0]LogConfig: Applying CVar settings from Section [ShadowQuality@3] File [D:/Abiogolf/IT_KMITL/BattleChess/BattleChess_Game/Saved/Config/Windows/Scalability.ini]
[2020.11.17-07.13.41:847][  0]LogConfig: Setting CVar [[r.LightFunctionQuality:1]]
[2020.11.17-07.13.41:847][  0]LogConfig: Setting CVar [[r.ShadowQuality:5]]
[2020.11.17-07.13.41:847][  0]LogConfig: Setting CVar [[r.Shadow.CSM.MaxCascades:10]]
[2020.11.17-07.13.41:847][  0]LogConfig: Setting CVar [[r.Shadow.MaxResolution:2048]]
[2020.11.17-07.13.41:847][  0]LogConfig: Setting CVar [[r.Shadow.MaxCSMResolution:2048]]
[2020.11.17-07.13.41:847][  0]LogConfig: Setting CVar [[r.Shadow.RadiusThreshold:0.01]]
[2020.11.17-07.13.41:847][  0]LogConfig: Setting CVar [[r.Shadow.DistanceScale:1.0]]
[2020.11.17-07.13.41:847][  0]LogConfig: Setting CVar [[r.Shadow.CSM.TransitionScale:1.0]]
[2020.11.17-07.13.41:847][  0]LogConfig: Setting CVar [[r.Shadow.PreShadowResolutionFactor:1.0]]
[2020.11.17-07.13.41:847][  0]LogConfig: Setting CVar [[r.DistanceFieldShadowing:1]]
[2020.11.17-07.13.41:847][  0]LogConfig: Setting CVar [[r.DistanceFieldAO:1]]
[2020.11.17-07.13.41:848][  0]LogConfig: Setting CVar [[r.AOQuality:2]]
[2020.11.17-07.13.41:848][  0]LogConfig: Setting CVar [[r.VolumetricFog:1]]
[2020.11.17-07.13.41:848][  0]LogConfig: Setting CVar [[r.VolumetricFog.GridPixelSize:8]]
[2020.11.17-07.13.41:848][  0]LogConfig: Setting CVar [[r.VolumetricFog.GridSizeZ:128]]
[2020.11.17-07.13.41:848][  0]LogConfig: Setting CVar [[r.VolumetricFog.HistoryMissSupersampleCount:4]]
[2020.11.17-07.13.41:848][  0]LogConfig: Setting CVar [[r.LightMaxDrawDistanceScale:1]]
[2020.11.17-07.13.41:848][  0]LogConfig: Setting CVar [[r.CapsuleShadows:1]]
[2020.11.17-07.13.41:848][  0]LogConfig: Applying CVar settings from Section [PostProcessQuality@3] File [D:/Abiogolf/IT_KMITL/BattleChess/BattleChess_Game/Saved/Config/Windows/Scalability.ini]
[2020.11.17-07.13.41:848][  0]LogConfig: Setting CVar [[r.MotionBlurQuality:4]]
[2020.11.17-07.13.41:848][  0]LogConfig: Setting CVar [[r.AmbientOcclusionMipLevelFactor:0.4]]
[2020.11.17-07.13.41:848][  0]LogConfig: Setting CVar [[r.AmbientOcclusionMaxQuality:100]]
[2020.11.17-07.13.41:848][  0]LogConfig: Setting CVar [[r.AmbientOcclusionLevels:-1]]
[2020.11.17-07.13.41:848][  0]LogConfig: Setting CVar [[r.AmbientOcclusionRadiusScale:1.0]]
[2020.11.17-07.13.41:848][  0]LogConfig: Setting CVar [[r.DepthOfFieldQuality:2]]
[2020.11.17-07.13.41:848][  0]LogConfig: Setting CVar [[r.RenderTargetPoolMin:400]]
[2020.11.17-07.13.41:848][  0]LogConfig: Setting CVar [[r.LensFlareQuality:2]]
[2020.11.17-07.13.41:848][  0]LogConfig: Setting CVar [[r.SceneColorFringeQuality:1]]
[2020.11.17-07.13.41:848][  0]LogConfig: Setting CVar [[r.EyeAdaptationQuality:2]]
[2020.11.17-07.13.41:848][  0]LogConfig: Setting CVar [[r.BloomQuality:5]]
[2020.11.17-07.13.41:848][  0]LogConfig: Setting CVar [[r.FastBlurThreshold:100]]
[2020.11.17-07.13.41:848][  0]LogConfig: Setting CVar [[r.Upscale.Quality:3]]
[2020.11.17-07.13.41:848][  0]LogConfig: Setting CVar [[r.Tonemapper.GrainQuantization:1]]
[2020.11.17-07.13.41:848][  0]LogConfig: Setting CVar [[r.LightShaftQuality:1]]
[2020.11.17-07.13.41:848][  0]LogConfig: Setting CVar [[r.Filter.SizeScale:1]]
[2020.11.17-07.13.41:848][  0]LogConfig: Setting CVar [[r.Tonemapper.Quality:5]]
[2020.11.17-07.13.41:848][  0]LogConfig: Setting CVar [[r.DOF.Gather.AccumulatorQuality:1        ; higher gathering accumulator quality]]
[2020.11.17-07.13.41:848][  0]LogConfig: Setting CVar [[r.DOF.Gather.PostfilterMethod:1          ; Median3x3 postfilering method]]
[2020.11.17-07.13.41:848][  0]LogConfig: Setting CVar [[r.DOF.Gather.EnableBokehSettings:0       ; no bokeh simulation when gathering]]
[2020.11.17-07.13.41:848][  0]LogConfig: Setting CVar [[r.DOF.Gather.RingCount:4                 ; medium number of samples when gathering]]
[2020.11.17-07.13.41:848][  0]LogConfig: Setting CVar [[r.DOF.Scatter.ForegroundCompositing:1    ; additive foreground scattering]]
[2020.11.17-07.13.41:848][  0]LogConfig: Setting CVar [[r.DOF.Scatter.BackgroundCompositing:2    ; additive background scattering]]
[2020.11.17-07.13.41:848][  0]LogConfig: Setting CVar [[r.DOF.Scatter.EnableBokehSettings:1      ; bokeh simulation when scattering]]
[2020.11.17-07.13.41:848][  0]LogConfig: Setting CVar [[r.DOF.Scatter.MaxSpriteRatio:0.1         ; only a maximum of 10% of scattered bokeh]]
[2020.11.17-07.13.41:848][  0]LogConfig: Setting CVar [[r.DOF.Recombine.Quality:1                ; cheap slight out of focus]]
[2020.11.17-07.13.41:848][  0]LogConfig: Setting CVar [[r.DOF.Recombine.EnableBokehSettings:0    ; no bokeh simulation on slight out of focus]]
[2020.11.17-07.13.41:848][  0]LogConfig: Setting CVar [[r.DOF.TemporalAAQuality:1                ; more stable temporal accumulation]]
[2020.11.17-07.13.41:849][  0]LogConfig: Setting CVar [[r.DOF.Kernel.MaxForegroundRadius:0.025]]
[2020.11.17-07.13.41:849][  0]LogConfig: Setting CVar [[r.DOF.Kernel.MaxBackgroundRadius:0.025]]
[2020.11.17-07.13.41:849][  0]LogConfig: Applying CVar settings from Section [TextureQuality@3] File [D:/Abiogolf/IT_KMITL/BattleChess/BattleChess_Game/Saved/Config/Windows/Scalability.ini]
[2020.11.17-07.13.41:849][  0]LogConfig: Setting CVar [[r.Streaming.MipBias:0]]
[2020.11.17-07.13.41:849][  0]LogConfig: Setting CVar [[r.Streaming.AmortizeCPUToGPUCopy:0]]
[2020.11.17-07.13.41:849][  0]LogConfig: Setting CVar [[r.Streaming.MaxNumTexturesToStreamPerFrame:0]]
[2020.11.17-07.13.41:849][  0]LogConfig: Setting CVar [[r.Streaming.Boost:1]]
[2020.11.17-07.13.41:849][  0]LogConfig: Setting CVar [[r.MaxAnisotropy:8]]
[2020.11.17-07.13.41:849][  0]LogConfig: Setting CVar [[r.VT.MaxAnisotropy:8]]
[2020.11.17-07.13.41:849][  0]LogConfig: Setting CVar [[r.Streaming.LimitPoolSizeToVRAM:0]]
[2020.11.17-07.13.41:849][  0]LogConfig: Setting CVar [[r.Streaming.PoolSize:1000]]
[2020.11.17-07.13.41:849][  0]LogConfig: Setting CVar [[r.Streaming.MaxEffectiveScreenSize:0]]
[2020.11.17-07.13.41:849][  0]LogConfig: Applying CVar settings from Section [EffectsQuality@3] File [D:/Abiogolf/IT_KMITL/BattleChess/BattleChess_Game/Saved/Config/Windows/Scalability.ini]
[2020.11.17-07.13.41:849][  0]LogConfig: Setting CVar [[r.TranslucencyLightingVolumeDim:64]]
[2020.11.17-07.13.41:849][  0]LogConfig: Setting CVar [[r.RefractionQuality:2]]
[2020.11.17-07.13.41:849][  0]LogConfig: Setting CVar [[r.SSR.Quality:3]]
[2020.11.17-07.13.41:849][  0]LogConfig: Setting CVar [[r.SSR.HalfResSceneColor:0]]
[2020.11.17-07.13.41:849][  0]LogConfig: Setting CVar [[r.SceneColorFormat:4]]
[2020.11.17-07.13.41:849][  0]LogConfig: Setting CVar [[r.DetailMode:2]]
[2020.11.17-07.13.41:849][  0]LogConfig: Setting CVar [[r.TranslucencyVolumeBlur:1]]
[2020.11.17-07.13.41:849][  0]LogConfig: Setting CVar [[r.MaterialQualityLevel:1 ; High quality]]
[2020.11.17-07.13.41:849][  0]LogConfig: Setting CVar [[r.SSS.Scale:1]]
[2020.11.17-07.13.41:849][  0]LogConfig: Setting CVar [[r.SSS.SampleSet:2]]
[2020.11.17-07.13.41:849][  0]LogConfig: Setting CVar [[r.SSS.Quality:1]]
[2020.11.17-07.13.41:849][  0]LogConfig: Setting CVar [[r.SSS.HalfRes:0]]
[2020.11.17-07.13.41:849][  0]LogConfig: Setting CVar [[r.SSGI.Quality:3]]
[2020.11.17-07.13.41:849][  0]LogConfig: Setting CVar [[r.EmitterSpawnRateScale:1.0]]
[2020.11.17-07.13.41:849][  0]LogConfig: Setting CVar [[r.ParticleLightQuality:2]]
[2020.11.17-07.13.41:849][  0]LogConfig: Setting CVar [[r.SkyAtmosphere.AerialPerspectiveLUT.FastApplyOnOpaque:1 ; Always have FastSkyLUT 1 in this case to avoid wrong sky]]
[2020.11.17-07.13.41:849][  0]LogConfig: Setting CVar [[r.SkyAtmosphere.AerialPerspectiveLUT.SampleCountPerSlice:1]]
[2020.11.17-07.13.41:849][  0]LogConfig: Setting CVar [[r.SkyAtmosphere.AerialPerspectiveLUT.DepthResolution:16.0]]
[2020.11.17-07.13.41:849][  0]LogConfig: Setting CVar [[r.SkyAtmosphere.FastSkyLUT:1]]
[2020.11.17-07.13.41:849][  0]LogConfig: Setting CVar [[r.SkyAtmosphere.FastSkyLUT.SampleCountMin:4.0]]
[2020.11.17-07.13.41:849][  0]LogConfig: Setting CVar [[r.SkyAtmosphere.FastSkyLUT.SampleCountMax:32.0]]
[2020.11.17-07.13.41:849][  0]LogConfig: Setting CVar [[r.SkyAtmosphere.SampleCountMin:4.0]]
[2020.11.17-07.13.41:849][  0]LogConfig: Setting CVar [[r.SkyAtmosphere.SampleCountMax:32.0]]
[2020.11.17-07.13.41:849][  0]LogConfig: Setting CVar [[r.SkyAtmosphere.TransmittanceLUT.UseSmallFormat:0]]
[2020.11.17-07.13.41:850][  0]LogConfig: Setting CVar [[r.SkyAtmosphere.TransmittanceLUT.SampleCount:10.0]]
[2020.11.17-07.13.41:850][  0]LogConfig: Setting CVar [[r.SkyAtmosphere.MultiScatteringLUT.SampleCount:15.0]]
[2020.11.17-07.13.41:850][  0]LogConfig: Applying CVar settings from Section [FoliageQuality@3] File [D:/Abiogolf/IT_KMITL/BattleChess/BattleChess_Game/Saved/Config/Windows/Scalability.ini]
[2020.11.17-07.13.41:850][  0]LogConfig: Setting CVar [[foliage.DensityScale:1.0]]
[2020.11.17-07.13.41:850][  0]LogConfig: Setting CVar [[grass.DensityScale:1.0]]
[2020.11.17-07.13.41:850][  0]LogConfig: Applying CVar settings from Section [ShadingQuality@3] File [D:/Abiogolf/IT_KMITL/BattleChess/BattleChess_Game/Saved/Config/Windows/Scalability.ini]
[2020.11.17-07.13.41:850][  0]LogConfig: Setting CVar [[r.HairStrands.SkyLighting.SampleCount:16]]
[2020.11.17-07.13.41:850][  0]LogConfig: Setting CVar [[r.HairStrands.SkyLighting.JitterIntegration:0]]
[2020.11.17-07.13.41:850][  0]LogConfig: Setting CVar [[r.HairStrands.SkyAO.SampleCount:16]]
[2020.11.17-07.13.41:850][  0]LogConfig: Setting CVar [[r.HairStrands.DeepShadow.SuperSampling:0]]
[2020.11.17-07.13.41:850][  0]LogConfig: Setting CVar [[r.HairStrands.VisibilityPPLL:0]]
[2020.11.17-07.13.41:850][  0]LogConfig: Setting CVar [[r.HairStrands.RasterizationScale:0.5]]
[2020.11.17-07.13.41:850][  0]LogConfig: Setting CVar [[r.HairStrands.VelocityRasterizationScale:1]]
[2020.11.17-07.13.41:850][  0]LogConfig: Applying CVar settings from Section [Startup] File [../../../Engine/Config/ConsoleVariables.ini]
[2020.11.17-07.13.41:851][  0]LogConfig: Setting CVar [[net.UseAdaptiveNetUpdateFrequency:0]]
[2020.11.17-07.13.41:851][  0]LogConfig: Setting CVar [[p.chaos.AllowCreatePhysxBodies:1]]
[2020.11.17-07.13.41:851][  0]LogConfig: Setting CVar [[fx.SkipVectorVMBackendOptimizations:1]]
[2020.11.17-07.13.41:851][  0]LogConfig: Applying CVar settings from Section [ConsoleVariables] File [D:/Abiogolf/IT_KMITL/BattleChess/BattleChess_Game/Saved/Config/Windows/Engine.ini]
[2020.11.17-07.13.41:851][  0]LogInit: Computer: DESKTOP-DO80R7R
[2020.11.17-07.13.41:851][  0]LogInit: User: USER
[2020.11.17-07.13.41:851][  0]LogInit: CPU Page size=4096, Cores=4
[2020.11.17-07.13.41:851][  0]LogInit: High frequency timer resolution =10.000000 MHz
[2020.11.17-07.13.41:852][  0]LogMemory: Memory total: Physical=7.9GB (8GB approx)
[2020.11.17-07.13.41:852][  0]LogMemory: Platform Memory Stats for Windows
[2020.11.17-07.13.41:852][  0]LogMemory: Process Physical Memory: 114.79 MB used, 114.79 MB peak
[2020.11.17-07.13.41:852][  0]LogMemory: Process Virtual Memory: 96.23 MB used, 96.23 MB peak
[2020.11.17-07.13.41:852][  0]LogMemory: Physical Memory: 5924.63 MB used,  2143.88 MB free, 8068.52 MB total
[2020.11.17-07.13.41:852][  0]LogMemory: Virtual Memory: 5144.53 MB used,  134212584.00 MB free, 134217728.00 MB total
[2020.11.17-07.13.41:867][  0]LogWindows: WindowsPlatformFeatures enabled
[2020.11.17-07.13.41:985][  0]LogInit: Physics initialised using underlying interface: PhysX
[2020.11.17-07.13.41:985][  0]LogInit: Using OS detected language (en-US).
[2020.11.17-07.13.41:985][  0]LogInit: Using OS detected locale (en-GB).
[2020.11.17-07.13.41:987][  0]LogTextLocalizationManager: No specific localization for 'en-US' exists, so the 'en' localization will be used.
[2020.11.17-07.13.42:536][  0]LogSlate: New Slate User Created.  User Index 0, Is Virtual User: 0
[2020.11.17-07.13.42:536][  0]LogSlate: Slate User Registered.  User Index 0, Is Virtual User: 0
[2020.11.17-07.13.42:639][  0]LogHMD: Failed to initialize OpenVR with code 110
[2020.11.17-07.13.42:639][  0]LogD3D11RHI: D3D11 min allowed feature level: 11_0
[2020.11.17-07.13.42:639][  0]LogD3D11RHI: D3D11 max allowed feature level: 11_0
[2020.11.17-07.13.42:639][  0]LogD3D11RHI: D3D11 adapters:
[2020.11.17-07.13.42:757][  0]LogD3D11RHI:    0. 'NVIDIA GeForce GTX 960M' (Feature Level 11_0)
[2020.11.17-07.13.42:757][  0]LogD3D11RHI:       4055/0/4034 MB DedicatedVideo/DedicatedSystem/SharedSystem, Outputs:1, VendorId:0x10de
[2020.11.17-07.13.42:779][  0]LogD3D11RHI:    1. 'Intel(R) HD Graphics 530' (Feature Level 11_0)
[2020.11.17-07.13.42:779][  0]LogD3D11RHI:       128/0/4034 MB DedicatedVideo/DedicatedSystem/SharedSystem, Outputs:0, VendorId:0x8086
[2020.11.17-07.13.42:784][  0]LogD3D11RHI:    2. 'Microsoft Basic Render Driver' (Feature Level 11_0)
[2020.11.17-07.13.42:784][  0]LogD3D11RHI:       0/0/4034 MB DedicatedVideo/DedicatedSystem/SharedSystem, Outputs:0, VendorId:0x1414
[2020.11.17-07.13.42:784][  0]LogD3D11RHI: Chosen D3D11 Adapter: 0
[2020.11.17-07.13.42:795][  0]LogD3D11RHI: Creating new Direct3DDevice
[2020.11.17-07.13.42:795][  0]LogD3D11RHI:     GPU DeviceId: 0x139b (for the marketing name, search the web for "GPU Device Id")
[2020.11.17-07.13.42:795][  0]LogWindows: EnumDisplayDevices:
[2020.11.17-07.13.42:795][  0]LogWindows:    0. 'Intel(R) HD Graphics 530' (P:1 D:1)
[2020.11.17-07.13.42:796][  0]LogWindows:    1. 'Intel(R) HD Graphics 530' (P:0 D:0)
[2020.11.17-07.13.42:796][  0]LogWindows:    2. 'Intel(R) HD Graphics 530' (P:0 D:0)
[2020.11.17-07.13.42:797][  0]LogWindows: DebugString: PrimaryIsNotTheChoosenAdapter PrimaryIsNotTheChoosenAdapter PrimaryIsNotTheChoosenAdapter FoundDriverCount:0 
[2020.11.17-07.13.42:797][  0]LogD3D11RHI:     Adapter Name: NVIDIA GeForce GTX 960M
[2020.11.17-07.13.42:797][  0]LogD3D11RHI:   Driver Version: Unknown (internal:Unknown, unified:Unknown)
[2020.11.17-07.13.42:797][  0]LogD3D11RHI:      Driver Date: Unknown
[2020.11.17-07.13.42:797][  0]LogRHI: Texture pool is 2839 MB (70% of 4055 MB)
[2020.11.17-07.13.42:876][  0]LogD3D11RHI: RHI has support for 64 bit atomics
[2020.11.17-07.13.42:876][  0]LogD3D11RHI: Async texture creation enabled
[2020.11.17-07.13.42:905][  0]LogD3D11RHI: GPU Timing Frequency: 1000.000000 (Debug: 2 1)
[2020.11.17-07.13.43:567][  0]LogTargetPlatformManager: Display: Loaded TargetPlatform 'WindowsNoEditor'
[2020.11.17-07.13.43:575][  0]LogTargetPlatformManager: Display: Loaded TargetPlatform 'Windows'
[2020.11.17-07.13.43:589][  0]LogTargetPlatformManager: Display: Loaded TargetPlatform 'WindowsClient'
[2020.11.17-07.13.43:602][  0]LogTargetPlatformManager: Display: Loaded TargetPlatform 'WindowsServer'
[2020.11.17-07.13.43:602][  0]LogTargetPlatformManager: Display: Building Assets For Windows
[2020.11.17-07.13.43:611][  0]LogAudioDebug: Display: Lib vorbis DLL was dynamically loaded.
[2020.11.17-07.13.43:683][  0]LogShaderCompilers: Guid format shader working directory is -19 characters bigger than the processId version (../../../../../../Abiogolf/IT_KMITL/BattleChess/BattleChess_Game/Intermediate/Shaders/WorkingDirectory/2524/).
[2020.11.17-07.13.43:683][  0]LogShaderCompilers: Cleaned the shader compiler working directory 'C:/Users/USER/AppData/Local/Temp/UnrealShaderWorkingDir/A0F54F4F44C0E547B6EF14B8A7FC8FC7/'.
[2020.11.17-07.13.43:684][  0]LogXGEController: Cannot use XGE Controller as Incredibuild is not installed on this machine.
[2020.11.17-07.13.43:684][  0]LogShaderCompilers: Cannot use XGE Shader Compiler as Incredibuild is not installed on this machine.
[2020.11.17-07.13.43:684][  0]LogShaderCompilers: Display: Using Local Shader Compiler.
[2020.11.17-07.13.44:945][  0]LogDerivedDataCache: Display: Max Cache Size: 512 MB
[2020.11.17-07.13.45:032][  0]LogDerivedDataCache: Loaded boot cache 0.09s 76MB C:/Users/USER/AppData/Local/UnrealEngine/4.25/DerivedDataCache/Boot.ddc.
[2020.11.17-07.13.45:032][  0]LogDerivedDataCache: Display: Loaded Boot cache: C:/Users/USER/AppData/Local/UnrealEngine/4.25/DerivedDataCache/Boot.ddc
[2020.11.17-07.13.45:032][  0]LogDerivedDataCache: FDerivedDataBackendGraph:  Pak pak cache file ../../../../../../Abiogolf/IT_KMITL/BattleChess/BattleChess_Game/DerivedDataCache/DDC.ddp not found, will not use a pak cache.
[2020.11.17-07.13.45:032][  0]LogDerivedDataCache: Unable to find inner node Pak for hierarchical cache Hierarchy.
[2020.11.17-07.13.45:032][  0]LogDerivedDataCache: FDerivedDataBackendGraph:  CompressedPak pak cache file ../../../../../../Abiogolf/IT_KMITL/BattleChess/BattleChess_Game/DerivedDataCache/Compressed.ddp not found, will not use a pak cache.
[2020.11.17-07.13.45:032][  0]LogDerivedDataCache: Unable to find inner node CompressedPak for hierarchical cache Hierarchy.
[2020.11.17-07.13.45:048][  0]LogDerivedDataCache: Display: Pak cache opened for reading ../../../Engine/DerivedDataCache/Compressed.ddp.
[2020.11.17-07.13.45:048][  0]LogDerivedDataCache: FDerivedDataBackendGraph:  EnterprisePak pak cache file ../../../Enterprise/DerivedDataCache/Compressed.ddp not found, will not use a pak cache.
[2020.11.17-07.13.45:048][  0]LogDerivedDataCache: Unable to find inner node EnterprisePak for hierarchical cache Hierarchy.
[2020.11.17-07.13.45:050][  0]LogDerivedDataCache: Using Local data cache path C:/Users/USER/AppData/Local/UnrealEngine/Common/DerivedDataCache: Writable
[2020.11.17-07.13.45:050][  0]LogDerivedDataCache: Shared data cache path not found in *engine.ini, will not use an Shared cache.
[2020.11.17-07.13.45:050][  0]LogDerivedDataCache: Unable to find inner node Shared for hierarchical cache Hierarchy.
[2020.11.17-07.13.45:146][  0]LogSlate: Using FreeType 2.10.0
[2020.11.17-07.13.45:146][  0]LogSlate: SlateFontServices - WITH_FREETYPE: 1, WITH_HARFBUZZ: 1
[2020.11.17-07.13.45:307][  0]LogInit: Using OS detected language (en-US).
[2020.11.17-07.13.45:307][  0]LogInit: Using OS detected locale (en-GB).
[2020.11.17-07.13.45:307][  0]LogTextLocalizationManager: No localization for 'en-US' exists, so 'en' will be used for the language.
[2020.11.17-07.13.45:307][  0]LogTextLocalizationManager: No localization for 'en-GB' exists, so 'en' will be used for the locale.
[2020.11.17-07.13.45:307][  0]LogSlate: FontCache flush requested. Reason: Culture for localization was changed
[2020.11.17-07.13.45:307][  0]LogSlate: FontCache flush requested. Reason: Culture for localization was changed
[2020.11.17-07.13.45:309][  0]LogTextLocalizationManager: Compacting localization data took   0.00ms
[2020.11.17-07.13.45:316][  0]LogAssetRegistry: FAssetRegistry took 0.0047 seconds to start up
[2020.11.17-07.13.45:656][  0]LogPackageLocalizationCache: Processed 19 localized package path(s) for 1 prioritized culture(s) in 0.000887 seconds
[2020.11.17-07.13.45:724][  0]LogInit: Selected Device Profile: [Windows]
[2020.11.17-07.13.45:890][  0]LogMeshReduction: Using QuadricMeshReduction for automatic static mesh reduction
[2020.11.17-07.13.45:890][  0]LogMeshReduction: Using SimplygonMeshReduction for automatic skeletal mesh reduction
[2020.11.17-07.13.45:890][  0]LogMeshReduction: Using ProxyLODMeshReduction for automatic mesh merging
[2020.11.17-07.13.45:890][  0]LogMeshReduction: No distributed automatic mesh merging module available
[2020.11.17-07.13.45:890][  0]LogMeshMerging: No distributed automatic mesh merging module available
[2020.11.17-07.13.45:908][  0]LogNetVersion: BattleChess_Game 1.0.0, NetCL: 13144385, EngineNetVer: 14, GameNetVer: 0 (Checksum: 631773850)
[2020.11.17-07.13.46:273][  0]LogAISub: UAISubsystem::UAISubsystem AISubsystem (00000179C5F77880), frame # 0
[2020.11.17-07.13.46:273][  0]LogAISub: UAISubsystem::UAISubsystem AIPerceptionSystem (00000179C5F7D6C0), frame # 0
[2020.11.17-07.13.46:275][  0]LogAISub: UAISubsystem::UAISubsystem EnvQueryManager (00000179C5FF8C00), frame # 0
[2020.11.17-07.13.46:421][  0]LogCollectionManager: Loaded 0 collections in 0.002159 seconds
[2020.11.17-07.13.46:423][  0]LogFileCache: Scanning file cache for directory 'D:/Abiogolf/IT_KMITL/BattleChess/BattleChess_Game/Saved/Collections/' took 0.00s
[2020.11.17-07.13.46:423][  0]LogFileCache: Scanning file cache for directory 'D:/Abiogolf/IT_KMITL/BattleChess/BattleChess_Game/Content/Developers/USER/Collections/' took 0.00s
[2020.11.17-07.13.46:423][  0]LogFileCache: Scanning file cache for directory 'D:/Abiogolf/IT_KMITL/BattleChess/BattleChess_Game/Content/Collections/' took 0.00s
[2020.11.17-07.13.46:423][  0]LogCollectionManager: Fixed up redirectors for 0 collections in 0.000005 seconds (updated 0 objects)
[2020.11.17-07.13.46:594][  0]LogMoviePlayer: Initializing movie player
[2020.11.17-07.13.46:803][  0]LogTcpMessaging: Initializing TcpMessaging bridge
[2020.11.17-07.13.46:808][  0]LogUdpMessaging: Initializing bridge on interface 0.0.0.0:0 to multicast group 230.0.0.1:6666.
[2020.11.17-07.13.46:873][  0]SourceControl: Source control is disabled
[2020.11.17-07.13.46:873][  0]SourceControl: Source control is disabled
[2020.11.17-07.13.46:883][  0]SourceControl: Source control is disabled
[2020.11.17-07.13.47:036][  0]LogAndroidPermission: UAndroidPermissionCallbackProxy::GetInstance
[2020.11.17-07.13.47:057][  0]LogAudioCaptureCore: Display: No Audio Capture implementations found. Audio input will be silent.
[2020.11.17-07.13.47:057][  0]LogAudioCaptureCore: Display: No Audio Capture implementations found. Audio input will be silent.
[2020.11.17-07.13.47:111][  0]LogOcInput: OculusInput pre-init called
[2020.11.17-07.13.47:130][  0]LogUObjectArray: 19072 objects as part of root set at end of initial load.
[2020.11.17-07.13.47:130][  0]LogUObjectAllocator: 5026912 out of 0 bytes used by permanent object pool.
[2020.11.17-07.13.47:130][  0]LogUObjectArray: CloseDisregardForGC: 0/0 objects in disregard for GC pool
[2020.11.17-07.13.47:189][  0]LogEngine: Initializing Engine...
[2020.11.17-07.13.47:191][  0]LogHMD: Failed to initialize OpenVR with code 110
[2020.11.17-07.13.47:191][  0]LogMagicLeap: Warning: VR disabled because ZI is not enabled.  To enable, in the editor, Edit -> Project Settings -> Plugins -> Magic Leap Plugin -> Enable Zero Iteration
[2020.11.17-07.13.47:193][  0]LogStats: UGameplayTagsManager::InitializeManager -  0.000 s
[2020.11.17-07.13.47:340][  0]LogInit: Initializing FReadOnlyCVARCache
[2020.11.17-07.13.47:347][  0]LogAudioMixer: Display: Audio Mixer Platform Settings:
[2020.11.17-07.13.47:347][  0]LogAudioMixer: Display: 	Sample Rate:						  48000
[2020.11.17-07.13.47:347][  0]LogAudioMixer: Display: 	Callback Buffer Frame Size Requested: 1024
[2020.11.17-07.13.47:347][  0]LogAudioMixer: Display: 	Callback Buffer Frame Size To Use:	  1024
[2020.11.17-07.13.47:347][  0]LogAudioMixer: Display: 	Number of buffers to queue:			  2
[2020.11.17-07.13.47:347][  0]LogAudioMixer: Display: 	Max Channels (voices):				  32
[2020.11.17-07.13.47:347][  0]LogAudioMixer: Display: 	Number of Async Source Workers:		  0
[2020.11.17-07.13.47:347][  0]LogAudio: Display: AudioDevice MaxSources: 32
[2020.11.17-07.13.47:347][  0]LogAudio: Display: Using built-in audio occlusion.
[2020.11.17-07.13.47:347][  0]LogAudioMixer: Display: Initializing audio mixer.
[2020.11.17-07.13.47:371][  0]LogAudioMixer: Display: 0: FrontLeft
[2020.11.17-07.13.47:372][  0]LogAudioMixer: Display: 1: FrontRight
[2020.11.17-07.13.47:460][  0]LogAudioMixer: Display: Using Audio Device Speakers (Realtek High Definition Audio)
[2020.11.17-07.13.47:468][  0]LogAudioMixer: Display: Initializing Sound Submixes...
[2020.11.17-07.13.47:470][  0]LogAudioMixer: Display: Creating Master Submix 'MasterSubmixDefault'
[2020.11.17-07.13.47:470][  0]LogAudioMixer: Display: Creating Master Submix 'MasterReverbSubmixDefault'
[2020.11.17-07.13.47:472][  0]LogAudioMixer: Display: Creating Master Submix 'MasterEQSubmixDefault'
[2020.11.17-07.13.47:473][  0]LogInit: FAudioDevice initialized.
[2020.11.17-07.13.47:638][  0]LogAudio: Display: Waited 35.593102 ms for audio thread.
[2020.11.17-07.13.47:673][  0]LogAudio: Display: Waited 70.713295 ms for audio thread.
[2020.11.17-07.13.47:709][  0]LogAudio: Display: Waited 106.620201 ms for audio thread.
[2020.11.17-07.13.47:745][  0]LogAudio: Display: Waited 142.520798 ms for audio thread.
[2020.11.17-07.13.47:780][  0]LogAudio: Display: Waited 178.153793 ms for audio thread.
[2020.11.17-07.13.47:816][  0]LogAudio: Display: Waited 214.116302 ms for audio thread.
[2020.11.17-07.13.47:852][  0]LogAudio: Display: Waited 250.038300 ms for audio thread.
[2020.11.17-07.13.47:888][  0]LogAudio: Display: Waited 285.991608 ms for audio thread.
[2020.11.17-07.13.47:923][  0]LogAudio: Display: Waited 320.979004 ms for audio thread.
[2020.11.17-07.13.47:923][  0]LogNetVersion: Set ProjectVersion to 1.0.0.0. Version Checksum will be recalculated on next use.
[2020.11.17-07.13.47:925][  0]LogInit: Texture streaming: Enabled
[2020.11.17-07.13.48:362][  0]LogProperty: Error: FStructProperty::Serialize Loading: Property 'StructProperty /Game/UI/MainMenu/OptionMenu.OptionMenu_C:PlayerInfo'. Unknown structure.
[2020.11.17-07.13.48:362][  0]LogProperty: Error: FStructProperty::Serialize Loading: Property 'StructProperty /Game/Blueprints/AllLevels/PlayerSaveGame.PlayerSaveGame_C:S_PlayerInfo'. Unknown structure.
[2020.11.17-07.13.48:363][  0]LogClass: Warning: Property S_PlayerInfo of S_PlayerInfo has a struct type mismatch (tag STRUCT_REINST_PlayerInfo_0 != prop FallbackStruct) in package:  ../../../../../../Abiogolf/IT_KMITL/BattleChess/BattleChess_Game/Content/Blueprints/AllLevels/PlayerSaveGame.uasset. If that struct got renamed, add an entry to ActiveStructRedirects.
[2020.11.17-07.13.48:389][  0]LogClass: Warning: Property PlayerInfo of PlayerInfo has a struct type mismatch (tag STRUCT_REINST_PlayerInfo_0 != prop FallbackStruct) in package:  ../../../../../../Abiogolf/IT_KMITL/BattleChess/BattleChess_Game/Content/UI/MainMenu/OptionMenu.uasset. If that struct got renamed, add an entry to ActiveStructRedirects.
[2020.11.17-07.13.48:487][  0]LogClass: Warning: Property S_PlayerInfo of S_PlayerInfo has a struct type mismatch (tag FallbackStruct != prop PlayerInfo) in package:  FObjectReader. If that struct got renamed, add an entry to ActiveStructRedirects.
[2020.11.17-07.13.48:487][  0]LogClass: Warning: Property PlayerInfo of PlayerInfo has a struct type mismatch (tag FallbackStruct != prop PlayerInfo) in package:  FObjectReader. If that struct got renamed, add an entry to ActiveStructRedirects.
[2020.11.17-07.13.48:636][  0]LogSlate: Updating window title bar state: overlay mode, drag disabled, window buttons hidden, title bar hidden
[2020.11.17-07.13.48:652][  0]LogInit: Display: Game Engine Initialized.
[2020.11.17-07.13.48:663][  0]LogNiagaraEditor: Warning: GEditor isn't valid! Particle reset commands will not work for Niagara components!
[2020.11.17-07.13.48:701][  0]LogInit: Display: Starting Game.
[2020.11.17-07.13.48:725][  0]LogNet: Browse: /Game/Maps/MainMenu?Name=Player
[2020.11.17-07.13.48:734][  0]LogLoad: LoadMap: /Game/Maps/MainMenu?Name=Player
[2020.11.17-07.13.48:734][  0]LogWorld: BeginTearingDown for /Temp/Untitled_0
[2020.11.17-07.13.48:909][  0]LogWorld: UWorld::CleanupWorld for Untitled, bSessionEnded=true, bCleanupResources=true
[2020.11.17-07.13.48:909][  0]LogSlate: InvalidateAllWidgets triggered.  All widgets were invalidated
[2020.11.17-07.13.48:964][  0]LogUObjectHash: Compacting FUObjectHashTables data took   0.89ms
[2020.11.17-07.13.49:001][  0]LogAIModule: Creating AISystem for world MainMenu
[2020.11.17-07.13.49:001][  0]LogAISub: UAISubsystem::UAISubsystem EnvQueryManager (00000179CB17A400), frame # 0
[2020.11.17-07.13.49:001][  0]LogAISub: UAISubsystem::UAISubsystem AIPerceptionSystem (00000179CB25A840), frame # 0
[2020.11.17-07.13.49:138][  0]LogLoad: Game class is 'ThirdPersonGameMode_C'
[2020.11.17-07.13.49:170][  0]LogWorld: Bringing World /Game/Maps/MainMenu.MainMenu up for play (max tick rate 0) at 2020.11.17-14.13.49
[2020.11.17-07.13.49:189][  0]LogWorld: Bringing up level for play took: 0.037611
[2020.11.17-07.13.49:221][  0]LogGameMode: FindPlayerStart: PATHS NOT DEFINED or NO PLAYERSTART with positive rating
[2020.11.17-07.13.49:928][  0]LogLoad: Took 1.193948 seconds to LoadMap(/Game/Maps/MainMenu)
[2020.11.17-07.13.49:942][  0]LogSlate: Took 0.000169 seconds to synchronously load lazily loaded font '../../../Engine/Content/Slate/Fonts/Roboto-Regular.ttf' (155K)
[2020.11.17-07.13.50:010][  0]LogRenderer: Reallocating scene render targets to support 1280x720 Format 10 NumSamples 1 (Frame:1).
[2020.11.17-07.13.50:011][  0]LogLoad: (Engine Initialization) Total time: 11.08 seconds
[2020.11.17-07.13.50:011][  0]LogLoad: (Engine Initialization) Total Blueprint compile time: 0.00 seconds
[2020.11.17-07.13.50:190][  0]LogContentStreaming: Texture pool size now 1000 MB
[2020.11.17-07.13.50:203][  0]LogSlate: InvalidateAllWidgets triggered.  All widgets were invalidated
[2020.11.17-07.13.50:487][  1]LogSlate: Took 0.000232 seconds to synchronously load lazily loaded font '../../../Engine/Content/Slate/Fonts/Roboto-Regular.ttf' (155K)
[2020.11.17-07.14.00:410][936]LogPackageName: SearchForPackageOnDisk took   0.134s to resolve Lobby.umap.
[2020.11.17-07.14.00:539][936]LogPackageName: SearchForPackageOnDisk took   0.128s to resolve Lobby.umap.
[2020.11.17-07.14.00:539][936]LogNet: Browse: /Game/Maps/Lobby?listen
[2020.11.17-07.14.00:539][936]LogLoad: LoadMap: /Game/Maps/Lobby?listen
[2020.11.17-07.14.00:539][936]LogWorld: BeginTearingDown for /Game/Maps/MainMenu
[2020.11.17-07.14.00:540][936]LogWorld: UWorld::CleanupWorld for MainMenu, bSessionEnded=true, bCleanupResources=true
[2020.11.17-07.14.00:540][936]LogSlate: InvalidateAllWidgets triggered.  All widgets were invalidated
[2020.11.17-07.14.00:650][936]LogAISub: UAISubsystem::~UAISubsystem AIPerceptionSystem (00000179CB25A840), frame # 1936
[2020.11.17-07.14.00:650][936]LogAISub: UAISubsystem::~UAISubsystem EnvQueryManager (00000179CB17A400), frame # 1936
[2020.11.17-07.14.00:651][936]LogUObjectHash: Compacting FUObjectHashTables data took   0.82ms
[2020.11.17-07.14.01:121][936]LogProperty: Error: FStructProperty::Serialize Loading: Property 'StructProperty /Game/UI/Lobby/ConnectedPlayer.ConnectedPlayer_C:PlayerInfo'. Unknown structure.
[2020.11.17-07.14.01:121][936]LogClass: Warning: Property PlayerInfo of PlayerInfo has a struct type mismatch (tag STRUCT_REINST_PlayerInfo_0 != prop FallbackStruct) in package:  ../../../../../../Abiogolf/IT_KMITL/BattleChess/BattleChess_Game/Content/UI/Lobby/ConnectedPlayer.uasset. If that struct got renamed, add an entry to ActiveStructRedirects.
[2020.11.17-07.14.01:343][936]LogClass: Warning: Property PlayerInfo of PlayerInfo has a struct type mismatch (tag FallbackStruct != prop PlayerInfo) in package:  FObjectReader. If that struct got renamed, add an entry to ActiveStructRedirects.
[2020.11.17-07.14.02:140][936]LogAIModule: Creating AISystem for world Lobby
[2020.11.17-07.14.02:140][936]LogAISub: UAISubsystem::UAISubsystem EnvQueryManager (00000179D65F6600), frame # 1936
[2020.11.17-07.14.02:140][936]LogAISub: UAISubsystem::UAISubsystem AIPerceptionSystem (00000179CB432480), frame # 1936
[2020.11.17-07.14.02:140][936]LogLoad: Game class is 'LobbyGM_C'
[2020.11.17-07.14.02:140][936]LogOnline: OSS: Creating online subsystem instance for: STEAM
[2020.11.17-07.14.02:141][936]LogOnline: Warning: STEAM: Steam API disabled!
[2020.11.17-07.14.02:141][936]LogOnline: Display: STEAM: OnlineSubsystemSteam::Shutdown()
[2020.11.17-07.14.02:188][936]LogNet: ReplicationDriverClass is null! Not using ReplicationDriver.
[2020.11.17-07.14.02:188][936]LogNetCore: DDoS detection status: detection enabled: 0 analytics enabled: 0
[2020.11.17-07.14.02:195][936]LogInit: WinSock: Socket queue. Rx: 131072 (config 131072) Tx: 131072 (config 131072)
[2020.11.17-07.14.02:202][936]LogNet: Created socket for bind address: 0.0.0.0 on port 7777
[2020.11.17-07.14.02:212][936]PacketHandlerLog: Loaded PacketHandler component: Engine.EngineHandlerComponentFactory (StatelessConnectHandlerComponent)
[2020.11.17-07.14.02:229][936]LogNet: GameNetDriver IpNetDriver_0 IpNetDriver listening on port 7777
[2020.11.17-07.14.02:249][936]LogWorld: Bringing World /Game/Maps/Lobby.Lobby up for play (max tick rate 0) at 2020.11.17-14.14.02
[2020.11.17-07.14.02:249][936]LogWorld: Bringing up level for play took: 0.019310
[2020.11.17-07.14.02:404][936]LogGameMode: Display: Match State Changed from EnteringMap to WaitingToStart
[2020.11.17-07.14.02:404][936]LogGameState: Match State Changed from EnteringMap to WaitingToStart
[2020.11.17-07.14.02:404][936]LogGameMode: Display: Match State Changed from WaitingToStart to InProgress
[2020.11.17-07.14.02:420][936]LogGameState: Match State Changed from WaitingToStart to InProgress
[2020.11.17-07.14.02:446][936]LogLoad: Took 1.907251 seconds to LoadMap(/Game/Maps/Lobby)
[2020.11.17-07.14.09:980][830]PIE: Warning: CharacterSelect
[2020.11.17-07.14.13:738][257]PIE: Warning: CharacterSelect
[2020.11.17-07.14.25:887][439]PIE: Warning: CharacterSelect
[2020.11.17-07.14.27:390][605]PIE: Warning: CharacterSelect
[2020.11.17-07.14.28:580][737]PIE: Warning: CharacterSelect
[2020.11.17-07.15.00:912][952]LogWindowsDesktop: Alt-F4 pressed!
[2020.11.17-07.15.00:962][952]LogSlate: Window 'BattleChess_Game (64-bit Development PCD3D_SM5) ' being destroyed
[2020.11.17-07.15.00:977][952]LogWindowsTextInputMethodSystem: Display: IME system now deactivated.
[2020.11.17-07.15.01:044][952]LogScript: Warning: Script Msg: DestroySession - Invalid player state
[2020.11.17-07.15.01:050][952]LogSlate: Updating window title bar state: overlay mode, drag disabled, window buttons hidden, title bar hidden
[2020.11.17-07.15.01:050][952]LogEngine: All Windows Closed
[2020.11.17-07.15.01:050][952]LogWindows: FPlatformMisc::RequestExit(0)
[2020.11.17-07.15.01:050][952]LogCore: Engine exit requested (reason: Win RequestExit)
[2020.11.17-07.15.01:059][953]LogCore: Engine exit requested (reason: EngineExit() was called; note: exit was already requested)
[2020.11.17-07.15.01:067][953]LogAudio: Display: Shutting down audio device while 2 references to it are still alive. For more information, compile with INSTRUMENT_AUDIODEVICE_HANDLES.
[2020.11.17-07.15.01:109][953]LogInit: Display: PreExit Game.
[2020.11.17-07.15.01:287][953]LogWorld: BeginTearingDown for /Game/Maps/Lobby
[2020.11.17-07.15.01:287][953]LogNet: World NetDriver shutdown IpNetDriver_0 [GameNetDriver]
[2020.11.17-07.15.01:287][953]LogNet: DestroyNamedNetDriver IpNetDriver_0 [GameNetDriver]
[2020.11.17-07.15.01:324][953]LogExit: GameNetDriver IpNetDriver_0 shut down
[2020.11.17-07.15.01:324][953]LogWorld: UWorld::CleanupWorld for Lobby, bSessionEnded=true, bCleanupResources=true
[2020.11.17-07.15.01:325][953]LogSlate: InvalidateAllWidgets triggered.  All widgets were invalidated
[2020.11.17-07.15.02:301][953]LogExit: Preparing to exit.
[2020.11.17-07.15.02:851][953]LogMoviePlayer: Shutting down movie player
[2020.11.17-07.15.03:006][953]LogSlate: Updating window title bar state: overlay mode, drag disabled, window buttons hidden, title bar hidden
[2020.11.17-07.15.03:007][953]LogDemo: Cleaned up 0 splitscreen connections with owner deletion
[2020.11.17-07.15.03:019][953]LogExit: Game engine shut down
[2020.11.17-07.15.03:047][953]LogAISub: UAISubsystem::~UAISubsystem AISubsystem (00000179C5F77880), frame # 7953
[2020.11.17-07.15.03:047][953]LogAISub: UAISubsystem::~UAISubsystem AIPerceptionSystem (00000179C5F7D6C0), frame # 7953
[2020.11.17-07.15.03:047][953]LogAISub: UAISubsystem::~UAISubsystem EnvQueryManager (00000179C5FF8C00), frame # 7953
[2020.11.17-07.15.03:086][953]LogAISub: UAISubsystem::~UAISubsystem EnvQueryManager (00000179D65F6600), frame # 7953
[2020.11.17-07.15.03:087][953]LogAISub: UAISubsystem::~UAISubsystem AIPerceptionSystem (00000179CB432480), frame # 7953
[2020.11.17-07.15.03:153][953]LogExit: Object subsystem successfully closed.
[2020.11.17-07.15.03:187][953]LogShaderCompilers: Display: Shaders left to compile 0
[2020.11.17-07.15.03:239][953]LogModuleManager: Shutting down and abandoning module SequenceRecorderSections (506)
[2020.11.17-07.15.03:239][953]LogModuleManager: Shutting down and abandoning module SequenceRecorder (504)
[2020.11.17-07.15.03:239][953]LogModuleManager: Shutting down and abandoning module AutomationController (502)
[2020.11.17-07.15.03:239][953]LogModuleManager: Shutting down and abandoning module AutomationWorker (500)
[2020.11.17-07.15.03:239][953]LogModuleManager: Shutting down and abandoning module Voice (498)
[2020.11.17-07.15.03:239][953]LogModuleManager: Shutting down and abandoning module AIModule (496)
[2020.11.17-07.15.03:240][953]LogModuleManager: Shutting down and abandoning module GameplayDebugger (495)
[2020.11.17-07.15.03:240][953]LogModuleManager: Shutting down and abandoning module AITestSuite (493)
[2020.11.17-07.15.03:240][953]LogModuleManager: Shutting down and abandoning module NavigationSystem (491)
[2020.11.17-07.15.03:240][953]LogModuleManager: Shutting down and abandoning module OculusMR (488)
[2020.11.17-07.15.03:240][953]LogModuleManager: Shutting down and abandoning module WmfMediaFactory (486)
[2020.11.17-07.15.03:240][953]LogModuleManager: Shutting down and abandoning module WebMMediaFactory (484)
[2020.11.17-07.15.03:240][953]LogModuleManager: Shutting down and abandoning module WebMMedia (482)
[2020.11.17-07.15.03:240][953]LogModuleManager: Shutting down and abandoning module OpenExrWrapper (480)
[2020.11.17-07.15.03:240][953]LogModuleManager: Shutting down and abandoning module ImgMediaFactory (478)
[2020.11.17-07.15.03:240][953]LogModuleManager: Shutting down and abandoning module AvfMediaFactory (476)
[2020.11.17-07.15.03:240][953]LogModuleManager: Shutting down and abandoning module MagicLeapMediaCodecFactory (474)
[2020.11.17-07.15.03:241][953]LogModuleManager: Shutting down and abandoning module MagicLeapMediaFactory (472)
[2020.11.17-07.15.03:241][953]LogModuleManager: Shutting down and abandoning module PlanarCut (470)
[2020.11.17-07.15.03:241][953]LogModuleManager: Shutting down and abandoning module CharacterAI (468)
[2020.11.17-07.15.03:241][953]LogModuleManager: Shutting down and abandoning module SessionServices (466)
[2020.11.17-07.15.03:241][953]LogModuleManager: Shutting down and abandoning module MovieSceneCapture (464)
[2020.11.17-07.15.03:241][953]LogModuleManager: Shutting down and abandoning module LiveCoding (462)
[2020.11.17-07.15.03:241][953]LogModuleManager: Shutting down and abandoning module LevelSequence (460)
[2020.11.17-07.15.03:241][953]LogModuleManager: Shutting down and abandoning module MovieSceneTracks (458)
[2020.11.17-07.15.03:241][953]LogModuleManager: Shutting down and abandoning module MovieScene (456)
[2020.11.17-07.15.03:242][953]LogModuleManager: Shutting down and abandoning module StreamingPauseRendering (454)
[2020.11.17-07.15.03:242][953]LogModuleManager: Shutting down and abandoning module PortalServices (452)
[2020.11.17-07.15.03:242][953]LogModuleManager: Shutting down and abandoning module PortalRpc (450)
[2020.11.17-07.15.03:242][953]LogModuleManager: Shutting down and abandoning module MessagingRpc (448)
[2020.11.17-07.15.03:242][953]LogModuleManager: Shutting down and abandoning module AudioMixerXAudio2 (446)
[2020.11.17-07.15.03:242][953]LogModuleManager: Shutting down and abandoning module AudioMixerCore (445)
[2020.11.17-07.15.03:242][953]LogModuleManager: Shutting down and abandoning module ProfilerService (442)
[2020.11.17-07.15.03:298][953]LogModuleManager: Shutting down and abandoning module TaskGraph (440)
[2020.11.17-07.15.03:298][953]LogModuleManager: Shutting down and abandoning module Synthesis (438)
[2020.11.17-07.15.03:298][953]LogModuleManager: Shutting down and abandoning module ProceduralMeshComponent (436)
[2020.11.17-07.15.03:298][953]LogModuleManager: Shutting down and abandoning module OculusInput (434)
[2020.11.17-07.15.03:298][953]LogModuleManager: Shutting down and abandoning module MobilePatchingUtils (432)
[2020.11.17-07.15.03:298][953]LogModuleManager: Shutting down and abandoning module GooglePAD (430)
[2020.11.17-07.15.03:299][953]LogModuleManager: Shutting down and abandoning module EditableMesh (428)
[2020.11.17-07.15.03:299][953]LogModuleManager: Shutting down and abandoning module CustomMeshComponent (426)
[2020.11.17-07.15.03:299][953]LogModuleManager: Shutting down and abandoning module CableComponent (424)
[2020.11.17-07.15.03:299][953]LogModuleManager: Shutting down and abandoning module AudioCapture (422)
[2020.11.17-07.15.03:299][953]LogModuleManager: Shutting down and abandoning module AudioCaptureRtAudio (421)
[2020.11.17-07.15.03:299][953]LogModuleManager: Shutting down and abandoning module AssetTags (418)
[2020.11.17-07.15.03:299][953]LogModuleManager: Shutting down and abandoning module ArchVisCharacter (416)
[2020.11.17-07.15.03:299][953]LogModuleManager: Shutting down and abandoning module AppleImageUtilsBlueprintSupport (414)
[2020.11.17-07.15.03:299][953]LogModuleManager: Shutting down and abandoning module AppleImageUtils (412)
[2020.11.17-07.15.03:299][953]LogModuleManager: Shutting down and abandoning module AndroidPermission (410)
[2020.11.17-07.15.03:299][953]LogModuleManager: Shutting down and abandoning module NUTUnrealEngine4 (408)
[2020.11.17-07.15.03:299][953]LogModuleManager: Shutting down and abandoning module NetcodeUnitTest (406)
[2020.11.17-07.15.03:299][953]LogModuleManager: Shutting down and abandoning module TemplateSequence (404)
[2020.11.17-07.15.03:299][953]LogModuleManager: Shutting down and abandoning module MovieRenderPipelineRenderPasses (402)
[2020.11.17-07.15.03:299][953]LogModuleManager: Shutting down and abandoning module MovieRenderPipelineSettings (400)
[2020.11.17-07.15.03:299][953]LogModuleManager: Shutting down and abandoning module MovieRenderPipelineCore (398)
[2020.11.17-07.15.03:299][953]LogModuleManager: Shutting down and abandoning module ImageWriteQueue (397)
[2020.11.17-07.15.03:299][953]LogModuleManager: Shutting down and abandoning module MediaCompositing (394)
[2020.11.17-07.15.03:299][953]LogModuleManager: Shutting down and abandoning module ImgMedia (392)
[2020.11.17-07.15.03:299][953]LogModuleManager: Shutting down and abandoning module MagicLeapSharedWorld (390)
[2020.11.17-07.15.03:299][953]LogModuleManager: Shutting down and abandoning module MagicLeapLightEstimation (388)
[2020.11.17-07.15.03:299][953]LogModuleManager: Shutting down and abandoning module MagicLeapHelperVulkan (386)
[2020.11.17-07.15.03:299][953]LogModuleManager: Shutting down and abandoning module MagicLeapHelperOpenGL (384)
[2020.11.17-07.15.03:299][953]LogModuleManager: Shutting down and abandoning module MagicLeapAudio (382)
[2020.11.17-07.15.03:299][953]LogModuleManager: Shutting down and abandoning module MeshSolverUtilities (380)
[2020.11.17-07.15.03:299][953]LogModuleManager: Shutting down and abandoning module MeshConversion (378)
[2020.11.17-07.15.03:299][953]LogModuleManager: Shutting down and abandoning module DynamicMesh (376)
[2020.11.17-07.15.03:300][953]LogModuleManager: Shutting down and abandoning module GeometryAlgorithms (374)
[2020.11.17-07.15.03:300][953]LogModuleManager: Shutting down and abandoning module GeometricObjects (372)
[2020.11.17-07.15.03:300][953]LogModuleManager: Shutting down and abandoning module GeometryCollectionTracks (370)
[2020.11.17-07.15.03:300][953]LogModuleManager: Shutting down and abandoning module GeometryCollectionSequencer (369)
[2020.11.17-07.15.03:300][953]LogModuleManager: Shutting down and abandoning module GeometryCacheTracks (366)
[2020.11.17-07.15.03:300][953]LogModuleManager: Shutting down and abandoning module GeometryCacheSequencer (365)
[2020.11.17-07.15.03:300][953]LogModuleManager: Shutting down and abandoning module GeometryCache (362)
[2020.11.17-07.15.03:300][953]LogModuleManager: Shutting down and abandoning module GeometryCacheEd (361)
[2020.11.17-07.15.03:300][953]LogModuleManager: Shutting down and abandoning module ChaosNiagara (358)
[2020.11.17-07.15.03:300][953]LogModuleManager: Shutting down and abandoning module ChaosCloth (356)
[2020.11.17-07.15.03:300][953]LogModuleManager: Shutting down and abandoning module BackChannel (354)
[2020.11.17-07.15.03:300][953]LogModuleManager: Shutting down and abandoning module AutomationUtils (352)
[2020.11.17-07.15.03:300][953]LogModuleManager: Shutting down and abandoning module VisualStudioSourceCodeAccess (350)
[2020.11.17-07.15.03:300][953]LogModuleManager: Shutting down and abandoning module HotReload (349)
[2020.11.17-07.15.03:301][953]LogModuleManager: Shutting down and abandoning module VisualStudioCodeSourceCodeAccess (346)
[2020.11.17-07.15.03:301][953]LogModuleManager: Shutting down and abandoning module UObjectPlugin (344)
[2020.11.17-07.15.03:301][953]LogModuleManager: Shutting down and abandoning module SubversionSourceControl (342)
[2020.11.17-07.15.03:301][953]LogModuleManager: Shutting down and abandoning module RiderSourceCodeAccess (340)
[2020.11.17-07.15.03:301][953]LogModuleManager: Shutting down and abandoning module PerforceSourceControl (338)
[2020.11.17-07.15.03:301][953]LogModuleManager: Shutting down and abandoning module SourceControl (337)
[2020.11.17-07.15.03:301][953]LogModuleManager: Shutting down and abandoning module CLionSourceCodeAccess (334)
[2020.11.17-07.15.03:301][953]LogModuleManager: Shutting down and abandoning module ActorLayerUtilities (332)
[2020.11.17-07.15.03:301][953]LogModuleManager: Shutting down and abandoning module SoundFields (330)
[2020.11.17-07.15.03:301][953]LogModuleManager: Shutting down and abandoning module SignificanceManager (328)
[2020.11.17-07.15.03:301][953]LogModuleManager: Shutting down and abandoning module RuntimePhysXCooking (326)
[2020.11.17-07.15.03:301][953]LogModuleManager: Shutting down and abandoning module PhysXVehiclesEditor (324)
[2020.11.17-07.15.03:301][953]LogModuleManager: Shutting down and abandoning module LocationServicesBPLibrary (320)
[2020.11.17-07.15.03:301][953]LogModuleManager: Shutting down and abandoning module ActorSequence (318)
[2020.11.17-07.15.03:301][953]LogModuleManager: Shutting down and abandoning module UdpMessaging (316)
[2020.11.17-07.15.03:403][953]LogModuleManager: Shutting down and abandoning module TcpMessaging (314)
[2020.11.17-07.15.03:849][953]LogModuleManager: Shutting down and abandoning module MagicLeapARPin (312)
[2020.11.17-07.15.03:849][953]LogModuleManager: Shutting down and abandoning module MagicLeapHandMeshing (310)
[2020.11.17-07.15.03:849][953]LogModuleManager: Shutting down and abandoning module MagicLeapSecureStorage (308)
[2020.11.17-07.15.03:849][953]LogModuleManager: Shutting down and abandoning module MagicLeapPrivileges (306)
[2020.11.17-07.15.03:849][953]LogModuleManager: Shutting down and abandoning module MagicLeapPlanes (304)
[2020.11.17-07.15.03:849][953]LogMagicLeapPlanes: Planes tracker already destroyed.
[2020.11.17-07.15.03:849][953]LogModuleManager: Shutting down and abandoning module MagicLeapImageTracker (302)
[2020.11.17-07.15.03:850][953]LogModuleManager: Shutting down and abandoning module MagicLeapIdentity (300)
[2020.11.17-07.15.03:850][953]LogModuleManager: Shutting down and abandoning module MagicLeapHandTracking (298)
[2020.11.17-07.15.03:850][953]LogModuleManager: Shutting down and abandoning module MagicLeapEyeTracker (296)
[2020.11.17-07.15.03:850][953]LogModuleManager: Shutting down and abandoning module MagicLeapController (294)
[2020.11.17-07.15.03:850][953]LogSlate: Slate User Destroyed.  User Index 0, Is Virtual User: 0
[2020.11.17-07.15.03:850][953]LogModuleManager: Shutting down and abandoning module MagicLeapARPinImpl (292)
[2020.11.17-07.15.03:850][953]LogModuleManager: Shutting down and abandoning module MagicLeapAR (290)
[2020.11.17-07.15.03:850][953]LogModuleManager: Shutting down and abandoning module AugmentedReality (289)
[2020.11.17-07.15.03:850][953]LogModuleManager: Shutting down and abandoning module NiagaraAnimNotifies (286)
[2020.11.17-07.15.03:850][953]LogModuleManager: Shutting down and abandoning module Niagara (284)
[2020.11.17-07.15.03:850][953]LogModuleManager: Shutting down and abandoning module SignalProcessing (283)
[2020.11.17-07.15.03:850][953]LogModuleManager: Shutting down and abandoning module NiagaraEditor (281)
[2020.11.17-07.15.03:851][953]LogModuleManager: Shutting down and abandoning module NiagaraCore (278)
[2020.11.17-07.15.03:851][953]LogModuleManager: Shutting down and abandoning module GameplayTagsEditor (276)
[2020.11.17-07.15.03:851][953]LogModuleManager: Shutting down and abandoning module FacialAnimation (274)
[2020.11.17-07.15.03:851][953]LogModuleManager: Shutting down and abandoning module AssetManagerEditor (272)
[2020.11.17-07.15.03:851][953]LogModuleManager: Shutting down and abandoning module TreeMap (271)
[2020.11.17-07.15.03:851][953]LogModuleManager: Shutting down and abandoning module AnimationSharing (268)
[2020.11.17-07.15.03:851][953]LogModuleManager: Shutting down and abandoning module LightPropagationVolumeRuntime (266)
[2020.11.17-07.15.03:851][953]LogModuleManager: Shutting down and abandoning module Paper2D (264)
[2020.11.17-07.15.03:852][953]LogModuleManager: Shutting down and abandoning module WindowsMoviePlayer (262)
[2020.11.17-07.15.03:853][953]LogModuleManager: Shutting down and abandoning module WebMMoviePlayer (260)
[2020.11.17-07.15.03:854][953]LogModuleManager: Shutting down and abandoning module NetworkReplayStreaming (258)
[2020.11.17-07.15.03:854][953]LogModuleManager: Shutting down and abandoning module PacketHandler (256)
[2020.11.17-07.15.03:854][953]LogModuleManager: Shutting down and abandoning module ClothingSystemEditor (254)
[2020.11.17-07.15.03:854][953]LogModuleManager: Shutting down and abandoning module ClothingSystemRuntimeNv (252)
[2020.11.17-07.15.03:854][953]LogModuleManager: Shutting down and abandoning module MediaAssets (250)
[2020.11.17-07.15.03:854][953]LogModuleManager: Shutting down and abandoning module Overlay (248)
[2020.11.17-07.15.03:854][953]LogModuleManager: Shutting down and abandoning module OverlayEditor (247)
[2020.11.17-07.15.03:854][953]LogModuleManager: Shutting down and abandoning module VREditor (244)
[2020.11.17-07.15.03:854][953]LogModuleManager: Shutting down and abandoning module StringTableEditor (242)
[2020.11.17-07.15.03:854][953]LogModuleManager: Shutting down and abandoning module GameplayTasksEditor (240)
[2020.11.17-07.15.03:854][953]LogModuleManager: Shutting down and abandoning module BehaviorTreeEditor (238)
[2020.11.17-07.15.03:855][953]LogModuleManager: Shutting down and abandoning module FunctionalTesting (236)
[2020.11.17-07.15.03:855][953]LogModuleManager: Shutting down and abandoning module CollisionAnalyzer (234)
[2020.11.17-07.15.03:855][953]LogModuleManager: Shutting down and abandoning module UMG (232)
[2020.11.17-07.15.03:855][953]LogModuleManager: Shutting down and abandoning module UMGEditor (231)
[2020.11.17-07.15.03:855][953]LogModuleManager: Shutting down and abandoning module Sequencer (230)
[2020.11.17-07.15.03:855][953]LogModuleManager: Shutting down and abandoning module MessageLog (227)
[2020.11.17-07.15.03:855][953]LogModuleManager: Shutting down and abandoning module MaterialEditor (225)
[2020.11.17-07.15.03:855][953]LogModuleManager: Shutting down and abandoning module ContentBrowser (224)
[2020.11.17-07.15.03:856][953]LogModuleManager: Shutting down and abandoning module WorkspaceMenuStructure (223)
[2020.11.17-07.15.03:856][953]LogModuleManager: Shutting down and abandoning module CollectionManager (221)
[2020.11.17-07.15.03:856][953]LogModuleManager: Shutting down and abandoning module DirectoryWatcher (220)
[2020.11.17-07.15.03:856][953]LogModuleManager: Shutting down and abandoning module SlateReflector (212)
[2020.11.17-07.15.03:857][953]LogModuleManager: Shutting down and abandoning module Slate (210)
[2020.11.17-07.15.03:857][953]LogModuleManager: Shutting down and abandoning module SlateCore (208)
[2020.11.17-07.15.03:857][953]LogModuleManager: Shutting down and abandoning module LandscapeEditorUtilities (206)
[2020.11.17-07.15.03:857][953]LogModuleManager: Shutting down and abandoning module EditorStyle (204)
[2020.11.17-07.15.03:859][953]LogModuleManager: Shutting down and abandoning module UnrealEd (202)
[2020.11.17-07.15.03:859][953]LogModuleManager: Shutting down and abandoning module MRMesh (200)
[2020.11.17-07.15.03:859][953]LogModuleManager: Shutting down and abandoning module Messaging (198)
[2020.11.17-07.15.03:859][953]LogModuleManager: Shutting down and abandoning module SourceCodeAccess (196)
[2020.11.17-07.15.03:859][953]LogModuleManager: Shutting down and abandoning module HeadMountedDisplay (194)
[2020.11.17-07.15.03:859][953]LogModuleManager: Shutting down and abandoning module XAudio2 (192)
[2020.11.17-07.15.03:859][953]LogModuleManager: Shutting down and abandoning module Networking (190)
[2020.11.17-07.15.03:859][953]LogModuleManager: Shutting down and abandoning module Core (188)
[2020.11.17-07.15.03:859][953]LogModuleManager: Shutting down and abandoning module MovieSceneTools (186)
[2020.11.17-07.15.03:860][953]LogModuleManager: Shutting down and abandoning module KismetCompiler (184)
[2020.11.17-07.15.03:860][953]LogModuleManager: Shutting down and abandoning module MeshBuilder (182)
[2020.11.17-07.15.03:860][953]LogModuleManager: Shutting down and abandoning module MeshUtilities (180)
[2020.11.17-07.15.03:860][953]LogModuleManager: Shutting down and abandoning module MeshMergeUtilities (179)
[2020.11.17-07.15.03:860][953]LogModuleManager: Shutting down and abandoning module MeshReductionInterface (178)
[2020.11.17-07.15.03:860][953]LogModuleManager: Shutting down and abandoning module MeshBoneReduction (177)
[2020.11.17-07.15.03:860][953]LogModuleManager: Shutting down and abandoning module SkeletalMeshReduction (175)
[2020.11.17-07.15.03:860][953]LogModuleManager: Shutting down and abandoning module ProxyLODMeshReduction (173)
[2020.11.17-07.15.03:860][953]LogModuleManager: Shutting down and abandoning module QuadricMeshReduction (171)
[2020.11.17-07.15.03:860][953]LogModuleManager: Shutting down and abandoning module MaterialBaking (167)
[2020.11.17-07.15.03:860][953]LogModuleManager: Shutting down and abandoning module NullInstallBundleManager (162)
[2020.11.17-07.15.03:860][953]LogModuleManager: Shutting down and abandoning module PIEPreviewDeviceProfileSelector (160)
[2020.11.17-07.15.03:860][953]LogModuleManager: Shutting down and abandoning module DerivedDataCache (158)
[2020.11.17-07.15.03:861][953]LogModuleManager: Shutting down and abandoning module XGEController (156)
[2020.11.17-07.15.03:861][953]LogModuleManager: Shutting down and abandoning module TargetPlatform (154)
[2020.11.17-07.15.03:861][953]LogModuleManager: Shutting down and abandoning module VulkanShaderFormat (153)
[2020.11.17-07.15.03:861][953]LogModuleManager: Shutting down and abandoning module ShaderFormatVectorVM (151)
[2020.11.17-07.15.03:861][953]LogModuleManager: Shutting down and abandoning module ShaderFormatOpenGL (149)
[2020.11.17-07.15.03:861][953]LogModuleManager: Shutting down and abandoning module ShaderFormatD3D (147)
[2020.11.17-07.15.03:861][953]LogModuleManager: Shutting down and abandoning module MetalShaderFormat (145)
[2020.11.17-07.15.03:861][953]LogModuleManager: Shutting down and abandoning module TextureFormatUncompressed (143)
[2020.11.17-07.15.03:861][953]LogModuleManager: Shutting down and abandoning module TextureFormatPVR (141)
[2020.11.17-07.15.03:861][953]LogModuleManager: Shutting down and abandoning module TextureFormatDXT (139)
[2020.11.17-07.15.03:861][953]LogModuleManager: Shutting down and abandoning module TextureFormatIntelISPCTexComp (137)
[2020.11.17-07.15.03:861][953]LogModuleManager: Shutting down and abandoning module TextureFormatASTC (135)
[2020.11.17-07.15.03:862][953]LogModuleManager: Shutting down and abandoning module ImageWrapper (134)
[2020.11.17-07.15.03:862][953]LogModuleManager: Shutting down and abandoning module TextureFormatAndroid (131)
[2020.11.17-07.15.03:862][953]LogModuleManager: Shutting down and abandoning module AudioFormatOpus (129)
[2020.11.17-07.15.03:862][953]LogModuleManager: Shutting down and abandoning module AudioFormatOgg (127)
[2020.11.17-07.15.03:862][953]LogModuleManager: Shutting down and abandoning module AudioFormatADPCM (125)
[2020.11.17-07.15.03:862][953]LogModuleManager: Shutting down and abandoning module WindowsServerTargetPlatform (123)
[2020.11.17-07.15.03:862][953]LogModuleManager: Shutting down and abandoning module WindowsClientTargetPlatform (121)
[2020.11.17-07.15.03:862][953]LogModuleManager: Shutting down and abandoning module WindowsTargetPlatform (119)
[2020.11.17-07.15.03:862][953]LogModuleManager: Shutting down and abandoning module WindowsNoEditorTargetPlatform (117)
[2020.11.17-07.15.03:862][953]LogModuleManager: Shutting down and abandoning module InputCore (114)
[2020.11.17-07.15.03:862][953]LogModuleManager: Shutting down and abandoning module Settings (112)
[2020.11.17-07.15.03:862][953]LogModuleManager: Shutting down and abandoning module PhysXCooking (110)
[2020.11.17-07.15.03:862][953]LogModuleManager: Shutting down and abandoning module ChaosSolvers (108)
[2020.11.17-07.15.03:862][953]LogModuleManager: Shutting down and abandoning module FieldSystemEngine (107)
[2020.11.17-07.15.03:862][953]LogModuleManager: Shutting down and abandoning module Chaos (104)
[2020.11.17-07.15.03:862][953]LogModuleManager: Shutting down and abandoning module WindowsPlatformFeatures (102)
[2020.11.17-07.15.03:862][953]LogModuleManager: Shutting down and abandoning module GameplayMediaEncoder (101)
[2020.11.17-07.15.03:862][953]LogModuleManager: Shutting down and abandoning module AVEncoder (100)
[2020.11.17-07.15.03:862][953]LogModuleManager: Shutting down and abandoning module SteamVRInputDevice (96)
[2020.11.17-07.15.03:863][953]LogModuleManager: Shutting down and abandoning module SteamVRInput (94)
[2020.11.17-07.15.03:863][953]LogModuleManager: Shutting down and abandoning module SteamVR (92)
[2020.11.17-07.15.03:863][953]LogHMD: Freeing OpenVRDLLHandle.
[2020.11.17-07.15.03:863][953]LogModuleManager: Shutting down and abandoning module OculusHMD (90)
[2020.11.17-07.15.03:863][953]LogModuleManager: Shutting down and abandoning module ExampleDeviceProfileSelector (88)
[2020.11.17-07.15.03:863][953]LogModuleManager: Shutting down and abandoning module LauncherChunkInstaller (86)
[2020.11.17-07.15.03:863][953]LogModuleManager: Shutting down and abandoning module OnlineBlueprintSupport (84)
[2020.11.17-07.15.03:863][953]LogModuleManager: Shutting down and abandoning module OnlineSubsystem (80)
[2020.11.17-07.15.03:865][953]LogModuleManager: Shutting down and abandoning module SteamShared (74)
[2020.11.17-07.15.03:865][953]LogSteamShared: Freeing the Steam Loaded Modules...
[2020.11.17-07.15.03:883][953]LogModuleManager: Shutting down and abandoning module XMPP (71)
[2020.11.17-07.15.03:883][953]LogModuleManager: Shutting down and abandoning module WebSockets (70)
[2020.11.17-07.15.03:914][953]LogModuleManager: Shutting down and abandoning module HTTP (67)
[2020.11.17-07.15.03:945][953]LogModuleManager: Shutting down and abandoning module SSL (66)
[2020.11.17-07.15.03:947][953]LogModuleManager: Shutting down and abandoning module WmfMedia (62)
[2020.11.17-07.15.03:950][953]LogModuleManager: Shutting down and abandoning module Media (61)
[2020.11.17-07.15.03:952][953]LogModuleManager: Shutting down and abandoning module MagicLeap (58)
[2020.11.17-07.15.03:952][953]LogModuleManager: Shutting down and abandoning module NiagaraVertexFactories (56)
[2020.11.17-07.15.03:952][953]LogModuleManager: Shutting down and abandoning module NiagaraShader (54)
[2020.11.17-07.15.03:952][953]LogModuleManager: Shutting down and abandoning module VariantManagerContent (52)
[2020.11.17-07.15.03:952][953]LogModuleManager: Shutting down and abandoning module DatasmithContent (50)
[2020.11.17-07.15.03:953][953]LogModuleManager: Shutting down and abandoning module AISupportModule (48)
[2020.11.17-07.15.03:953][953]LogModuleManager: Shutting down and abandoning module DesktopPlatform (46)
[2020.11.17-07.15.03:953][953]LogModuleManager: Shutting down and abandoning module PlatformCryptoOpenSSL (44)
[2020.11.17-07.15.03:953][953]LogModuleManager: Shutting down and abandoning module PlatformCryptoTypes (42)
[2020.11.17-07.15.03:953][953]LogModuleManager: Shutting down and abandoning module PlatformCrypto (40)
[2020.11.17-07.15.03:954][953]LogModuleManager: Shutting down and abandoning module AnimationModifiers (38)
[2020.11.17-07.15.03:954][953]LogModuleManager: Shutting down and abandoning module PropertyEditor (37)
[2020.11.17-07.15.03:954][953]LogModuleManager: Shutting down and abandoning module AudioEditor (34)
[2020.11.17-07.15.03:954][953]LogModuleManager: Shutting down and abandoning module TextureCompressor (32)
[2020.11.17-07.15.03:955][953]LogModuleManager: Shutting down and abandoning module RenderCore (30)
[2020.11.17-07.15.03:955][953]LogModuleManager: Shutting down and abandoning module Landscape (28)
[2020.11.17-07.15.03:955][953]LogModuleManager: Shutting down and abandoning module SlateRHIRenderer (26)
[2020.11.17-07.15.03:955][953]LogModuleManager: Shutting down and abandoning module OpenGLDrv (24)
[2020.11.17-07.15.03:955][953]LogModuleManager: Shutting down and abandoning module D3D11RHI (22)
[2020.11.17-07.15.03:955][953]LogModuleManager: Shutting down and abandoning module AnimGraphRuntime (20)
[2020.11.17-07.15.03:955][953]LogModuleManager: Shutting down and abandoning module Renderer (18)
[2020.11.17-07.15.03:955][953]LogModuleManager: Shutting down and abandoning module Engine (16)
[2020.11.17-07.15.03:956][953]LogModuleManager: Shutting down and abandoning module CoreUObject (14)
[2020.11.17-07.15.03:956][953]LogModuleManager: Shutting down and abandoning module NetworkFile (12)
[2020.11.17-07.15.03:956][953]LogModuleManager: Shutting down and abandoning module CookedIterativeFile (10)
[2020.11.17-07.15.03:956][953]LogModuleManager: Shutting down and abandoning module StreamingFile (8)
[2020.11.17-07.15.03:956][953]LogModuleManager: Shutting down and abandoning module SandboxFile (6)
[2020.11.17-07.15.03:956][953]LogModuleManager: Shutting down and abandoning module PakFile (4)
[2020.11.17-07.15.03:956][953]LogModuleManager: Shutting down and abandoning module RSA (3)
[2020.11.17-07.15.04:313][953]LogContentStreaming: Display: There are 1 unreleased StreamingManagers
[2020.11.17-07.15.04:315][953]LogD3D11RHI: Shutdown
[2020.11.17-07.15.04:315][953]LogD3D11RHI: CleanupD3DDevice
[2020.11.17-07.15.04:342][953]LogExit: Exiting.
[2020.11.17-07.15.04:355][953]Log file closed, 11/17/20 14:15:04
