Log file open, 11/06/20 20:38:20
LogInit: Display: Running engine for game: BattleChess_Game
LogPlatformFile: Not using cached read wrapper
LogTaskGraph: Started task graph with 5 named threads and 23 total threads with 3 sets of task threads.
LogStats: Stats thread started at 9.635347
LogD3D11RHI: Loaded GFSDK_Aftermath_Lib.x64.dll
LogICUInternationalization: ICU TimeZone Detection - Raw Offset: +7:00, Platform Override: ''
LogPluginManager: Mounting plugin Paper2D
LogPluginManager: Mounting plugin AISupport
LogPluginManager: Mounting plugin LightPropagationVolume
LogPluginManager: Mounting plugin CameraShakePreviewer
LogPluginManager: Mounting plugin ActorLayerUtilities
LogPluginManager: Mounting plugin AnimationSharing
LogPluginManager: Mounting plugin CLionSourceCodeAccess
LogPluginManager: Mounting plugin CodeLiteSourceCodeAccess
LogPluginManager: Mounting plugin GitSourceControl
LogPluginManager: Mounting plugin KDevelopSourceCodeAccess
LogPluginManager: Mounting plugin NullSourceCodeAccess
LogPluginManager: Mounting plugin PerforceSourceControl
LogPluginManager: Mounting plugin PlasticSourceControl
LogPluginManager: Mounting plugin RiderSourceCodeAccess
LogPluginManager: Mounting plugin SubversionSourceControl
LogPluginManager: Mounting plugin UObjectPlugin
LogPluginManager: Mounting plugin VisualStudioCodeSourceCodeAccess
LogPluginManager: Mounting plugin VisualStudioSourceCodeAccess
LogPluginManager: Mounting plugin XCodeSourceCodeAccess
LogPluginManager: Mounting plugin AssetManagerEditor
LogPluginManager: Mounting plugin CryptoKeys
LogPluginManager: Mounting plugin CurveEditorTools
LogPluginManager: Mounting plugin DataValidation
LogPluginManager: Mounting plugin EditorScriptingUtilities
LogPluginManager: Mounting plugin FacialAnimation
LogPluginManager: Mounting plugin GameplayTagsEditor
LogPluginManager: Mounting plugin GeometryMode
LogPluginManager: Mounting plugin MacGraphicsSwitching
LogPluginManager: Mounting plugin MaterialAnalyzer
LogPluginManager: Mounting plugin MobileLauncherProfileWizard
LogPluginManager: Mounting plugin PluginBrowser
LogPluginManager: Mounting plugin SpeedTreeImporter
LogPluginManager: Mounting plugin DatasmithContent
LogPluginManager: Mounting plugin VariantManagerContent
LogPluginManager: Mounting plugin AlembicImporter
LogPluginManager: Mounting plugin AutomationUtils
LogPluginManager: Mounting plugin BackChannel
LogPluginManager: Mounting plugin ChaosCloth
LogPluginManager: Mounting plugin ChaosClothEditor
LogPluginManager: Mounting plugin ChaosEditor
LogPluginManager: Mounting plugin ChaosNiagara
LogPluginManager: Mounting plugin ChaosSolverPlugin
LogPluginManager: Mounting plugin CharacterAI
LogPluginManager: Mounting plugin GeometryCache
LogPluginManager: Mounting plugin GeometryCollectionPlugin
LogPluginManager: Mounting plugin GeometryProcessing
LogPluginManager: Mounting plugin PlanarCut
LogPluginManager: Mounting plugin PlatformCrypto
LogPluginManager: Mounting plugin ProxyLODPlugin
LogPluginManager: Mounting plugin SkeletalReduction
LogPluginManager: Mounting plugin Niagara
LogPluginManager: Mounting plugin MagicLeap
LogPluginManager: Mounting plugin MagicLeapLightEstimation
LogPluginManager: Mounting plugin MagicLeapMedia
LogPluginManager: Mounting plugin MagicLeapPassableWorld
LogPluginManager: Mounting plugin MLSDK
LogPluginManager: Mounting plugin AndroidMedia
LogPluginManager: Mounting plugin AvfMedia
LogPluginManager: Mounting plugin ImgMedia
LogPluginManager: Mounting plugin MediaCompositing
LogPluginManager: Mounting plugin MediaPlayerEditor
LogPluginManager: Mounting plugin WebMMedia
LogPluginManager: Mounting plugin WmfMedia
LogPluginManager: Mounting plugin MeshPainting
LogPluginManager: Mounting plugin TcpMessaging
LogPluginManager: Mounting plugin UdpMessaging
LogPluginManager: Mounting plugin ActorSequence
LogPluginManager: Mounting plugin LevelSequenceEditor
LogPluginManager: Mounting plugin MatineeToLevelSequence
LogPluginManager: Mounting plugin MovieRenderPipeline
LogPluginManager: Mounting plugin TemplateSequence
LogPluginManager: Mounting plugin NetcodeUnitTest
LogPluginManager: Mounting plugin NUTUnrealEngine4
LogPluginManager: Mounting plugin OnlineSubsystemGooglePlay
LogPluginManager: Mounting plugin OnlineSubsystemIOS
LogPluginManager: Mounting plugin OnlineSubsystem
LogPluginManager: Mounting plugin OnlineSubsystemNull
LogPluginManager: Mounting plugin OnlineSubsystemSteam
LogPluginManager: Mounting plugin OnlineSubsystemUtils
LogPluginManager: Mounting plugin LauncherChunkInstaller
LogPluginManager: Mounting plugin AndroidDeviceProfileSelector
LogPluginManager: Mounting plugin AndroidMoviePlayer
LogPluginManager: Mounting plugin AndroidPermission
LogPluginManager: Mounting plugin AppleImageUtils
LogPluginManager: Mounting plugin AppleMoviePlayer
LogPluginManager: Mounting plugin ArchVisCharacter
LogPluginManager: Mounting plugin AssetTags
LogPluginManager: Mounting plugin AudioCapture
LogPluginManager: Mounting plugin CableComponent
LogPluginManager: Mounting plugin CustomMeshComponent
LogPluginManager: Mounting plugin EditableMesh
LogPluginManager: Mounting plugin ExampleDeviceProfileSelector
LogPluginManager: Mounting plugin GoogleCloudMessaging
LogPluginManager: Mounting plugin GooglePAD
LogPluginManager: Mounting plugin IOSDeviceProfileSelector
LogPluginManager: Mounting plugin LinuxDeviceProfileSelector
LogPluginManager: Mounting plugin LocationServicesBPLibrary
LogPluginManager: Mounting plugin MobilePatchingUtils
LogPluginManager: Mounting plugin OculusVR
LogPluginManager: Mounting plugin PhysXVehicles
LogPluginManager: Mounting plugin PostSplashScreen
LogPluginManager: Mounting plugin ProceduralMeshComponent
LogPluginManager: Mounting plugin RuntimePhysXCooking
LogPluginManager: Mounting plugin SignificanceManager
LogPluginManager: Mounting plugin SoundFields
LogPluginManager: Mounting plugin SteamShared
LogPluginManager: Mounting plugin SteamVR
LogPluginManager: Mounting plugin Synthesis
LogPluginManager: Mounting plugin WebMMoviePlayer
LogPluginManager: Mounting plugin WindowsMoviePlayer
LogPluginManager: Mounting plugin ScreenshotTools
LogInit: Using libcurl 7.55.1-DEV
LogInit:  - built for x86_64-pc-win32
LogInit:  - supports SSL with OpenSSL/1.1.1
LogInit:  - supports HTTP deflate (compression) using libz 1.2.8
LogInit:  - other features:
LogInit:      CURL_VERSION_SSL
LogInit:      CURL_VERSION_LIBZ
LogInit:      CURL_VERSION_IPV6
LogInit:      CURL_VERSION_ASYNCHDNS
LogInit:      CURL_VERSION_LARGEFILE
LogInit:      CURL_VERSION_IDN
LogInit:  CurlRequestOptions (configurable via config and command line):
LogInit:  - bVerifyPeer = true  - Libcurl will verify peer certificate
LogInit:  - bUseHttpProxy = false  - Libcurl will NOT use HTTP proxy
LogInit:  - bDontReuseConnections = false  - Libcurl will reuse connections
LogInit:  - MaxHostConnections = 16  - Libcurl will limit the number of connections to a host
LogInit:  - LocalHostAddr = Default
LogInit:  - BufferSize = 65536
LogSteamShared: Display: Loading Steam SDK 1.47
LogSteamShared: Steam SDK Loaded!
LogOnline: OSS: Creating online subsystem instance for: Steam
LogOnline: Display: STEAM: OnlineSubsystemSteam::Shutdown()
LogOnline: OSS: Unable to create OnlineSubsystem module Steam
LogOnline: OSS: Creating online subsystem instance for: NULL
LogInit: WinSock: version 1.1 (2.2), MaxSocks=32767, MaxUdp=65467
LogOnline: OSS: TryLoadSubsystemAndSetDefault: Loaded subsystem for module [NULL]
LogInit: Build: ++UE4+Release-4.25-CL-14469661
LogInit: Engine Version: 4.25.4-14469661+++UE4+Release-4.25
LogInit: Compatible Engine Version: 4.25.0-13144385+++UE4+Release-4.25
LogInit: Net CL: 13144385
LogInit: OS: Windows 10 (Release 2004) (), CPU: Intel(R) Core(TM) i5-8300H CPU @ 2.30GHz, GPU: Intel(R) UHD Graphics 630
LogInit: Compiled (64-bit): Oct 11 2020 08:10:49
LogInit: Compiled with Visual C++: 19.24.28315.00
LogInit: Build Configuration: Development
LogInit: Branch Name: ++UE4+Release-4.25
LogInit: Command Line: 
LogInit: Base Directory: D:/GAME/Epic Games/UE_4.25/Engine/Binaries/Win64/
LogInit: Allocator: TBB
LogInit: Installed Engine Build: 1
LogDevObjectVersion: Number of dev versions registered: 26
LogDevObjectVersion:   Dev-Blueprints (B0D832E4-1F89-4F0D-ACCF-7EB736FD4AA2): 10
LogDevObjectVersion:   Dev-Build (E1C64328-A22C-4D53-A36C-8E866417BD8C): 0
LogDevObjectVersion:   Dev-Core (375EC13C-06E4-48FB-B500-84F0262A717E): 4
LogDevObjectVersion:   Dev-Editor (E4B068ED-F494-42E9-A231-DA0B2E46BB41): 38
LogDevObjectVersion:   Dev-Framework (CFFC743F-43B0-4480-9391-14DF171D2073): 37
LogDevObjectVersion:   Dev-Mobile (B02B49B5-BB20-44E9-A304-32B752E40360): 2
LogDevObjectVersion:   Dev-Networking (A4E4105C-59A1-49B5-A7C5-40C4547EDFEE): 0
LogDevObjectVersion:   Dev-Online (39C831C9-5AE6-47DC-9A44-9C173E1C8E7C): 0
LogDevObjectVersion:   Dev-Physics (78F01B33-EBEA-4F98-B9B4-84EACCB95AA2): 4
LogDevObjectVersion:   Dev-Platform (6631380F-2D4D-43E0-8009-CF276956A95A): 0
LogDevObjectVersion:   Dev-Rendering (12F88B9F-8875-4AFC-A67C-D90C383ABD29): 43
LogDevObjectVersion:   Dev-Sequencer (7B5AE74C-D270-4C10-A958-57980B212A5A): 12
LogDevObjectVersion:   Dev-VR (D7296918-1DD6-4BDD-9DE2-64A83CC13884): 3
LogDevObjectVersion:   Dev-LoadTimes (C2A15278-BFE7-4AFE-6C17-90FF531DF755): 1
LogDevObjectVersion:   Private-Geometry (6EACA3D4-40EC-4CC1-B786-8BED09428FC5): 3
LogDevObjectVersion:   Dev-AnimPhys (29E575DD-E0A3-4627-9D10-D276232CDCEA): 17
LogDevObjectVersion:   Dev-Anim (AF43A65D-7FD3-4947-9873-3E8ED9C1BB05): 7
LogDevObjectVersion:   Dev-ReflectionCapture (6B266CEC-1EC7-4B8F-A30B-E4D90942FC07): 1
LogDevObjectVersion:   Dev-Automation (0DF73D61-A23F-47EA-B727-89E90C41499A): 1
LogDevObjectVersion:   FortniteMain (601D1886-AC64-4F84-AA16-D3DE0DEAC7D6): 31
LogDevObjectVersion:   Dev-Enterprise (9DFFBCD6-494F-0158-E221-12823C92A888): 10
LogDevObjectVersion:   Dev-Niagara (F2AED0AC-9AFE-416F-8664-AA7FFA26D6FC): 1
LogDevObjectVersion:   Dev-Destruction (174F1F0B-B4C6-45A5-B13F-2EE8D0FB917D): 10
LogDevObjectVersion:   Dev-Physics-Ext (35F94A83-E258-406C-A318-09F59610247C): 37
LogDevObjectVersion:   Dev-PhysicsMaterial-Chaos (B68FC16E-8B1B-42E2-B453-215C058844FE): 1
LogDevObjectVersion:   Dev-CineCamera (B2E18506-4273-CFC2-A54E-F4BB758BBA07): 1
LogInit: Presizing for max 25165824 objects, including 0 objects not considered by GC, pre-allocating 0 bytes for permanent pool.
LogConfig: Applying CVar settings from Section [/Script/Engine.StreamingSettings] File [C:/Users/Garfield/Documents/GitHub/BattleChess/BattleChess_Game/Saved/Config/Windows/Engine.ini]
LogConfig: Setting CVar [[s.MinBulkDataSizeForAsyncLoading:131072]]
LogConfig: Setting CVar [[s.AsyncLoadingThreadEnabled:0]]
LogConfig: Setting CVar [[s.EventDrivenLoaderEnabled:1]]
LogConfig: Setting CVar [[s.WarnIfTimeLimitExceeded:0]]
LogConfig: Setting CVar [[s.TimeLimitExceededMultiplier:1.5]]
LogConfig: Setting CVar [[s.TimeLimitExceededMinTime:0.005]]
LogConfig: Setting CVar [[s.UseBackgroundLevelStreaming:1]]
LogConfig: Setting CVar [[s.PriorityAsyncLoadingExtraTime:15.0]]
LogConfig: Setting CVar [[s.LevelStreamingActorsUpdateTimeLimit:5.0]]
LogConfig: Setting CVar [[s.PriorityLevelStreamingActorsUpdateExtraTime:5.0]]
LogConfig: Setting CVar [[s.LevelStreamingComponentsRegistrationGranularity:10]]
LogConfig: Setting CVar [[s.UnregisterComponentsTimeLimit:1.0]]
LogConfig: Setting CVar [[s.LevelStreamingComponentsUnregistrationGranularity:5]]
LogConfig: Setting CVar [[s.FlushStreamingOnExit:1]]
LogInit: Object subsystem initialized
LogConfig: Setting CVar [[con.DebugEarlyDefault:1]]
LogConfig: Setting CVar [[r.setres:1280x720]]
[2020.11.06-13.38.27:020][  0]LogConfig: Setting CVar [[r.VSync:0]]
[2020.11.06-13.38.27:020][  0]LogConfig: Setting CVar [[r.RHICmdBypass:0]]
[2020.11.06-13.38.27:021][  0]LogConfig: Applying CVar settings from Section [/Script/Engine.RendererSettings] File [C:/Users/Garfield/Documents/GitHub/BattleChess/BattleChess_Game/Saved/Config/Windows/Engine.ini]
[2020.11.06-13.38.27:021][  0]LogConfig: Setting CVar [[r.GPUCrashDebugging:0]]
[2020.11.06-13.38.27:021][  0]LogConfig: Applying CVar settings from Section [/Script/Engine.RendererOverrideSettings] File [C:/Users/Garfield/Documents/GitHub/BattleChess/BattleChess_Game/Saved/Config/Windows/Engine.ini]
[2020.11.06-13.38.27:021][  0]LogConfig: Applying CVar settings from Section [/Script/Engine.StreamingSettings] File [C:/Users/Garfield/Documents/GitHub/BattleChess/BattleChess_Game/Saved/Config/Windows/Engine.ini]
[2020.11.06-13.38.27:021][  0]LogConfig: Setting CVar [[s.MinBulkDataSizeForAsyncLoading:131072]]
[2020.11.06-13.38.27:021][  0]LogConfig: Setting CVar [[s.AsyncLoadingThreadEnabled:0]]
[2020.11.06-13.38.27:021][  0]LogConfig: Setting CVar [[s.EventDrivenLoaderEnabled:1]]
[2020.11.06-13.38.27:021][  0]LogConfig: Setting CVar [[s.WarnIfTimeLimitExceeded:0]]
[2020.11.06-13.38.27:021][  0]LogConfig: Setting CVar [[s.TimeLimitExceededMultiplier:1.5]]
[2020.11.06-13.38.27:021][  0]LogConfig: Setting CVar [[s.TimeLimitExceededMinTime:0.005]]
[2020.11.06-13.38.27:021][  0]LogConfig: Setting CVar [[s.UseBackgroundLevelStreaming:1]]
[2020.11.06-13.38.27:021][  0]LogConfig: Setting CVar [[s.PriorityAsyncLoadingExtraTime:15.0]]
[2020.11.06-13.38.27:021][  0]LogConfig: Setting CVar [[s.LevelStreamingActorsUpdateTimeLimit:5.0]]
[2020.11.06-13.38.27:021][  0]LogConfig: Setting CVar [[s.PriorityLevelStreamingActorsUpdateExtraTime:5.0]]
[2020.11.06-13.38.27:021][  0]LogConfig: Setting CVar [[s.LevelStreamingComponentsRegistrationGranularity:10]]
[2020.11.06-13.38.27:021][  0]LogConfig: Setting CVar [[s.UnregisterComponentsTimeLimit:1.0]]
[2020.11.06-13.38.27:021][  0]LogConfig: Setting CVar [[s.LevelStreamingComponentsUnregistrationGranularity:5]]
[2020.11.06-13.38.27:021][  0]LogConfig: Setting CVar [[s.FlushStreamingOnExit:1]]
[2020.11.06-13.38.27:021][  0]LogConfig: Applying CVar settings from Section [/Script/Engine.GarbageCollectionSettings] File [C:/Users/Garfield/Documents/GitHub/BattleChess/BattleChess_Game/Saved/Config/Windows/Engine.ini]
[2020.11.06-13.38.27:021][  0]LogConfig: Setting CVar [[gc.MaxObjectsNotConsideredByGC:1]]
[2020.11.06-13.38.27:021][  0]LogConfig: Setting CVar [[gc.SizeOfPermanentObjectPool:0]]
[2020.11.06-13.38.27:021][  0]LogConfig: Setting CVar [[gc.FlushStreamingOnGC:0]]
[2020.11.06-13.38.27:021][  0]LogConfig: Setting CVar [[gc.NumRetriesBeforeForcingGC:10]]
[2020.11.06-13.38.27:021][  0]LogConfig: Setting CVar [[gc.AllowParallelGC:1]]
[2020.11.06-13.38.27:021][  0]LogConfig: Setting CVar [[gc.TimeBetweenPurgingPendingKillObjects:61.1]]
[2020.11.06-13.38.27:021][  0]LogConfig: Setting CVar [[gc.MaxObjectsInEditor:25165824]]
[2020.11.06-13.38.27:021][  0]LogConfig: Setting CVar [[gc.IncrementalBeginDestroyEnabled:1]]
[2020.11.06-13.38.27:021][  0]LogConfig: Setting CVar [[gc.CreateGCClusters:1]]
[2020.11.06-13.38.27:021][  0]LogConfig: Setting CVar [[gc.MinGCClusterSize:5]]
[2020.11.06-13.38.27:021][  0]LogConfig: Setting CVar [[gc.ActorClusteringEnabled:0]]
[2020.11.06-13.38.27:021][  0]LogConfig: Setting CVar [[gc.BlueprintClusteringEnabled:0]]
[2020.11.06-13.38.27:021][  0]LogConfig: Setting CVar [[gc.UseDisregardForGCOnDedicatedServers:0]]
[2020.11.06-13.38.27:021][  0]LogConfig: Applying CVar settings from Section [/Script/Engine.NetworkSettings] File [C:/Users/Garfield/Documents/GitHub/BattleChess/BattleChess_Game/Saved/Config/Windows/Engine.ini]
[2020.11.06-13.38.27:021][  0]LogConfig: Applying CVar settings from Section [/Script/UnrealEd.CookerSettings] File [C:/Users/Garfield/Documents/GitHub/BattleChess/BattleChess_Game/Saved/Config/Windows/Engine.ini]
[2020.11.06-13.38.27:083][  0]LogConfig: Applying CVar settings from Section [ViewDistanceQuality@3] File [C:/Users/Garfield/Documents/GitHub/BattleChess/BattleChess_Game/Saved/Config/Windows/Scalability.ini]
[2020.11.06-13.38.27:083][  0]LogConfig: Setting CVar [[r.SkeletalMeshLODBias:0]]
[2020.11.06-13.38.27:083][  0]LogConfig: Setting CVar [[r.ViewDistanceScale:1.0]]
[2020.11.06-13.38.27:083][  0]LogConfig: Applying CVar settings from Section [AntiAliasingQuality@3] File [C:/Users/Garfield/Documents/GitHub/BattleChess/BattleChess_Game/Saved/Config/Windows/Scalability.ini]
[2020.11.06-13.38.27:083][  0]LogConfig: Setting CVar [[r.PostProcessAAQuality:4]]
[2020.11.06-13.38.27:083][  0]LogConfig: Applying CVar settings from Section [ShadowQuality@3] File [C:/Users/Garfield/Documents/GitHub/BattleChess/BattleChess_Game/Saved/Config/Windows/Scalability.ini]
[2020.11.06-13.38.27:083][  0]LogConfig: Setting CVar [[r.LightFunctionQuality:1]]
[2020.11.06-13.38.27:083][  0]LogConfig: Setting CVar [[r.ShadowQuality:5]]
[2020.11.06-13.38.27:083][  0]LogConfig: Setting CVar [[r.Shadow.CSM.MaxCascades:10]]
[2020.11.06-13.38.27:083][  0]LogConfig: Setting CVar [[r.Shadow.MaxResolution:2048]]
[2020.11.06-13.38.27:083][  0]LogConfig: Setting CVar [[r.Shadow.MaxCSMResolution:2048]]
[2020.11.06-13.38.27:083][  0]LogConfig: Setting CVar [[r.Shadow.RadiusThreshold:0.01]]
[2020.11.06-13.38.27:083][  0]LogConfig: Setting CVar [[r.Shadow.DistanceScale:1.0]]
[2020.11.06-13.38.27:083][  0]LogConfig: Setting CVar [[r.Shadow.CSM.TransitionScale:1.0]]
[2020.11.06-13.38.27:084][  0]LogConfig: Setting CVar [[r.Shadow.PreShadowResolutionFactor:1.0]]
[2020.11.06-13.38.27:084][  0]LogConfig: Setting CVar [[r.DistanceFieldShadowing:1]]
[2020.11.06-13.38.27:084][  0]LogConfig: Setting CVar [[r.DistanceFieldAO:1]]
[2020.11.06-13.38.27:084][  0]LogConfig: Setting CVar [[r.AOQuality:2]]
[2020.11.06-13.38.27:084][  0]LogConfig: Setting CVar [[r.VolumetricFog:1]]
[2020.11.06-13.38.27:084][  0]LogConfig: Setting CVar [[r.VolumetricFog.GridPixelSize:8]]
[2020.11.06-13.38.27:084][  0]LogConfig: Setting CVar [[r.VolumetricFog.GridSizeZ:128]]
[2020.11.06-13.38.27:084][  0]LogConfig: Setting CVar [[r.VolumetricFog.HistoryMissSupersampleCount:4]]
[2020.11.06-13.38.27:084][  0]LogConfig: Setting CVar [[r.LightMaxDrawDistanceScale:1]]
[2020.11.06-13.38.27:084][  0]LogConfig: Setting CVar [[r.CapsuleShadows:1]]
[2020.11.06-13.38.27:084][  0]LogConfig: Applying CVar settings from Section [PostProcessQuality@3] File [C:/Users/Garfield/Documents/GitHub/BattleChess/BattleChess_Game/Saved/Config/Windows/Scalability.ini]
[2020.11.06-13.38.27:084][  0]LogConfig: Setting CVar [[r.MotionBlurQuality:4]]
[2020.11.06-13.38.27:084][  0]LogConfig: Setting CVar [[r.AmbientOcclusionMipLevelFactor:0.4]]
[2020.11.06-13.38.27:084][  0]LogConfig: Setting CVar [[r.AmbientOcclusionMaxQuality:100]]
[2020.11.06-13.38.27:084][  0]LogConfig: Setting CVar [[r.AmbientOcclusionLevels:-1]]
[2020.11.06-13.38.27:084][  0]LogConfig: Setting CVar [[r.AmbientOcclusionRadiusScale:1.0]]
[2020.11.06-13.38.27:084][  0]LogConfig: Setting CVar [[r.DepthOfFieldQuality:2]]
[2020.11.06-13.38.27:084][  0]LogConfig: Setting CVar [[r.RenderTargetPoolMin:400]]
[2020.11.06-13.38.27:084][  0]LogConfig: Setting CVar [[r.LensFlareQuality:2]]
[2020.11.06-13.38.27:084][  0]LogConfig: Setting CVar [[r.SceneColorFringeQuality:1]]
[2020.11.06-13.38.27:084][  0]LogConfig: Setting CVar [[r.EyeAdaptationQuality:2]]
[2020.11.06-13.38.27:084][  0]LogConfig: Setting CVar [[r.BloomQuality:5]]
[2020.11.06-13.38.27:084][  0]LogConfig: Setting CVar [[r.FastBlurThreshold:100]]
[2020.11.06-13.38.27:084][  0]LogConfig: Setting CVar [[r.Upscale.Quality:3]]
[2020.11.06-13.38.27:084][  0]LogConfig: Setting CVar [[r.Tonemapper.GrainQuantization:1]]
[2020.11.06-13.38.27:084][  0]LogConfig: Setting CVar [[r.LightShaftQuality:1]]
[2020.11.06-13.38.27:084][  0]LogConfig: Setting CVar [[r.Filter.SizeScale:1]]
[2020.11.06-13.38.27:084][  0]LogConfig: Setting CVar [[r.Tonemapper.Quality:5]]
[2020.11.06-13.38.27:084][  0]LogConfig: Setting CVar [[r.DOF.Gather.AccumulatorQuality:1        ; higher gathering accumulator quality]]
[2020.11.06-13.38.27:084][  0]LogConfig: Setting CVar [[r.DOF.Gather.PostfilterMethod:1          ; Median3x3 postfilering method]]
[2020.11.06-13.38.27:084][  0]LogConfig: Setting CVar [[r.DOF.Gather.EnableBokehSettings:0       ; no bokeh simulation when gathering]]
[2020.11.06-13.38.27:084][  0]LogConfig: Setting CVar [[r.DOF.Gather.RingCount:4                 ; medium number of samples when gathering]]
[2020.11.06-13.38.27:084][  0]LogConfig: Setting CVar [[r.DOF.Scatter.ForegroundCompositing:1    ; additive foreground scattering]]
[2020.11.06-13.38.27:084][  0]LogConfig: Setting CVar [[r.DOF.Scatter.BackgroundCompositing:2    ; additive background scattering]]
[2020.11.06-13.38.27:084][  0]LogConfig: Setting CVar [[r.DOF.Scatter.EnableBokehSettings:1      ; bokeh simulation when scattering]]
[2020.11.06-13.38.27:084][  0]LogConfig: Setting CVar [[r.DOF.Scatter.MaxSpriteRatio:0.1         ; only a maximum of 10% of scattered bokeh]]
[2020.11.06-13.38.27:084][  0]LogConfig: Setting CVar [[r.DOF.Recombine.Quality:1                ; cheap slight out of focus]]
[2020.11.06-13.38.27:084][  0]LogConfig: Setting CVar [[r.DOF.Recombine.EnableBokehSettings:0    ; no bokeh simulation on slight out of focus]]
[2020.11.06-13.38.27:084][  0]LogConfig: Setting CVar [[r.DOF.TemporalAAQuality:1                ; more stable temporal accumulation]]
[2020.11.06-13.38.27:084][  0]LogConfig: Setting CVar [[r.DOF.Kernel.MaxForegroundRadius:0.025]]
[2020.11.06-13.38.27:084][  0]LogConfig: Setting CVar [[r.DOF.Kernel.MaxBackgroundRadius:0.025]]
[2020.11.06-13.38.27:084][  0]LogConfig: Applying CVar settings from Section [TextureQuality@3] File [C:/Users/Garfield/Documents/GitHub/BattleChess/BattleChess_Game/Saved/Config/Windows/Scalability.ini]
[2020.11.06-13.38.27:084][  0]LogConfig: Setting CVar [[r.Streaming.MipBias:0]]
[2020.11.06-13.38.27:084][  0]LogConfig: Setting CVar [[r.Streaming.AmortizeCPUToGPUCopy:0]]
[2020.11.06-13.38.27:084][  0]LogConfig: Setting CVar [[r.Streaming.MaxNumTexturesToStreamPerFrame:0]]
[2020.11.06-13.38.27:085][  0]LogConfig: Setting CVar [[r.Streaming.Boost:1]]
[2020.11.06-13.38.27:085][  0]LogConfig: Setting CVar [[r.MaxAnisotropy:8]]
[2020.11.06-13.38.27:085][  0]LogConfig: Setting CVar [[r.VT.MaxAnisotropy:8]]
[2020.11.06-13.38.27:085][  0]LogConfig: Setting CVar [[r.Streaming.LimitPoolSizeToVRAM:0]]
[2020.11.06-13.38.27:085][  0]LogConfig: Setting CVar [[r.Streaming.PoolSize:1000]]
[2020.11.06-13.38.27:085][  0]LogConfig: Setting CVar [[r.Streaming.MaxEffectiveScreenSize:0]]
[2020.11.06-13.38.27:085][  0]LogConfig: Applying CVar settings from Section [EffectsQuality@3] File [C:/Users/Garfield/Documents/GitHub/BattleChess/BattleChess_Game/Saved/Config/Windows/Scalability.ini]
[2020.11.06-13.38.27:085][  0]LogConfig: Setting CVar [[r.TranslucencyLightingVolumeDim:64]]
[2020.11.06-13.38.27:085][  0]LogConfig: Setting CVar [[r.RefractionQuality:2]]
[2020.11.06-13.38.27:085][  0]LogConfig: Setting CVar [[r.SSR.Quality:3]]
[2020.11.06-13.38.27:085][  0]LogConfig: Setting CVar [[r.SSR.HalfResSceneColor:0]]
[2020.11.06-13.38.27:085][  0]LogConfig: Setting CVar [[r.SceneColorFormat:4]]
[2020.11.06-13.38.27:085][  0]LogConfig: Setting CVar [[r.DetailMode:2]]
[2020.11.06-13.38.27:085][  0]LogConfig: Setting CVar [[r.TranslucencyVolumeBlur:1]]
[2020.11.06-13.38.27:085][  0]LogConfig: Setting CVar [[r.MaterialQualityLevel:1 ; High quality]]
[2020.11.06-13.38.27:085][  0]LogConfig: Setting CVar [[r.SSS.Scale:1]]
[2020.11.06-13.38.27:085][  0]LogConfig: Setting CVar [[r.SSS.SampleSet:2]]
[2020.11.06-13.38.27:085][  0]LogConfig: Setting CVar [[r.SSS.Quality:1]]
[2020.11.06-13.38.27:085][  0]LogConfig: Setting CVar [[r.SSS.HalfRes:0]]
[2020.11.06-13.38.27:085][  0]LogConfig: Setting CVar [[r.SSGI.Quality:3]]
[2020.11.06-13.38.27:085][  0]LogConfig: Setting CVar [[r.EmitterSpawnRateScale:1.0]]
[2020.11.06-13.38.27:085][  0]LogConfig: Setting CVar [[r.ParticleLightQuality:2]]
[2020.11.06-13.38.27:085][  0]LogConfig: Setting CVar [[r.SkyAtmosphere.AerialPerspectiveLUT.FastApplyOnOpaque:1 ; Always have FastSkyLUT 1 in this case to avoid wrong sky]]
[2020.11.06-13.38.27:085][  0]LogConfig: Setting CVar [[r.SkyAtmosphere.AerialPerspectiveLUT.SampleCountPerSlice:1]]
[2020.11.06-13.38.27:085][  0]LogConfig: Setting CVar [[r.SkyAtmosphere.AerialPerspectiveLUT.DepthResolution:16.0]]
[2020.11.06-13.38.27:085][  0]LogConfig: Setting CVar [[r.SkyAtmosphere.FastSkyLUT:1]]
[2020.11.06-13.38.27:085][  0]LogConfig: Setting CVar [[r.SkyAtmosphere.FastSkyLUT.SampleCountMin:4.0]]
[2020.11.06-13.38.27:085][  0]LogConfig: Setting CVar [[r.SkyAtmosphere.FastSkyLUT.SampleCountMax:32.0]]
[2020.11.06-13.38.27:085][  0]LogConfig: Setting CVar [[r.SkyAtmosphere.SampleCountMin:4.0]]
[2020.11.06-13.38.27:085][  0]LogConfig: Setting CVar [[r.SkyAtmosphere.SampleCountMax:32.0]]
[2020.11.06-13.38.27:085][  0]LogConfig: Setting CVar [[r.SkyAtmosphere.TransmittanceLUT.UseSmallFormat:0]]
[2020.11.06-13.38.27:085][  0]LogConfig: Setting CVar [[r.SkyAtmosphere.TransmittanceLUT.SampleCount:10.0]]
[2020.11.06-13.38.27:085][  0]LogConfig: Setting CVar [[r.SkyAtmosphere.MultiScatteringLUT.SampleCount:15.0]]
[2020.11.06-13.38.27:085][  0]LogConfig: Applying CVar settings from Section [FoliageQuality@3] File [C:/Users/Garfield/Documents/GitHub/BattleChess/BattleChess_Game/Saved/Config/Windows/Scalability.ini]
[2020.11.06-13.38.27:085][  0]LogConfig: Setting CVar [[foliage.DensityScale:1.0]]
[2020.11.06-13.38.27:085][  0]LogConfig: Setting CVar [[grass.DensityScale:1.0]]
[2020.11.06-13.38.27:085][  0]LogConfig: Applying CVar settings from Section [ShadingQuality@3] File [C:/Users/Garfield/Documents/GitHub/BattleChess/BattleChess_Game/Saved/Config/Windows/Scalability.ini]
[2020.11.06-13.38.27:085][  0]LogConfig: Setting CVar [[r.HairStrands.SkyLighting.SampleCount:16]]
[2020.11.06-13.38.27:085][  0]LogConfig: Setting CVar [[r.HairStrands.SkyLighting.JitterIntegration:0]]
[2020.11.06-13.38.27:085][  0]LogConfig: Setting CVar [[r.HairStrands.SkyAO.SampleCount:16]]
[2020.11.06-13.38.27:085][  0]LogConfig: Setting CVar [[r.HairStrands.DeepShadow.SuperSampling:0]]
[2020.11.06-13.38.27:085][  0]LogConfig: Setting CVar [[r.HairStrands.VisibilityPPLL:0]]
[2020.11.06-13.38.27:085][  0]LogConfig: Setting CVar [[r.HairStrands.RasterizationScale:0.5]]
[2020.11.06-13.38.27:085][  0]LogConfig: Setting CVar [[r.HairStrands.VelocityRasterizationScale:1]]
[2020.11.06-13.38.27:108][  0]LogInit: Selected Device Profile: [Windows]
[2020.11.06-13.38.27:108][  0]LogInit: Applying CVar settings loaded from the selected device profile: [Windows]
[2020.11.06-13.38.27:123][  0]LogHAL: Display: Platform has ~ 8 GB [8424574976 / 8589934592 / 8], which maps to Default [LargestMinGB=32, LargerMinGB=12, DefaultMinGB=8, SmallerMinGB=6, SmallestMinGB=0)
[2020.11.06-13.38.27:123][  0]LogInit: Going up to parent DeviceProfile []
[2020.11.06-13.38.27:124][  0]LogConfig: Applying CVar settings from Section [ViewDistanceQuality@3] File [C:/Users/Garfield/Documents/GitHub/BattleChess/BattleChess_Game/Saved/Config/Windows/Scalability.ini]
[2020.11.06-13.38.27:124][  0]LogConfig: Setting CVar [[r.SkeletalMeshLODBias:0]]
[2020.11.06-13.38.27:124][  0]LogConfig: Setting CVar [[r.ViewDistanceScale:1.0]]
[2020.11.06-13.38.27:124][  0]LogConfig: Applying CVar settings from Section [AntiAliasingQuality@3] File [C:/Users/Garfield/Documents/GitHub/BattleChess/BattleChess_Game/Saved/Config/Windows/Scalability.ini]
[2020.11.06-13.38.27:124][  0]LogConfig: Setting CVar [[r.PostProcessAAQuality:4]]
[2020.11.06-13.38.27:124][  0]LogConfig: Applying CVar settings from Section [ShadowQuality@3] File [C:/Users/Garfield/Documents/GitHub/BattleChess/BattleChess_Game/Saved/Config/Windows/Scalability.ini]
[2020.11.06-13.38.27:124][  0]LogConfig: Setting CVar [[r.LightFunctionQuality:1]]
[2020.11.06-13.38.27:124][  0]LogConfig: Setting CVar [[r.ShadowQuality:5]]
[2020.11.06-13.38.27:124][  0]LogConfig: Setting CVar [[r.Shadow.CSM.MaxCascades:10]]
[2020.11.06-13.38.27:124][  0]LogConfig: Setting CVar [[r.Shadow.MaxResolution:2048]]
[2020.11.06-13.38.27:124][  0]LogConfig: Setting CVar [[r.Shadow.MaxCSMResolution:2048]]
[2020.11.06-13.38.27:124][  0]LogConfig: Setting CVar [[r.Shadow.RadiusThreshold:0.01]]
[2020.11.06-13.38.27:124][  0]LogConfig: Setting CVar [[r.Shadow.DistanceScale:1.0]]
[2020.11.06-13.38.27:124][  0]LogConfig: Setting CVar [[r.Shadow.CSM.TransitionScale:1.0]]
[2020.11.06-13.38.27:124][  0]LogConfig: Setting CVar [[r.Shadow.PreShadowResolutionFactor:1.0]]
[2020.11.06-13.38.27:124][  0]LogConfig: Setting CVar [[r.DistanceFieldShadowing:1]]
[2020.11.06-13.38.27:124][  0]LogConfig: Setting CVar [[r.DistanceFieldAO:1]]
[2020.11.06-13.38.27:124][  0]LogConfig: Setting CVar [[r.AOQuality:2]]
[2020.11.06-13.38.27:124][  0]LogConfig: Setting CVar [[r.VolumetricFog:1]]
[2020.11.06-13.38.27:124][  0]LogConfig: Setting CVar [[r.VolumetricFog.GridPixelSize:8]]
[2020.11.06-13.38.27:124][  0]LogConfig: Setting CVar [[r.VolumetricFog.GridSizeZ:128]]
[2020.11.06-13.38.27:124][  0]LogConfig: Setting CVar [[r.VolumetricFog.HistoryMissSupersampleCount:4]]
[2020.11.06-13.38.27:124][  0]LogConfig: Setting CVar [[r.LightMaxDrawDistanceScale:1]]
[2020.11.06-13.38.27:124][  0]LogConfig: Setting CVar [[r.CapsuleShadows:1]]
[2020.11.06-13.38.27:124][  0]LogConfig: Applying CVar settings from Section [PostProcessQuality@3] File [C:/Users/Garfield/Documents/GitHub/BattleChess/BattleChess_Game/Saved/Config/Windows/Scalability.ini]
[2020.11.06-13.38.27:124][  0]LogConfig: Setting CVar [[r.MotionBlurQuality:4]]
[2020.11.06-13.38.27:124][  0]LogConfig: Setting CVar [[r.AmbientOcclusionMipLevelFactor:0.4]]
[2020.11.06-13.38.27:124][  0]LogConfig: Setting CVar [[r.AmbientOcclusionMaxQuality:100]]
[2020.11.06-13.38.27:124][  0]LogConfig: Setting CVar [[r.AmbientOcclusionLevels:-1]]
[2020.11.06-13.38.27:124][  0]LogConfig: Setting CVar [[r.AmbientOcclusionRadiusScale:1.0]]
[2020.11.06-13.38.27:124][  0]LogConfig: Setting CVar [[r.DepthOfFieldQuality:2]]
[2020.11.06-13.38.27:124][  0]LogConfig: Setting CVar [[r.RenderTargetPoolMin:400]]
[2020.11.06-13.38.27:125][  0]LogConfig: Setting CVar [[r.LensFlareQuality:2]]
[2020.11.06-13.38.27:125][  0]LogConfig: Setting CVar [[r.SceneColorFringeQuality:1]]
[2020.11.06-13.38.27:125][  0]LogConfig: Setting CVar [[r.EyeAdaptationQuality:2]]
[2020.11.06-13.38.27:125][  0]LogConfig: Setting CVar [[r.BloomQuality:5]]
[2020.11.06-13.38.27:125][  0]LogConfig: Setting CVar [[r.FastBlurThreshold:100]]
[2020.11.06-13.38.27:125][  0]LogConfig: Setting CVar [[r.Upscale.Quality:3]]
[2020.11.06-13.38.27:125][  0]LogConfig: Setting CVar [[r.Tonemapper.GrainQuantization:1]]
[2020.11.06-13.38.27:125][  0]LogConfig: Setting CVar [[r.LightShaftQuality:1]]
[2020.11.06-13.38.27:125][  0]LogConfig: Setting CVar [[r.Filter.SizeScale:1]]
[2020.11.06-13.38.27:125][  0]LogConfig: Setting CVar [[r.Tonemapper.Quality:5]]
[2020.11.06-13.38.27:125][  0]LogConfig: Setting CVar [[r.DOF.Gather.AccumulatorQuality:1        ; higher gathering accumulator quality]]
[2020.11.06-13.38.27:125][  0]LogConfig: Setting CVar [[r.DOF.Gather.PostfilterMethod:1          ; Median3x3 postfilering method]]
[2020.11.06-13.38.27:125][  0]LogConfig: Setting CVar [[r.DOF.Gather.EnableBokehSettings:0       ; no bokeh simulation when gathering]]
[2020.11.06-13.38.27:125][  0]LogConfig: Setting CVar [[r.DOF.Gather.RingCount:4                 ; medium number of samples when gathering]]
[2020.11.06-13.38.27:125][  0]LogConfig: Setting CVar [[r.DOF.Scatter.ForegroundCompositing:1    ; additive foreground scattering]]
[2020.11.06-13.38.27:125][  0]LogConfig: Setting CVar [[r.DOF.Scatter.BackgroundCompositing:2    ; additive background scattering]]
[2020.11.06-13.38.27:125][  0]LogConfig: Setting CVar [[r.DOF.Scatter.EnableBokehSettings:1      ; bokeh simulation when scattering]]
[2020.11.06-13.38.27:125][  0]LogConfig: Setting CVar [[r.DOF.Scatter.MaxSpriteRatio:0.1         ; only a maximum of 10% of scattered bokeh]]
[2020.11.06-13.38.27:125][  0]LogConfig: Setting CVar [[r.DOF.Recombine.Quality:1                ; cheap slight out of focus]]
[2020.11.06-13.38.27:125][  0]LogConfig: Setting CVar [[r.DOF.Recombine.EnableBokehSettings:0    ; no bokeh simulation on slight out of focus]]
[2020.11.06-13.38.27:125][  0]LogConfig: Setting CVar [[r.DOF.TemporalAAQuality:1                ; more stable temporal accumulation]]
[2020.11.06-13.38.27:125][  0]LogConfig: Setting CVar [[r.DOF.Kernel.MaxForegroundRadius:0.025]]
[2020.11.06-13.38.27:125][  0]LogConfig: Setting CVar [[r.DOF.Kernel.MaxBackgroundRadius:0.025]]
[2020.11.06-13.38.27:125][  0]LogConfig: Applying CVar settings from Section [TextureQuality@3] File [C:/Users/Garfield/Documents/GitHub/BattleChess/BattleChess_Game/Saved/Config/Windows/Scalability.ini]
[2020.11.06-13.38.27:125][  0]LogConfig: Setting CVar [[r.Streaming.MipBias:0]]
[2020.11.06-13.38.27:125][  0]LogConfig: Setting CVar [[r.Streaming.AmortizeCPUToGPUCopy:0]]
[2020.11.06-13.38.27:125][  0]LogConfig: Setting CVar [[r.Streaming.MaxNumTexturesToStreamPerFrame:0]]
[2020.11.06-13.38.27:125][  0]LogConfig: Setting CVar [[r.Streaming.Boost:1]]
[2020.11.06-13.38.27:125][  0]LogConfig: Setting CVar [[r.MaxAnisotropy:8]]
[2020.11.06-13.38.27:125][  0]LogConfig: Setting CVar [[r.VT.MaxAnisotropy:8]]
[2020.11.06-13.38.27:125][  0]LogConfig: Setting CVar [[r.Streaming.LimitPoolSizeToVRAM:0]]
[2020.11.06-13.38.27:125][  0]LogConfig: Setting CVar [[r.Streaming.PoolSize:1000]]
[2020.11.06-13.38.27:125][  0]LogConfig: Setting CVar [[r.Streaming.MaxEffectiveScreenSize:0]]
[2020.11.06-13.38.27:125][  0]LogConfig: Applying CVar settings from Section [EffectsQuality@3] File [C:/Users/Garfield/Documents/GitHub/BattleChess/BattleChess_Game/Saved/Config/Windows/Scalability.ini]
[2020.11.06-13.38.27:125][  0]LogConfig: Setting CVar [[r.TranslucencyLightingVolumeDim:64]]
[2020.11.06-13.38.27:125][  0]LogConfig: Setting CVar [[r.RefractionQuality:2]]
[2020.11.06-13.38.27:125][  0]LogConfig: Setting CVar [[r.SSR.Quality:3]]
[2020.11.06-13.38.27:125][  0]LogConfig: Setting CVar [[r.SSR.HalfResSceneColor:0]]
[2020.11.06-13.38.27:125][  0]LogConfig: Setting CVar [[r.SceneColorFormat:4]]
[2020.11.06-13.38.27:125][  0]LogConfig: Setting CVar [[r.DetailMode:2]]
[2020.11.06-13.38.27:125][  0]LogConfig: Setting CVar [[r.TranslucencyVolumeBlur:1]]
[2020.11.06-13.38.27:125][  0]LogConfig: Setting CVar [[r.MaterialQualityLevel:1 ; High quality]]
[2020.11.06-13.38.27:125][  0]LogConfig: Setting CVar [[r.SSS.Scale:1]]
[2020.11.06-13.38.27:125][  0]LogConfig: Setting CVar [[r.SSS.SampleSet:2]]
[2020.11.06-13.38.27:125][  0]LogConfig: Setting CVar [[r.SSS.Quality:1]]
[2020.11.06-13.38.27:125][  0]LogConfig: Setting CVar [[r.SSS.HalfRes:0]]
[2020.11.06-13.38.27:125][  0]LogConfig: Setting CVar [[r.SSGI.Quality:3]]
[2020.11.06-13.38.27:125][  0]LogConfig: Setting CVar [[r.EmitterSpawnRateScale:1.0]]
[2020.11.06-13.38.27:125][  0]LogConfig: Setting CVar [[r.ParticleLightQuality:2]]
[2020.11.06-13.38.27:125][  0]LogConfig: Setting CVar [[r.SkyAtmosphere.AerialPerspectiveLUT.FastApplyOnOpaque:1 ; Always have FastSkyLUT 1 in this case to avoid wrong sky]]
[2020.11.06-13.38.27:125][  0]LogConfig: Setting CVar [[r.SkyAtmosphere.AerialPerspectiveLUT.SampleCountPerSlice:1]]
[2020.11.06-13.38.27:125][  0]LogConfig: Setting CVar [[r.SkyAtmosphere.AerialPerspectiveLUT.DepthResolution:16.0]]
[2020.11.06-13.38.27:125][  0]LogConfig: Setting CVar [[r.SkyAtmosphere.FastSkyLUT:1]]
[2020.11.06-13.38.27:125][  0]LogConfig: Setting CVar [[r.SkyAtmosphere.FastSkyLUT.SampleCountMin:4.0]]
[2020.11.06-13.38.27:125][  0]LogConfig: Setting CVar [[r.SkyAtmosphere.FastSkyLUT.SampleCountMax:32.0]]
[2020.11.06-13.38.27:125][  0]LogConfig: Setting CVar [[r.SkyAtmosphere.SampleCountMin:4.0]]
[2020.11.06-13.38.27:125][  0]LogConfig: Setting CVar [[r.SkyAtmosphere.SampleCountMax:32.0]]
[2020.11.06-13.38.27:125][  0]LogConfig: Setting CVar [[r.SkyAtmosphere.TransmittanceLUT.UseSmallFormat:0]]
[2020.11.06-13.38.27:125][  0]LogConfig: Setting CVar [[r.SkyAtmosphere.TransmittanceLUT.SampleCount:10.0]]
[2020.11.06-13.38.27:125][  0]LogConfig: Setting CVar [[r.SkyAtmosphere.MultiScatteringLUT.SampleCount:15.0]]
[2020.11.06-13.38.27:125][  0]LogConfig: Applying CVar settings from Section [FoliageQuality@3] File [C:/Users/Garfield/Documents/GitHub/BattleChess/BattleChess_Game/Saved/Config/Windows/Scalability.ini]
[2020.11.06-13.38.27:126][  0]LogConfig: Setting CVar [[foliage.DensityScale:1.0]]
[2020.11.06-13.38.27:126][  0]LogConfig: Setting CVar [[grass.DensityScale:1.0]]
[2020.11.06-13.38.27:126][  0]LogConfig: Applying CVar settings from Section [ShadingQuality@3] File [C:/Users/Garfield/Documents/GitHub/BattleChess/BattleChess_Game/Saved/Config/Windows/Scalability.ini]
[2020.11.06-13.38.27:126][  0]LogConfig: Setting CVar [[r.HairStrands.SkyLighting.SampleCount:16]]
[2020.11.06-13.38.27:126][  0]LogConfig: Setting CVar [[r.HairStrands.SkyLighting.JitterIntegration:0]]
[2020.11.06-13.38.27:126][  0]LogConfig: Setting CVar [[r.HairStrands.SkyAO.SampleCount:16]]
[2020.11.06-13.38.27:126][  0]LogConfig: Setting CVar [[r.HairStrands.DeepShadow.SuperSampling:0]]
[2020.11.06-13.38.27:126][  0]LogConfig: Setting CVar [[r.HairStrands.VisibilityPPLL:0]]
[2020.11.06-13.38.27:126][  0]LogConfig: Setting CVar [[r.HairStrands.RasterizationScale:0.5]]
[2020.11.06-13.38.27:126][  0]LogConfig: Setting CVar [[r.HairStrands.VelocityRasterizationScale:1]]
[2020.11.06-13.38.27:126][  0]LogConfig: Applying CVar settings from Section [Startup] File [../../../Engine/Config/ConsoleVariables.ini]
[2020.11.06-13.38.27:154][  0]LogConfig: Setting CVar [[net.UseAdaptiveNetUpdateFrequency:0]]
[2020.11.06-13.38.27:154][  0]LogConfig: Setting CVar [[p.chaos.AllowCreatePhysxBodies:1]]
[2020.11.06-13.38.27:154][  0]LogConfig: Setting CVar [[fx.SkipVectorVMBackendOptimizations:1]]
[2020.11.06-13.38.27:154][  0]LogConfig: Applying CVar settings from Section [ConsoleVariables] File [C:/Users/Garfield/Documents/GitHub/BattleChess/BattleChess_Game/Saved/Config/Windows/Engine.ini]
[2020.11.06-13.38.27:167][  0]LogInit: Computer: LAPTOP-83JLS1JF
[2020.11.06-13.38.27:167][  0]LogInit: User: Garfield
[2020.11.06-13.38.27:182][  0]LogInit: CPU Page size=4096, Cores=4
[2020.11.06-13.38.27:182][  0]LogInit: High frequency timer resolution =10.000000 MHz
[2020.11.06-13.38.27:182][  0]LogMemory: Memory total: Physical=7.8GB (8GB approx)
[2020.11.06-13.38.27:185][  0]LogMemory: Platform Memory Stats for Windows
[2020.11.06-13.38.27:185][  0]LogMemory: Process Physical Memory: 115.58 MB used, 115.58 MB peak
[2020.11.06-13.38.27:185][  0]LogMemory: Process Virtual Memory: 96.04 MB used, 96.04 MB peak
[2020.11.06-13.38.27:185][  0]LogMemory: Physical Memory: 6369.76 MB used,  1664.54 MB free, 8034.30 MB total
[2020.11.06-13.38.27:185][  0]LogMemory: Virtual Memory: 5146.23 MB used,  134212584.00 MB free, 134217728.00 MB total
[2020.11.06-13.38.27:198][  0]LogWindows: WindowsPlatformFeatures enabled
[2020.11.06-13.38.28:715][  0]LogInit: Physics initialised using underlying interface: PhysX
[2020.11.06-13.38.28:760][  0]LogInit: Using OS detected language (en-US).
[2020.11.06-13.38.28:760][  0]LogInit: Using OS detected locale (en-US).
[2020.11.06-13.38.29:148][  0]LogTextLocalizationManager: No specific localization for 'en-US' exists, so the 'en' localization will be used.
[2020.11.06-13.38.30:790][  0]LogInit: Setting process to per monitor DPI aware
[2020.11.06-13.38.31:748][  0]LogSlate: New Slate User Created.  User Index 0, Is Virtual User: 0
[2020.11.06-13.38.31:749][  0]LogSlate: Slate User Registered.  User Index 0, Is Virtual User: 0
[2020.11.06-13.38.37:879][  0]LogHMD: Failed to initialize OpenVR with code 110
[2020.11.06-13.38.37:879][  0]LogD3D11RHI: D3D11 min allowed feature level: 11_0
[2020.11.06-13.38.37:879][  0]LogD3D11RHI: D3D11 max allowed feature level: 11_0
[2020.11.06-13.38.37:879][  0]LogD3D11RHI: D3D11 adapters:
[2020.11.06-13.38.39:113][  0]LogD3D11RHI:    0. 'NVIDIA GeForce GTX 1060' (Feature Level 11_0)
[2020.11.06-13.38.39:113][  0]LogD3D11RHI:       6052/0/4017 MB DedicatedVideo/DedicatedSystem/SharedSystem, Outputs:1, VendorId:0x10de
[2020.11.06-13.38.39:132][  0]LogD3D11RHI:    1. 'Intel(R) UHD Graphics 630' (Feature Level 11_0)
[2020.11.06-13.38.39:133][  0]LogD3D11RHI:       128/0/4017 MB DedicatedVideo/DedicatedSystem/SharedSystem, Outputs:0, VendorId:0x8086
[2020.11.06-13.38.39:137][  0]LogD3D11RHI:    2. 'Microsoft Basic Render Driver' (Feature Level 11_0)
[2020.11.06-13.38.39:137][  0]LogD3D11RHI:       0/0/4017 MB DedicatedVideo/DedicatedSystem/SharedSystem, Outputs:0, VendorId:0x1414
[2020.11.06-13.38.39:137][  0]LogD3D11RHI: Chosen D3D11 Adapter: 0
[2020.11.06-13.38.39:214][  0]LogD3D11RHI: Creating new Direct3DDevice
[2020.11.06-13.38.39:214][  0]LogD3D11RHI:     GPU DeviceId: 0x1c20 (for the marketing name, search the web for "GPU Device Id")
[2020.11.06-13.38.39:215][  0]LogWindows: EnumDisplayDevices:
[2020.11.06-13.38.39:215][  0]LogWindows:    0. 'Intel(R) UHD Graphics 630' (P:1 D:1)
[2020.11.06-13.38.39:215][  0]LogWindows:    1. 'Intel(R) UHD Graphics 630' (P:0 D:0)
[2020.11.06-13.38.39:216][  0]LogWindows:    2. 'Intel(R) UHD Graphics 630' (P:0 D:0)
[2020.11.06-13.38.39:216][  0]LogWindows:    3. 'NVIDIA GeForce GTX 1060' (P:0 D:0)
[2020.11.06-13.38.39:217][  0]LogWindows: DebugString: PrimaryIsNotTheChoosenAdapter PrimaryIsNotTheChoosenAdapter PrimaryIsNotTheChoosenAdapter 
[2020.11.06-13.38.39:217][  0]LogD3D11RHI:     Adapter Name: NVIDIA GeForce GTX 1060
[2020.11.06-13.38.39:217][  0]LogD3D11RHI:   Driver Version: 457.09 (internal:27.21.14.5709, unified:457.09)
[2020.11.06-13.38.39:217][  0]LogD3D11RHI:      Driver Date: 10-22-2020
[2020.11.06-13.38.39:218][  0]LogRHI: Texture pool is 4236 MB (70% of 6052 MB)
[2020.11.06-13.38.39:375][  0]LogD3D11RHI: RHI has support for 64 bit atomics
[2020.11.06-13.38.39:376][  0]LogD3D11RHI: Async texture creation enabled
[2020.11.06-13.38.39:376][  0]LogD3D11RHI: Array index from any shader is supported
[2020.11.06-13.38.40:287][  0]LogD3D11RHI: GPU Timing Frequency: 1000.000000 (Debug: 2 1)
[2020.11.06-13.38.42:422][  0]LogTargetPlatformManager: Display: Loaded TargetPlatform 'AllDesktop'
[2020.11.06-13.38.42:540][  0]LogTargetPlatformManager: Display: Loaded TargetPlatform 'Android'
[2020.11.06-13.38.42:540][  0]LogTargetPlatformManager: Display: Loaded TargetPlatform 'Android_ASTC'
[2020.11.06-13.38.42:540][  0]LogTargetPlatformManager: Display: Loaded TargetPlatform 'Android_DXT'
[2020.11.06-13.38.42:540][  0]LogTargetPlatformManager: Display: Loaded TargetPlatform 'Android_ETC2'
[2020.11.06-13.38.42:540][  0]LogTargetPlatformManager: Display: Loaded TargetPlatform 'AndroidClient'
[2020.11.06-13.38.42:540][  0]LogTargetPlatformManager: Display: Loaded TargetPlatform 'Android_ASTCClient'
[2020.11.06-13.38.42:540][  0]LogTargetPlatformManager: Display: Loaded TargetPlatform 'Android_DXTClient'
[2020.11.06-13.38.42:540][  0]LogTargetPlatformManager: Display: Loaded TargetPlatform 'Android_ETC2Client'
[2020.11.06-13.38.42:540][  0]LogTargetPlatformManager: Display: Loaded TargetPlatform 'Android_Multi'
[2020.11.06-13.38.42:540][  0]LogTargetPlatformManager: Display: Loaded TargetPlatform 'Android_MultiClient'
[2020.11.06-13.38.42:807][  0]LogTargetPlatformManager: Display: Loaded TargetPlatform 'IOSClient'
[2020.11.06-13.38.42:808][  0]LogTargetPlatformManager: Display: Loaded TargetPlatform 'IOS'
[2020.11.06-13.38.42:915][  0]LogTargetPlatformManager: Display: Loaded TargetPlatform 'Linux'
[2020.11.06-13.38.42:988][  0]LogTargetPlatformManager: Display: Loaded TargetPlatform 'LinuxNoEditor'
[2020.11.06-13.38.43:086][  0]LogTargetPlatformManager: Display: Loaded TargetPlatform 'LinuxClient'
[2020.11.06-13.38.43:148][  0]LogTargetPlatformManager: Display: Loaded TargetPlatform 'LinuxServer'
[2020.11.06-13.38.43:237][  0]LogTargetPlatformManager: Display: Loaded TargetPlatform 'LinuxAArch64NoEditor'
[2020.11.06-13.38.43:297][  0]LogTargetPlatformManager: Display: Loaded TargetPlatform 'LinuxAArch64Client'
[2020.11.06-13.38.43:380][  0]LogTargetPlatformManager: Display: Loaded TargetPlatform 'LinuxAArch64Server'
[2020.11.06-13.38.43:547][  0]LogTargetPlatformManager: Display: Loaded TargetPlatform 'Lumin'
[2020.11.06-13.38.43:548][  0]LogTargetPlatformManager: Display: Loaded TargetPlatform 'LuminClient'
[2020.11.06-13.38.43:697][  0]LogTargetPlatformManager: Display: Loaded TargetPlatform 'TVOSClient'
[2020.11.06-13.38.43:697][  0]LogTargetPlatformManager: Display: Loaded TargetPlatform 'TVOS'
[2020.11.06-13.38.43:802][  0]LogTargetPlatformManager: Display: Loaded TargetPlatform 'WindowsNoEditor'
[2020.11.06-13.38.43:865][  0]LogTargetPlatformManager: Display: Loaded TargetPlatform 'Windows'
[2020.11.06-13.38.43:937][  0]LogTargetPlatformManager: Display: Loaded TargetPlatform 'WindowsClient'
[2020.11.06-13.38.43:993][  0]LogTargetPlatformManager: Display: Loaded TargetPlatform 'WindowsServer'
[2020.11.06-13.38.43:994][  0]LogTargetPlatformManager: Display: Building Assets For Windows
[2020.11.06-13.38.44:388][  0]LogAudioDebug: Display: Lib vorbis DLL was dynamically loaded.
[2020.11.06-13.38.46:796][  0]LogShaderCompilers: Guid format shader working directory is -15 characters bigger than the processId version (C:/Users/Garfield/Documents/GitHub/BattleChess/BattleChess_Game/Intermediate/Shaders/WorkingDirectory/10940/).
[2020.11.06-13.38.46:797][  0]LogShaderCompilers: Cleaned the shader compiler working directory 'C:/Users/Garfield/AppData/Local/Temp/UnrealShaderWorkingDir/1897F1094E9BA400EA3EE4A9AEEF7C8B/'.
[2020.11.06-13.38.46:831][  0]LogXGEController: Cleaning working directory: C:/Users/Garfield/AppData/Local/Temp/UnrealXGEWorkingDir/
[2020.11.06-13.38.46:832][  0]LogXGEController: Cannot use XGE Controller as Incredibuild is not installed on this machine.
[2020.11.06-13.38.46:833][  0]LogShaderCompilers: Cannot use XGE Shader Compiler as Incredibuild is not installed on this machine.
[2020.11.06-13.38.46:833][  0]LogShaderCompilers: Display: Using Local Shader Compiler.
[2020.11.06-13.39.02:595][  0]LogDerivedDataCache: Display: Max Cache Size: 512 MB
[2020.11.06-13.39.03:955][  0]LogDerivedDataCache: Loaded boot cache 1.34s 75MB C:/Users/Garfield/AppData/Local/UnrealEngine/4.25/DerivedDataCache/Boot.ddc.
[2020.11.06-13.39.03:955][  0]LogDerivedDataCache: Display: Loaded Boot cache: C:/Users/Garfield/AppData/Local/UnrealEngine/4.25/DerivedDataCache/Boot.ddc
[2020.11.06-13.39.03:956][  0]LogDerivedDataCache: FDerivedDataBackendGraph:  Pak pak cache file C:/Users/Garfield/Documents/GitHub/BattleChess/BattleChess_Game/DerivedDataCache/DDC.ddp not found, will not use a pak cache.
[2020.11.06-13.39.03:956][  0]LogDerivedDataCache: Unable to find inner node Pak for hierarchical cache Hierarchy.
[2020.11.06-13.39.03:956][  0]LogDerivedDataCache: FDerivedDataBackendGraph:  CompressedPak pak cache file C:/Users/Garfield/Documents/GitHub/BattleChess/BattleChess_Game/DerivedDataCache/Compressed.ddp not found, will not use a pak cache.
[2020.11.06-13.39.03:956][  0]LogDerivedDataCache: Unable to find inner node CompressedPak for hierarchical cache Hierarchy.
[2020.11.06-13.39.04:116][  0]LogDerivedDataCache: Display: Pak cache opened for reading ../../../Engine/DerivedDataCache/Compressed.ddp.
[2020.11.06-13.39.04:117][  0]LogDerivedDataCache: FDerivedDataBackendGraph:  EnterprisePak pak cache file ../../../Enterprise/DerivedDataCache/Compressed.ddp not found, will not use a pak cache.
[2020.11.06-13.39.04:117][  0]LogDerivedDataCache: Unable to find inner node EnterprisePak for hierarchical cache Hierarchy.
[2020.11.06-13.39.04:124][  0]LogDerivedDataCache: Using Local data cache path C:/Users/Garfield/AppData/Local/UnrealEngine/Common/DerivedDataCache: Writable
[2020.11.06-13.39.04:124][  0]LogDerivedDataCache: Shared data cache path not found in *engine.ini, will not use an Shared cache.
[2020.11.06-13.39.04:124][  0]LogDerivedDataCache: Unable to find inner node Shared for hierarchical cache Hierarchy.
[2020.11.06-13.39.04:429][  0]LogSlate: Using FreeType 2.10.0
[2020.11.06-13.39.04:624][  0]LogSlate: SlateFontServices - WITH_FREETYPE: 1, WITH_HARFBUZZ: 1
[2020.11.06-13.39.07:251][  0]LogAssetRegistry: FAssetRegistry took 0.0383 seconds to start up
[2020.11.06-13.39.20:035][  0]LogInit: Selected Device Profile: [Windows]
[2020.11.06-13.39.24:399][  0]LogMeshReduction: Using QuadricMeshReduction for automatic static mesh reduction
[2020.11.06-13.39.24:399][  0]LogMeshReduction: Using SimplygonMeshReduction for automatic skeletal mesh reduction
[2020.11.06-13.39.24:399][  0]LogMeshReduction: Using ProxyLODMeshReduction for automatic mesh merging
[2020.11.06-13.39.24:399][  0]LogMeshReduction: No distributed automatic mesh merging module available
[2020.11.06-13.39.24:400][  0]LogMeshMerging: No distributed automatic mesh merging module available
[2020.11.06-13.39.25:489][  0]LogNetVersion: BattleChess_Game 1.0.0, NetCL: 13144385, EngineNetVer: 14, GameNetVer: 0 (Checksum: 631773850)
[2020.11.06-13.39.42:109][  0]LogAISub: UAISubsystem::UAISubsystem AISubsystem (000001642ECB6980), frame # 0
[2020.11.06-13.39.42:109][  0]LogAISub: UAISubsystem::UAISubsystem AIPerceptionSystem (000001642FB2D1C0), frame # 0
[2020.11.06-13.39.42:124][  0]LogAISub: UAISubsystem::UAISubsystem EnvQueryManager (000001642FB81C00), frame # 0
[2020.11.06-13.39.43:117][  0]LogPackageLocalizationCache: Processed 19 localized package path(s) for 1 prioritized culture(s) in 0.220186 seconds
[2020.11.06-13.39.43:162][  0]LogUObjectArray: 15925 objects as part of root set at end of initial load.
[2020.11.06-13.39.43:163][  0]LogUObjectAllocator: 3977056 out of 0 bytes used by permanent object pool.
[2020.11.06-13.39.43:163][  0]LogUObjectArray: CloseDisregardForGC: 0/0 objects in disregard for GC pool
[2020.11.06-13.39.55:226][  0]LogTcpMessaging: Initializing TcpMessaging bridge
[2020.11.06-13.39.55:334][  0]LogUdpMessaging: Initializing bridge on interface 0.0.0.0:0 to multicast group 230.0.0.1:6666.
[2020.11.06-13.39.56:509][  0]LogLinker: Warning: Failed to load '/Game/FirstPersonBP/FirstPersonOverview': Can't find file.
[2020.11.06-13.39.56:539][  0]LogLinker: Warning: Failed to load '/Game/FirstPersonBP/FirstPersonOverview': Can't find file.
[2020.11.06-13.39.56:539][  0]LogUObjectGlobals: Warning: Failed to find object 'Class /Game/FirstPersonBP/FirstPersonOverview.FirstPersonOverview_C'
[2020.11.06-13.39.57:629][  0]SourceControl: Source control is disabled
[2020.11.06-13.39.57:666][  0]SourceControl: Source control is disabled
[2020.11.06-13.39.57:811][  0]SourceControl: Source control is disabled
[2020.11.06-13.39.57:987][  0]SourceControl: Source control is disabled
[2020.11.06-13.39.58:153][  0]SourceControl: Source control is disabled
[2020.11.06-13.40.06:113][  0]LogAndroidPermission: UAndroidPermissionCallbackProxy::GetInstance
[2020.11.06-13.40.06:486][  0]LogAudioCaptureCore: Display: No Audio Capture implementations found. Audio input will be silent.
[2020.11.06-13.40.06:486][  0]LogAudioCaptureCore: Display: No Audio Capture implementations found. Audio input will be silent.
[2020.11.06-13.40.07:456][  0]LogOcInput: OculusInput pre-init called
[2020.11.06-13.40.07:609][  0]LogWindows: Failed to load 'OVRPlugin.dll' (GetLastError=126)
[2020.11.06-13.40.07:610][  0]LogWindows: File 'OVRPlugin.dll' does not exist
[2020.11.06-13.40.10:440][  0]LogEngine: Initializing Engine...
[2020.11.06-13.40.10:551][  0]LogHMD: Failed to initialize OpenVR with code 110
[2020.11.06-13.40.10:569][  0]LogMagicLeap: Warning: VR disabled because ZI is not enabled.  To enable, in the editor, Edit -> Project Settings -> Plugins -> Magic Leap Plugin -> Enable Zero Iteration
[2020.11.06-13.40.10:640][  0]LogStats: UGameplayTagsManager::InitializeManager -  0.014 s
[2020.11.06-13.40.11:316][  0]LogInit: Initializing FReadOnlyCVARCache
[2020.11.06-13.40.12:140][  0]LogAIModule: Creating AISystem for world Untitled
[2020.11.06-13.40.12:140][  0]LogAISub: UAISubsystem::UAISubsystem EnvQueryManager (000001643469FC00), frame # 0
[2020.11.06-13.40.12:140][  0]LogAISub: UAISubsystem::UAISubsystem AIPerceptionSystem (0000016434719300), frame # 0
[2020.11.06-13.40.12:359][  0]LogAudioMixer: Display: Audio Mixer Platform Settings:
[2020.11.06-13.40.12:359][  0]LogAudioMixer: Display: 	Sample Rate:						  48000
[2020.11.06-13.40.12:359][  0]LogAudioMixer: Display: 	Callback Buffer Frame Size Requested: 1024
[2020.11.06-13.40.12:359][  0]LogAudioMixer: Display: 	Callback Buffer Frame Size To Use:	  1024
[2020.11.06-13.40.12:359][  0]LogAudioMixer: Display: 	Number of buffers to queue:			  2
[2020.11.06-13.40.12:359][  0]LogAudioMixer: Display: 	Max Channels (voices):				  32
[2020.11.06-13.40.12:359][  0]LogAudioMixer: Display: 	Number of Async Source Workers:		  0
[2020.11.06-13.40.12:359][  0]LogAudio: Display: AudioDevice MaxSources: 32
[2020.11.06-13.40.12:362][  0]LogAudio: Display: Using built-in audio occlusion.
[2020.11.06-13.40.12:363][  0]LogAudioMixer: Display: Initializing audio mixer.
[2020.11.06-13.40.12:670][  0]LogAudioMixer: Display: 0: FrontLeft
[2020.11.06-13.40.12:670][  0]LogAudioMixer: Display: 1: FrontRight
[2020.11.06-13.40.12:718][  0]LogAudioMixer: Display: Using Audio Device Speakers (Realtek High Definition Audio)
[2020.11.06-13.40.12:742][  0]LogAudioMixer: Display: Initializing Sound Submixes...
[2020.11.06-13.40.12:744][  0]LogAudioMixer: Display: Creating Master Submix 'MasterSubmixDefault'
[2020.11.06-13.40.12:780][  0]LogAudioMixer: Display: Creating Master Submix 'MasterReverbSubmixDefault'
[2020.11.06-13.40.12:784][  0]LogAudioMixer: Display: Creating Master Submix 'MasterEQSubmixDefault'
[2020.11.06-13.40.12:786][  0]LogInit: FAudioDevice initialized.
[2020.11.06-13.40.12:858][  0]LogNetVersion: Set ProjectVersion to 1.0.0.0. Version Checksum will be recalculated on next use.
[2020.11.06-13.40.13:218][  0]LogDerivedDataCache: Saved boot cache 0.36s 75MB C:/Users/Garfield/AppData/Local/UnrealEngine/4.25/DerivedDataCache/Boot.ddc.
[2020.11.06-13.40.13:224][  0]LogInit: Texture streaming: Enabled
[2020.11.06-13.40.13:531][  0]LogEngineSessionManager: EngineSessionManager initialized
[2020.11.06-13.40.13:531][  0]LogEditorSessionSummary: Verbose: Initializing EditorSessionSummaryWriter for editor session tracking
[2020.11.06-13.40.13:701][  0]LogEditorSessionSummary: EditorSessionSummaryWriter initialized
[2020.11.06-13.40.15:620][  0]LogInit: Transaction tracking system initialized
[2020.11.06-13.40.17:710][  0]BlueprintLog: New page: Editor Load
[2020.11.06-13.40.21:294][  0]LocalizationService: Localization service is disabled
[2020.11.06-13.40.33:387][  0]LogFileCache: Scanning file cache for directory 'C:/Users/Garfield/Documents/GitHub/BattleChess/BattleChess_Game/Content/' took 0.12s
[2020.11.06-13.40.33:388][  0]LogCook: Display: Max memory allowance for cook 16384mb min free memory 0mb
[2020.11.06-13.40.33:389][  0]LogCook: Display: Mobile HDR setting 1
[2020.11.06-13.40.47:055][  0]SourceControl: Source control is disabled
[2020.11.06-13.40.47:124][  0]LogUnrealEdMisc: Loading editor; pre map load, took 190.323
[2020.11.06-13.40.47:454][  0]Cmd: MAP LOAD FILE="C:/Users/Garfield/Documents/GitHub/BattleChess/BattleChess_Game/Content/Maps/MainMenu.umap" TEMPLATE=0 SHOWPROGRESS=1 FEATURELEVEL=3
[2020.11.06-13.40.47:557][  0]LightingResults: New page: Lighting Build
[2020.11.06-13.40.48:189][  0]LogWorld: UWorld::CleanupWorld for Untitled, bSessionEnded=true, bCleanupResources=true
[2020.11.06-13.40.48:292][  0]LogSlate: InvalidateAllWidgets triggered.  All widgets were invalidated
[2020.11.06-13.40.48:477][  0]MapCheck: New page: Map Check
[2020.11.06-13.40.48:477][  0]LightingResults: New page: Lighting Build
[2020.11.06-13.40.51:242][  0]LogAISub: UAISubsystem::~UAISubsystem EnvQueryManager (000001643469FC00), frame # 0
[2020.11.06-13.40.51:254][  0]LogAISub: UAISubsystem::~UAISubsystem AIPerceptionSystem (0000016434719300), frame # 0
[2020.11.06-13.40.51:286][  0]LogUObjectHash: Compacting FUObjectHashTables data took   0.70ms
[2020.11.06-13.40.54:426][  0]LogAIModule: Creating AISystem for world MainMenu
[2020.11.06-13.40.54:426][  0]LogAISub: UAISubsystem::UAISubsystem EnvQueryManager (0000016426A7A600), frame # 0
[2020.11.06-13.40.54:426][  0]LogAISub: UAISubsystem::UAISubsystem AIPerceptionSystem (0000016426B74400), frame # 0
[2020.11.06-13.40.54:783][  0]LogEditorServer: Finished looking for orphan Actors (0.000 secs)
[2020.11.06-13.40.55:206][  0]LogUObjectHash: Compacting FUObjectHashTables data took   0.73ms
[2020.11.06-13.40.55:231][  0]Cmd: MAP CHECKDEP NOCLEARLOG
[2020.11.06-13.40.55:232][  0]MapCheck: Map check complete: 0 Error(s), 0 Warning(s), took 0.852ms to complete.
[2020.11.06-13.40.55:233][  0]LogFileHelpers: Loading map 'MainMenu' took 8.057
[2020.11.06-13.40.59:307][  0]LogUnrealEdMisc: Total Editor Startup Time, took 202.505
[2020.11.06-13.41.01:864][  0]LogSlate: Updating window title bar state: overlay mode, drag disabled, window buttons hidden, title bar hidden
[2020.11.06-13.41.01:888][  0]LogSlate: Updating window title bar state: overlay mode, drag disabled, window buttons hidden, title bar hidden
[2020.11.06-13.41.01:899][  0]LogSlate: Updating window title bar state: overlay mode, drag disabled, window buttons hidden, title bar hidden
[2020.11.06-13.41.01:911][  0]LogSlate: Updating window title bar state: overlay mode, drag disabled, window buttons hidden, title bar hidden
[2020.11.06-13.41.03:185][  0]LogCollectionManager: Loaded 0 collections in 0.988998 seconds
[2020.11.06-13.41.03:761][  0]LogFileCache: Scanning file cache for directory 'C:/Users/Garfield/Documents/GitHub/BattleChess/BattleChess_Game/Saved/Collections/' took 0.00s
[2020.11.06-13.41.03:761][  0]LogFileCache: Scanning file cache for directory 'C:/Users/Garfield/Documents/GitHub/BattleChess/BattleChess_Game/Content/Developers/Garfield/Collections/' took 0.00s
[2020.11.06-13.41.03:761][  0]LogFileCache: Scanning file cache for directory 'C:/Users/Garfield/Documents/GitHub/BattleChess/BattleChess_Game/Content/Collections/' took 0.00s
[2020.11.06-13.41.03:761][  0]LogContentBrowser: Native class hierarchy populated in 0.0116 seconds. Added 3430 classes and 825 folders.
[2020.11.06-13.41.04:142][  0]LogContentBrowser: Native class hierarchy updated for 'WidgetCarousel' in 0.0003 seconds. Added 0 classes and 0 folders.
[2020.11.06-13.41.08:464][  0]LogContentBrowser: Native class hierarchy updated for 'AddContentDialog' in 0.0003 seconds. Added 0 classes and 0 folders.
[2020.11.06-13.41.08:740][  0]LogContentBrowser: Native class hierarchy updated for 'SceneOutliner' in 0.0003 seconds. Added 2 classes and 0 folders.
[2020.11.06-13.41.12:780][  0]LogSlate: Took 0.063478 seconds to synchronously load lazily loaded font '../../../Engine/Content/Slate/Fonts/Roboto-Regular.ttf' (155K)
[2020.11.06-13.41.12:876][  0]LogSlate: Took 0.062934 seconds to synchronously load lazily loaded font '../../../Engine/Content/Slate/Fonts/Roboto-Bold.ttf' (160K)
[2020.11.06-13.41.13:257][  0]LogSlate: Took 0.062541 seconds to synchronously load lazily loaded font '../../../Engine/Content/Editor/Slate/Fonts/FontAwesome.ttf' (139K)
[2020.11.06-13.41.15:217][  0]LogRenderer: Reallocating scene render targets to support 964x432 Format 10 NumSamples 1 (Frame:1).
[2020.11.06-13.41.17:471][  0]LogContentBrowser: Native class hierarchy updated for 'HierarchicalLODOutliner' in 0.0003 seconds. Added 0 classes and 0 folders.
[2020.11.06-13.41.17:471][  0]LogLoad: (Engine Initialization) Total time: 220.67 seconds
[2020.11.06-13.41.17:471][  0]LogLoad: (Engine Initialization) Total Blueprint compile time: 0.00 seconds
[2020.11.06-13.41.18:844][  0]LogContentStreaming: Texture pool size now 1000 MB
[2020.11.06-13.41.19:651][  1]LogAssetRegistry: Asset discovery search completed in 132.4193 seconds
[2020.11.06-13.41.19:747][  1]LogCollectionManager: Fixed up redirectors for 0 collections in 0.000211 seconds (updated 0 objects)
[2020.11.06-13.41.20:086][  1]LogSlate: Took 0.049845 seconds to synchronously load lazily loaded font '../../../Engine/Content/Slate/Fonts/Roboto-Light.ttf' (167K)
[2020.11.06-13.41.22:229][  8]LogAudioMixer: Display: Audio Buffer Underrun detected.
[2020.11.06-13.41.58:653][762]LogSlate: Took 0.000206 seconds to synchronously load lazily loaded font '../../../Engine/Content/Slate/Fonts/Roboto-Light.ttf' (167K)
[2020.11.06-13.41.58:698][762]LogAssetEditorSubsystem: Opening Asset editor for AnimBlueprint /Game/Mannequin/Animations/ThirdPerson_AnimBP.ThirdPerson_AnimBP
[2020.11.06-13.41.59:996][762]LogContentBrowser: Native class hierarchy updated for 'SkeletonEditor' in 0.0004 seconds. Added 1 classes and 2 folders.
[2020.11.06-13.42.02:205][762]LogActorComponent: RegisterComponentWithWorld: (/Engine/Transient.World_1:PersistentLevel.AnimationEditorPreviewActor_0.DebugSkelMeshComponent_0) Already registered. Aborting.
[2020.11.06-13.42.03:011][762]LogContentBrowser: Native class hierarchy updated for 'PinnedCommandList' in 0.0004 seconds. Added 1 classes and 0 folders.
[2020.11.06-13.42.04:769][762]LogContentBrowser: Native class hierarchy updated for 'BlueprintGraph' in 0.0006 seconds. Added 125 classes and 0 folders.
[2020.11.06-13.42.08:768][762]LogSkeletalMesh: USkeletalMeshComponent::InitArticulated : Bodies already created (/Engine/Transient.World_1:PersistentLevel.AnimationEditorPreviewActor_0.DebugSkelMeshComponent_0) - call TermArticulated first.
[2020.11.06-13.42.13:209][762]LogSlate: Took 0.050806 seconds to synchronously load lazily loaded font '../../../Engine/Content/Slate/Fonts/Roboto-BoldCondensed.ttf' (158K)
[2020.11.06-13.42.36:004][550]LogTexture: Display: Building textures: maria_specular (AutoDXT, 2048X2048)
[2020.11.06-13.42.36:004][550]LogTexture: Display: Building textures: maria_normal (BC5, 2048X2048)
[2020.11.06-13.42.39:110][550]LogTexture: Display: Building textures: maria_diffuse (AutoDXT, 2048X2048)
[2020.11.06-13.42.39:110][550]LogAnimationCompression: Building Anim DDC data for AnimSequence /Game/ThirdPersonBP/Maria_Character/Animations/Idle.Idle
[2020.11.06-13.42.39:111][550]LogMaterial: Display: Missing cached shader map for material MariaMat_ncl1_1, compiling. 
[2020.11.06-13.42.39:696][550]LogMaterial: Display: Missing cached shader map for material MariaMat, compiling. 
[2020.11.06-13.42.39:800][550]LogShaderCompilers: Display: Worker (1/5): shaders left to compile 39
[2020.11.06-13.42.39:800][550]LogShaderCompilers: Display: Worker (2/5): shaders left to compile 29
[2020.11.06-13.42.39:800][550]LogShaderCompilers: Display: Worker (3/5): shaders left to compile 19
[2020.11.06-13.42.39:800][550]LogShaderCompilers: Display: Worker (4/5): shaders left to compile 9
[2020.11.06-13.42.39:800][550]LogSkeletalMesh: Building Skeletal Mesh maria...
[2020.11.06-13.42.40:799][550]LogSkeletalMesh: Section 0: 9625 vertices, 52 active bones
[2020.11.06-13.42.40:799][550]LogSkeletalMesh: Section 1: 96 vertices, 1 active bones
[2020.11.06-13.42.40:800][550]LogSkeletalMesh: Section 0: Material=0, 14566 triangles
[2020.11.06-13.42.40:801][550]LogSkeletalMesh: Section 1: Material=1, 80 triangles
[2020.11.06-13.42.41:037][550]LogSkeletalMesh: Built Skeletal Mesh [1.29s] /Game/ThirdPersonBP/Maria_Character/maria.maria
[2020.11.06-13.42.41:042][550]LogAnimationCompression: Building Anim DDC data for AnimSequence /Game/ThirdPersonBP/Maria_Character/Animations/Walking_Arc_Left.Walking_Arc_Left
[2020.11.06-13.42.41:042][550]LogAnimationCompression: Building Anim DDC data for AnimSequence /Game/ThirdPersonBP/Maria_Character/Animations/Great_Sword_Run.Great_Sword_Run
[2020.11.06-13.42.41:786][550]LogAssetEditorSubsystem: Opening Asset editor for World /Game/Maps/AreanaTest.AreanaTest
[2020.11.06-13.42.42:325][550]LogUObjectHash: Compacting FUObjectHashTables data took   3.68ms
[2020.11.06-13.42.42:336][550]Cmd: MAP LOAD FILE="C:/Users/Garfield/Documents/GitHub/BattleChess/BattleChess_Game/Content/Maps/AreanaTest.umap" TEMPLATE=0 SHOWPROGRESS=1 FEATURELEVEL=3
[2020.11.06-13.42.42:337][550]LightingResults: New page: Lighting Build
[2020.11.06-13.42.42:337][550]LoadErrors: New page: Loading map: AreanaTest.umap
[2020.11.06-13.42.42:399][550]LogWorld: UWorld::CleanupWorld for MainMenu, bSessionEnded=true, bCleanupResources=true
[2020.11.06-13.42.42:478][550]LogSlate: InvalidateAllWidgets triggered.  All widgets were invalidated
[2020.11.06-13.42.42:478][550]MapCheck: New page: Map Check
[2020.11.06-13.42.42:478][550]LightingResults: New page: Lighting Build
[2020.11.06-13.42.42:661][550]LogAISub: UAISubsystem::~UAISubsystem EnvQueryManager (0000016426A7A600), frame # 1550
[2020.11.06-13.42.42:662][550]LogAISub: UAISubsystem::~UAISubsystem AIPerceptionSystem (0000016426B74400), frame # 1550
[2020.11.06-13.42.42:665][550]LogUObjectHash: Compacting FUObjectHashTables data took   3.02ms
[2020.11.06-13.42.43:204][550]LogEditorServer: Finished looking for orphan Actors (0.000 secs)
[2020.11.06-13.42.43:204][550]LogAIModule: Creating AISystem for world AreanaTest
[2020.11.06-13.42.43:205][550]LogAISub: UAISubsystem::UAISubsystem EnvQueryManager (000001649C55F000), frame # 1550
[2020.11.06-13.42.43:226][550]LogAISub: UAISubsystem::UAISubsystem AIPerceptionSystem (000001649F7CE340), frame # 1550
[2020.11.06-13.42.43:366][550]LogUObjectHash: Compacting FUObjectHashTables data took   2.76ms
[2020.11.06-13.42.43:400][550]Cmd: MAP CHECKDEP NOCLEARLOG
[2020.11.06-13.42.43:400][550]MapCheck: Map check complete: 0 Error(s), 0 Warning(s), took 0.191ms to complete.
[2020.11.06-13.42.43:400][550]LogFileHelpers: Loading map 'AreanaTest' took 1.065
[2020.11.06-13.42.47:725][679]LogAssetEditorSubsystem: Opening Asset editor for World /Game/Maps/Capture_01.Capture_01
[2020.11.06-13.42.47:745][679]LogUObjectHash: Compacting FUObjectHashTables data took   0.89ms
[2020.11.06-13.42.47:747][679]Cmd: MAP LOAD FILE="C:/Users/Garfield/Documents/GitHub/BattleChess/BattleChess_Game/Content/Maps/Capture_01.umap" TEMPLATE=0 SHOWPROGRESS=1 FEATURELEVEL=3
[2020.11.06-13.42.47:747][679]LightingResults: New page: Lighting Build
[2020.11.06-13.42.47:747][679]LoadErrors: New page: Loading map: Capture_01.umap
[2020.11.06-13.42.47:799][679]LogWorld: UWorld::CleanupWorld for AreanaTest, bSessionEnded=true, bCleanupResources=true
[2020.11.06-13.42.47:799][679]LogSlate: InvalidateAllWidgets triggered.  All widgets were invalidated
[2020.11.06-13.42.47:799][679]MapCheck: New page: Map Check
[2020.11.06-13.42.47:799][679]LightingResults: New page: Lighting Build
[2020.11.06-13.42.47:900][679]LogAISub: UAISubsystem::~UAISubsystem AIPerceptionSystem (000001649F7CE340), frame # 1679
[2020.11.06-13.42.47:900][679]LogAISub: UAISubsystem::~UAISubsystem EnvQueryManager (000001649C55F000), frame # 1679
[2020.11.06-13.42.47:955][679]LogUObjectHash: Compacting FUObjectHashTables data took   1.62ms
[2020.11.06-13.42.48:288][679]LogEditorServer: Finished looking for orphan Actors (0.000 secs)
[2020.11.06-13.42.48:288][679]LogAIModule: Creating AISystem for world Capture_01
[2020.11.06-13.42.48:288][679]LogAISub: UAISubsystem::UAISubsystem EnvQueryManager (00000164879AC400), frame # 1679
[2020.11.06-13.42.48:288][679]LogAISub: UAISubsystem::UAISubsystem AIPerceptionSystem (000001649C542340), frame # 1679
[2020.11.06-13.42.48:310][679]LogUObjectHash: Compacting FUObjectHashTables data took   1.67ms
[2020.11.06-13.42.48:340][679]Cmd: MAP CHECKDEP NOCLEARLOG
[2020.11.06-13.42.48:340][679]MapCheck: Map check complete: 0 Error(s), 0 Warning(s), took 0.116ms to complete.
[2020.11.06-13.42.48:340][679]LogFileHelpers: Loading map 'Capture_01' took 0.593
[2020.11.06-13.43.04:590][194]LogEditorViewport: Clicking on Actor (LMB): PlayerStart (Player Start)
[2020.11.06-13.43.08:506][265]LogShaderCompilers: Display: Worker (4/5): shaders left to compile 39
[2020.11.06-13.43.09:423][286]LogShaderCompilers: Display: Worker (2/5): shaders left to compile 29
[2020.11.06-13.43.12:217][347]LogShaderCompilers: Display: Worker (3/5): shaders left to compile 21
[2020.11.06-13.43.12:629][355]LogShaderCompilers: Display: Worker (1/5): shaders left to compile 15
[2020.11.06-13.43.20:092][541]LogShaderCompilers: Display: Worker (1/5): shaders left to compile 11
[2020.11.06-13.43.21:596][546]LogShaderCompilers: Display: Worker (3/5): shaders left to compile 8
[2020.11.06-13.43.27:305][581]LogShaderCompilers: Display: Worker (2/5): shaders left to compile 5
[2020.11.06-13.43.27:400][582]LogShaderCompilers: Display: Worker (1/5): shaders left to compile 3
[2020.11.06-13.43.28:109][598]LogShaderCompilers: Display: Worker (1/5): shaders left to compile 2
[2020.11.06-13.43.28:364][604]LogShaderCompilers: Display: Worker (4/5): shaders left to compile 1
[2020.11.06-13.43.36:991][771]LogSlate: Window 'Create Blueprint From Selection' being destroyed
[2020.11.06-13.44.00:866][295]LogSlate: Window 'Create Blueprint From Selection' being destroyed
[2020.11.06-13.44.06:506][486]LogEditorViewport: Clicking on Actor (LMB): StaticMeshActor (Floor)
[2020.11.06-13.44.07:910][508]LogEditorViewport: Clicking on Actor (LMB): PlayerStart (Player Start)
[2020.11.06-13.44.22:711][ 11]LogAssetEditorSubsystem: Opening Asset editor for World /Game/Maps/AreanaTest.AreanaTest
[2020.11.06-13.44.22:746][ 11]LogUObjectHash: Compacting FUObjectHashTables data took   2.46ms
[2020.11.06-13.44.22:751][ 11]Cmd: MAP LOAD FILE="C:/Users/Garfield/Documents/GitHub/BattleChess/BattleChess_Game/Content/Maps/AreanaTest.umap" TEMPLATE=0 SHOWPROGRESS=1 FEATURELEVEL=3
[2020.11.06-13.44.22:756][ 11]LightingResults: New page: Lighting Build
[2020.11.06-13.44.22:772][ 11]LoadErrors: New page: Loading map: AreanaTest.umap
[2020.11.06-13.44.22:776][ 11]LogWorld: UWorld::CleanupWorld for Capture_01, bSessionEnded=true, bCleanupResources=true
[2020.11.06-13.44.22:777][ 11]LogSlate: InvalidateAllWidgets triggered.  All widgets were invalidated
[2020.11.06-13.44.22:777][ 11]MapCheck: New page: Map Check
[2020.11.06-13.44.22:778][ 11]LightingResults: New page: Lighting Build
[2020.11.06-13.44.22:840][ 11]LogAISub: UAISubsystem::~UAISubsystem AIPerceptionSystem (000001649C542340), frame # 4011
[2020.11.06-13.44.22:841][ 11]LogAISub: UAISubsystem::~UAISubsystem EnvQueryManager (00000164879AC400), frame # 4011
[2020.11.06-13.44.22:843][ 11]LogUObjectHash: Compacting FUObjectHashTables data took   2.38ms
[2020.11.06-13.44.23:132][ 11]LogEditorServer: Finished looking for orphan Actors (0.000 secs)
[2020.11.06-13.44.23:132][ 11]LogAIModule: Creating AISystem for world AreanaTest
[2020.11.06-13.44.23:132][ 11]LogAISub: UAISubsystem::UAISubsystem EnvQueryManager (00000164BDEC9C00), frame # 4011
[2020.11.06-13.44.23:132][ 11]LogAISub: UAISubsystem::UAISubsystem AIPerceptionSystem (000001643984B9C0), frame # 4011
[2020.11.06-13.44.23:168][ 11]LogUObjectHash: Compacting FUObjectHashTables data took   3.75ms
[2020.11.06-13.44.23:203][ 11]Cmd: MAP CHECKDEP NOCLEARLOG
[2020.11.06-13.44.23:204][ 11]MapCheck: Map check complete: 0 Error(s), 0 Warning(s), took 0.131ms to complete.
[2020.11.06-13.44.23:204][ 11]LogFileHelpers: Loading map 'AreanaTest' took 0.452
[2020.11.06-13.44.26:853][152]LogEditorViewport: Clicking on Actor (LMB): StaticMeshActor (Floor)
[2020.11.06-13.44.27:475][187]LogEditorViewport: Clicking on Actor (LMB): StaticMeshActor (Floor)
[2020.11.06-13.44.28:232][232]LogEditorViewport: Clicking on Actor (LMB): PlayerStart (NetworkPlayerStart5)
[2020.11.06-13.44.33:379][521]LogEditorViewport: Clicking on Actor (LMB): ThirdPersonCharacter_C (ThirdPersonCharacter)
[2020.11.06-13.44.34:495][522]LogEditorViewport: Clicking on Actor (LMB): ThirdPersonCharacter_C (ThirdPersonCharacter)
[2020.11.06-13.44.54:997][148]LogAssetEditorSubsystem: Opening Asset editor for Blueprint /Game/ThirdPersonBP/Blueprints/ThirdPersonCharacter.ThirdPersonCharacter
[2020.11.06-13.44.56:874][149]LogSlate: Took 0.037830 seconds to synchronously load lazily loaded font '../../../Engine/Content/Slate/Fonts/Roboto-Italic.ttf' (157K)
[2020.11.06-13.45.50:735][640]LogSavePackage: Moving 'C:/Users/Garfield/Documents/GitHub/BattleChess/BattleChess_Game/Saved/ThirdPersonCharacterC08D694643204D174AB2FB8C295D6599.tmp' to 'C:/Users/Garfield/Documents/GitHub/BattleChess/BattleChess_Game/Content/ThirdPersonBP/Blueprints/ThirdPersonCharacter.uasset'
[2020.11.06-13.45.50:842][640]AssetCheck: New page: Asset Save: ThirdPersonCharacter
[2020.11.06-13.45.50:842][640]LogContentValidation: Display: Validating Blueprint /Game/ThirdPersonBP/Blueprints/ThirdPersonCharacter.ThirdPersonCharacter
[2020.11.06-13.47.09:774][901]LogSavePackage: Moving 'C:/Users/Garfield/Documents/GitHub/BattleChess/BattleChess_Game/Saved/ThirdPersonCharacter8D17D38740F374B7F884CBB6AB479B2C.tmp' to 'C:/Users/Garfield/Documents/GitHub/BattleChess/BattleChess_Game/Content/ThirdPersonBP/Blueprints/ThirdPersonCharacter.uasset'
[2020.11.06-13.47.09:829][901]AssetCheck: New page: Asset Save: ThirdPersonCharacter
[2020.11.06-13.47.09:830][901]LogContentValidation: Display: Validating Blueprint /Game/ThirdPersonBP/Blueprints/ThirdPersonCharacter.ThirdPersonCharacter
[2020.11.06-13.47.29:679][109]LogSavePackage: Moving 'C:/Users/Garfield/Documents/GitHub/BattleChess/BattleChess_Game/Saved/ThirdPersonCharacterC6BBF19B4E44B6824D9AEF87939803A5.tmp' to 'C:/Users/Garfield/Documents/GitHub/BattleChess/BattleChess_Game/Content/ThirdPersonBP/Blueprints/ThirdPersonCharacter.uasset'
[2020.11.06-13.47.29:710][109]AssetCheck: New page: Asset Save: ThirdPersonCharacter
[2020.11.06-13.47.29:710][109]LogContentValidation: Display: Validating Blueprint /Game/ThirdPersonBP/Blueprints/ThirdPersonCharacter.ThirdPersonCharacter
[2020.11.06-13.47.32:067][150]LogSavePackage: Moving 'C:/Users/Garfield/Documents/GitHub/BattleChess/BattleChess_Game/Saved/ThirdPersonCharacter274C5C02479E895A458F819FF33CD57D.tmp' to 'C:/Users/Garfield/Documents/GitHub/BattleChess/BattleChess_Game/Content/ThirdPersonBP/Blueprints/ThirdPersonCharacter.uasset'
[2020.11.06-13.47.32:102][150]AssetCheck: New page: Asset Save: ThirdPersonCharacter
[2020.11.06-13.47.32:102][150]LogContentValidation: Display: Validating Blueprint /Game/ThirdPersonBP/Blueprints/ThirdPersonCharacter.ThirdPersonCharacter
[2020.11.06-13.47.34:107][183]BlueprintLog: New page: Compile ThirdPersonCharacter
[2020.11.06-13.47.34:691][183]LogUObjectHash: Compacting FUObjectHashTables data took   3.10ms
[2020.11.06-13.47.55:126][527]LogSavePackage: Moving 'C:/Users/Garfield/Documents/GitHub/BattleChess/BattleChess_Game/Saved/ThirdPersonCharacterF8DC6546430851779ACF55ABFDD3C6F6.tmp' to 'C:/Users/Garfield/Documents/GitHub/BattleChess/BattleChess_Game/Content/ThirdPersonBP/Blueprints/ThirdPersonCharacter.uasset'
[2020.11.06-13.47.55:147][527]AssetCheck: New page: Asset Save: ThirdPersonCharacter
[2020.11.06-13.47.55:147][527]LogContentValidation: Display: Validating Blueprint /Game/ThirdPersonBP/Blueprints/ThirdPersonCharacter.ThirdPersonCharacter
[2020.11.06-13.48.31:153][910]LogSavePackage: Moving 'C:/Users/Garfield/Documents/GitHub/BattleChess/BattleChess_Game/Saved/ThirdPersonCharacter318BC6FA456DD522CDC8828B209E3DA2.tmp' to 'C:/Users/Garfield/Documents/GitHub/BattleChess/BattleChess_Game/Content/ThirdPersonBP/Blueprints/ThirdPersonCharacter.uasset'
[2020.11.06-13.48.31:190][910]AssetCheck: New page: Asset Save: ThirdPersonCharacter
[2020.11.06-13.48.31:190][910]LogContentValidation: Display: Validating Blueprint /Game/ThirdPersonBP/Blueprints/ThirdPersonCharacter.ThirdPersonCharacter
[2020.11.06-13.48.43:939][160]LogSavePackage: Moving 'C:/Users/Garfield/Documents/GitHub/BattleChess/BattleChess_Game/Saved/ThirdPersonCharacterA45A0A1A4E99C68BF846BDB1790DE18A.tmp' to 'C:/Users/Garfield/Documents/GitHub/BattleChess/BattleChess_Game/Content/ThirdPersonBP/Blueprints/ThirdPersonCharacter.uasset'
[2020.11.06-13.48.43:955][160]AssetCheck: New page: Asset Save: ThirdPersonCharacter
[2020.11.06-13.48.43:955][160]LogContentValidation: Display: Validating Blueprint /Game/ThirdPersonBP/Blueprints/ThirdPersonCharacter.ThirdPersonCharacter
[2020.11.06-13.48.54:934][336]LogSavePackage: Moving 'C:/Users/Garfield/Documents/GitHub/BattleChess/BattleChess_Game/Saved/ThirdPersonCharacterE52EDE2540F89A24DD6469B699FA5C3F.tmp' to 'C:/Users/Garfield/Documents/GitHub/BattleChess/BattleChess_Game/Content/ThirdPersonBP/Blueprints/ThirdPersonCharacter.uasset'
[2020.11.06-13.48.54:976][336]AssetCheck: New page: Asset Save: ThirdPersonCharacter
[2020.11.06-13.48.54:976][336]LogContentValidation: Display: Validating Blueprint /Game/ThirdPersonBP/Blueprints/ThirdPersonCharacter.ThirdPersonCharacter
[2020.11.06-13.49.08:094][472]LogSavePackage: Moving 'C:/Users/Garfield/Documents/GitHub/BattleChess/BattleChess_Game/Saved/ThirdPersonCharacter12357C164DAE6FEC0308A6BD8560B513.tmp' to 'C:/Users/Garfield/Documents/GitHub/BattleChess/BattleChess_Game/Content/ThirdPersonBP/Blueprints/ThirdPersonCharacter.uasset'
[2020.11.06-13.49.08:132][472]AssetCheck: New page: Asset Save: ThirdPersonCharacter
[2020.11.06-13.49.08:132][472]LogContentValidation: Display: Validating Blueprint /Game/ThirdPersonBP/Blueprints/ThirdPersonCharacter.ThirdPersonCharacter
[2020.11.06-13.49.28:860][804]LogSavePackage: Moving 'C:/Users/Garfield/Documents/GitHub/BattleChess/BattleChess_Game/Saved/ThirdPersonCharacterA2EF3E0F41C0FCA1C6A33CBB08FAED29.tmp' to 'C:/Users/Garfield/Documents/GitHub/BattleChess/BattleChess_Game/Content/ThirdPersonBP/Blueprints/ThirdPersonCharacter.uasset'
[2020.11.06-13.49.28:876][804]AssetCheck: New page: Asset Save: ThirdPersonCharacter
[2020.11.06-13.49.28:876][804]LogContentValidation: Display: Validating Blueprint /Game/ThirdPersonBP/Blueprints/ThirdPersonCharacter.ThirdPersonCharacter
[2020.11.06-13.49.59:275][ 48]LogSavePackage: Moving 'C:/Users/Garfield/Documents/GitHub/BattleChess/BattleChess_Game/Saved/ThirdPersonCharacter2648044F4429877B49ADADB55D2B7E61.tmp' to 'C:/Users/Garfield/Documents/GitHub/BattleChess/BattleChess_Game/Content/ThirdPersonBP/Blueprints/ThirdPersonCharacter.uasset'
[2020.11.06-13.49.59:320][ 48]AssetCheck: New page: Asset Save: ThirdPersonCharacter
[2020.11.06-13.49.59:320][ 48]LogContentValidation: Display: Validating Blueprint /Game/ThirdPersonBP/Blueprints/ThirdPersonCharacter.ThirdPersonCharacter
[2020.11.06-13.50.35:162][295]LogSavePackage: Moving 'C:/Users/Garfield/Documents/GitHub/BattleChess/BattleChess_Game/Saved/ThirdPersonCharacterFA24CBEF4650A416C37D44B2FA030C87.tmp' to 'C:/Users/Garfield/Documents/GitHub/BattleChess/BattleChess_Game/Content/ThirdPersonBP/Blueprints/ThirdPersonCharacter.uasset'
[2020.11.06-13.50.35:217][295]AssetCheck: New page: Asset Save: ThirdPersonCharacter
[2020.11.06-13.50.35:217][295]LogContentValidation: Display: Validating Blueprint /Game/ThirdPersonBP/Blueprints/ThirdPersonCharacter.ThirdPersonCharacter
[2020.11.06-13.50.52:665][462]LogSavePackage: Moving 'C:/Users/Garfield/Documents/GitHub/BattleChess/BattleChess_Game/Saved/ThirdPersonCharacter25163A234E2A8D08CC24DBB31E341747.tmp' to 'C:/Users/Garfield/Documents/GitHub/BattleChess/BattleChess_Game/Content/ThirdPersonBP/Blueprints/ThirdPersonCharacter.uasset'
[2020.11.06-13.50.52:744][462]AssetCheck: New page: Asset Save: ThirdPersonCharacter
[2020.11.06-13.50.52:745][462]LogContentValidation: Display: Validating Blueprint /Game/ThirdPersonBP/Blueprints/ThirdPersonCharacter.ThirdPersonCharacter
[2020.11.06-13.51.13:708][743]LogSavePackage: Moving 'C:/Users/Garfield/Documents/GitHub/BattleChess/BattleChess_Game/Saved/ThirdPersonCharacterC8D258384689D7007D9DA0B9A4A7C6FB.tmp' to 'C:/Users/Garfield/Documents/GitHub/BattleChess/BattleChess_Game/Content/ThirdPersonBP/Blueprints/ThirdPersonCharacter.uasset'
[2020.11.06-13.51.13:727][743]AssetCheck: New page: Asset Save: ThirdPersonCharacter
[2020.11.06-13.51.13:727][743]LogContentValidation: Display: Validating Blueprint /Game/ThirdPersonBP/Blueprints/ThirdPersonCharacter.ThirdPersonCharacter
[2020.11.06-13.51.32:831][950]LogSavePackage: Moving 'C:/Users/Garfield/Documents/GitHub/BattleChess/BattleChess_Game/Saved/ThirdPersonCharacter799BC2E84A4344819117CE84EEE127BE.tmp' to 'C:/Users/Garfield/Documents/GitHub/BattleChess/BattleChess_Game/Content/ThirdPersonBP/Blueprints/ThirdPersonCharacter.uasset'
[2020.11.06-13.51.32:883][950]AssetCheck: New page: Asset Save: ThirdPersonCharacter
[2020.11.06-13.51.32:883][950]LogContentValidation: Display: Validating Blueprint /Game/ThirdPersonBP/Blueprints/ThirdPersonCharacter.ThirdPersonCharacter
[2020.11.06-13.51.50:092][129]LogSavePackage: Moving 'C:/Users/Garfield/Documents/GitHub/BattleChess/BattleChess_Game/Saved/ThirdPersonCharacter6FB3F33042BBA2747A2582B4D4CC3E0B.tmp' to 'C:/Users/Garfield/Documents/GitHub/BattleChess/BattleChess_Game/Content/ThirdPersonBP/Blueprints/ThirdPersonCharacter.uasset'
[2020.11.06-13.51.50:155][129]AssetCheck: New page: Asset Save: ThirdPersonCharacter
[2020.11.06-13.51.50:155][129]LogContentValidation: Display: Validating Blueprint /Game/ThirdPersonBP/Blueprints/ThirdPersonCharacter.ThirdPersonCharacter
[2020.11.06-13.52.05:635][318]LogSavePackage: Moving 'C:/Users/Garfield/Documents/GitHub/BattleChess/BattleChess_Game/Saved/ThirdPersonCharacterF60A5CDF49CC308D827DE0B2A8881898.tmp' to 'C:/Users/Garfield/Documents/GitHub/BattleChess/BattleChess_Game/Content/ThirdPersonBP/Blueprints/ThirdPersonCharacter.uasset'
[2020.11.06-13.52.05:651][318]AssetCheck: New page: Asset Save: ThirdPersonCharacter
[2020.11.06-13.52.05:651][318]LogContentValidation: Display: Validating Blueprint /Game/ThirdPersonBP/Blueprints/ThirdPersonCharacter.ThirdPersonCharacter
[2020.11.06-13.52.06:078][324]Cmd: OBJ SAVEPACKAGE PACKAGE="/Game/Maps/AreanaTest" FILE="C:/Users/Garfield/Documents/GitHub/BattleChess/BattleChess_Game/Content/Maps/AreanaTest.umap" SILENT=true AUTOSAVING=false KEEPDIRTY=false
[2020.11.06-13.52.06:181][324]LogUObjectHash: Compacting FUObjectHashTables data took   8.09ms
[2020.11.06-13.52.06:395][324]LogSavePackage: Moving 'C:/Users/Garfield/Documents/GitHub/BattleChess/BattleChess_Game/Saved/AreanaTestEAD437624D96280750D1A39DC8790F9C.tmp' to 'C:/Users/Garfield/Documents/GitHub/BattleChess/BattleChess_Game/Content/Maps/AreanaTest.umap'
[2020.11.06-13.52.06:456][324]AssetCheck: New page: Asset Save: AreanaTest
[2020.11.06-13.52.06:456][324]LogContentValidation: Display: Validating World /Game/Maps/AreanaTest.AreanaTest
[2020.11.06-13.52.46:525][717]LogSavePackage: Moving 'C:/Users/Garfield/Documents/GitHub/BattleChess/BattleChess_Game/Saved/ThirdPersonCharacterE06F80B6461870816FC30FAD28D6B29F.tmp' to 'C:/Users/Garfield/Documents/GitHub/BattleChess/BattleChess_Game/Content/ThirdPersonBP/Blueprints/ThirdPersonCharacter.uasset'
[2020.11.06-13.52.46:541][717]AssetCheck: New page: Asset Save: ThirdPersonCharacter
[2020.11.06-13.52.46:541][717]LogContentValidation: Display: Validating Blueprint /Game/ThirdPersonBP/Blueprints/ThirdPersonCharacter.ThirdPersonCharacter
[2020.11.06-13.52.57:211][914]LogSavePackage: Moving 'C:/Users/Garfield/Documents/GitHub/BattleChess/BattleChess_Game/Saved/ThirdPersonCharacter9F3B2CC2450F10AA1B4D4881FE92C65D.tmp' to 'C:/Users/Garfield/Documents/GitHub/BattleChess/BattleChess_Game/Content/ThirdPersonBP/Blueprints/ThirdPersonCharacter.uasset'
[2020.11.06-13.52.57:227][914]AssetCheck: New page: Asset Save: ThirdPersonCharacter
[2020.11.06-13.52.57:228][914]LogContentValidation: Display: Validating Blueprint /Game/ThirdPersonBP/Blueprints/ThirdPersonCharacter.ThirdPersonCharacter
[2020.11.06-13.53.19:674][108]LogRHI: Error: Present Fail Count 1
[2020.11.06-13.53.19:674][108]LogRHI: Error: SyncInterval 0
[2020.11.06-13.53.19:674][108]LogRHI: Error: SwapChainDesc.BufferDesc.Width 193
[2020.11.06-13.53.19:674][108]LogRHI: Error: SwapChainDesc.BufferDesc.Height 33
[2020.11.06-13.53.19:674][108]LogRHI: Error: SwapChainDesc.BufferDesc.RefreshRate.Numerator 0
[2020.11.06-13.53.19:674][108]LogRHI: Error: SwapChainDesc.BufferDesc.RefreshRate.Denominator 0
[2020.11.06-13.53.19:674][108]LogRHI: Error: SwapChainDesc.BufferDesc.Format 24
[2020.11.06-13.53.19:674][108]LogRHI: Error: SwapChainDesc.BufferDesc.ScanlineOrdering 0
[2020.11.06-13.53.19:674][108]LogRHI: Error: SwapChainDesc.BufferDesc.Scaling 0
[2020.11.06-13.53.19:674][108]LogRHI: Error: SwapChainDesc.SampleDesc.Count 1
[2020.11.06-13.53.19:674][108]LogRHI: Error: SwapChainDesc.SampleDesc.Quality 0
[2020.11.06-13.53.19:674][108]LogRHI: Error: SwapChainDesc.BufferUsage 48
[2020.11.06-13.53.19:674][108]LogRHI: Error: SwapChainDesc.BufferCount 2
[2020.11.06-13.53.19:674][108]LogRHI: Error: SwapChainDesc.OutputWindow 000000000019074E
[2020.11.06-13.53.19:674][108]LogRHI: Error: SwapChainDesc.Windowed true
[2020.11.06-13.53.19:674][108]LogRHI: Error: SwapChainDesc.SwapEffect 4
[2020.11.06-13.53.19:674][108]LogRHI: Error: SwapChainDesc.Flags 2050
[2020.11.06-13.53.19:736][108]LogD3D11RHI: Error: Result failed 
 at D:/Build/++UE4/Sync/Engine/Source/Runtime/Windows/D3D11RHI/Private/D3D11Query.cpp:348 
 with error DXGI_ERROR_DEVICE_REMOVED DXGI_ERROR_DRIVER_INTERNAL_ERROR
[2020.11.06-13.53.19:736][108]LogD3D11RHI: [Aftermath] GDynamicRHI=0000016478EBE0C0, GDX11NVAfterMathEnabled=0, Result=0xFFFFFFFF, bDeviceActive=0
[2020.11.06-13.53.19:736][108]LogWindows: Windows GetLastError: The operation completed successfully. (0)
[2020.11.06-13.54.19:826][108]LogWindows: FPlatformMisc::RequestExit(0)
[2020.11.06-13.54.19:826][108]LogCore: Engine exit requested (reason: Win RequestExit)
[2020.11.06-13.54.19:826][108]LogWindows: FPlatformMisc::RequestExit(1)
[2020.11.06-13.54.19:827][108]LogCore: Engine exit requested (reason: Win RequestExit; note: exit was already requested)
[2020.11.06-13.54.19:837][108]Log file closed, 11/06/20 20:54:19
