Log file open, 11/09/20 18:50:59
LogInit: Display: Running engine for game: BattleChess_Game
LogPlatformFile: Not using cached read wrapper
LogTaskGraph: Started task graph with 5 named threads and 23 total threads with 3 sets of task threads.
LogStats: Stats thread started at 2.865176
LogD3D11RHI: Loaded GFSDK_Aftermath_Lib.x64.dll
LogICUInternationalization: ICU TimeZone Detection - Raw Offset: +7:00, Platform Override: ''
LogPluginManager: Mounting plugin Paper2D
LogPluginManager: Mounting plugin AISupport
LogPluginManager: Mounting plugin LightPropagationVolume
LogPluginManager: Mounting plugin CameraShakePreviewer
LogPluginManager: Mounting plugin ActorLayerUtilities
LogPluginManager: Mounting plugin AnimationSharing
LogPluginManager: Mounting plugin CLionSourceCodeAccess
LogPluginManager: Mounting plugin CodeLiteSourceCodeAccess
LogPluginManager: Mounting plugin GitSourceControl
LogPluginManager: Mounting plugin KDevelopSourceCodeAccess
LogPluginManager: Mounting plugin NullSourceCodeAccess
LogPluginManager: Mounting plugin PerforceSourceControl
LogPluginManager: Mounting plugin PlasticSourceControl
LogPluginManager: Mounting plugin RiderSourceCodeAccess
LogPluginManager: Mounting plugin SubversionSourceControl
LogPluginManager: Mounting plugin UObjectPlugin
LogPluginManager: Mounting plugin VisualStudioCodeSourceCodeAccess
LogPluginManager: Mounting plugin VisualStudioSourceCodeAccess
LogPluginManager: Mounting plugin XCodeSourceCodeAccess
LogPluginManager: Mounting plugin AssetManagerEditor
LogPluginManager: Mounting plugin CryptoKeys
LogPluginManager: Mounting plugin CurveEditorTools
LogPluginManager: Mounting plugin DataValidation
LogPluginManager: Mounting plugin EditorScriptingUtilities
LogPluginManager: Mounting plugin FacialAnimation
LogPluginManager: Mounting plugin GameplayTagsEditor
LogPluginManager: Mounting plugin GeometryMode
LogPluginManager: Mounting plugin MacGraphicsSwitching
LogPluginManager: Mounting plugin MaterialAnalyzer
LogPluginManager: Mounting plugin MobileLauncherProfileWizard
LogPluginManager: Mounting plugin PluginBrowser
LogPluginManager: Mounting plugin SpeedTreeImporter
LogPluginManager: Mounting plugin DatasmithContent
LogPluginManager: Mounting plugin VariantManagerContent
LogPluginManager: Mounting plugin AlembicImporter
LogPluginManager: Mounting plugin AutomationUtils
LogPluginManager: Mounting plugin BackChannel
LogPluginManager: Mounting plugin ChaosCloth
LogPluginManager: Mounting plugin ChaosClothEditor
LogPluginManager: Mounting plugin ChaosEditor
LogPluginManager: Mounting plugin ChaosNiagara
LogPluginManager: Mounting plugin ChaosSolverPlugin
LogPluginManager: Mounting plugin CharacterAI
LogPluginManager: Mounting plugin GeometryCache
LogPluginManager: Mounting plugin GeometryCollectionPlugin
LogPluginManager: Mounting plugin GeometryProcessing
LogPluginManager: Mounting plugin PlanarCut
LogPluginManager: Mounting plugin PlatformCrypto
LogPluginManager: Mounting plugin ProxyLODPlugin
LogPluginManager: Mounting plugin SkeletalReduction
LogPluginManager: Mounting plugin Niagara
LogPluginManager: Mounting plugin MagicLeap
LogPluginManager: Mounting plugin MagicLeapLightEstimation
LogPluginManager: Mounting plugin MagicLeapMedia
LogPluginManager: Mounting plugin MagicLeapPassableWorld
LogPluginManager: Mounting plugin MLSDK
LogPluginManager: Mounting plugin AndroidMedia
LogPluginManager: Mounting plugin AvfMedia
LogPluginManager: Mounting plugin ImgMedia
LogPluginManager: Mounting plugin MediaCompositing
LogPluginManager: Mounting plugin MediaPlayerEditor
LogPluginManager: Mounting plugin WebMMedia
LogPluginManager: Mounting plugin WmfMedia
LogPluginManager: Mounting plugin MeshPainting
LogPluginManager: Mounting plugin TcpMessaging
LogPluginManager: Mounting plugin UdpMessaging
LogPluginManager: Mounting plugin ActorSequence
LogPluginManager: Mounting plugin LevelSequenceEditor
LogPluginManager: Mounting plugin MatineeToLevelSequence
LogPluginManager: Mounting plugin MovieRenderPipeline
LogPluginManager: Mounting plugin TemplateSequence
LogPluginManager: Mounting plugin NetcodeUnitTest
LogPluginManager: Mounting plugin NUTUnrealEngine4
LogPluginManager: Mounting plugin OnlineSubsystemGooglePlay
LogPluginManager: Mounting plugin OnlineSubsystemIOS
LogPluginManager: Mounting plugin OnlineSubsystem
LogPluginManager: Mounting plugin OnlineSubsystemNull
LogPluginManager: Mounting plugin OnlineSubsystemSteam
LogPluginManager: Mounting plugin OnlineSubsystemUtils
LogPluginManager: Mounting plugin LauncherChunkInstaller
LogPluginManager: Mounting plugin AndroidDeviceProfileSelector
LogPluginManager: Mounting plugin AndroidMoviePlayer
LogPluginManager: Mounting plugin AndroidPermission
LogPluginManager: Mounting plugin AppleImageUtils
LogPluginManager: Mounting plugin AppleMoviePlayer
LogPluginManager: Mounting plugin ArchVisCharacter
LogPluginManager: Mounting plugin AssetTags
LogPluginManager: Mounting plugin AudioCapture
LogPluginManager: Mounting plugin CableComponent
LogPluginManager: Mounting plugin CustomMeshComponent
LogPluginManager: Mounting plugin EditableMesh
LogPluginManager: Mounting plugin ExampleDeviceProfileSelector
LogPluginManager: Mounting plugin GoogleCloudMessaging
LogPluginManager: Mounting plugin GooglePAD
LogPluginManager: Mounting plugin IOSDeviceProfileSelector
LogPluginManager: Mounting plugin LinuxDeviceProfileSelector
LogPluginManager: Mounting plugin LocationServicesBPLibrary
LogPluginManager: Mounting plugin MobilePatchingUtils
LogPluginManager: Mounting plugin OculusVR
LogPluginManager: Mounting plugin PhysXVehicles
LogPluginManager: Mounting plugin PostSplashScreen
LogPluginManager: Mounting plugin ProceduralMeshComponent
LogPluginManager: Mounting plugin RuntimePhysXCooking
LogPluginManager: Mounting plugin SignificanceManager
LogPluginManager: Mounting plugin SoundFields
LogPluginManager: Mounting plugin SteamShared
LogPluginManager: Mounting plugin SteamVR
LogPluginManager: Mounting plugin Synthesis
LogPluginManager: Mounting plugin WebMMoviePlayer
LogPluginManager: Mounting plugin WindowsMoviePlayer
LogPluginManager: Mounting plugin ScreenshotTools
LogInit: Using libcurl 7.55.1-DEV
LogInit:  - built for x86_64-pc-win32
LogInit:  - supports SSL with OpenSSL/1.1.1
LogInit:  - supports HTTP deflate (compression) using libz 1.2.8
LogInit:  - other features:
LogInit:      CURL_VERSION_SSL
LogInit:      CURL_VERSION_LIBZ
LogInit:      CURL_VERSION_IPV6
LogInit:      CURL_VERSION_ASYNCHDNS
LogInit:      CURL_VERSION_LARGEFILE
LogInit:      CURL_VERSION_IDN
LogInit:  CurlRequestOptions (configurable via config and command line):
LogInit:  - bVerifyPeer = true  - Libcurl will verify peer certificate
LogInit:  - bUseHttpProxy = false  - Libcurl will NOT use HTTP proxy
LogInit:  - bDontReuseConnections = false  - Libcurl will reuse connections
LogInit:  - MaxHostConnections = 16  - Libcurl will limit the number of connections to a host
LogInit:  - LocalHostAddr = Default
LogInit:  - BufferSize = 65536
LogSteamShared: Display: Loading Steam SDK 1.47
LogSteamShared: Steam SDK Loaded!
LogOnline: OSS: Creating online subsystem instance for: Steam
LogOnline: STEAM: Steam User is subscribed 1
LogOnline: STEAM: [AppId: 480] Client API initialized 1
LogOnline: STEAM: Initializing SteamNetworking Layer
LogOnline: STEAM: Missing P2PCleanupTimeout key in OnlineSubsystemSteam of DefaultEngine.ini, using default
LogInit: WinSock: version 1.1 (2.2), MaxSocks=32767, MaxUdp=65467
LogOnline: OSS: TryLoadSubsystemAndSetDefault: Loaded subsystem for module [Steam]
LogInit: Build: ++UE4+Release-4.25-CL-13942748
LogInit: Engine Version: 4.25.3-13942748+++UE4+Release-4.25
LogInit: Compatible Engine Version: 4.25.0-13144385+++UE4+Release-4.25
LogInit: Net CL: 13144385
LogInit: OS: Windows 10 (Release 1903) (), CPU: Intel(R) Core(TM) i7-6700HQ CPU @ 2.60GHz, GPU: Intel(R) HD Graphics 530
LogInit: Compiled (64-bit): Jul 25 2020 02:07:48
LogInit: Compiled with Visual C++: 19.24.28315.00
LogInit: Build Configuration: Development
LogInit: Branch Name: ++UE4+Release-4.25
LogInit: Command Line:  -game
LogInit: Base Directory: D:/Program Files (x86)/Epic Games/UE_4.25/Engine/Binaries/Win64/
LogInit: Allocator: TBB
LogInit: Installed Engine Build: 1
LogDevObjectVersion: Number of dev versions registered: 26
LogDevObjectVersion:   Dev-Blueprints (B0D832E4-1F89-4F0D-ACCF-7EB736FD4AA2): 10
LogDevObjectVersion:   Dev-Build (E1C64328-A22C-4D53-A36C-8E866417BD8C): 0
LogDevObjectVersion:   Dev-Core (375EC13C-06E4-48FB-B500-84F0262A717E): 4
LogDevObjectVersion:   Dev-Editor (E4B068ED-F494-42E9-A231-DA0B2E46BB41): 38
LogDevObjectVersion:   Dev-Framework (CFFC743F-43B0-4480-9391-14DF171D2073): 37
LogDevObjectVersion:   Dev-Mobile (B02B49B5-BB20-44E9-A304-32B752E40360): 2
LogDevObjectVersion:   Dev-Networking (A4E4105C-59A1-49B5-A7C5-40C4547EDFEE): 0
LogDevObjectVersion:   Dev-Online (39C831C9-5AE6-47DC-9A44-9C173E1C8E7C): 0
LogDevObjectVersion:   Dev-Physics (78F01B33-EBEA-4F98-B9B4-84EACCB95AA2): 4
LogDevObjectVersion:   Dev-Platform (6631380F-2D4D-43E0-8009-CF276956A95A): 0
LogDevObjectVersion:   Dev-Rendering (12F88B9F-8875-4AFC-A67C-D90C383ABD29): 43
LogDevObjectVersion:   Dev-Sequencer (7B5AE74C-D270-4C10-A958-57980B212A5A): 12
LogDevObjectVersion:   Dev-VR (D7296918-1DD6-4BDD-9DE2-64A83CC13884): 3
LogDevObjectVersion:   Dev-LoadTimes (C2A15278-BFE7-4AFE-6C17-90FF531DF755): 1
LogDevObjectVersion:   Private-Geometry (6EACA3D4-40EC-4CC1-B786-8BED09428FC5): 3
LogDevObjectVersion:   Dev-AnimPhys (29E575DD-E0A3-4627-9D10-D276232CDCEA): 17
LogDevObjectVersion:   Dev-Anim (AF43A65D-7FD3-4947-9873-3E8ED9C1BB05): 7
LogDevObjectVersion:   Dev-ReflectionCapture (6B266CEC-1EC7-4B8F-A30B-E4D90942FC07): 1
LogDevObjectVersion:   Dev-Automation (0DF73D61-A23F-47EA-B727-89E90C41499A): 1
LogDevObjectVersion:   FortniteMain (601D1886-AC64-4F84-AA16-D3DE0DEAC7D6): 31
LogDevObjectVersion:   Dev-Enterprise (9DFFBCD6-494F-0158-E221-12823C92A888): 10
LogDevObjectVersion:   Dev-Niagara (F2AED0AC-9AFE-416F-8664-AA7FFA26D6FC): 1
LogDevObjectVersion:   Dev-Destruction (174F1F0B-B4C6-45A5-B13F-2EE8D0FB917D): 10
LogDevObjectVersion:   Dev-Physics-Ext (35F94A83-E258-406C-A318-09F59610247C): 37
LogDevObjectVersion:   Dev-PhysicsMaterial-Chaos (B68FC16E-8B1B-42E2-B453-215C058844FE): 1
LogDevObjectVersion:   Dev-CineCamera (B2E18506-4273-CFC2-A54E-F4BB758BBA07): 1
LogInit: Presizing for max 25165824 objects, including 0 objects not considered by GC, pre-allocating 0 bytes for permanent pool.
LogConfig: Applying CVar settings from Section [/Script/Engine.StreamingSettings] File [D:/Abiogolf/IT_KMITL/BattleChess/BattleChess_Game/Saved/Config/Windows/Engine.ini]
LogConfig: Setting CVar [[s.MinBulkDataSizeForAsyncLoading:131072]]
LogConfig: Setting CVar [[s.AsyncLoadingThreadEnabled:0]]
LogConfig: Setting CVar [[s.EventDrivenLoaderEnabled:1]]
LogConfig: Setting CVar [[s.WarnIfTimeLimitExceeded:0]]
LogConfig: Setting CVar [[s.TimeLimitExceededMultiplier:1.5]]
LogConfig: Setting CVar [[s.TimeLimitExceededMinTime:0.005]]
LogConfig: Setting CVar [[s.UseBackgroundLevelStreaming:1]]
LogConfig: Setting CVar [[s.PriorityAsyncLoadingExtraTime:15.0]]
LogConfig: Setting CVar [[s.LevelStreamingActorsUpdateTimeLimit:5.0]]
LogConfig: Setting CVar [[s.PriorityLevelStreamingActorsUpdateExtraTime:5.0]]
LogConfig: Setting CVar [[s.LevelStreamingComponentsRegistrationGranularity:10]]
LogConfig: Setting CVar [[s.UnregisterComponentsTimeLimit:1.0]]
LogConfig: Setting CVar [[s.LevelStreamingComponentsUnregistrationGranularity:5]]
LogConfig: Setting CVar [[s.FlushStreamingOnExit:1]]
LogInit: Object subsystem initialized
LogConfig: Setting CVar [[con.DebugEarlyDefault:1]]
LogConfig: Setting CVar [[r.setres:1280x720]]
[2020.11.09-11.51.06:633][  0]LogConfig: Setting CVar [[con.DebugEarlyDefault:1]]
[2020.11.09-11.51.06:633][  0]LogConfig: Setting CVar [[r.setres:1280x720]]
[2020.11.09-11.51.06:633][  0]LogConfig: Applying CVar settings from Section [/Script/Engine.RendererSettings] File [D:/Abiogolf/IT_KMITL/BattleChess/BattleChess_Game/Saved/Config/Windows/Engine.ini]
[2020.11.09-11.51.06:633][  0]LogConfig: Setting CVar [[r.GPUCrashDebugging:0]]
[2020.11.09-11.51.06:633][  0]LogConfig: Applying CVar settings from Section [/Script/Engine.RendererOverrideSettings] File [D:/Abiogolf/IT_KMITL/BattleChess/BattleChess_Game/Saved/Config/Windows/Engine.ini]
[2020.11.09-11.51.06:633][  0]LogConfig: Applying CVar settings from Section [/Script/Engine.StreamingSettings] File [D:/Abiogolf/IT_KMITL/BattleChess/BattleChess_Game/Saved/Config/Windows/Engine.ini]
[2020.11.09-11.51.06:633][  0]LogConfig: Setting CVar [[s.MinBulkDataSizeForAsyncLoading:131072]]
[2020.11.09-11.51.06:633][  0]LogConfig: Setting CVar [[s.AsyncLoadingThreadEnabled:0]]
[2020.11.09-11.51.06:633][  0]LogConfig: Setting CVar [[s.EventDrivenLoaderEnabled:1]]
[2020.11.09-11.51.06:633][  0]LogConfig: Setting CVar [[s.WarnIfTimeLimitExceeded:0]]
[2020.11.09-11.51.06:633][  0]LogConfig: Setting CVar [[s.TimeLimitExceededMultiplier:1.5]]
[2020.11.09-11.51.06:633][  0]LogConfig: Setting CVar [[s.TimeLimitExceededMinTime:0.005]]
[2020.11.09-11.51.06:633][  0]LogConfig: Setting CVar [[s.UseBackgroundLevelStreaming:1]]
[2020.11.09-11.51.06:633][  0]LogConfig: Setting CVar [[s.PriorityAsyncLoadingExtraTime:15.0]]
[2020.11.09-11.51.06:633][  0]LogConfig: Setting CVar [[s.LevelStreamingActorsUpdateTimeLimit:5.0]]
[2020.11.09-11.51.06:633][  0]LogConfig: Setting CVar [[s.PriorityLevelStreamingActorsUpdateExtraTime:5.0]]
[2020.11.09-11.51.06:633][  0]LogConfig: Setting CVar [[s.LevelStreamingComponentsRegistrationGranularity:10]]
[2020.11.09-11.51.06:633][  0]LogConfig: Setting CVar [[s.UnregisterComponentsTimeLimit:1.0]]
[2020.11.09-11.51.06:633][  0]LogConfig: Setting CVar [[s.LevelStreamingComponentsUnregistrationGranularity:5]]
[2020.11.09-11.51.06:633][  0]LogConfig: Setting CVar [[s.FlushStreamingOnExit:1]]
[2020.11.09-11.51.06:633][  0]LogConfig: Applying CVar settings from Section [/Script/Engine.GarbageCollectionSettings] File [D:/Abiogolf/IT_KMITL/BattleChess/BattleChess_Game/Saved/Config/Windows/Engine.ini]
[2020.11.09-11.51.06:633][  0]LogConfig: Setting CVar [[gc.MaxObjectsNotConsideredByGC:1]]
[2020.11.09-11.51.06:633][  0]LogConfig: Setting CVar [[gc.SizeOfPermanentObjectPool:0]]
[2020.11.09-11.51.06:633][  0]LogConfig: Setting CVar [[gc.FlushStreamingOnGC:0]]
[2020.11.09-11.51.06:633][  0]LogConfig: Setting CVar [[gc.NumRetriesBeforeForcingGC:10]]
[2020.11.09-11.51.06:633][  0]LogConfig: Setting CVar [[gc.AllowParallelGC:1]]
[2020.11.09-11.51.06:633][  0]LogConfig: Setting CVar [[gc.TimeBetweenPurgingPendingKillObjects:61.1]]
[2020.11.09-11.51.06:633][  0]LogConfig: Setting CVar [[gc.MaxObjectsInEditor:25165824]]
[2020.11.09-11.51.06:633][  0]LogConfig: Setting CVar [[gc.IncrementalBeginDestroyEnabled:1]]
[2020.11.09-11.51.06:633][  0]LogConfig: Setting CVar [[gc.CreateGCClusters:1]]
[2020.11.09-11.51.06:633][  0]LogConfig: Setting CVar [[gc.MinGCClusterSize:5]]
[2020.11.09-11.51.06:633][  0]LogConfig: Setting CVar [[gc.ActorClusteringEnabled:0]]
[2020.11.09-11.51.06:633][  0]LogConfig: Setting CVar [[gc.BlueprintClusteringEnabled:0]]
[2020.11.09-11.51.06:633][  0]LogConfig: Setting CVar [[gc.UseDisregardForGCOnDedicatedServers:0]]
[2020.11.09-11.51.06:633][  0]LogConfig: Applying CVar settings from Section [/Script/Engine.NetworkSettings] File [D:/Abiogolf/IT_KMITL/BattleChess/BattleChess_Game/Saved/Config/Windows/Engine.ini]
[2020.11.09-11.51.06:633][  0]LogConfig: Applying CVar settings from Section [/Script/UnrealEd.CookerSettings] File [D:/Abiogolf/IT_KMITL/BattleChess/BattleChess_Game/Saved/Config/Windows/Engine.ini]
[2020.11.09-11.51.06:635][  0]LogConfig: Applying CVar settings from Section [ViewDistanceQuality@3] File [D:/Abiogolf/IT_KMITL/BattleChess/BattleChess_Game/Saved/Config/Windows/Scalability.ini]
[2020.11.09-11.51.06:635][  0]LogConfig: Setting CVar [[r.SkeletalMeshLODBias:0]]
[2020.11.09-11.51.06:635][  0]LogConfig: Setting CVar [[r.ViewDistanceScale:1.0]]
[2020.11.09-11.51.06:635][  0]LogConfig: Applying CVar settings from Section [AntiAliasingQuality@3] File [D:/Abiogolf/IT_KMITL/BattleChess/BattleChess_Game/Saved/Config/Windows/Scalability.ini]
[2020.11.09-11.51.06:635][  0]LogConfig: Setting CVar [[r.PostProcessAAQuality:4]]
[2020.11.09-11.51.06:635][  0]LogConfig: Applying CVar settings from Section [ShadowQuality@3] File [D:/Abiogolf/IT_KMITL/BattleChess/BattleChess_Game/Saved/Config/Windows/Scalability.ini]
[2020.11.09-11.51.06:635][  0]LogConfig: Setting CVar [[r.LightFunctionQuality:1]]
[2020.11.09-11.51.06:635][  0]LogConfig: Setting CVar [[r.ShadowQuality:5]]
[2020.11.09-11.51.06:635][  0]LogConfig: Setting CVar [[r.Shadow.CSM.MaxCascades:10]]
[2020.11.09-11.51.06:635][  0]LogConfig: Setting CVar [[r.Shadow.MaxResolution:2048]]
[2020.11.09-11.51.06:635][  0]LogConfig: Setting CVar [[r.Shadow.MaxCSMResolution:2048]]
[2020.11.09-11.51.06:635][  0]LogConfig: Setting CVar [[r.Shadow.RadiusThreshold:0.01]]
[2020.11.09-11.51.06:635][  0]LogConfig: Setting CVar [[r.Shadow.DistanceScale:1.0]]
[2020.11.09-11.51.06:635][  0]LogConfig: Setting CVar [[r.Shadow.CSM.TransitionScale:1.0]]
[2020.11.09-11.51.06:635][  0]LogConfig: Setting CVar [[r.Shadow.PreShadowResolutionFactor:1.0]]
[2020.11.09-11.51.06:635][  0]LogConfig: Setting CVar [[r.DistanceFieldShadowing:1]]
[2020.11.09-11.51.06:635][  0]LogConfig: Setting CVar [[r.DistanceFieldAO:1]]
[2020.11.09-11.51.06:635][  0]LogConfig: Setting CVar [[r.AOQuality:2]]
[2020.11.09-11.51.06:635][  0]LogConfig: Setting CVar [[r.VolumetricFog:1]]
[2020.11.09-11.51.06:635][  0]LogConfig: Setting CVar [[r.VolumetricFog.GridPixelSize:8]]
[2020.11.09-11.51.06:635][  0]LogConfig: Setting CVar [[r.VolumetricFog.GridSizeZ:128]]
[2020.11.09-11.51.06:635][  0]LogConfig: Setting CVar [[r.VolumetricFog.HistoryMissSupersampleCount:4]]
[2020.11.09-11.51.06:635][  0]LogConfig: Setting CVar [[r.LightMaxDrawDistanceScale:1]]
[2020.11.09-11.51.06:635][  0]LogConfig: Setting CVar [[r.CapsuleShadows:1]]
[2020.11.09-11.51.06:635][  0]LogConfig: Applying CVar settings from Section [PostProcessQuality@3] File [D:/Abiogolf/IT_KMITL/BattleChess/BattleChess_Game/Saved/Config/Windows/Scalability.ini]
[2020.11.09-11.51.06:635][  0]LogConfig: Setting CVar [[r.MotionBlurQuality:4]]
[2020.11.09-11.51.06:635][  0]LogConfig: Setting CVar [[r.AmbientOcclusionMipLevelFactor:0.4]]
[2020.11.09-11.51.06:635][  0]LogConfig: Setting CVar [[r.AmbientOcclusionMaxQuality:100]]
[2020.11.09-11.51.06:635][  0]LogConfig: Setting CVar [[r.AmbientOcclusionLevels:-1]]
[2020.11.09-11.51.06:637][  0]LogConfig: Setting CVar [[r.AmbientOcclusionRadiusScale:1.0]]
[2020.11.09-11.51.06:637][  0]LogConfig: Setting CVar [[r.DepthOfFieldQuality:2]]
[2020.11.09-11.51.06:637][  0]LogConfig: Setting CVar [[r.RenderTargetPoolMin:400]]
[2020.11.09-11.51.06:637][  0]LogConfig: Setting CVar [[r.LensFlareQuality:2]]
[2020.11.09-11.51.06:637][  0]LogConfig: Setting CVar [[r.SceneColorFringeQuality:1]]
[2020.11.09-11.51.06:637][  0]LogConfig: Setting CVar [[r.EyeAdaptationQuality:2]]
[2020.11.09-11.51.06:637][  0]LogConfig: Setting CVar [[r.BloomQuality:5]]
[2020.11.09-11.51.06:637][  0]LogConfig: Setting CVar [[r.FastBlurThreshold:100]]
[2020.11.09-11.51.06:637][  0]LogConfig: Setting CVar [[r.Upscale.Quality:3]]
[2020.11.09-11.51.06:637][  0]LogConfig: Setting CVar [[r.Tonemapper.GrainQuantization:1]]
[2020.11.09-11.51.06:637][  0]LogConfig: Setting CVar [[r.LightShaftQuality:1]]
[2020.11.09-11.51.06:637][  0]LogConfig: Setting CVar [[r.Filter.SizeScale:1]]
[2020.11.09-11.51.06:637][  0]LogConfig: Setting CVar [[r.Tonemapper.Quality:5]]
[2020.11.09-11.51.06:637][  0]LogConfig: Setting CVar [[r.DOF.Gather.AccumulatorQuality:1        ; higher gathering accumulator quality]]
[2020.11.09-11.51.06:637][  0]LogConfig: Setting CVar [[r.DOF.Gather.PostfilterMethod:1          ; Median3x3 postfilering method]]
[2020.11.09-11.51.06:637][  0]LogConfig: Setting CVar [[r.DOF.Gather.EnableBokehSettings:0       ; no bokeh simulation when gathering]]
[2020.11.09-11.51.06:637][  0]LogConfig: Setting CVar [[r.DOF.Gather.RingCount:4                 ; medium number of samples when gathering]]
[2020.11.09-11.51.06:637][  0]LogConfig: Setting CVar [[r.DOF.Scatter.ForegroundCompositing:1    ; additive foreground scattering]]
[2020.11.09-11.51.06:637][  0]LogConfig: Setting CVar [[r.DOF.Scatter.BackgroundCompositing:2    ; additive background scattering]]
[2020.11.09-11.51.06:637][  0]LogConfig: Setting CVar [[r.DOF.Scatter.EnableBokehSettings:1      ; bokeh simulation when scattering]]
[2020.11.09-11.51.06:637][  0]LogConfig: Setting CVar [[r.DOF.Scatter.MaxSpriteRatio:0.1         ; only a maximum of 10% of scattered bokeh]]
[2020.11.09-11.51.06:637][  0]LogConfig: Setting CVar [[r.DOF.Recombine.Quality:1                ; cheap slight out of focus]]
[2020.11.09-11.51.06:637][  0]LogConfig: Setting CVar [[r.DOF.Recombine.EnableBokehSettings:0    ; no bokeh simulation on slight out of focus]]
[2020.11.09-11.51.06:637][  0]LogConfig: Setting CVar [[r.DOF.TemporalAAQuality:1                ; more stable temporal accumulation]]
[2020.11.09-11.51.06:637][  0]LogConfig: Setting CVar [[r.DOF.Kernel.MaxForegroundRadius:0.025]]
[2020.11.09-11.51.06:637][  0]LogConfig: Setting CVar [[r.DOF.Kernel.MaxBackgroundRadius:0.025]]
[2020.11.09-11.51.06:637][  0]LogConfig: Applying CVar settings from Section [TextureQuality@3] File [D:/Abiogolf/IT_KMITL/BattleChess/BattleChess_Game/Saved/Config/Windows/Scalability.ini]
[2020.11.09-11.51.06:637][  0]LogConfig: Setting CVar [[r.Streaming.MipBias:0]]
[2020.11.09-11.51.06:637][  0]LogConfig: Setting CVar [[r.Streaming.AmortizeCPUToGPUCopy:0]]
[2020.11.09-11.51.06:637][  0]LogConfig: Setting CVar [[r.Streaming.MaxNumTexturesToStreamPerFrame:0]]
[2020.11.09-11.51.06:637][  0]LogConfig: Setting CVar [[r.Streaming.Boost:1]]
[2020.11.09-11.51.06:637][  0]LogConfig: Setting CVar [[r.MaxAnisotropy:8]]
[2020.11.09-11.51.06:637][  0]LogConfig: Setting CVar [[r.VT.MaxAnisotropy:8]]
[2020.11.09-11.51.06:637][  0]LogConfig: Setting CVar [[r.Streaming.LimitPoolSizeToVRAM:0]]
[2020.11.09-11.51.06:637][  0]LogConfig: Setting CVar [[r.Streaming.PoolSize:1000]]
[2020.11.09-11.51.06:637][  0]LogConfig: Setting CVar [[r.Streaming.MaxEffectiveScreenSize:0]]
[2020.11.09-11.51.06:637][  0]LogConfig: Applying CVar settings from Section [EffectsQuality@3] File [D:/Abiogolf/IT_KMITL/BattleChess/BattleChess_Game/Saved/Config/Windows/Scalability.ini]
[2020.11.09-11.51.06:637][  0]LogConfig: Setting CVar [[r.TranslucencyLightingVolumeDim:64]]
[2020.11.09-11.51.06:637][  0]LogConfig: Setting CVar [[r.RefractionQuality:2]]
[2020.11.09-11.51.06:637][  0]LogConfig: Setting CVar [[r.SSR.Quality:3]]
[2020.11.09-11.51.06:637][  0]LogConfig: Setting CVar [[r.SSR.HalfResSceneColor:0]]
[2020.11.09-11.51.06:637][  0]LogConfig: Setting CVar [[r.SceneColorFormat:4]]
[2020.11.09-11.51.06:637][  0]LogConfig: Setting CVar [[r.DetailMode:2]]
[2020.11.09-11.51.06:637][  0]LogConfig: Setting CVar [[r.TranslucencyVolumeBlur:1]]
[2020.11.09-11.51.06:637][  0]LogConfig: Setting CVar [[r.MaterialQualityLevel:1 ; High quality]]
[2020.11.09-11.51.06:637][  0]LogConfig: Setting CVar [[r.SSS.Scale:1]]
[2020.11.09-11.51.06:637][  0]LogConfig: Setting CVar [[r.SSS.SampleSet:2]]
[2020.11.09-11.51.06:637][  0]LogConfig: Setting CVar [[r.SSS.Quality:1]]
[2020.11.09-11.51.06:637][  0]LogConfig: Setting CVar [[r.SSS.HalfRes:0]]
[2020.11.09-11.51.06:637][  0]LogConfig: Setting CVar [[r.SSGI.Quality:3]]
[2020.11.09-11.51.06:637][  0]LogConfig: Setting CVar [[r.EmitterSpawnRateScale:1.0]]
[2020.11.09-11.51.06:637][  0]LogConfig: Setting CVar [[r.ParticleLightQuality:2]]
[2020.11.09-11.51.06:637][  0]LogConfig: Setting CVar [[r.SkyAtmosphere.AerialPerspectiveLUT.FastApplyOnOpaque:1 ; Always have FastSkyLUT 1 in this case to avoid wrong sky]]
[2020.11.09-11.51.06:637][  0]LogConfig: Setting CVar [[r.SkyAtmosphere.AerialPerspectiveLUT.SampleCountPerSlice:1]]
[2020.11.09-11.51.06:637][  0]LogConfig: Setting CVar [[r.SkyAtmosphere.AerialPerspectiveLUT.DepthResolution:16.0]]
[2020.11.09-11.51.06:637][  0]LogConfig: Setting CVar [[r.SkyAtmosphere.FastSkyLUT:1]]
[2020.11.09-11.51.06:637][  0]LogConfig: Setting CVar [[r.SkyAtmosphere.FastSkyLUT.SampleCountMin:4.0]]
[2020.11.09-11.51.06:637][  0]LogConfig: Setting CVar [[r.SkyAtmosphere.FastSkyLUT.SampleCountMax:32.0]]
[2020.11.09-11.51.06:637][  0]LogConfig: Setting CVar [[r.SkyAtmosphere.SampleCountMin:4.0]]
[2020.11.09-11.51.06:637][  0]LogConfig: Setting CVar [[r.SkyAtmosphere.SampleCountMax:32.0]]
[2020.11.09-11.51.06:637][  0]LogConfig: Setting CVar [[r.SkyAtmosphere.TransmittanceLUT.UseSmallFormat:0]]
[2020.11.09-11.51.06:637][  0]LogConfig: Setting CVar [[r.SkyAtmosphere.TransmittanceLUT.SampleCount:10.0]]
[2020.11.09-11.51.06:637][  0]LogConfig: Setting CVar [[r.SkyAtmosphere.MultiScatteringLUT.SampleCount:15.0]]
[2020.11.09-11.51.06:637][  0]LogConfig: Applying CVar settings from Section [FoliageQuality@3] File [D:/Abiogolf/IT_KMITL/BattleChess/BattleChess_Game/Saved/Config/Windows/Scalability.ini]
[2020.11.09-11.51.06:637][  0]LogConfig: Setting CVar [[foliage.DensityScale:1.0]]
[2020.11.09-11.51.06:637][  0]LogConfig: Setting CVar [[grass.DensityScale:1.0]]
[2020.11.09-11.51.06:637][  0]LogConfig: Applying CVar settings from Section [ShadingQuality@3] File [D:/Abiogolf/IT_KMITL/BattleChess/BattleChess_Game/Saved/Config/Windows/Scalability.ini]
[2020.11.09-11.51.06:637][  0]LogConfig: Setting CVar [[r.HairStrands.SkyLighting.SampleCount:16]]
[2020.11.09-11.51.06:637][  0]LogConfig: Setting CVar [[r.HairStrands.SkyLighting.JitterIntegration:0]]
[2020.11.09-11.51.06:637][  0]LogConfig: Setting CVar [[r.HairStrands.SkyAO.SampleCount:16]]
[2020.11.09-11.51.06:637][  0]LogConfig: Setting CVar [[r.HairStrands.DeepShadow.SuperSampling:0]]
[2020.11.09-11.51.06:637][  0]LogConfig: Setting CVar [[r.HairStrands.VisibilityPPLL:0]]
[2020.11.09-11.51.06:637][  0]LogConfig: Setting CVar [[r.HairStrands.RasterizationScale:0.5]]
[2020.11.09-11.51.06:637][  0]LogConfig: Setting CVar [[r.HairStrands.VelocityRasterizationScale:1]]
[2020.11.09-11.51.06:637][  0]LogInit: Selected Device Profile: [Windows]
[2020.11.09-11.51.06:637][  0]LogInit: Applying CVar settings loaded from the selected device profile: [Windows]
[2020.11.09-11.51.06:637][  0]LogHAL: Display: Platform has ~ 8 GB [8460451840 / 8589934592 / 8], which maps to Default [LargestMinGB=32, LargerMinGB=12, DefaultMinGB=8, SmallerMinGB=6, SmallestMinGB=0)
[2020.11.09-11.51.06:637][  0]LogInit: Going up to parent DeviceProfile []
[2020.11.09-11.51.06:637][  0]LogConfig: Applying CVar settings from Section [ViewDistanceQuality@3] File [D:/Abiogolf/IT_KMITL/BattleChess/BattleChess_Game/Saved/Config/Windows/Scalability.ini]
[2020.11.09-11.51.06:637][  0]LogConfig: Setting CVar [[r.SkeletalMeshLODBias:0]]
[2020.11.09-11.51.06:637][  0]LogConfig: Setting CVar [[r.ViewDistanceScale:1.0]]
[2020.11.09-11.51.06:637][  0]LogConfig: Applying CVar settings from Section [AntiAliasingQuality@3] File [D:/Abiogolf/IT_KMITL/BattleChess/BattleChess_Game/Saved/Config/Windows/Scalability.ini]
[2020.11.09-11.51.06:637][  0]LogConfig: Setting CVar [[r.PostProcessAAQuality:4]]
[2020.11.09-11.51.06:637][  0]LogConfig: Applying CVar settings from Section [ShadowQuality@3] File [D:/Abiogolf/IT_KMITL/BattleChess/BattleChess_Game/Saved/Config/Windows/Scalability.ini]
[2020.11.09-11.51.06:637][  0]LogConfig: Setting CVar [[r.LightFunctionQuality:1]]
[2020.11.09-11.51.06:637][  0]LogConfig: Setting CVar [[r.ShadowQuality:5]]
[2020.11.09-11.51.06:637][  0]LogConfig: Setting CVar [[r.Shadow.CSM.MaxCascades:10]]
[2020.11.09-11.51.06:637][  0]LogConfig: Setting CVar [[r.Shadow.MaxResolution:2048]]
[2020.11.09-11.51.06:637][  0]LogConfig: Setting CVar [[r.Shadow.MaxCSMResolution:2048]]
[2020.11.09-11.51.06:637][  0]LogConfig: Setting CVar [[r.Shadow.RadiusThreshold:0.01]]
[2020.11.09-11.51.06:637][  0]LogConfig: Setting CVar [[r.Shadow.DistanceScale:1.0]]
[2020.11.09-11.51.06:637][  0]LogConfig: Setting CVar [[r.Shadow.CSM.TransitionScale:1.0]]
[2020.11.09-11.51.06:637][  0]LogConfig: Setting CVar [[r.Shadow.PreShadowResolutionFactor:1.0]]
[2020.11.09-11.51.06:637][  0]LogConfig: Setting CVar [[r.DistanceFieldShadowing:1]]
[2020.11.09-11.51.06:637][  0]LogConfig: Setting CVar [[r.DistanceFieldAO:1]]
[2020.11.09-11.51.06:637][  0]LogConfig: Setting CVar [[r.AOQuality:2]]
[2020.11.09-11.51.06:637][  0]LogConfig: Setting CVar [[r.VolumetricFog:1]]
[2020.11.09-11.51.06:637][  0]LogConfig: Setting CVar [[r.VolumetricFog.GridPixelSize:8]]
[2020.11.09-11.51.06:637][  0]LogConfig: Setting CVar [[r.VolumetricFog.GridSizeZ:128]]
[2020.11.09-11.51.06:637][  0]LogConfig: Setting CVar [[r.VolumetricFog.HistoryMissSupersampleCount:4]]
[2020.11.09-11.51.06:637][  0]LogConfig: Setting CVar [[r.LightMaxDrawDistanceScale:1]]
[2020.11.09-11.51.06:637][  0]LogConfig: Setting CVar [[r.CapsuleShadows:1]]
[2020.11.09-11.51.06:637][  0]LogConfig: Applying CVar settings from Section [PostProcessQuality@3] File [D:/Abiogolf/IT_KMITL/BattleChess/BattleChess_Game/Saved/Config/Windows/Scalability.ini]
[2020.11.09-11.51.06:637][  0]LogConfig: Setting CVar [[r.MotionBlurQuality:4]]
[2020.11.09-11.51.06:637][  0]LogConfig: Setting CVar [[r.AmbientOcclusionMipLevelFactor:0.4]]
[2020.11.09-11.51.06:637][  0]LogConfig: Setting CVar [[r.AmbientOcclusionMaxQuality:100]]
[2020.11.09-11.51.06:637][  0]LogConfig: Setting CVar [[r.AmbientOcclusionLevels:-1]]
[2020.11.09-11.51.06:637][  0]LogConfig: Setting CVar [[r.AmbientOcclusionRadiusScale:1.0]]
[2020.11.09-11.51.06:637][  0]LogConfig: Setting CVar [[r.DepthOfFieldQuality:2]]
[2020.11.09-11.51.06:637][  0]LogConfig: Setting CVar [[r.RenderTargetPoolMin:400]]
[2020.11.09-11.51.06:637][  0]LogConfig: Setting CVar [[r.LensFlareQuality:2]]
[2020.11.09-11.51.06:637][  0]LogConfig: Setting CVar [[r.SceneColorFringeQuality:1]]
[2020.11.09-11.51.06:637][  0]LogConfig: Setting CVar [[r.EyeAdaptationQuality:2]]
[2020.11.09-11.51.06:637][  0]LogConfig: Setting CVar [[r.BloomQuality:5]]
[2020.11.09-11.51.06:637][  0]LogConfig: Setting CVar [[r.FastBlurThreshold:100]]
[2020.11.09-11.51.06:637][  0]LogConfig: Setting CVar [[r.Upscale.Quality:3]]
[2020.11.09-11.51.06:637][  0]LogConfig: Setting CVar [[r.Tonemapper.GrainQuantization:1]]
[2020.11.09-11.51.06:637][  0]LogConfig: Setting CVar [[r.LightShaftQuality:1]]
[2020.11.09-11.51.06:637][  0]LogConfig: Setting CVar [[r.Filter.SizeScale:1]]
[2020.11.09-11.51.06:637][  0]LogConfig: Setting CVar [[r.Tonemapper.Quality:5]]
[2020.11.09-11.51.06:637][  0]LogConfig: Setting CVar [[r.DOF.Gather.AccumulatorQuality:1        ; higher gathering accumulator quality]]
[2020.11.09-11.51.06:637][  0]LogConfig: Setting CVar [[r.DOF.Gather.PostfilterMethod:1          ; Median3x3 postfilering method]]
[2020.11.09-11.51.06:637][  0]LogConfig: Setting CVar [[r.DOF.Gather.EnableBokehSettings:0       ; no bokeh simulation when gathering]]
[2020.11.09-11.51.06:637][  0]LogConfig: Setting CVar [[r.DOF.Gather.RingCount:4                 ; medium number of samples when gathering]]
[2020.11.09-11.51.06:639][  0]LogConfig: Setting CVar [[r.DOF.Scatter.ForegroundCompositing:1    ; additive foreground scattering]]
[2020.11.09-11.51.06:639][  0]LogConfig: Setting CVar [[r.DOF.Scatter.BackgroundCompositing:2    ; additive background scattering]]
[2020.11.09-11.51.06:639][  0]LogConfig: Setting CVar [[r.DOF.Scatter.EnableBokehSettings:1      ; bokeh simulation when scattering]]
[2020.11.09-11.51.06:639][  0]LogConfig: Setting CVar [[r.DOF.Scatter.MaxSpriteRatio:0.1         ; only a maximum of 10% of scattered bokeh]]
[2020.11.09-11.51.06:639][  0]LogConfig: Setting CVar [[r.DOF.Recombine.Quality:1                ; cheap slight out of focus]]
[2020.11.09-11.51.06:639][  0]LogConfig: Setting CVar [[r.DOF.Recombine.EnableBokehSettings:0    ; no bokeh simulation on slight out of focus]]
[2020.11.09-11.51.06:639][  0]LogConfig: Setting CVar [[r.DOF.TemporalAAQuality:1                ; more stable temporal accumulation]]
[2020.11.09-11.51.06:639][  0]LogConfig: Setting CVar [[r.DOF.Kernel.MaxForegroundRadius:0.025]]
[2020.11.09-11.51.06:639][  0]LogConfig: Setting CVar [[r.DOF.Kernel.MaxBackgroundRadius:0.025]]
[2020.11.09-11.51.06:639][  0]LogConfig: Applying CVar settings from Section [TextureQuality@3] File [D:/Abiogolf/IT_KMITL/BattleChess/BattleChess_Game/Saved/Config/Windows/Scalability.ini]
[2020.11.09-11.51.06:639][  0]LogConfig: Setting CVar [[r.Streaming.MipBias:0]]
[2020.11.09-11.51.06:639][  0]LogConfig: Setting CVar [[r.Streaming.AmortizeCPUToGPUCopy:0]]
[2020.11.09-11.51.06:639][  0]LogConfig: Setting CVar [[r.Streaming.MaxNumTexturesToStreamPerFrame:0]]
[2020.11.09-11.51.06:639][  0]LogConfig: Setting CVar [[r.Streaming.Boost:1]]
[2020.11.09-11.51.06:639][  0]LogConfig: Setting CVar [[r.MaxAnisotropy:8]]
[2020.11.09-11.51.06:639][  0]LogConfig: Setting CVar [[r.VT.MaxAnisotropy:8]]
[2020.11.09-11.51.06:639][  0]LogConfig: Setting CVar [[r.Streaming.LimitPoolSizeToVRAM:0]]
[2020.11.09-11.51.06:639][  0]LogConfig: Setting CVar [[r.Streaming.PoolSize:1000]]
[2020.11.09-11.51.06:639][  0]LogConfig: Setting CVar [[r.Streaming.MaxEffectiveScreenSize:0]]
[2020.11.09-11.51.06:639][  0]LogConfig: Applying CVar settings from Section [EffectsQuality@3] File [D:/Abiogolf/IT_KMITL/BattleChess/BattleChess_Game/Saved/Config/Windows/Scalability.ini]
[2020.11.09-11.51.06:639][  0]LogConfig: Setting CVar [[r.TranslucencyLightingVolumeDim:64]]
[2020.11.09-11.51.06:639][  0]LogConfig: Setting CVar [[r.RefractionQuality:2]]
[2020.11.09-11.51.06:639][  0]LogConfig: Setting CVar [[r.SSR.Quality:3]]
[2020.11.09-11.51.06:639][  0]LogConfig: Setting CVar [[r.SSR.HalfResSceneColor:0]]
[2020.11.09-11.51.06:639][  0]LogConfig: Setting CVar [[r.SceneColorFormat:4]]
[2020.11.09-11.51.06:639][  0]LogConfig: Setting CVar [[r.DetailMode:2]]
[2020.11.09-11.51.06:639][  0]LogConfig: Setting CVar [[r.TranslucencyVolumeBlur:1]]
[2020.11.09-11.51.06:639][  0]LogConfig: Setting CVar [[r.MaterialQualityLevel:1 ; High quality]]
[2020.11.09-11.51.06:639][  0]LogConfig: Setting CVar [[r.SSS.Scale:1]]
[2020.11.09-11.51.06:639][  0]LogConfig: Setting CVar [[r.SSS.SampleSet:2]]
[2020.11.09-11.51.06:639][  0]LogConfig: Setting CVar [[r.SSS.Quality:1]]
[2020.11.09-11.51.06:639][  0]LogConfig: Setting CVar [[r.SSS.HalfRes:0]]
[2020.11.09-11.51.06:639][  0]LogConfig: Setting CVar [[r.SSGI.Quality:3]]
[2020.11.09-11.51.06:639][  0]LogConfig: Setting CVar [[r.EmitterSpawnRateScale:1.0]]
[2020.11.09-11.51.06:639][  0]LogConfig: Setting CVar [[r.ParticleLightQuality:2]]
[2020.11.09-11.51.06:639][  0]LogConfig: Setting CVar [[r.SkyAtmosphere.AerialPerspectiveLUT.FastApplyOnOpaque:1 ; Always have FastSkyLUT 1 in this case to avoid wrong sky]]
[2020.11.09-11.51.06:639][  0]LogConfig: Setting CVar [[r.SkyAtmosphere.AerialPerspectiveLUT.SampleCountPerSlice:1]]
[2020.11.09-11.51.06:639][  0]LogConfig: Setting CVar [[r.SkyAtmosphere.AerialPerspectiveLUT.DepthResolution:16.0]]
[2020.11.09-11.51.06:639][  0]LogConfig: Setting CVar [[r.SkyAtmosphere.FastSkyLUT:1]]
[2020.11.09-11.51.06:639][  0]LogConfig: Setting CVar [[r.SkyAtmosphere.FastSkyLUT.SampleCountMin:4.0]]
[2020.11.09-11.51.06:639][  0]LogConfig: Setting CVar [[r.SkyAtmosphere.FastSkyLUT.SampleCountMax:32.0]]
[2020.11.09-11.51.06:639][  0]LogConfig: Setting CVar [[r.SkyAtmosphere.SampleCountMin:4.0]]
[2020.11.09-11.51.06:639][  0]LogConfig: Setting CVar [[r.SkyAtmosphere.SampleCountMax:32.0]]
[2020.11.09-11.51.06:639][  0]LogConfig: Setting CVar [[r.SkyAtmosphere.TransmittanceLUT.UseSmallFormat:0]]
[2020.11.09-11.51.06:639][  0]LogConfig: Setting CVar [[r.SkyAtmosphere.TransmittanceLUT.SampleCount:10.0]]
[2020.11.09-11.51.06:639][  0]LogConfig: Setting CVar [[r.SkyAtmosphere.MultiScatteringLUT.SampleCount:15.0]]
[2020.11.09-11.51.06:639][  0]LogConfig: Applying CVar settings from Section [FoliageQuality@3] File [D:/Abiogolf/IT_KMITL/BattleChess/BattleChess_Game/Saved/Config/Windows/Scalability.ini]
[2020.11.09-11.51.06:639][  0]LogConfig: Setting CVar [[foliage.DensityScale:1.0]]
[2020.11.09-11.51.06:639][  0]LogConfig: Setting CVar [[grass.DensityScale:1.0]]
[2020.11.09-11.51.06:639][  0]LogConfig: Applying CVar settings from Section [ShadingQuality@3] File [D:/Abiogolf/IT_KMITL/BattleChess/BattleChess_Game/Saved/Config/Windows/Scalability.ini]
[2020.11.09-11.51.06:639][  0]LogConfig: Setting CVar [[r.HairStrands.SkyLighting.SampleCount:16]]
[2020.11.09-11.51.06:639][  0]LogConfig: Setting CVar [[r.HairStrands.SkyLighting.JitterIntegration:0]]
[2020.11.09-11.51.06:639][  0]LogConfig: Setting CVar [[r.HairStrands.SkyAO.SampleCount:16]]
[2020.11.09-11.51.06:639][  0]LogConfig: Setting CVar [[r.HairStrands.DeepShadow.SuperSampling:0]]
[2020.11.09-11.51.06:639][  0]LogConfig: Setting CVar [[r.HairStrands.VisibilityPPLL:0]]
[2020.11.09-11.51.06:639][  0]LogConfig: Setting CVar [[r.HairStrands.RasterizationScale:0.5]]
[2020.11.09-11.51.06:639][  0]LogConfig: Setting CVar [[r.HairStrands.VelocityRasterizationScale:1]]
[2020.11.09-11.51.06:639][  0]LogConfig: Applying CVar settings from Section [Startup] File [../../../Engine/Config/ConsoleVariables.ini]
[2020.11.09-11.51.06:639][  0]LogConfig: Setting CVar [[net.UseAdaptiveNetUpdateFrequency:0]]
[2020.11.09-11.51.06:639][  0]LogConfig: Setting CVar [[p.chaos.AllowCreatePhysxBodies:1]]
[2020.11.09-11.51.06:639][  0]LogConfig: Setting CVar [[fx.SkipVectorVMBackendOptimizations:1]]
[2020.11.09-11.51.06:639][  0]LogConfig: Applying CVar settings from Section [ConsoleVariables] File [D:/Abiogolf/IT_KMITL/BattleChess/BattleChess_Game/Saved/Config/Windows/Engine.ini]
[2020.11.09-11.51.06:639][  0]LogInit: Computer: DESKTOP-DO80R7R
[2020.11.09-11.51.06:639][  0]LogInit: User: USER
[2020.11.09-11.51.06:639][  0]LogInit: CPU Page size=4096, Cores=4
[2020.11.09-11.51.06:639][  0]LogInit: High frequency timer resolution =10.000000 MHz
[2020.11.09-11.51.06:639][  0]LogMemory: Memory total: Physical=7.9GB (8GB approx)
[2020.11.09-11.51.06:639][  0]LogMemory: Platform Memory Stats for Windows
[2020.11.09-11.51.06:639][  0]LogMemory: Process Physical Memory: 137.77 MB used, 137.77 MB peak
[2020.11.09-11.51.06:639][  0]LogMemory: Process Virtual Memory: 103.13 MB used, 103.13 MB peak
[2020.11.09-11.51.06:639][  0]LogMemory: Physical Memory: 6726.27 MB used,  1342.24 MB free, 8068.52 MB total
[2020.11.09-11.51.06:639][  0]LogMemory: Virtual Memory: 5217.28 MB used,  134212512.00 MB free, 134217728.00 MB total
[2020.11.09-11.51.06:661][  0]LogWindows: WindowsPlatformFeatures enabled
[2020.11.09-11.51.08:060][  0]LogInit: Physics initialised using underlying interface: PhysX
[2020.11.09-11.51.08:060][  0]LogInit: Using OS detected language (en-US).
[2020.11.09-11.51.08:060][  0]LogInit: Using OS detected locale (en-GB).
[2020.11.09-11.51.08:062][  0]LogTextLocalizationManager: No specific localization for 'en-US' exists, so the 'en' localization will be used.
[2020.11.09-11.51.09:768][  0]LogSlate: New Slate User Created.  User Index 0, Is Virtual User: 0
[2020.11.09-11.51.09:768][  0]LogSlate: Slate User Registered.  User Index 0, Is Virtual User: 0
[2020.11.09-11.51.09:867][  0]LogHMD: Failed to initialize OpenVR with code 110
[2020.11.09-11.51.09:867][  0]LogD3D11RHI: D3D11 min allowed feature level: 11_0
[2020.11.09-11.51.09:867][  0]LogD3D11RHI: D3D11 max allowed feature level: 11_0
[2020.11.09-11.51.09:867][  0]LogD3D11RHI: D3D11 adapters:
[2020.11.09-11.51.10:380][  0]LogD3D11RHI:    0. 'NVIDIA GeForce GTX 960M' (Feature Level 11_0)
[2020.11.09-11.51.10:380][  0]LogD3D11RHI:       4055/0/4034 MB DedicatedVideo/DedicatedSystem/SharedSystem, Outputs:1, VendorId:0x10de
[2020.11.09-11.51.10:429][  0]LogD3D11RHI:    1. 'Intel(R) HD Graphics 530' (Feature Level 11_0)
[2020.11.09-11.51.10:429][  0]LogD3D11RHI:       128/0/4034 MB DedicatedVideo/DedicatedSystem/SharedSystem, Outputs:0, VendorId:0x8086
[2020.11.09-11.51.10:600][  0]LogD3D11RHI:    2. 'Microsoft Basic Render Driver' (Feature Level 11_0)
[2020.11.09-11.51.10:600][  0]LogD3D11RHI:       0/0/4034 MB DedicatedVideo/DedicatedSystem/SharedSystem, Outputs:0, VendorId:0x1414
[2020.11.09-11.51.10:600][  0]LogD3D11RHI: Chosen D3D11 Adapter: 0
[2020.11.09-11.51.10:609][  0]LogD3D11RHI: Creating new Direct3DDevice
[2020.11.09-11.51.10:610][  0]LogD3D11RHI:     GPU DeviceId: 0x139b (for the marketing name, search the web for "GPU Device Id")
[2020.11.09-11.51.10:610][  0]LogWindows: EnumDisplayDevices:
[2020.11.09-11.51.10:610][  0]LogWindows:    0. 'Intel(R) HD Graphics 530' (P:1 D:1)
[2020.11.09-11.51.10:610][  0]LogWindows:    1. 'Intel(R) HD Graphics 530' (P:0 D:0)
[2020.11.09-11.51.10:611][  0]LogWindows:    2. 'Intel(R) HD Graphics 530' (P:0 D:0)
[2020.11.09-11.51.10:611][  0]LogWindows: DebugString: PrimaryIsNotTheChoosenAdapter PrimaryIsNotTheChoosenAdapter PrimaryIsNotTheChoosenAdapter FoundDriverCount:0 
[2020.11.09-11.51.10:611][  0]LogD3D11RHI:     Adapter Name: NVIDIA GeForce GTX 960M
[2020.11.09-11.51.10:611][  0]LogD3D11RHI:   Driver Version: Unknown (internal:Unknown, unified:Unknown)
[2020.11.09-11.51.10:611][  0]LogD3D11RHI:      Driver Date: Unknown
[2020.11.09-11.51.10:611][  0]LogRHI: Texture pool is 2839 MB (70% of 4055 MB)
[2020.11.09-11.51.10:692][  0]LogD3D11RHI: RHI has support for 64 bit atomics
[2020.11.09-11.51.10:692][  0]LogD3D11RHI: Async texture creation enabled
[2020.11.09-11.51.11:040][  0]LogD3D11RHI: GPU Timing Frequency: 1000.000000 (Debug: 2 1)
[2020.11.09-11.51.12:711][  0]LogTargetPlatformManager: Display: Loaded TargetPlatform 'WindowsNoEditor'
[2020.11.09-11.51.12:781][  0]LogTargetPlatformManager: Display: Loaded TargetPlatform 'Windows'
[2020.11.09-11.51.12:940][  0]LogTargetPlatformManager: Display: Loaded TargetPlatform 'WindowsClient'
[2020.11.09-11.51.12:954][  0]LogTargetPlatformManager: Display: Loaded TargetPlatform 'WindowsServer'
[2020.11.09-11.51.12:954][  0]LogTargetPlatformManager: Display: Building Assets For Windows
[2020.11.09-11.51.13:210][  0]LogAudioDebug: Display: Lib vorbis DLL was dynamically loaded.
[2020.11.09-11.51.15:455][  0]LogShaderCompilers: Guid format shader working directory is -19 characters bigger than the processId version (../../../../../../Abiogolf/IT_KMITL/BattleChess/BattleChess_Game/Intermediate/Shaders/WorkingDirectory/1268/).
[2020.11.09-11.51.15:455][  0]LogShaderCompilers: Cleaned the shader compiler working directory 'C:/Users/USER/AppData/Local/Temp/UnrealShaderWorkingDir/F1EEB628411414A2BA8C298C7921368B/'.
[2020.11.09-11.51.15:478][  0]LogXGEController: Cannot use XGE Controller as Incredibuild is not installed on this machine.
[2020.11.09-11.51.15:478][  0]LogShaderCompilers: Cannot use XGE Shader Compiler as Incredibuild is not installed on this machine.
[2020.11.09-11.51.15:478][  0]LogShaderCompilers: Display: Using Local Shader Compiler.
[2020.11.09-11.51.16:802][  0]LogDerivedDataCache: Display: Max Cache Size: 512 MB
[2020.11.09-11.51.17:882][  0]LogDerivedDataCache: Loaded boot cache 1.08s 76MB C:/Users/USER/AppData/Local/UnrealEngine/4.25/DerivedDataCache/Boot.ddc.
[2020.11.09-11.51.17:882][  0]LogDerivedDataCache: Display: Loaded Boot cache: C:/Users/USER/AppData/Local/UnrealEngine/4.25/DerivedDataCache/Boot.ddc
[2020.11.09-11.51.17:882][  0]LogDerivedDataCache: FDerivedDataBackendGraph:  Pak pak cache file ../../../../../../Abiogolf/IT_KMITL/BattleChess/BattleChess_Game/DerivedDataCache/DDC.ddp not found, will not use a pak cache.
[2020.11.09-11.51.17:882][  0]LogDerivedDataCache: Unable to find inner node Pak for hierarchical cache Hierarchy.
[2020.11.09-11.51.17:882][  0]LogDerivedDataCache: FDerivedDataBackendGraph:  CompressedPak pak cache file ../../../../../../Abiogolf/IT_KMITL/BattleChess/BattleChess_Game/DerivedDataCache/Compressed.ddp not found, will not use a pak cache.
[2020.11.09-11.51.17:882][  0]LogDerivedDataCache: Unable to find inner node CompressedPak for hierarchical cache Hierarchy.
[2020.11.09-11.51.17:979][  0]LogDerivedDataCache: Display: Pak cache opened for reading ../../../Engine/DerivedDataCache/Compressed.ddp.
[2020.11.09-11.51.17:979][  0]LogDerivedDataCache: FDerivedDataBackendGraph:  EnterprisePak pak cache file ../../../Enterprise/DerivedDataCache/Compressed.ddp not found, will not use a pak cache.
[2020.11.09-11.51.17:979][  0]LogDerivedDataCache: Unable to find inner node EnterprisePak for hierarchical cache Hierarchy.
[2020.11.09-11.51.17:981][  0]LogDerivedDataCache: Using Local data cache path C:/Users/USER/AppData/Local/UnrealEngine/Common/DerivedDataCache: Writable
[2020.11.09-11.51.17:982][  0]LogDerivedDataCache: Shared data cache path not found in *engine.ini, will not use an Shared cache.
[2020.11.09-11.51.17:982][  0]LogDerivedDataCache: Unable to find inner node Shared for hierarchical cache Hierarchy.
[2020.11.09-11.51.18:029][  0]LogSlate: Using FreeType 2.10.0
[2020.11.09-11.51.18:030][  0]LogSlate: SlateFontServices - WITH_FREETYPE: 1, WITH_HARFBUZZ: 1
[2020.11.09-11.51.18:575][  0]LogInit: Using OS detected language (en-US).
[2020.11.09-11.51.18:576][  0]LogInit: Using OS detected locale (en-GB).
[2020.11.09-11.51.18:576][  0]LogTextLocalizationManager: No localization for 'en-US' exists, so 'en' will be used for the language.
[2020.11.09-11.51.18:576][  0]LogTextLocalizationManager: No localization for 'en-GB' exists, so 'en' will be used for the locale.
[2020.11.09-11.51.18:576][  0]LogSlate: FontCache flush requested. Reason: Culture for localization was changed
[2020.11.09-11.51.18:576][  0]LogSlate: FontCache flush requested. Reason: Culture for localization was changed
[2020.11.09-11.51.18:578][  0]LogTextLocalizationManager: Compacting localization data took   0.00ms
[2020.11.09-11.51.18:675][  0]LogAssetRegistry: FAssetRegistry took 0.0025 seconds to start up
[2020.11.09-11.51.19:380][  0]LogPackageLocalizationCache: Processed 19 localized package path(s) for 1 prioritized culture(s) in 0.413771 seconds
[2020.11.09-11.51.19:431][  0]LogInit: Selected Device Profile: [Windows]
[2020.11.09-11.51.20:600][  0]LogMeshReduction: Using QuadricMeshReduction for automatic static mesh reduction
[2020.11.09-11.51.20:600][  0]LogMeshReduction: Using SimplygonMeshReduction for automatic skeletal mesh reduction
[2020.11.09-11.51.20:600][  0]LogMeshReduction: Using ProxyLODMeshReduction for automatic mesh merging
[2020.11.09-11.51.20:600][  0]LogMeshReduction: No distributed automatic mesh merging module available
[2020.11.09-11.51.20:600][  0]LogMeshMerging: No distributed automatic mesh merging module available
[2020.11.09-11.51.20:968][  0]LogNetVersion: BattleChess_Game 1.0.0, NetCL: 13144385, EngineNetVer: 14, GameNetVer: 0 (Checksum: 631773850)
[2020.11.09-11.51.23:712][  0]LogAISub: UAISubsystem::UAISubsystem AISubsystem (000001A5EB16B340), frame # 0
[2020.11.09-11.51.23:712][  0]LogAISub: UAISubsystem::UAISubsystem AIPerceptionSystem (000001A5EB170400), frame # 0
[2020.11.09-11.51.23:714][  0]LogAISub: UAISubsystem::UAISubsystem EnvQueryManager (000001A5EB282800), frame # 0
[2020.11.09-11.51.31:975][  0]LogCollectionManager: Loaded 0 collections in 0.001688 seconds
[2020.11.09-11.51.32:159][  0]LogFileCache: Scanning file cache for directory 'D:/Abiogolf/IT_KMITL/BattleChess/BattleChess_Game/Saved/Collections/' took 0.00s
[2020.11.09-11.51.32:159][  0]LogFileCache: Scanning file cache for directory 'D:/Abiogolf/IT_KMITL/BattleChess/BattleChess_Game/Content/Developers/USER/Collections/' took 0.00s
[2020.11.09-11.51.32:159][  0]LogFileCache: Scanning file cache for directory 'D:/Abiogolf/IT_KMITL/BattleChess/BattleChess_Game/Content/Collections/' took 0.00s
[2020.11.09-11.51.32:159][  0]LogCollectionManager: Fixed up redirectors for 0 collections in 0.000004 seconds (updated 0 objects)
[2020.11.09-11.51.33:527][  0]LogMoviePlayer: Initializing movie player
[2020.11.09-11.51.48:516][  0]SourceControl: Source control is disabled
[2020.11.09-11.51.48:516][  0]SourceControl: Source control is disabled
[2020.11.09-11.51.48:568][  0]SourceControl: Source control is disabled
[2020.11.09-11.51.49:123][  0]LogAndroidPermission: UAndroidPermissionCallbackProxy::GetInstance
[2020.11.09-11.51.49:148][  0]LogAudioCaptureCore: Display: No Audio Capture implementations found. Audio input will be silent.
[2020.11.09-11.51.49:148][  0]LogAudioCaptureCore: Display: No Audio Capture implementations found. Audio input will be silent.
[2020.11.09-11.51.49:202][  0]LogOcInput: OculusInput pre-init called
[2020.11.09-11.51.49:224][  0]LogUObjectArray: 19072 objects as part of root set at end of initial load.
[2020.11.09-11.51.49:224][  0]LogUObjectAllocator: 5026912 out of 0 bytes used by permanent object pool.
[2020.11.09-11.51.49:224][  0]LogUObjectArray: CloseDisregardForGC: 0/0 objects in disregard for GC pool
[2020.11.09-11.51.49:276][  0]LogEngine: Initializing Engine...
[2020.11.09-11.51.49:277][  0]LogHMD: Failed to initialize OpenVR with code 110
[2020.11.09-11.51.49:277][  0]LogMagicLeap: Warning: VR disabled because ZI is not enabled.  To enable, in the editor, Edit -> Project Settings -> Plugins -> Magic Leap Plugin -> Enable Zero Iteration
[2020.11.09-11.51.49:279][  0]LogStats: UGameplayTagsManager::InitializeManager -  0.000 s
[2020.11.09-11.51.49:414][  0]LogInit: Initializing FReadOnlyCVARCache
[2020.11.09-11.51.49:656][  0]LogAudioMixer: Display: Audio Mixer Platform Settings:
[2020.11.09-11.51.49:656][  0]LogAudioMixer: Display: 	Sample Rate:						  48000
[2020.11.09-11.51.49:656][  0]LogAudioMixer: Display: 	Callback Buffer Frame Size Requested: 1024
[2020.11.09-11.51.49:656][  0]LogAudioMixer: Display: 	Callback Buffer Frame Size To Use:	  1024
[2020.11.09-11.51.49:656][  0]LogAudioMixer: Display: 	Number of buffers to queue:			  2
[2020.11.09-11.51.49:656][  0]LogAudioMixer: Display: 	Max Channels (voices):				  32
[2020.11.09-11.51.49:656][  0]LogAudioMixer: Display: 	Number of Async Source Workers:		  0
[2020.11.09-11.51.49:656][  0]LogAudio: Display: AudioDevice MaxSources: 32
[2020.11.09-11.51.49:656][  0]LogAudio: Display: Using built-in audio occlusion.
[2020.11.09-11.51.49:656][  0]LogAudioMixer: Display: Initializing audio mixer.
[2020.11.09-11.51.50:253][  0]LogAudioMixer: Display: 0: FrontLeft
[2020.11.09-11.51.50:254][  0]LogAudioMixer: Display: 1: FrontRight
[2020.11.09-11.51.50:355][  0]LogAudioMixer: Display: Using Audio Device Speakers (Realtek High Definition Audio)
[2020.11.09-11.51.50:364][  0]LogAudioMixer: Display: Initializing Sound Submixes...
[2020.11.09-11.51.50:366][  0]LogAudioMixer: Display: Creating Master Submix 'MasterSubmixDefault'
[2020.11.09-11.51.50:366][  0]LogAudioMixer: Display: Creating Master Submix 'MasterReverbSubmixDefault'
[2020.11.09-11.51.50:367][  0]LogAudioMixer: Display: Creating Master Submix 'MasterEQSubmixDefault'
[2020.11.09-11.51.50:368][  0]LogInit: FAudioDevice initialized.
[2020.11.09-11.51.50:370][  0]LogNetVersion: Set ProjectVersion to 1.0.0.0. Version Checksum will be recalculated on next use.
[2020.11.09-11.51.55:278][  0]LogDerivedDataCache: Saved boot cache 4.91s 76MB C:/Users/USER/AppData/Local/UnrealEngine/4.25/DerivedDataCache/Boot.ddc.
[2020.11.09-11.51.55:320][  0]LogInit: Texture streaming: Enabled
[2020.11.09-11.52.01:744][  0]LogSlate: Updating window title bar state: overlay mode, drag disabled, window buttons hidden, title bar hidden
[2020.11.09-11.52.01:744][  0]LogInit: Display: Game Engine Initialized.
[2020.11.09-11.52.01:744][  0]LogNiagaraEditor: Warning: GEditor isn't valid! Particle reset commands will not work for Niagara components!
[2020.11.09-11.52.02:678][  0]LogInit: Display: Starting Game.
[2020.11.09-11.52.02:678][  0]LogNet: Browse: /Game/Maps/MainMenu?Name=Player
[2020.11.09-11.52.02:678][  0]LogLoad: LoadMap: /Game/Maps/MainMenu?Name=Player
[2020.11.09-11.52.02:678][  0]LogWorld: BeginTearingDown for /Temp/Untitled_0
[2020.11.09-11.52.02:680][  0]LogWorld: UWorld::CleanupWorld for Untitled, bSessionEnded=true, bCleanupResources=true
[2020.11.09-11.52.02:680][  0]LogSlate: InvalidateAllWidgets triggered.  All widgets were invalidated
[2020.11.09-11.52.02:693][  0]LogUObjectHash: Compacting FUObjectHashTables data took   0.92ms
[2020.11.09-11.52.02:955][  0]LogAIModule: Creating AISystem for world MainMenu
[2020.11.09-11.52.02:955][  0]LogAISub: UAISubsystem::UAISubsystem EnvQueryManager (000001A5F29BAA00), frame # 0
[2020.11.09-11.52.02:955][  0]LogAISub: UAISubsystem::UAISubsystem AIPerceptionSystem (000001A5F2BC4680), frame # 0
[2020.11.09-11.52.03:372][  0]LogLoad: Game class is 'ThirdPersonGameMode_C'
[2020.11.09-11.52.03:374][  0]LogWorld: Bringing World /Game/Maps/MainMenu.MainMenu up for play (max tick rate 0) at 2020.11.09-18.52.03
[2020.11.09-11.52.03:375][  0]LogWorld: Bringing up level for play took: 0.001178
[2020.11.09-11.52.03:450][  0]LogGameMode: FindPlayerStart: PATHS NOT DEFINED or NO PLAYERSTART with positive rating
[2020.11.09-11.52.03:483][  0]LogLoad: Took 0.804607 seconds to LoadMap(/Game/Maps/MainMenu)
[2020.11.09-11.52.03:501][  0]LogSlate: Took 0.016956 seconds to synchronously load lazily loaded font '../../../Engine/Content/Slate/Fonts/Roboto-Regular.ttf' (155K)
[2020.11.09-11.52.03:925][  0]LogRenderer: Reallocating scene render targets to support 1536x864 Format 10 NumSamples 1 (Frame:1).
[2020.11.09-11.52.03:925][  0]LogLoad: (Engine Initialization) Total time: 81.67 seconds
[2020.11.09-11.52.03:925][  0]LogLoad: (Engine Initialization) Total Blueprint compile time: 0.00 seconds
[2020.11.09-11.52.03:931][  0]LogContentStreaming: Texture pool size now 1000 MB
[2020.11.09-11.52.03:940][  0]LogSlate: InvalidateAllWidgets triggered.  All widgets were invalidated
[2020.11.09-11.52.04:295][  1]LogSlate: Took 0.000225 seconds to synchronously load lazily loaded font '../../../Engine/Content/Slate/Fonts/Roboto-Regular.ttf' (155K)
[2020.11.09-11.52.13:993][426]LogOnlineSession: Verbose: OSS: dumping NamedSession: 
[2020.11.09-11.52.13:993][426]LogOnlineSession: Verbose: OSS: 	SessionName: GameSession
[2020.11.09-11.52.13:993][426]LogOnlineSession: Verbose: OSS: 	HostingPlayerNum: 0
[2020.11.09-11.52.13:993][426]LogOnlineSession: Verbose: OSS: 	SessionState: Pending
[2020.11.09-11.52.13:993][426]LogOnlineSession: Verbose: OSS: 	RegisteredPlayers: 
[2020.11.09-11.52.13:993][426]LogOnlineSession: Verbose: OSS: 	    0 registered players
[2020.11.09-11.52.13:993][426]LogOnlineSession: Verbose: OSS: dumping Session: 
[2020.11.09-11.52.13:993][426]LogOnlineSession: Verbose: OSS: 	OwningPlayerName: biogolf
[2020.11.09-11.52.13:993][426]LogOnlineSession: Verbose: OSS: 	OwningPlayerId: biogolf [0x1A5EAFB3400]
[2020.11.09-11.52.13:993][426]LogOnlineSession: Verbose: OSS: 	NumOpenPrivateConnections: 0
[2020.11.09-11.52.13:993][426]LogOnlineSession: Verbose: OSS: 	NumOpenPublicConnections: 1
[2020.11.09-11.52.13:993][426]LogOnlineSession: Verbose: OSS: 	SessionInfo: HostIP: INVALID SteamP2P: 76561198077992026:7777 Type: Lobby session SessionId: Lobby[0x18600000B312434]
[2020.11.09-11.52.13:994][426]LogOnlineSession: Verbose: OSS: dumping SessionSettings: 
[2020.11.09-11.52.13:994][426]LogOnlineSession: Verbose: OSS: 	NumPublicConnections: 2
[2020.11.09-11.52.13:994][426]LogOnlineSession: Verbose: OSS: 	NumPrivateConnections: 0
[2020.11.09-11.52.13:994][426]LogOnlineSession: Verbose: OSS: 	bIsLanMatch: false
[2020.11.09-11.52.13:994][426]LogOnlineSession: Verbose: OSS: 	bIsDedicated: false
[2020.11.09-11.52.13:994][426]LogOnlineSession: Verbose: OSS: 	bUsesStats: false
[2020.11.09-11.52.13:994][426]LogOnlineSession: Verbose: OSS: 	bShouldAdvertise: true
[2020.11.09-11.52.13:994][426]LogOnlineSession: Verbose: OSS: 	bAllowJoinInProgress: true
[2020.11.09-11.52.13:994][426]LogOnlineSession: Verbose: OSS: 	bAllowInvites: false
[2020.11.09-11.52.13:994][426]LogOnlineSession: Verbose: OSS: 	bUsesPresence: true
[2020.11.09-11.52.13:994][426]LogOnlineSession: Verbose: OSS: 	bAllowJoinViaPresence: true
[2020.11.09-11.52.13:994][426]LogOnlineSession: Verbose: OSS: 	bAllowJoinViaPresenceFriendsOnly: false
[2020.11.09-11.52.13:994][426]LogOnlineSession: Verbose: OSS: 	BuildUniqueId: 0x00c89141
[2020.11.09-11.52.13:994][426]LogOnlineSession: Verbose: OSS: 	Settings:
[2020.11.09-11.52.15:755][426]LogPackageName: SearchForPackageOnDisk took   1.748s to resolve Lobby.umap.
[2020.11.09-11.52.15:852][426]LogPackageName: SearchForPackageOnDisk took   0.097s to resolve Lobby.umap.
[2020.11.09-11.52.15:852][426]LogNet: Browse: /Game/Maps/Lobby?listen
[2020.11.09-11.52.15:852][426]LogLoad: LoadMap: /Game/Maps/Lobby?listen
[2020.11.09-11.52.15:852][426]LogWorld: BeginTearingDown for /Game/Maps/MainMenu
[2020.11.09-11.52.15:853][426]LogWorld: UWorld::CleanupWorld for MainMenu, bSessionEnded=true, bCleanupResources=true
[2020.11.09-11.52.15:853][426]LogSlate: InvalidateAllWidgets triggered.  All widgets were invalidated
[2020.11.09-11.52.15:892][426]LogAISub: UAISubsystem::~UAISubsystem AIPerceptionSystem (000001A5F2BC4680), frame # 1426
[2020.11.09-11.52.15:893][426]LogAISub: UAISubsystem::~UAISubsystem EnvQueryManager (000001A5F29BAA00), frame # 1426
[2020.11.09-11.52.15:893][426]LogUObjectHash: Compacting FUObjectHashTables data took   0.76ms
[2020.11.09-11.52.16:479][426]LogAIModule: Creating AISystem for world Lobby
[2020.11.09-11.52.16:479][426]LogAISub: UAISubsystem::UAISubsystem EnvQueryManager (000001A58CFE3E00), frame # 1426
[2020.11.09-11.52.16:479][426]LogAISub: UAISubsystem::UAISubsystem AIPerceptionSystem (000001A5F2B9B4C0), frame # 1426
[2020.11.09-11.52.16:480][426]LogLoad: Game class is 'LobbyGM_C'
[2020.11.09-11.52.16:480][426]LogNet: ReplicationDriverClass is null! Not using ReplicationDriver.
[2020.11.09-11.52.16:480][426]LogNetCore: DDoS detection status: detection enabled: 0 analytics enabled: 0
[2020.11.09-11.52.16:480][426]LogNet: Display: SteamNetDriver_0 bound to port 7777
[2020.11.09-11.52.16:481][426]PacketHandlerLog: Loaded PacketHandler component: Engine.EngineHandlerComponentFactory (StatelessConnectHandlerComponent)
[2020.11.09-11.52.16:481][426]LogNet: GameNetDriver SteamNetDriver_0 IpNetDriver listening on port 7777
[2020.11.09-11.52.16:483][426]LogWorld: Bringing World /Game/Maps/Lobby.Lobby up for play (max tick rate 0) at 2020.11.09-18.52.16
[2020.11.09-11.52.16:483][426]LogWorld: Bringing up level for play took: 0.001520
[2020.11.09-11.52.16:495][426]LogGameMode: Display: Match State Changed from EnteringMap to WaitingToStart
[2020.11.09-11.52.16:495][426]LogGameState: Match State Changed from EnteringMap to WaitingToStart
[2020.11.09-11.52.16:495][426]LogGameMode: Display: Match State Changed from WaitingToStart to InProgress
[2020.11.09-11.52.16:496][426]LogGameState: Match State Changed from WaitingToStart to InProgress
[2020.11.09-11.52.16:499][426]LogLoad: Took 0.646580 seconds to LoadMap(/Game/Maps/Lobby)
[2020.11.09-11.52.22:883][ 28]PIE: Warning: CharacterSelect
[2020.11.09-11.52.25:036][237]LogPackageName: Error: DoesPackageExist: DoesPackageExist FAILED: '/Game/Maps/AreanaTest ' is not a standard unreal filename or a long path name. Reason: Name may not contain the following characters: ' '
[2020.11.09-11.52.25:037][237]ERROR: The map '/Game/Maps/AreanaTest ' is either short package name or does not exist.
[2020.11.09-11.52.25:037][237]Command not recognized: servertravel /Game/Maps/AreanaTest 
[2020.11.09-11.53.04:757][522]LogWindowsDesktop: Alt-F4 pressed!
[2020.11.09-11.53.04:786][522]LogSlate: Window 'BattleChess_Game (64-bit Development PCD3D_SM5) ' being destroyed
[2020.11.09-11.53.04:804][522]LogWindowsTextInputMethodSystem: Display: IME system now deactivated.
[2020.11.09-11.53.04:843][522]LogScript: Warning: Script Msg: DestroySession - Invalid player state
[2020.11.09-11.53.04:844][522]LogSlate: Updating window title bar state: overlay mode, drag disabled, window buttons hidden, title bar hidden
[2020.11.09-11.53.04:844][522]LogEngine: All Windows Closed
[2020.11.09-11.53.04:844][522]LogWindows: FPlatformMisc::RequestExit(0)
[2020.11.09-11.53.04:844][522]LogCore: Engine exit requested (reason: Win RequestExit)
[2020.11.09-11.53.04:845][523]LogCore: Engine exit requested (reason: EngineExit() was called; note: exit was already requested)
[2020.11.09-11.53.04:962][523]LogAudio: Display: Shutting down audio device while 2 references to it are still alive. For more information, compile with INSTRUMENT_AUDIODEVICE_HANDLES.
[2020.11.09-11.53.05:058][523]LogInit: Display: PreExit Game.
[2020.11.09-11.53.05:182][523]LogWorld: BeginTearingDown for /Game/Maps/Lobby
[2020.11.09-11.53.05:182][523]LogNet: World NetDriver shutdown SteamNetDriver_0 [GameNetDriver]
[2020.11.09-11.53.05:182][523]LogNet: DestroyNamedNetDriver SteamNetDriver_0 [GameNetDriver]
[2020.11.09-11.53.05:267][523]LogExit: GameNetDriver SteamNetDriver_0 shut down
[2020.11.09-11.53.05:268][523]LogWorld: UWorld::CleanupWorld for Lobby, bSessionEnded=true, bCleanupResources=true
[2020.11.09-11.53.05:268][523]LogSlate: InvalidateAllWidgets triggered.  All widgets were invalidated
[2020.11.09-11.53.05:386][523]LogExit: Preparing to exit.
[2020.11.09-11.53.05:386][523]LogMoviePlayer: Shutting down movie player
[2020.11.09-11.53.05:791][523]LogSlate: Updating window title bar state: overlay mode, drag disabled, window buttons hidden, title bar hidden
[2020.11.09-11.53.05:795][523]LogDemo: Cleaned up 0 splitscreen connections with owner deletion
[2020.11.09-11.53.05:813][523]LogExit: Game engine shut down
[2020.11.09-11.53.06:454][523]LogAISub: UAISubsystem::~UAISubsystem AISubsystem (000001A5EB16B340), frame # 5523
[2020.11.09-11.53.06:454][523]LogAISub: UAISubsystem::~UAISubsystem AIPerceptionSystem (000001A5EB170400), frame # 5523
[2020.11.09-11.53.06:465][523]LogAISub: UAISubsystem::~UAISubsystem EnvQueryManager (000001A5EB282800), frame # 5523
[2020.11.09-11.53.07:089][523]LogAISub: UAISubsystem::~UAISubsystem EnvQueryManager (000001A58CFE3E00), frame # 5523
[2020.11.09-11.53.07:089][523]LogAISub: UAISubsystem::~UAISubsystem AIPerceptionSystem (000001A5F2B9B4C0), frame # 5523
[2020.11.09-11.53.07:156][523]LogExit: Object subsystem successfully closed.
[2020.11.09-11.53.07:375][523]LogShaderCompilers: Display: Shaders left to compile 0
[2020.11.09-11.53.08:275][523]LogModuleManager: Shutting down and abandoning module SequenceRecorderSections (506)
[2020.11.09-11.53.08:282][523]LogModuleManager: Shutting down and abandoning module SequenceRecorder (504)
[2020.11.09-11.53.08:285][523]LogModuleManager: Shutting down and abandoning module AutomationController (502)
[2020.11.09-11.53.08:299][523]LogModuleManager: Shutting down and abandoning module AutomationWorker (500)
[2020.11.09-11.53.08:307][523]LogModuleManager: Shutting down and abandoning module Voice (498)
[2020.11.09-11.53.08:315][523]LogModuleManager: Shutting down and abandoning module AIModule (496)
[2020.11.09-11.53.08:315][523]LogModuleManager: Shutting down and abandoning module GameplayDebugger (495)
[2020.11.09-11.53.08:328][523]LogModuleManager: Shutting down and abandoning module AITestSuite (493)
[2020.11.09-11.53.08:328][523]LogModuleManager: Shutting down and abandoning module NavigationSystem (491)
[2020.11.09-11.53.08:328][523]LogModuleManager: Shutting down and abandoning module OculusMR (488)
[2020.11.09-11.53.08:343][523]LogModuleManager: Shutting down and abandoning module WmfMediaFactory (486)
[2020.11.09-11.53.08:343][523]LogModuleManager: Shutting down and abandoning module WebMMediaFactory (484)
[2020.11.09-11.53.08:343][523]LogModuleManager: Shutting down and abandoning module WebMMedia (482)
[2020.11.09-11.53.08:386][523]LogModuleManager: Shutting down and abandoning module OpenExrWrapper (480)
[2020.11.09-11.53.08:386][523]LogModuleManager: Shutting down and abandoning module ImgMediaFactory (478)
[2020.11.09-11.53.08:386][523]LogModuleManager: Shutting down and abandoning module AvfMediaFactory (476)
[2020.11.09-11.53.08:386][523]LogModuleManager: Shutting down and abandoning module MagicLeapMediaCodecFactory (474)
[2020.11.09-11.53.08:386][523]LogModuleManager: Shutting down and abandoning module MagicLeapMediaFactory (472)
[2020.11.09-11.53.08:386][523]LogModuleManager: Shutting down and abandoning module PlanarCut (470)
[2020.11.09-11.53.08:440][523]LogModuleManager: Shutting down and abandoning module CharacterAI (468)
[2020.11.09-11.53.08:440][523]LogModuleManager: Shutting down and abandoning module SessionServices (466)
[2020.11.09-11.53.08:440][523]LogModuleManager: Shutting down and abandoning module MovieSceneCapture (464)
[2020.11.09-11.53.08:440][523]LogModuleManager: Shutting down and abandoning module LiveCoding (462)
[2020.11.09-11.53.08:464][523]LogModuleManager: Shutting down and abandoning module LevelSequence (460)
[2020.11.09-11.53.08:464][523]LogModuleManager: Shutting down and abandoning module MovieSceneTracks (458)
[2020.11.09-11.53.08:464][523]LogModuleManager: Shutting down and abandoning module MovieScene (456)
[2020.11.09-11.53.08:464][523]LogModuleManager: Shutting down and abandoning module StreamingPauseRendering (454)
[2020.11.09-11.53.08:476][523]LogModuleManager: Shutting down and abandoning module PortalServices (452)
[2020.11.09-11.53.08:476][523]LogModuleManager: Shutting down and abandoning module PortalRpc (450)
[2020.11.09-11.53.08:476][523]LogModuleManager: Shutting down and abandoning module MessagingRpc (448)
[2020.11.09-11.53.08:476][523]LogModuleManager: Shutting down and abandoning module AudioMixerXAudio2 (446)
[2020.11.09-11.53.08:476][523]LogModuleManager: Shutting down and abandoning module AudioMixerCore (445)
[2020.11.09-11.53.08:476][523]LogModuleManager: Shutting down and abandoning module ProfilerService (442)
[2020.11.09-11.53.08:644][523]LogModuleManager: Shutting down and abandoning module TaskGraph (440)
[2020.11.09-11.53.08:665][523]LogModuleManager: Shutting down and abandoning module Synthesis (438)
[2020.11.09-11.53.08:680][523]LogModuleManager: Shutting down and abandoning module ProceduralMeshComponent (436)
[2020.11.09-11.53.08:680][523]LogModuleManager: Shutting down and abandoning module OculusInput (434)
[2020.11.09-11.53.08:680][523]LogModuleManager: Shutting down and abandoning module MobilePatchingUtils (432)
[2020.11.09-11.53.08:680][523]LogModuleManager: Shutting down and abandoning module GooglePAD (430)
[2020.11.09-11.53.08:680][523]LogModuleManager: Shutting down and abandoning module EditableMesh (428)
[2020.11.09-11.53.08:692][523]LogModuleManager: Shutting down and abandoning module CustomMeshComponent (426)
[2020.11.09-11.53.08:692][523]LogModuleManager: Shutting down and abandoning module CableComponent (424)
[2020.11.09-11.53.08:700][523]LogModuleManager: Shutting down and abandoning module AudioCapture (422)
[2020.11.09-11.53.08:700][523]LogModuleManager: Shutting down and abandoning module AudioCaptureRtAudio (421)
[2020.11.09-11.53.08:711][523]LogModuleManager: Shutting down and abandoning module AssetTags (418)
[2020.11.09-11.53.08:711][523]LogModuleManager: Shutting down and abandoning module ArchVisCharacter (416)
[2020.11.09-11.53.08:711][523]LogModuleManager: Shutting down and abandoning module AppleImageUtilsBlueprintSupport (414)
[2020.11.09-11.53.08:711][523]LogModuleManager: Shutting down and abandoning module AppleImageUtils (412)
[2020.11.09-11.53.08:711][523]LogModuleManager: Shutting down and abandoning module AndroidPermission (410)
[2020.11.09-11.53.08:711][523]LogModuleManager: Shutting down and abandoning module NUTUnrealEngine4 (406)
[2020.11.09-11.53.08:724][523]LogModuleManager: Shutting down and abandoning module NetcodeUnitTest (404)
[2020.11.09-11.53.08:732][523]LogModuleManager: Shutting down and abandoning module TemplateSequence (402)
[2020.11.09-11.53.08:732][523]LogModuleManager: Shutting down and abandoning module MovieRenderPipelineRenderPasses (400)
[2020.11.09-11.53.08:743][523]LogModuleManager: Shutting down and abandoning module MovieRenderPipelineSettings (398)
[2020.11.09-11.53.08:743][523]LogModuleManager: Shutting down and abandoning module MovieRenderPipelineCore (396)
[2020.11.09-11.53.08:743][523]LogModuleManager: Shutting down and abandoning module ImageWriteQueue (395)
[2020.11.09-11.53.08:743][523]LogModuleManager: Shutting down and abandoning module MediaCompositing (392)
[2020.11.09-11.53.08:743][523]LogModuleManager: Shutting down and abandoning module ImgMedia (390)
[2020.11.09-11.53.08:743][523]LogModuleManager: Shutting down and abandoning module MagicLeapSharedWorld (388)
[2020.11.09-11.53.08:743][523]LogModuleManager: Shutting down and abandoning module MagicLeapLightEstimation (386)
[2020.11.09-11.53.08:743][523]LogModuleManager: Shutting down and abandoning module MagicLeapHelperVulkan (384)
[2020.11.09-11.53.08:743][523]LogModuleManager: Shutting down and abandoning module MagicLeapHelperOpenGL (382)
[2020.11.09-11.53.08:743][523]LogModuleManager: Shutting down and abandoning module MagicLeapAudio (380)
[2020.11.09-11.53.08:751][523]LogModuleManager: Shutting down and abandoning module MeshSolverUtilities (378)
[2020.11.09-11.53.08:759][523]LogModuleManager: Shutting down and abandoning module MeshConversion (376)
[2020.11.09-11.53.08:763][523]LogModuleManager: Shutting down and abandoning module DynamicMesh (374)
[2020.11.09-11.53.08:778][523]LogModuleManager: Shutting down and abandoning module GeometryAlgorithms (372)
[2020.11.09-11.53.08:782][523]LogModuleManager: Shutting down and abandoning module GeometricObjects (370)
[2020.11.09-11.53.08:787][523]LogModuleManager: Shutting down and abandoning module GeometryCollectionTracks (368)
[2020.11.09-11.53.08:787][523]LogModuleManager: Shutting down and abandoning module GeometryCollectionSequencer (367)
[2020.11.09-11.53.08:799][523]LogModuleManager: Shutting down and abandoning module GeometryCacheTracks (364)
[2020.11.09-11.53.08:799][523]LogModuleManager: Shutting down and abandoning module GeometryCacheSequencer (363)
[2020.11.09-11.53.08:799][523]LogModuleManager: Shutting down and abandoning module GeometryCache (360)
[2020.11.09-11.53.08:799][523]LogModuleManager: Shutting down and abandoning module GeometryCacheEd (359)
[2020.11.09-11.53.08:799][523]LogModuleManager: Shutting down and abandoning module ChaosNiagara (356)
[2020.11.09-11.53.08:799][523]LogModuleManager: Shutting down and abandoning module ChaosCloth (354)
[2020.11.09-11.53.08:807][523]LogModuleManager: Shutting down and abandoning module BackChannel (352)
[2020.11.09-11.53.08:813][523]LogModuleManager: Shutting down and abandoning module AutomationUtils (350)
[2020.11.09-11.53.08:814][523]LogModuleManager: Shutting down and abandoning module VisualStudioSourceCodeAccess (348)
[2020.11.09-11.53.08:821][523]LogModuleManager: Shutting down and abandoning module HotReload (347)
[2020.11.09-11.53.08:821][523]LogModuleManager: Shutting down and abandoning module VisualStudioCodeSourceCodeAccess (344)
[2020.11.09-11.53.08:821][523]LogModuleManager: Shutting down and abandoning module UObjectPlugin (342)
[2020.11.09-11.53.08:821][523]LogModuleManager: Shutting down and abandoning module SubversionSourceControl (340)
[2020.11.09-11.53.08:831][523]LogModuleManager: Shutting down and abandoning module RiderSourceCodeAccess (338)
[2020.11.09-11.53.08:831][523]LogModuleManager: Shutting down and abandoning module PerforceSourceControl (336)
[2020.11.09-11.53.08:852][523]LogModuleManager: Shutting down and abandoning module SourceControl (335)
[2020.11.09-11.53.08:906][523]LogModuleManager: Shutting down and abandoning module CLionSourceCodeAccess (332)
[2020.11.09-11.53.08:906][523]LogModuleManager: Shutting down and abandoning module ActorLayerUtilities (330)
[2020.11.09-11.53.08:906][523]LogModuleManager: Shutting down and abandoning module SoundFields (328)
[2020.11.09-11.53.08:906][523]LogModuleManager: Shutting down and abandoning module SignificanceManager (326)
[2020.11.09-11.53.08:906][523]LogModuleManager: Shutting down and abandoning module RuntimePhysXCooking (324)
[2020.11.09-11.53.08:906][523]LogModuleManager: Shutting down and abandoning module PhysXVehiclesEditor (322)
[2020.11.09-11.53.08:906][523]LogModuleManager: Shutting down and abandoning module LocationServicesBPLibrary (318)
[2020.11.09-11.53.08:906][523]LogModuleManager: Shutting down and abandoning module ActorSequence (316)
[2020.11.09-11.53.08:906][523]LogModuleManager: Shutting down and abandoning module UdpMessaging (314)
[2020.11.09-11.53.08:906][523]LogModuleManager: Shutting down and abandoning module TcpMessaging (312)
[2020.11.09-11.53.08:914][523]LogModuleManager: Shutting down and abandoning module MagicLeapARPin (310)
[2020.11.09-11.53.08:914][523]LogModuleManager: Shutting down and abandoning module MagicLeapHandMeshing (308)
[2020.11.09-11.53.08:914][523]LogModuleManager: Shutting down and abandoning module MagicLeapSecureStorage (306)
[2020.11.09-11.53.08:914][523]LogModuleManager: Shutting down and abandoning module MagicLeapPrivileges (304)
[2020.11.09-11.53.08:914][523]LogModuleManager: Shutting down and abandoning module MagicLeapPlanes (302)
[2020.11.09-11.53.08:920][523]LogMagicLeapPlanes: Planes tracker already destroyed.
[2020.11.09-11.53.08:920][523]LogModuleManager: Shutting down and abandoning module MagicLeapImageTracker (300)
[2020.11.09-11.53.08:920][523]LogModuleManager: Shutting down and abandoning module MagicLeapIdentity (298)
[2020.11.09-11.53.08:920][523]LogModuleManager: Shutting down and abandoning module MagicLeapHandTracking (296)
[2020.11.09-11.53.08:920][523]LogModuleManager: Shutting down and abandoning module MagicLeapEyeTracker (294)
[2020.11.09-11.53.08:920][523]LogModuleManager: Shutting down and abandoning module MagicLeapController (292)
[2020.11.09-11.53.08:920][523]LogSlate: Slate User Destroyed.  User Index 0, Is Virtual User: 0
[2020.11.09-11.53.08:920][523]LogModuleManager: Shutting down and abandoning module MagicLeapARPinImpl (290)
[2020.11.09-11.53.08:920][523]LogModuleManager: Shutting down and abandoning module MagicLeapAR (288)
[2020.11.09-11.53.08:920][523]LogModuleManager: Shutting down and abandoning module AugmentedReality (287)
[2020.11.09-11.53.08:920][523]LogModuleManager: Shutting down and abandoning module NiagaraAnimNotifies (284)
[2020.11.09-11.53.08:920][523]LogModuleManager: Shutting down and abandoning module Niagara (282)
[2020.11.09-11.53.08:935][523]LogModuleManager: Shutting down and abandoning module SignalProcessing (281)
[2020.11.09-11.53.08:935][523]LogModuleManager: Shutting down and abandoning module NiagaraEditor (279)
[2020.11.09-11.53.08:965][523]LogModuleManager: Shutting down and abandoning module NiagaraCore (276)
[2020.11.09-11.53.08:965][523]LogModuleManager: Shutting down and abandoning module GameplayTagsEditor (274)
[2020.11.09-11.53.08:965][523]LogModuleManager: Shutting down and abandoning module FacialAnimation (272)
[2020.11.09-11.53.08:965][523]LogModuleManager: Shutting down and abandoning module AssetManagerEditor (270)
[2020.11.09-11.53.08:983][523]LogModuleManager: Shutting down and abandoning module TreeMap (269)
[2020.11.09-11.53.08:991][523]LogModuleManager: Shutting down and abandoning module AnimationSharing (266)
[2020.11.09-11.53.08:992][523]LogModuleManager: Shutting down and abandoning module LightPropagationVolumeRuntime (264)
[2020.11.09-11.53.08:992][523]LogModuleManager: Shutting down and abandoning module Paper2D (262)
[2020.11.09-11.53.08:992][523]LogModuleManager: Shutting down and abandoning module WindowsMoviePlayer (260)
[2020.11.09-11.53.08:993][523]LogModuleManager: Shutting down and abandoning module WebMMoviePlayer (258)
[2020.11.09-11.53.08:998][523]LogModuleManager: Shutting down and abandoning module NetworkReplayStreaming (256)
[2020.11.09-11.53.08:998][523]LogModuleManager: Shutting down and abandoning module PacketHandler (254)
[2020.11.09-11.53.08:998][523]LogModuleManager: Shutting down and abandoning module ClothingSystemEditor (252)
[2020.11.09-11.53.08:998][523]LogModuleManager: Shutting down and abandoning module ClothingSystemRuntimeNv (250)
[2020.11.09-11.53.09:022][523]LogModuleManager: Shutting down and abandoning module MediaAssets (248)
[2020.11.09-11.53.09:022][523]LogModuleManager: Shutting down and abandoning module Overlay (246)
[2020.11.09-11.53.09:022][523]LogModuleManager: Shutting down and abandoning module OverlayEditor (245)
[2020.11.09-11.53.09:022][523]LogModuleManager: Shutting down and abandoning module VREditor (242)
[2020.11.09-11.53.09:033][523]LogModuleManager: Shutting down and abandoning module StringTableEditor (240)
[2020.11.09-11.53.09:041][523]LogModuleManager: Shutting down and abandoning module GameplayTasksEditor (238)
[2020.11.09-11.53.09:041][523]LogModuleManager: Shutting down and abandoning module BehaviorTreeEditor (236)
[2020.11.09-11.53.09:072][523]LogModuleManager: Shutting down and abandoning module FunctionalTesting (234)
[2020.11.09-11.53.09:082][523]LogModuleManager: Shutting down and abandoning module CollisionAnalyzer (232)
[2020.11.09-11.53.09:093][523]LogModuleManager: Shutting down and abandoning module UMG (230)
[2020.11.09-11.53.09:093][523]LogModuleManager: Shutting down and abandoning module UMGEditor (229)
[2020.11.09-11.53.09:093][523]LogModuleManager: Shutting down and abandoning module Sequencer (228)
[2020.11.09-11.53.09:162][523]LogModuleManager: Shutting down and abandoning module MessageLog (225)
[2020.11.09-11.53.09:162][523]LogModuleManager: Shutting down and abandoning module MaterialEditor (223)
[2020.11.09-11.53.09:181][523]LogModuleManager: Shutting down and abandoning module ContentBrowser (222)
[2020.11.09-11.53.09:198][523]LogModuleManager: Shutting down and abandoning module WorkspaceMenuStructure (221)
[2020.11.09-11.53.09:198][523]LogModuleManager: Shutting down and abandoning module CollectionManager (219)
[2020.11.09-11.53.09:208][523]LogModuleManager: Shutting down and abandoning module DirectoryWatcher (218)
[2020.11.09-11.53.09:208][523]LogModuleManager: Shutting down and abandoning module SlateReflector (210)
[2020.11.09-11.53.09:240][523]LogModuleManager: Shutting down and abandoning module Slate (208)
[2020.11.09-11.53.09:240][523]LogModuleManager: Shutting down and abandoning module SlateCore (206)
[2020.11.09-11.53.09:240][523]LogModuleManager: Shutting down and abandoning module LandscapeEditorUtilities (204)
[2020.11.09-11.53.09:240][523]LogModuleManager: Shutting down and abandoning module EditorStyle (202)
[2020.11.09-11.53.09:241][523]LogModuleManager: Shutting down and abandoning module UnrealEd (200)
[2020.11.09-11.53.09:241][523]LogModuleManager: Shutting down and abandoning module MRMesh (198)
[2020.11.09-11.53.09:241][523]LogModuleManager: Shutting down and abandoning module Messaging (196)
[2020.11.09-11.53.09:241][523]LogModuleManager: Shutting down and abandoning module SourceCodeAccess (194)
[2020.11.09-11.53.09:241][523]LogModuleManager: Shutting down and abandoning module HeadMountedDisplay (192)
[2020.11.09-11.53.09:241][523]LogModuleManager: Shutting down and abandoning module XAudio2 (190)
[2020.11.09-11.53.09:250][523]LogModuleManager: Shutting down and abandoning module Networking (188)
[2020.11.09-11.53.09:250][523]LogModuleManager: Shutting down and abandoning module Core (186)
[2020.11.09-11.53.09:250][523]LogModuleManager: Shutting down and abandoning module MovieSceneTools (184)
[2020.11.09-11.53.09:250][523]LogModuleManager: Shutting down and abandoning module KismetCompiler (182)
[2020.11.09-11.53.09:250][523]LogModuleManager: Shutting down and abandoning module MeshBuilder (180)
[2020.11.09-11.53.09:264][523]LogModuleManager: Shutting down and abandoning module MeshUtilities (178)
[2020.11.09-11.53.09:275][523]LogModuleManager: Shutting down and abandoning module MeshMergeUtilities (177)
[2020.11.09-11.53.09:281][523]LogModuleManager: Shutting down and abandoning module MeshReductionInterface (176)
[2020.11.09-11.53.09:281][523]LogModuleManager: Shutting down and abandoning module MeshBoneReduction (175)
[2020.11.09-11.53.09:286][523]LogModuleManager: Shutting down and abandoning module SkeletalMeshReduction (173)
[2020.11.09-11.53.09:298][523]LogModuleManager: Shutting down and abandoning module ProxyLODMeshReduction (171)
[2020.11.09-11.53.09:312][523]LogModuleManager: Shutting down and abandoning module QuadricMeshReduction (169)
[2020.11.09-11.53.09:320][523]LogModuleManager: Shutting down and abandoning module MaterialBaking (165)
[2020.11.09-11.53.09:328][523]LogModuleManager: Shutting down and abandoning module NullInstallBundleManager (160)
[2020.11.09-11.53.09:328][523]LogModuleManager: Shutting down and abandoning module PIEPreviewDeviceProfileSelector (158)
[2020.11.09-11.53.09:333][523]LogModuleManager: Shutting down and abandoning module DerivedDataCache (156)
[2020.11.09-11.53.09:333][523]LogModuleManager: Shutting down and abandoning module XGEController (154)
[2020.11.09-11.53.09:333][523]LogModuleManager: Shutting down and abandoning module TargetPlatform (152)
[2020.11.09-11.53.09:340][523]LogModuleManager: Shutting down and abandoning module VulkanShaderFormat (151)
[2020.11.09-11.53.09:350][523]LogModuleManager: Shutting down and abandoning module ShaderFormatVectorVM (149)
[2020.11.09-11.53.09:361][523]LogModuleManager: Shutting down and abandoning module ShaderFormatOpenGL (147)
[2020.11.09-11.53.09:426][523]LogModuleManager: Shutting down and abandoning module ShaderFormatD3D (145)
[2020.11.09-11.53.09:426][523]LogModuleManager: Shutting down and abandoning module MetalShaderFormat (143)
[2020.11.09-11.53.09:434][523]LogModuleManager: Shutting down and abandoning module TextureFormatUncompressed (141)
[2020.11.09-11.53.09:434][523]LogModuleManager: Shutting down and abandoning module TextureFormatPVR (139)
[2020.11.09-11.53.09:434][523]LogModuleManager: Shutting down and abandoning module TextureFormatDXT (137)
[2020.11.09-11.53.09:446][523]LogModuleManager: Shutting down and abandoning module TextureFormatIntelISPCTexComp (135)
[2020.11.09-11.53.09:454][523]LogModuleManager: Shutting down and abandoning module TextureFormatASTC (133)
[2020.11.09-11.53.09:454][523]LogModuleManager: Shutting down and abandoning module ImageWrapper (132)
[2020.11.09-11.53.09:454][523]LogModuleManager: Shutting down and abandoning module TextureFormatAndroid (129)
[2020.11.09-11.53.09:454][523]LogModuleManager: Shutting down and abandoning module AudioFormatOpus (127)
[2020.11.09-11.53.09:459][523]LogModuleManager: Shutting down and abandoning module AudioFormatOgg (125)
[2020.11.09-11.53.09:459][523]LogModuleManager: Shutting down and abandoning module AudioFormatADPCM (123)
[2020.11.09-11.53.09:463][523]LogModuleManager: Shutting down and abandoning module WindowsServerTargetPlatform (121)
[2020.11.09-11.53.09:463][523]LogModuleManager: Shutting down and abandoning module WindowsClientTargetPlatform (119)
[2020.11.09-11.53.09:463][523]LogModuleManager: Shutting down and abandoning module WindowsTargetPlatform (117)
[2020.11.09-11.53.09:463][523]LogModuleManager: Shutting down and abandoning module WindowsNoEditorTargetPlatform (115)
[2020.11.09-11.53.09:463][523]LogModuleManager: Shutting down and abandoning module InputCore (112)
[2020.11.09-11.53.09:463][523]LogModuleManager: Shutting down and abandoning module Settings (110)
[2020.11.09-11.53.09:463][523]LogModuleManager: Shutting down and abandoning module PhysXCooking (108)
[2020.11.09-11.53.09:463][523]LogModuleManager: Shutting down and abandoning module ChaosSolvers (106)
[2020.11.09-11.53.09:512][523]LogModuleManager: Shutting down and abandoning module FieldSystemEngine (105)
[2020.11.09-11.53.09:512][523]LogModuleManager: Shutting down and abandoning module Chaos (102)
[2020.11.09-11.53.09:512][523]LogModuleManager: Shutting down and abandoning module WindowsPlatformFeatures (100)
[2020.11.09-11.53.09:543][523]LogModuleManager: Shutting down and abandoning module GameplayMediaEncoder (99)
[2020.11.09-11.53.09:555][523]LogModuleManager: Shutting down and abandoning module AVEncoder (98)
[2020.11.09-11.53.09:564][523]LogModuleManager: Shutting down and abandoning module SteamVRInputDevice (94)
[2020.11.09-11.53.09:570][523]LogModuleManager: Shutting down and abandoning module SteamVRInput (92)
[2020.11.09-11.53.09:570][523]LogModuleManager: Shutting down and abandoning module SteamVR (90)
[2020.11.09-11.53.09:570][523]LogHMD: Freeing OpenVRDLLHandle.
[2020.11.09-11.53.09:570][523]LogModuleManager: Shutting down and abandoning module OculusHMD (88)
[2020.11.09-11.53.09:570][523]LogModuleManager: Shutting down and abandoning module ExampleDeviceProfileSelector (86)
[2020.11.09-11.53.09:570][523]LogModuleManager: Shutting down and abandoning module LauncherChunkInstaller (84)
[2020.11.09-11.53.09:570][523]LogModuleManager: Shutting down and abandoning module OnlineBlueprintSupport (82)
[2020.11.09-11.53.09:570][523]LogModuleManager: Shutting down and abandoning module OnlineSubsystem (78)
[2020.11.09-11.53.09:580][523]LogOnline: Display: STEAM: OnlineSubsystemSteam::Shutdown()
[2020.11.09-11.53.09:603][523]LogOnline: STEAM: AUTH: Revoking all tickets.
[2020.11.09-11.53.09:608][523]LogSteamShared: Unloading the Steam API...
[2020.11.09-11.53.09:984][523]LogOnline: Display: STEAM: OnlineSubsystemSteam::Shutdown()
[2020.11.09-11.53.09:992][523]LogModuleManager: Shutting down and abandoning module SteamShared (74)
[2020.11.09-11.53.09:992][523]LogSteamShared: Freeing the Steam Loaded Modules...
[2020.11.09-11.53.09:992][523]LogModuleManager: Shutting down and abandoning module XMPP (71)
[2020.11.09-11.53.10:003][523]LogModuleManager: Shutting down and abandoning module WebSockets (70)
[2020.11.09-11.53.10:345][523]LogModuleManager: Shutting down and abandoning module HTTP (67)
[2020.11.09-11.53.10:376][523]LogModuleManager: Shutting down and abandoning module SSL (66)
[2020.11.09-11.53.10:377][523]LogModuleManager: Shutting down and abandoning module WmfMedia (62)
[2020.11.09-11.53.10:415][523]LogModuleManager: Shutting down and abandoning module Media (61)
[2020.11.09-11.53.10:416][523]LogModuleManager: Shutting down and abandoning module MagicLeap (58)
[2020.11.09-11.53.10:416][523]LogModuleManager: Shutting down and abandoning module NiagaraVertexFactories (56)
[2020.11.09-11.53.10:430][523]LogModuleManager: Shutting down and abandoning module NiagaraShader (54)
[2020.11.09-11.53.10:430][523]LogModuleManager: Shutting down and abandoning module VariantManagerContent (52)
[2020.11.09-11.53.10:430][523]LogModuleManager: Shutting down and abandoning module DatasmithContent (50)
[2020.11.09-11.53.10:430][523]LogModuleManager: Shutting down and abandoning module AISupportModule (48)
[2020.11.09-11.53.10:430][523]LogModuleManager: Shutting down and abandoning module DesktopPlatform (46)
[2020.11.09-11.53.10:451][523]LogModuleManager: Shutting down and abandoning module PlatformCryptoOpenSSL (44)
[2020.11.09-11.53.10:463][523]LogModuleManager: Shutting down and abandoning module PlatformCryptoTypes (42)
[2020.11.09-11.53.10:463][523]LogModuleManager: Shutting down and abandoning module PlatformCrypto (40)
[2020.11.09-11.53.10:463][523]LogModuleManager: Shutting down and abandoning module AnimationModifiers (38)
[2020.11.09-11.53.10:476][523]LogModuleManager: Shutting down and abandoning module PropertyEditor (37)
[2020.11.09-11.53.10:476][523]LogModuleManager: Shutting down and abandoning module AudioEditor (34)
[2020.11.09-11.53.10:497][523]LogModuleManager: Shutting down and abandoning module TextureCompressor (32)
[2020.11.09-11.53.10:507][523]LogModuleManager: Shutting down and abandoning module RenderCore (30)
[2020.11.09-11.53.10:507][523]LogModuleManager: Shutting down and abandoning module Landscape (28)
[2020.11.09-11.53.10:507][523]LogModuleManager: Shutting down and abandoning module SlateRHIRenderer (26)
[2020.11.09-11.53.10:508][523]LogModuleManager: Shutting down and abandoning module OpenGLDrv (24)
[2020.11.09-11.53.10:520][523]LogModuleManager: Shutting down and abandoning module D3D11RHI (22)
[2020.11.09-11.53.10:520][523]LogModuleManager: Shutting down and abandoning module AnimGraphRuntime (20)
[2020.11.09-11.53.10:530][523]LogModuleManager: Shutting down and abandoning module Renderer (18)
[2020.11.09-11.53.10:539][523]LogModuleManager: Shutting down and abandoning module Engine (16)
[2020.11.09-11.53.10:539][523]LogModuleManager: Shutting down and abandoning module CoreUObject (14)
[2020.11.09-11.53.10:539][523]LogModuleManager: Shutting down and abandoning module NetworkFile (12)
[2020.11.09-11.53.10:547][523]LogModuleManager: Shutting down and abandoning module CookedIterativeFile (10)
[2020.11.09-11.53.10:547][523]LogModuleManager: Shutting down and abandoning module StreamingFile (8)
[2020.11.09-11.53.10:608][523]LogModuleManager: Shutting down and abandoning module SandboxFile (6)
[2020.11.09-11.53.10:619][523]LogModuleManager: Shutting down and abandoning module PakFile (4)
[2020.11.09-11.53.10:629][523]LogModuleManager: Shutting down and abandoning module RSA (3)
[2020.11.09-11.53.11:057][523]LogContentStreaming: Display: There are 1 unreleased StreamingManagers
[2020.11.09-11.53.11:068][523]LogD3D11RHI: Shutdown
[2020.11.09-11.53.11:068][523]LogD3D11RHI: CleanupD3DDevice
[2020.11.09-11.53.11:100][523]LogExit: Exiting.
[2020.11.09-11.53.11:151][523]Log file closed, 11/09/20 18:53:11
