Log file open, 10/21/20 13:01:07
LogInit: Display: Running engine for game: BattleChess_Game
LogPlatformFile: Not using cached read wrapper
LogTaskGraph: Started task graph with 5 named threads and 23 total threads with 3 sets of task threads.
LogStats: Stats thread started at 0.337747
LogD3D11RHI: Loaded GFSDK_Aftermath_Lib.x64.dll
LogICUInternationalization: ICU TimeZone Detection - Raw Offset: +7:00, Platform Override: ''
LogPluginManager: Mounting plugin Paper2D
LogPluginManager: Mounting plugin AISupport
LogPluginManager: Mounting plugin LightPropagationVolume
LogPluginManager: Mounting plugin CameraShakePreviewer
LogPluginManager: Mounting plugin ActorLayerUtilities
LogPluginManager: Mounting plugin AnimationSharing
LogPluginManager: Mounting plugin CLionSourceCodeAccess
LogPluginManager: Mounting plugin CodeLiteSourceCodeAccess
LogPluginManager: Mounting plugin GitSourceControl
LogPluginManager: Mounting plugin KDevelopSourceCodeAccess
LogPluginManager: Mounting plugin NullSourceCodeAccess
LogPluginManager: Mounting plugin PerforceSourceControl
LogPluginManager: Mounting plugin PlasticSourceControl
LogPluginManager: Mounting plugin RiderSourceCodeAccess
LogPluginManager: Mounting plugin SubversionSourceControl
LogPluginManager: Mounting plugin UObjectPlugin
LogPluginManager: Mounting plugin VisualStudioCodeSourceCodeAccess
LogPluginManager: Mounting plugin VisualStudioSourceCodeAccess
LogPluginManager: Mounting plugin XCodeSourceCodeAccess
LogPluginManager: Mounting plugin AssetManagerEditor
LogPluginManager: Mounting plugin CryptoKeys
LogPluginManager: Mounting plugin CurveEditorTools
LogPluginManager: Mounting plugin DataValidation
LogPluginManager: Mounting plugin EditorScriptingUtilities
LogPluginManager: Mounting plugin FacialAnimation
LogPluginManager: Mounting plugin GameplayTagsEditor
LogPluginManager: Mounting plugin GeometryMode
LogPluginManager: Mounting plugin MacGraphicsSwitching
LogPluginManager: Mounting plugin MaterialAnalyzer
LogPluginManager: Mounting plugin MobileLauncherProfileWizard
LogPluginManager: Mounting plugin PluginBrowser
LogPluginManager: Mounting plugin SpeedTreeImporter
LogPluginManager: Mounting plugin DatasmithContent
LogPluginManager: Mounting plugin VariantManagerContent
LogPluginManager: Mounting plugin AlembicImporter
LogPluginManager: Mounting plugin AutomationUtils
LogPluginManager: Mounting plugin BackChannel
LogPluginManager: Mounting plugin ChaosCloth
LogPluginManager: Mounting plugin ChaosClothEditor
LogPluginManager: Mounting plugin ChaosEditor
LogPluginManager: Mounting plugin ChaosNiagara
LogPluginManager: Mounting plugin ChaosSolverPlugin
LogPluginManager: Mounting plugin CharacterAI
LogPluginManager: Mounting plugin GeometryCache
LogPluginManager: Mounting plugin GeometryCollectionPlugin
LogPluginManager: Mounting plugin GeometryProcessing
LogPluginManager: Mounting plugin PlanarCut
LogPluginManager: Mounting plugin PlatformCrypto
LogPluginManager: Mounting plugin ProxyLODPlugin
LogPluginManager: Mounting plugin SkeletalReduction
LogPluginManager: Mounting plugin Niagara
LogPluginManager: Mounting plugin MagicLeap
LogPluginManager: Mounting plugin MagicLeapLightEstimation
LogPluginManager: Mounting plugin MagicLeapMedia
LogPluginManager: Mounting plugin MagicLeapPassableWorld
LogPluginManager: Mounting plugin MLSDK
LogPluginManager: Mounting plugin AndroidMedia
LogPluginManager: Mounting plugin AvfMedia
LogPluginManager: Mounting plugin ImgMedia
LogPluginManager: Mounting plugin MediaCompositing
LogPluginManager: Mounting plugin MediaPlayerEditor
LogPluginManager: Mounting plugin WebMMedia
LogPluginManager: Mounting plugin WmfMedia
LogPluginManager: Mounting plugin MeshPainting
LogPluginManager: Mounting plugin TcpMessaging
LogPluginManager: Mounting plugin UdpMessaging
LogPluginManager: Mounting plugin ActorSequence
LogPluginManager: Mounting plugin LevelSequenceEditor
LogPluginManager: Mounting plugin MatineeToLevelSequence
LogPluginManager: Mounting plugin MovieRenderPipeline
LogPluginManager: Mounting plugin TemplateSequence
LogPluginManager: Mounting plugin NetcodeUnitTest
LogPluginManager: Mounting plugin NUTUnrealEngine4
LogPluginManager: Mounting plugin OnlineSubsystemGooglePlay
LogPluginManager: Mounting plugin OnlineSubsystemIOS
LogPluginManager: Mounting plugin OnlineSubsystem
LogPluginManager: Mounting plugin OnlineSubsystemNull
LogPluginManager: Mounting plugin OnlineSubsystemSteam
LogPluginManager: Mounting plugin OnlineSubsystemUtils
LogPluginManager: Mounting plugin LauncherChunkInstaller
LogPluginManager: Mounting plugin AndroidDeviceProfileSelector
LogPluginManager: Mounting plugin AndroidMoviePlayer
LogPluginManager: Mounting plugin AndroidPermission
LogPluginManager: Mounting plugin AppleImageUtils
LogPluginManager: Mounting plugin AppleMoviePlayer
LogPluginManager: Mounting plugin ArchVisCharacter
LogPluginManager: Mounting plugin AssetTags
LogPluginManager: Mounting plugin AudioCapture
LogPluginManager: Mounting plugin CableComponent
LogPluginManager: Mounting plugin CustomMeshComponent
LogPluginManager: Mounting plugin EditableMesh
LogPluginManager: Mounting plugin ExampleDeviceProfileSelector
LogPluginManager: Mounting plugin GoogleCloudMessaging
LogPluginManager: Mounting plugin GooglePAD
LogPluginManager: Mounting plugin IOSDeviceProfileSelector
LogPluginManager: Mounting plugin LinuxDeviceProfileSelector
LogPluginManager: Mounting plugin LocationServicesBPLibrary
LogPluginManager: Mounting plugin MobilePatchingUtils
LogPluginManager: Mounting plugin OculusVR
LogPluginManager: Mounting plugin PhysXVehicles
LogPluginManager: Mounting plugin PostSplashScreen
LogPluginManager: Mounting plugin ProceduralMeshComponent
LogPluginManager: Mounting plugin RuntimePhysXCooking
LogPluginManager: Mounting plugin SignificanceManager
LogPluginManager: Mounting plugin SoundFields
LogPluginManager: Mounting plugin SteamShared
LogPluginManager: Mounting plugin SteamVR
LogPluginManager: Mounting plugin Synthesis
LogPluginManager: Mounting plugin WebMMoviePlayer
LogPluginManager: Mounting plugin WindowsMoviePlayer
LogPluginManager: Mounting plugin ScreenshotTools
LogInit: Using libcurl 7.55.1-DEV
LogInit:  - built for x86_64-pc-win32
LogInit:  - supports SSL with OpenSSL/1.1.1
LogInit:  - supports HTTP deflate (compression) using libz 1.2.8
LogInit:  - other features:
LogInit:      CURL_VERSION_SSL
LogInit:      CURL_VERSION_LIBZ
LogInit:      CURL_VERSION_IPV6
LogInit:      CURL_VERSION_ASYNCHDNS
LogInit:      CURL_VERSION_LARGEFILE
LogInit:      CURL_VERSION_IDN
LogInit:  CurlRequestOptions (configurable via config and command line):
LogInit:  - bVerifyPeer = true  - Libcurl will verify peer certificate
LogInit:  - bUseHttpProxy = false  - Libcurl will NOT use HTTP proxy
LogInit:  - bDontReuseConnections = false  - Libcurl will reuse connections
LogInit:  - MaxHostConnections = 16  - Libcurl will limit the number of connections to a host
LogInit:  - LocalHostAddr = Default
LogInit:  - BufferSize = 65536
LogSteamShared: Display: Loading Steam SDK 1.47
LogSteamShared: Steam SDK Loaded!
LogOnline: OSS: Creating online subsystem instance for: Steam
LogOnline: STEAM: Steam User is subscribed 1
LogOnline: STEAM: [AppId: 480] Client API initialized 1
LogOnline: STEAM: Initializing SteamNetworking Layer
LogOnline: STEAM: Missing P2PCleanupTimeout key in OnlineSubsystemSteam of DefaultEngine.ini, using default
LogInit: WinSock: version 1.1 (2.2), MaxSocks=32767, MaxUdp=65467
LogOnline: OSS: TryLoadSubsystemAndSetDefault: Loaded subsystem for module [Steam]
LogInit: Build: ++UE4+Release-4.25-CL-13942748
LogInit: Engine Version: 4.25.3-13942748+++UE4+Release-4.25
LogInit: Compatible Engine Version: 4.25.0-13144385+++UE4+Release-4.25
LogInit: Net CL: 13144385
LogInit: OS: Windows 10 (Release 1903) (), CPU: Intel(R) Core(TM) i7-6700HQ CPU @ 2.60GHz, GPU: Intel(R) HD Graphics 530
LogInit: Compiled (64-bit): Jul 25 2020 02:07:48
LogInit: Compiled with Visual C++: 19.24.28315.00
LogInit: Build Configuration: Development
LogInit: Branch Name: ++UE4+Release-4.25
LogInit: Command Line:  -game
LogInit: Base Directory: D:/Program Files (x86)/Epic Games/UE_4.25/Engine/Binaries/Win64/
LogInit: Allocator: TBB
LogInit: Installed Engine Build: 1
LogDevObjectVersion: Number of dev versions registered: 26
LogDevObjectVersion:   Dev-Blueprints (B0D832E4-1F89-4F0D-ACCF-7EB736FD4AA2): 10
LogDevObjectVersion:   Dev-Build (E1C64328-A22C-4D53-A36C-8E866417BD8C): 0
LogDevObjectVersion:   Dev-Core (375EC13C-06E4-48FB-B500-84F0262A717E): 4
LogDevObjectVersion:   Dev-Editor (E4B068ED-F494-42E9-A231-DA0B2E46BB41): 38
LogDevObjectVersion:   Dev-Framework (CFFC743F-43B0-4480-9391-14DF171D2073): 37
LogDevObjectVersion:   Dev-Mobile (B02B49B5-BB20-44E9-A304-32B752E40360): 2
LogDevObjectVersion:   Dev-Networking (A4E4105C-59A1-49B5-A7C5-40C4547EDFEE): 0
LogDevObjectVersion:   Dev-Online (39C831C9-5AE6-47DC-9A44-9C173E1C8E7C): 0
LogDevObjectVersion:   Dev-Physics (78F01B33-EBEA-4F98-B9B4-84EACCB95AA2): 4
LogDevObjectVersion:   Dev-Platform (6631380F-2D4D-43E0-8009-CF276956A95A): 0
LogDevObjectVersion:   Dev-Rendering (12F88B9F-8875-4AFC-A67C-D90C383ABD29): 43
LogDevObjectVersion:   Dev-Sequencer (7B5AE74C-D270-4C10-A958-57980B212A5A): 12
LogDevObjectVersion:   Dev-VR (D7296918-1DD6-4BDD-9DE2-64A83CC13884): 3
LogDevObjectVersion:   Dev-LoadTimes (C2A15278-BFE7-4AFE-6C17-90FF531DF755): 1
LogDevObjectVersion:   Private-Geometry (6EACA3D4-40EC-4CC1-B786-8BED09428FC5): 3
LogDevObjectVersion:   Dev-AnimPhys (29E575DD-E0A3-4627-9D10-D276232CDCEA): 17
LogDevObjectVersion:   Dev-Anim (AF43A65D-7FD3-4947-9873-3E8ED9C1BB05): 7
LogDevObjectVersion:   Dev-ReflectionCapture (6B266CEC-1EC7-4B8F-A30B-E4D90942FC07): 1
LogDevObjectVersion:   Dev-Automation (0DF73D61-A23F-47EA-B727-89E90C41499A): 1
LogDevObjectVersion:   FortniteMain (601D1886-AC64-4F84-AA16-D3DE0DEAC7D6): 31
LogDevObjectVersion:   Dev-Enterprise (9DFFBCD6-494F-0158-E221-12823C92A888): 10
LogDevObjectVersion:   Dev-Niagara (F2AED0AC-9AFE-416F-8664-AA7FFA26D6FC): 1
LogDevObjectVersion:   Dev-Destruction (174F1F0B-B4C6-45A5-B13F-2EE8D0FB917D): 10
LogDevObjectVersion:   Dev-Physics-Ext (35F94A83-E258-406C-A318-09F59610247C): 37
LogDevObjectVersion:   Dev-PhysicsMaterial-Chaos (B68FC16E-8B1B-42E2-B453-215C058844FE): 1
LogDevObjectVersion:   Dev-CineCamera (B2E18506-4273-CFC2-A54E-F4BB758BBA07): 1
LogInit: Presizing for max 25165824 objects, including 0 objects not considered by GC, pre-allocating 0 bytes for permanent pool.
LogConfig: Applying CVar settings from Section [/Script/Engine.StreamingSettings] File [D:/Abiogolf/IT_KMITL/BattleChess/BattleChess_Game/Saved/Config/Windows/Engine.ini]
LogConfig: Setting CVar [[s.MinBulkDataSizeForAsyncLoading:131072]]
LogConfig: Setting CVar [[s.AsyncLoadingThreadEnabled:0]]
LogConfig: Setting CVar [[s.EventDrivenLoaderEnabled:1]]
LogConfig: Setting CVar [[s.WarnIfTimeLimitExceeded:0]]
LogConfig: Setting CVar [[s.TimeLimitExceededMultiplier:1.5]]
LogConfig: Setting CVar [[s.TimeLimitExceededMinTime:0.005]]
LogConfig: Setting CVar [[s.UseBackgroundLevelStreaming:1]]
LogConfig: Setting CVar [[s.PriorityAsyncLoadingExtraTime:15.0]]
LogConfig: Setting CVar [[s.LevelStreamingActorsUpdateTimeLimit:5.0]]
LogConfig: Setting CVar [[s.PriorityLevelStreamingActorsUpdateExtraTime:5.0]]
LogConfig: Setting CVar [[s.LevelStreamingComponentsRegistrationGranularity:10]]
LogConfig: Setting CVar [[s.UnregisterComponentsTimeLimit:1.0]]
LogConfig: Setting CVar [[s.LevelStreamingComponentsUnregistrationGranularity:5]]
LogConfig: Setting CVar [[s.FlushStreamingOnExit:1]]
LogInit: Object subsystem initialized
LogConfig: Setting CVar [[con.DebugEarlyDefault:1]]
LogConfig: Setting CVar [[r.setres:1280x720]]
[2020.10.21-06.01.08:617][  0]LogConfig: Setting CVar [[con.DebugEarlyDefault:1]]
[2020.10.21-06.01.08:617][  0]LogConfig: Setting CVar [[r.setres:1280x720]]
[2020.10.21-06.01.08:617][  0]LogConfig: Applying CVar settings from Section [/Script/Engine.RendererSettings] File [D:/Abiogolf/IT_KMITL/BattleChess/BattleChess_Game/Saved/Config/Windows/Engine.ini]
[2020.10.21-06.01.08:617][  0]LogConfig: Setting CVar [[r.GPUCrashDebugging:0]]
[2020.10.21-06.01.08:617][  0]LogConfig: Applying CVar settings from Section [/Script/Engine.RendererOverrideSettings] File [D:/Abiogolf/IT_KMITL/BattleChess/BattleChess_Game/Saved/Config/Windows/Engine.ini]
[2020.10.21-06.01.08:617][  0]LogConfig: Applying CVar settings from Section [/Script/Engine.StreamingSettings] File [D:/Abiogolf/IT_KMITL/BattleChess/BattleChess_Game/Saved/Config/Windows/Engine.ini]
[2020.10.21-06.01.08:617][  0]LogConfig: Setting CVar [[s.MinBulkDataSizeForAsyncLoading:131072]]
[2020.10.21-06.01.08:617][  0]LogConfig: Setting CVar [[s.AsyncLoadingThreadEnabled:0]]
[2020.10.21-06.01.08:617][  0]LogConfig: Setting CVar [[s.EventDrivenLoaderEnabled:1]]
[2020.10.21-06.01.08:617][  0]LogConfig: Setting CVar [[s.WarnIfTimeLimitExceeded:0]]
[2020.10.21-06.01.08:617][  0]LogConfig: Setting CVar [[s.TimeLimitExceededMultiplier:1.5]]
[2020.10.21-06.01.08:617][  0]LogConfig: Setting CVar [[s.TimeLimitExceededMinTime:0.005]]
[2020.10.21-06.01.08:617][  0]LogConfig: Setting CVar [[s.UseBackgroundLevelStreaming:1]]
[2020.10.21-06.01.08:617][  0]LogConfig: Setting CVar [[s.PriorityAsyncLoadingExtraTime:15.0]]
[2020.10.21-06.01.08:617][  0]LogConfig: Setting CVar [[s.LevelStreamingActorsUpdateTimeLimit:5.0]]
[2020.10.21-06.01.08:618][  0]LogConfig: Setting CVar [[s.PriorityLevelStreamingActorsUpdateExtraTime:5.0]]
[2020.10.21-06.01.08:618][  0]LogConfig: Setting CVar [[s.LevelStreamingComponentsRegistrationGranularity:10]]
[2020.10.21-06.01.08:618][  0]LogConfig: Setting CVar [[s.UnregisterComponentsTimeLimit:1.0]]
[2020.10.21-06.01.08:618][  0]LogConfig: Setting CVar [[s.LevelStreamingComponentsUnregistrationGranularity:5]]
[2020.10.21-06.01.08:618][  0]LogConfig: Setting CVar [[s.FlushStreamingOnExit:1]]
[2020.10.21-06.01.08:618][  0]LogConfig: Applying CVar settings from Section [/Script/Engine.GarbageCollectionSettings] File [D:/Abiogolf/IT_KMITL/BattleChess/BattleChess_Game/Saved/Config/Windows/Engine.ini]
[2020.10.21-06.01.08:618][  0]LogConfig: Setting CVar [[gc.MaxObjectsNotConsideredByGC:1]]
[2020.10.21-06.01.08:618][  0]LogConfig: Setting CVar [[gc.SizeOfPermanentObjectPool:0]]
[2020.10.21-06.01.08:618][  0]LogConfig: Setting CVar [[gc.FlushStreamingOnGC:0]]
[2020.10.21-06.01.08:618][  0]LogConfig: Setting CVar [[gc.NumRetriesBeforeForcingGC:10]]
[2020.10.21-06.01.08:618][  0]LogConfig: Setting CVar [[gc.AllowParallelGC:1]]
[2020.10.21-06.01.08:618][  0]LogConfig: Setting CVar [[gc.TimeBetweenPurgingPendingKillObjects:61.1]]
[2020.10.21-06.01.08:618][  0]LogConfig: Setting CVar [[gc.MaxObjectsInEditor:25165824]]
[2020.10.21-06.01.08:618][  0]LogConfig: Setting CVar [[gc.IncrementalBeginDestroyEnabled:1]]
[2020.10.21-06.01.08:618][  0]LogConfig: Setting CVar [[gc.CreateGCClusters:1]]
[2020.10.21-06.01.08:618][  0]LogConfig: Setting CVar [[gc.MinGCClusterSize:5]]
[2020.10.21-06.01.08:618][  0]LogConfig: Setting CVar [[gc.ActorClusteringEnabled:0]]
[2020.10.21-06.01.08:618][  0]LogConfig: Setting CVar [[gc.BlueprintClusteringEnabled:0]]
[2020.10.21-06.01.08:618][  0]LogConfig: Setting CVar [[gc.UseDisregardForGCOnDedicatedServers:0]]
[2020.10.21-06.01.08:618][  0]LogConfig: Applying CVar settings from Section [/Script/Engine.NetworkSettings] File [D:/Abiogolf/IT_KMITL/BattleChess/BattleChess_Game/Saved/Config/Windows/Engine.ini]
[2020.10.21-06.01.08:618][  0]LogConfig: Applying CVar settings from Section [/Script/UnrealEd.CookerSettings] File [D:/Abiogolf/IT_KMITL/BattleChess/BattleChess_Game/Saved/Config/Windows/Engine.ini]
[2020.10.21-06.01.08:622][  0]LogConfig: Applying CVar settings from Section [ViewDistanceQuality@3] File [D:/Abiogolf/IT_KMITL/BattleChess/BattleChess_Game/Saved/Config/Windows/Scalability.ini]
[2020.10.21-06.01.08:622][  0]LogConfig: Setting CVar [[r.SkeletalMeshLODBias:0]]
[2020.10.21-06.01.08:622][  0]LogConfig: Setting CVar [[r.ViewDistanceScale:1.0]]
[2020.10.21-06.01.08:622][  0]LogConfig: Applying CVar settings from Section [AntiAliasingQuality@3] File [D:/Abiogolf/IT_KMITL/BattleChess/BattleChess_Game/Saved/Config/Windows/Scalability.ini]
[2020.10.21-06.01.08:623][  0]LogConfig: Setting CVar [[r.PostProcessAAQuality:4]]
[2020.10.21-06.01.08:623][  0]LogConfig: Applying CVar settings from Section [ShadowQuality@3] File [D:/Abiogolf/IT_KMITL/BattleChess/BattleChess_Game/Saved/Config/Windows/Scalability.ini]
[2020.10.21-06.01.08:623][  0]LogConfig: Setting CVar [[r.LightFunctionQuality:1]]
[2020.10.21-06.01.08:623][  0]LogConfig: Setting CVar [[r.ShadowQuality:5]]
[2020.10.21-06.01.08:623][  0]LogConfig: Setting CVar [[r.Shadow.CSM.MaxCascades:10]]
[2020.10.21-06.01.08:623][  0]LogConfig: Setting CVar [[r.Shadow.MaxResolution:2048]]
[2020.10.21-06.01.08:623][  0]LogConfig: Setting CVar [[r.Shadow.MaxCSMResolution:2048]]
[2020.10.21-06.01.08:623][  0]LogConfig: Setting CVar [[r.Shadow.RadiusThreshold:0.01]]
[2020.10.21-06.01.08:623][  0]LogConfig: Setting CVar [[r.Shadow.DistanceScale:1.0]]
[2020.10.21-06.01.08:623][  0]LogConfig: Setting CVar [[r.Shadow.CSM.TransitionScale:1.0]]
[2020.10.21-06.01.08:623][  0]LogConfig: Setting CVar [[r.Shadow.PreShadowResolutionFactor:1.0]]
[2020.10.21-06.01.08:623][  0]LogConfig: Setting CVar [[r.DistanceFieldShadowing:1]]
[2020.10.21-06.01.08:623][  0]LogConfig: Setting CVar [[r.DistanceFieldAO:1]]
[2020.10.21-06.01.08:623][  0]LogConfig: Setting CVar [[r.AOQuality:2]]
[2020.10.21-06.01.08:623][  0]LogConfig: Setting CVar [[r.VolumetricFog:1]]
[2020.10.21-06.01.08:623][  0]LogConfig: Setting CVar [[r.VolumetricFog.GridPixelSize:8]]
[2020.10.21-06.01.08:623][  0]LogConfig: Setting CVar [[r.VolumetricFog.GridSizeZ:128]]
[2020.10.21-06.01.08:624][  0]LogConfig: Setting CVar [[r.VolumetricFog.HistoryMissSupersampleCount:4]]
[2020.10.21-06.01.08:624][  0]LogConfig: Setting CVar [[r.LightMaxDrawDistanceScale:1]]
[2020.10.21-06.01.08:624][  0]LogConfig: Setting CVar [[r.CapsuleShadows:1]]
[2020.10.21-06.01.08:624][  0]LogConfig: Applying CVar settings from Section [PostProcessQuality@3] File [D:/Abiogolf/IT_KMITL/BattleChess/BattleChess_Game/Saved/Config/Windows/Scalability.ini]
[2020.10.21-06.01.08:624][  0]LogConfig: Setting CVar [[r.MotionBlurQuality:4]]
[2020.10.21-06.01.08:624][  0]LogConfig: Setting CVar [[r.AmbientOcclusionMipLevelFactor:0.4]]
[2020.10.21-06.01.08:624][  0]LogConfig: Setting CVar [[r.AmbientOcclusionMaxQuality:100]]
[2020.10.21-06.01.08:624][  0]LogConfig: Setting CVar [[r.AmbientOcclusionLevels:-1]]
[2020.10.21-06.01.08:624][  0]LogConfig: Setting CVar [[r.AmbientOcclusionRadiusScale:1.0]]
[2020.10.21-06.01.08:624][  0]LogConfig: Setting CVar [[r.DepthOfFieldQuality:2]]
[2020.10.21-06.01.08:624][  0]LogConfig: Setting CVar [[r.RenderTargetPoolMin:400]]
[2020.10.21-06.01.08:624][  0]LogConfig: Setting CVar [[r.LensFlareQuality:2]]
[2020.10.21-06.01.08:624][  0]LogConfig: Setting CVar [[r.SceneColorFringeQuality:1]]
[2020.10.21-06.01.08:624][  0]LogConfig: Setting CVar [[r.EyeAdaptationQuality:2]]
[2020.10.21-06.01.08:624][  0]LogConfig: Setting CVar [[r.BloomQuality:5]]
[2020.10.21-06.01.08:624][  0]LogConfig: Setting CVar [[r.FastBlurThreshold:100]]
[2020.10.21-06.01.08:624][  0]LogConfig: Setting CVar [[r.Upscale.Quality:3]]
[2020.10.21-06.01.08:624][  0]LogConfig: Setting CVar [[r.Tonemapper.GrainQuantization:1]]
[2020.10.21-06.01.08:624][  0]LogConfig: Setting CVar [[r.LightShaftQuality:1]]
[2020.10.21-06.01.08:624][  0]LogConfig: Setting CVar [[r.Filter.SizeScale:1]]
[2020.10.21-06.01.08:624][  0]LogConfig: Setting CVar [[r.Tonemapper.Quality:5]]
[2020.10.21-06.01.08:625][  0]LogConfig: Setting CVar [[r.DOF.Gather.AccumulatorQuality:1        ; higher gathering accumulator quality]]
[2020.10.21-06.01.08:625][  0]LogConfig: Setting CVar [[r.DOF.Gather.PostfilterMethod:1          ; Median3x3 postfilering method]]
[2020.10.21-06.01.08:625][  0]LogConfig: Setting CVar [[r.DOF.Gather.EnableBokehSettings:0       ; no bokeh simulation when gathering]]
[2020.10.21-06.01.08:625][  0]LogConfig: Setting CVar [[r.DOF.Gather.RingCount:4                 ; medium number of samples when gathering]]
[2020.10.21-06.01.08:625][  0]LogConfig: Setting CVar [[r.DOF.Scatter.ForegroundCompositing:1    ; additive foreground scattering]]
[2020.10.21-06.01.08:625][  0]LogConfig: Setting CVar [[r.DOF.Scatter.BackgroundCompositing:2    ; additive background scattering]]
[2020.10.21-06.01.08:625][  0]LogConfig: Setting CVar [[r.DOF.Scatter.EnableBokehSettings:1      ; bokeh simulation when scattering]]
[2020.10.21-06.01.08:625][  0]LogConfig: Setting CVar [[r.DOF.Scatter.MaxSpriteRatio:0.1         ; only a maximum of 10% of scattered bokeh]]
[2020.10.21-06.01.08:625][  0]LogConfig: Setting CVar [[r.DOF.Recombine.Quality:1                ; cheap slight out of focus]]
[2020.10.21-06.01.08:625][  0]LogConfig: Setting CVar [[r.DOF.Recombine.EnableBokehSettings:0    ; no bokeh simulation on slight out of focus]]
[2020.10.21-06.01.08:625][  0]LogConfig: Setting CVar [[r.DOF.TemporalAAQuality:1                ; more stable temporal accumulation]]
[2020.10.21-06.01.08:625][  0]LogConfig: Setting CVar [[r.DOF.Kernel.MaxForegroundRadius:0.025]]
[2020.10.21-06.01.08:625][  0]LogConfig: Setting CVar [[r.DOF.Kernel.MaxBackgroundRadius:0.025]]
[2020.10.21-06.01.08:625][  0]LogConfig: Applying CVar settings from Section [TextureQuality@3] File [D:/Abiogolf/IT_KMITL/BattleChess/BattleChess_Game/Saved/Config/Windows/Scalability.ini]
[2020.10.21-06.01.08:625][  0]LogConfig: Setting CVar [[r.Streaming.MipBias:0]]
[2020.10.21-06.01.08:625][  0]LogConfig: Setting CVar [[r.Streaming.AmortizeCPUToGPUCopy:0]]
[2020.10.21-06.01.08:625][  0]LogConfig: Setting CVar [[r.Streaming.MaxNumTexturesToStreamPerFrame:0]]
[2020.10.21-06.01.08:625][  0]LogConfig: Setting CVar [[r.Streaming.Boost:1]]
[2020.10.21-06.01.08:626][  0]LogConfig: Setting CVar [[r.MaxAnisotropy:8]]
[2020.10.21-06.01.08:626][  0]LogConfig: Setting CVar [[r.VT.MaxAnisotropy:8]]
[2020.10.21-06.01.08:626][  0]LogConfig: Setting CVar [[r.Streaming.LimitPoolSizeToVRAM:0]]
[2020.10.21-06.01.08:626][  0]LogConfig: Setting CVar [[r.Streaming.PoolSize:1000]]
[2020.10.21-06.01.08:626][  0]LogConfig: Setting CVar [[r.Streaming.MaxEffectiveScreenSize:0]]
[2020.10.21-06.01.08:626][  0]LogConfig: Applying CVar settings from Section [EffectsQuality@3] File [D:/Abiogolf/IT_KMITL/BattleChess/BattleChess_Game/Saved/Config/Windows/Scalability.ini]
[2020.10.21-06.01.08:626][  0]LogConfig: Setting CVar [[r.TranslucencyLightingVolumeDim:64]]
[2020.10.21-06.01.08:626][  0]LogConfig: Setting CVar [[r.RefractionQuality:2]]
[2020.10.21-06.01.08:626][  0]LogConfig: Setting CVar [[r.SSR.Quality:3]]
[2020.10.21-06.01.08:626][  0]LogConfig: Setting CVar [[r.SSR.HalfResSceneColor:0]]
[2020.10.21-06.01.08:626][  0]LogConfig: Setting CVar [[r.SceneColorFormat:4]]
[2020.10.21-06.01.08:626][  0]LogConfig: Setting CVar [[r.DetailMode:2]]
[2020.10.21-06.01.08:626][  0]LogConfig: Setting CVar [[r.TranslucencyVolumeBlur:1]]
[2020.10.21-06.01.08:626][  0]LogConfig: Setting CVar [[r.MaterialQualityLevel:1 ; High quality]]
[2020.10.21-06.01.08:626][  0]LogConfig: Setting CVar [[r.SSS.Scale:1]]
[2020.10.21-06.01.08:626][  0]LogConfig: Setting CVar [[r.SSS.SampleSet:2]]
[2020.10.21-06.01.08:626][  0]LogConfig: Setting CVar [[r.SSS.Quality:1]]
[2020.10.21-06.01.08:626][  0]LogConfig: Setting CVar [[r.SSS.HalfRes:0]]
[2020.10.21-06.01.08:626][  0]LogConfig: Setting CVar [[r.SSGI.Quality:3]]
[2020.10.21-06.01.08:626][  0]LogConfig: Setting CVar [[r.EmitterSpawnRateScale:1.0]]
[2020.10.21-06.01.08:626][  0]LogConfig: Setting CVar [[r.ParticleLightQuality:2]]
[2020.10.21-06.01.08:626][  0]LogConfig: Setting CVar [[r.SkyAtmosphere.AerialPerspectiveLUT.FastApplyOnOpaque:1 ; Always have FastSkyLUT 1 in this case to avoid wrong sky]]
[2020.10.21-06.01.08:626][  0]LogConfig: Setting CVar [[r.SkyAtmosphere.AerialPerspectiveLUT.SampleCountPerSlice:1]]
[2020.10.21-06.01.08:626][  0]LogConfig: Setting CVar [[r.SkyAtmosphere.AerialPerspectiveLUT.DepthResolution:16.0]]
[2020.10.21-06.01.08:627][  0]LogConfig: Setting CVar [[r.SkyAtmosphere.FastSkyLUT:1]]
[2020.10.21-06.01.08:627][  0]LogConfig: Setting CVar [[r.SkyAtmosphere.FastSkyLUT.SampleCountMin:4.0]]
[2020.10.21-06.01.08:627][  0]LogConfig: Setting CVar [[r.SkyAtmosphere.FastSkyLUT.SampleCountMax:32.0]]
[2020.10.21-06.01.08:627][  0]LogConfig: Setting CVar [[r.SkyAtmosphere.SampleCountMin:4.0]]
[2020.10.21-06.01.08:627][  0]LogConfig: Setting CVar [[r.SkyAtmosphere.SampleCountMax:32.0]]
[2020.10.21-06.01.08:627][  0]LogConfig: Setting CVar [[r.SkyAtmosphere.TransmittanceLUT.UseSmallFormat:0]]
[2020.10.21-06.01.08:627][  0]LogConfig: Setting CVar [[r.SkyAtmosphere.TransmittanceLUT.SampleCount:10.0]]
[2020.10.21-06.01.08:627][  0]LogConfig: Setting CVar [[r.SkyAtmosphere.MultiScatteringLUT.SampleCount:15.0]]
[2020.10.21-06.01.08:627][  0]LogConfig: Applying CVar settings from Section [FoliageQuality@3] File [D:/Abiogolf/IT_KMITL/BattleChess/BattleChess_Game/Saved/Config/Windows/Scalability.ini]
[2020.10.21-06.01.08:627][  0]LogConfig: Setting CVar [[foliage.DensityScale:1.0]]
[2020.10.21-06.01.08:627][  0]LogConfig: Setting CVar [[grass.DensityScale:1.0]]
[2020.10.21-06.01.08:627][  0]LogConfig: Applying CVar settings from Section [ShadingQuality@3] File [D:/Abiogolf/IT_KMITL/BattleChess/BattleChess_Game/Saved/Config/Windows/Scalability.ini]
[2020.10.21-06.01.08:627][  0]LogConfig: Setting CVar [[r.HairStrands.SkyLighting.SampleCount:16]]
[2020.10.21-06.01.08:627][  0]LogConfig: Setting CVar [[r.HairStrands.SkyLighting.JitterIntegration:0]]
[2020.10.21-06.01.08:627][  0]LogConfig: Setting CVar [[r.HairStrands.SkyAO.SampleCount:16]]
[2020.10.21-06.01.08:627][  0]LogConfig: Setting CVar [[r.HairStrands.DeepShadow.SuperSampling:0]]
[2020.10.21-06.01.08:627][  0]LogConfig: Setting CVar [[r.HairStrands.VisibilityPPLL:0]]
[2020.10.21-06.01.08:627][  0]LogConfig: Setting CVar [[r.HairStrands.RasterizationScale:0.5]]
[2020.10.21-06.01.08:627][  0]LogConfig: Setting CVar [[r.HairStrands.VelocityRasterizationScale:1]]
[2020.10.21-06.01.08:627][  0]LogInit: Selected Device Profile: [Windows]
[2020.10.21-06.01.08:627][  0]LogInit: Applying CVar settings loaded from the selected device profile: [Windows]
[2020.10.21-06.01.08:627][  0]LogHAL: Display: Platform has ~ 8 GB [8460451840 / 8589934592 / 8], which maps to Default [LargestMinGB=32, LargerMinGB=12, DefaultMinGB=8, SmallerMinGB=6, SmallestMinGB=0)
[2020.10.21-06.01.08:627][  0]LogInit: Going up to parent DeviceProfile []
[2020.10.21-06.01.08:627][  0]LogConfig: Applying CVar settings from Section [ViewDistanceQuality@3] File [D:/Abiogolf/IT_KMITL/BattleChess/BattleChess_Game/Saved/Config/Windows/Scalability.ini]
[2020.10.21-06.01.08:627][  0]LogConfig: Setting CVar [[r.SkeletalMeshLODBias:0]]
[2020.10.21-06.01.08:627][  0]LogConfig: Setting CVar [[r.ViewDistanceScale:1.0]]
[2020.10.21-06.01.08:627][  0]LogConfig: Applying CVar settings from Section [AntiAliasingQuality@3] File [D:/Abiogolf/IT_KMITL/BattleChess/BattleChess_Game/Saved/Config/Windows/Scalability.ini]
[2020.10.21-06.01.08:627][  0]LogConfig: Setting CVar [[r.PostProcessAAQuality:4]]
[2020.10.21-06.01.08:627][  0]LogConfig: Applying CVar settings from Section [ShadowQuality@3] File [D:/Abiogolf/IT_KMITL/BattleChess/BattleChess_Game/Saved/Config/Windows/Scalability.ini]
[2020.10.21-06.01.08:627][  0]LogConfig: Setting CVar [[r.LightFunctionQuality:1]]
[2020.10.21-06.01.08:627][  0]LogConfig: Setting CVar [[r.ShadowQuality:5]]
[2020.10.21-06.01.08:627][  0]LogConfig: Setting CVar [[r.Shadow.CSM.MaxCascades:10]]
[2020.10.21-06.01.08:627][  0]LogConfig: Setting CVar [[r.Shadow.MaxResolution:2048]]
[2020.10.21-06.01.08:627][  0]LogConfig: Setting CVar [[r.Shadow.MaxCSMResolution:2048]]
[2020.10.21-06.01.08:627][  0]LogConfig: Setting CVar [[r.Shadow.RadiusThreshold:0.01]]
[2020.10.21-06.01.08:627][  0]LogConfig: Setting CVar [[r.Shadow.DistanceScale:1.0]]
[2020.10.21-06.01.08:627][  0]LogConfig: Setting CVar [[r.Shadow.CSM.TransitionScale:1.0]]
[2020.10.21-06.01.08:628][  0]LogConfig: Setting CVar [[r.Shadow.PreShadowResolutionFactor:1.0]]
[2020.10.21-06.01.08:628][  0]LogConfig: Setting CVar [[r.DistanceFieldShadowing:1]]
[2020.10.21-06.01.08:628][  0]LogConfig: Setting CVar [[r.DistanceFieldAO:1]]
[2020.10.21-06.01.08:628][  0]LogConfig: Setting CVar [[r.AOQuality:2]]
[2020.10.21-06.01.08:628][  0]LogConfig: Setting CVar [[r.VolumetricFog:1]]
[2020.10.21-06.01.08:628][  0]LogConfig: Setting CVar [[r.VolumetricFog.GridPixelSize:8]]
[2020.10.21-06.01.08:628][  0]LogConfig: Setting CVar [[r.VolumetricFog.GridSizeZ:128]]
[2020.10.21-06.01.08:628][  0]LogConfig: Setting CVar [[r.VolumetricFog.HistoryMissSupersampleCount:4]]
[2020.10.21-06.01.08:628][  0]LogConfig: Setting CVar [[r.LightMaxDrawDistanceScale:1]]
[2020.10.21-06.01.08:628][  0]LogConfig: Setting CVar [[r.CapsuleShadows:1]]
[2020.10.21-06.01.08:628][  0]LogConfig: Applying CVar settings from Section [PostProcessQuality@3] File [D:/Abiogolf/IT_KMITL/BattleChess/BattleChess_Game/Saved/Config/Windows/Scalability.ini]
[2020.10.21-06.01.08:628][  0]LogConfig: Setting CVar [[r.MotionBlurQuality:4]]
[2020.10.21-06.01.08:628][  0]LogConfig: Setting CVar [[r.AmbientOcclusionMipLevelFactor:0.4]]
[2020.10.21-06.01.08:628][  0]LogConfig: Setting CVar [[r.AmbientOcclusionMaxQuality:100]]
[2020.10.21-06.01.08:628][  0]LogConfig: Setting CVar [[r.AmbientOcclusionLevels:-1]]
[2020.10.21-06.01.08:628][  0]LogConfig: Setting CVar [[r.AmbientOcclusionRadiusScale:1.0]]
[2020.10.21-06.01.08:628][  0]LogConfig: Setting CVar [[r.DepthOfFieldQuality:2]]
[2020.10.21-06.01.08:628][  0]LogConfig: Setting CVar [[r.RenderTargetPoolMin:400]]
[2020.10.21-06.01.08:628][  0]LogConfig: Setting CVar [[r.LensFlareQuality:2]]
[2020.10.21-06.01.08:628][  0]LogConfig: Setting CVar [[r.SceneColorFringeQuality:1]]
[2020.10.21-06.01.08:628][  0]LogConfig: Setting CVar [[r.EyeAdaptationQuality:2]]
[2020.10.21-06.01.08:628][  0]LogConfig: Setting CVar [[r.BloomQuality:5]]
[2020.10.21-06.01.08:628][  0]LogConfig: Setting CVar [[r.FastBlurThreshold:100]]
[2020.10.21-06.01.08:628][  0]LogConfig: Setting CVar [[r.Upscale.Quality:3]]
[2020.10.21-06.01.08:628][  0]LogConfig: Setting CVar [[r.Tonemapper.GrainQuantization:1]]
[2020.10.21-06.01.08:628][  0]LogConfig: Setting CVar [[r.LightShaftQuality:1]]
[2020.10.21-06.01.08:628][  0]LogConfig: Setting CVar [[r.Filter.SizeScale:1]]
[2020.10.21-06.01.08:628][  0]LogConfig: Setting CVar [[r.Tonemapper.Quality:5]]
[2020.10.21-06.01.08:628][  0]LogConfig: Setting CVar [[r.DOF.Gather.AccumulatorQuality:1        ; higher gathering accumulator quality]]
[2020.10.21-06.01.08:628][  0]LogConfig: Setting CVar [[r.DOF.Gather.PostfilterMethod:1          ; Median3x3 postfilering method]]
[2020.10.21-06.01.08:628][  0]LogConfig: Setting CVar [[r.DOF.Gather.EnableBokehSettings:0       ; no bokeh simulation when gathering]]
[2020.10.21-06.01.08:628][  0]LogConfig: Setting CVar [[r.DOF.Gather.RingCount:4                 ; medium number of samples when gathering]]
[2020.10.21-06.01.08:628][  0]LogConfig: Setting CVar [[r.DOF.Scatter.ForegroundCompositing:1    ; additive foreground scattering]]
[2020.10.21-06.01.08:628][  0]LogConfig: Setting CVar [[r.DOF.Scatter.BackgroundCompositing:2    ; additive background scattering]]
[2020.10.21-06.01.08:628][  0]LogConfig: Setting CVar [[r.DOF.Scatter.EnableBokehSettings:1      ; bokeh simulation when scattering]]
[2020.10.21-06.01.08:628][  0]LogConfig: Setting CVar [[r.DOF.Scatter.MaxSpriteRatio:0.1         ; only a maximum of 10% of scattered bokeh]]
[2020.10.21-06.01.08:628][  0]LogConfig: Setting CVar [[r.DOF.Recombine.Quality:1                ; cheap slight out of focus]]
[2020.10.21-06.01.08:629][  0]LogConfig: Setting CVar [[r.DOF.Recombine.EnableBokehSettings:0    ; no bokeh simulation on slight out of focus]]
[2020.10.21-06.01.08:629][  0]LogConfig: Setting CVar [[r.DOF.TemporalAAQuality:1                ; more stable temporal accumulation]]
[2020.10.21-06.01.08:629][  0]LogConfig: Setting CVar [[r.DOF.Kernel.MaxForegroundRadius:0.025]]
[2020.10.21-06.01.08:629][  0]LogConfig: Setting CVar [[r.DOF.Kernel.MaxBackgroundRadius:0.025]]
[2020.10.21-06.01.08:629][  0]LogConfig: Applying CVar settings from Section [TextureQuality@3] File [D:/Abiogolf/IT_KMITL/BattleChess/BattleChess_Game/Saved/Config/Windows/Scalability.ini]
[2020.10.21-06.01.08:629][  0]LogConfig: Setting CVar [[r.Streaming.MipBias:0]]
[2020.10.21-06.01.08:629][  0]LogConfig: Setting CVar [[r.Streaming.AmortizeCPUToGPUCopy:0]]
[2020.10.21-06.01.08:629][  0]LogConfig: Setting CVar [[r.Streaming.MaxNumTexturesToStreamPerFrame:0]]
[2020.10.21-06.01.08:629][  0]LogConfig: Setting CVar [[r.Streaming.Boost:1]]
[2020.10.21-06.01.08:629][  0]LogConfig: Setting CVar [[r.MaxAnisotropy:8]]
[2020.10.21-06.01.08:629][  0]LogConfig: Setting CVar [[r.VT.MaxAnisotropy:8]]
[2020.10.21-06.01.08:629][  0]LogConfig: Setting CVar [[r.Streaming.LimitPoolSizeToVRAM:0]]
[2020.10.21-06.01.08:629][  0]LogConfig: Setting CVar [[r.Streaming.PoolSize:1000]]
[2020.10.21-06.01.08:629][  0]LogConfig: Setting CVar [[r.Streaming.MaxEffectiveScreenSize:0]]
[2020.10.21-06.01.08:629][  0]LogConfig: Applying CVar settings from Section [EffectsQuality@3] File [D:/Abiogolf/IT_KMITL/BattleChess/BattleChess_Game/Saved/Config/Windows/Scalability.ini]
[2020.10.21-06.01.08:629][  0]LogConfig: Setting CVar [[r.TranslucencyLightingVolumeDim:64]]
[2020.10.21-06.01.08:629][  0]LogConfig: Setting CVar [[r.RefractionQuality:2]]
[2020.10.21-06.01.08:629][  0]LogConfig: Setting CVar [[r.SSR.Quality:3]]
[2020.10.21-06.01.08:629][  0]LogConfig: Setting CVar [[r.SSR.HalfResSceneColor:0]]
[2020.10.21-06.01.08:629][  0]LogConfig: Setting CVar [[r.SceneColorFormat:4]]
[2020.10.21-06.01.08:629][  0]LogConfig: Setting CVar [[r.DetailMode:2]]
[2020.10.21-06.01.08:629][  0]LogConfig: Setting CVar [[r.TranslucencyVolumeBlur:1]]
[2020.10.21-06.01.08:629][  0]LogConfig: Setting CVar [[r.MaterialQualityLevel:1 ; High quality]]
[2020.10.21-06.01.08:629][  0]LogConfig: Setting CVar [[r.SSS.Scale:1]]
[2020.10.21-06.01.08:629][  0]LogConfig: Setting CVar [[r.SSS.SampleSet:2]]
[2020.10.21-06.01.08:629][  0]LogConfig: Setting CVar [[r.SSS.Quality:1]]
[2020.10.21-06.01.08:629][  0]LogConfig: Setting CVar [[r.SSS.HalfRes:0]]
[2020.10.21-06.01.08:630][  0]LogConfig: Setting CVar [[r.SSGI.Quality:3]]
[2020.10.21-06.01.08:630][  0]LogConfig: Setting CVar [[r.EmitterSpawnRateScale:1.0]]
[2020.10.21-06.01.08:630][  0]LogConfig: Setting CVar [[r.ParticleLightQuality:2]]
[2020.10.21-06.01.08:630][  0]LogConfig: Setting CVar [[r.SkyAtmosphere.AerialPerspectiveLUT.FastApplyOnOpaque:1 ; Always have FastSkyLUT 1 in this case to avoid wrong sky]]
[2020.10.21-06.01.08:630][  0]LogConfig: Setting CVar [[r.SkyAtmosphere.AerialPerspectiveLUT.SampleCountPerSlice:1]]
[2020.10.21-06.01.08:630][  0]LogConfig: Setting CVar [[r.SkyAtmosphere.AerialPerspectiveLUT.DepthResolution:16.0]]
[2020.10.21-06.01.08:630][  0]LogConfig: Setting CVar [[r.SkyAtmosphere.FastSkyLUT:1]]
[2020.10.21-06.01.08:630][  0]LogConfig: Setting CVar [[r.SkyAtmosphere.FastSkyLUT.SampleCountMin:4.0]]
[2020.10.21-06.01.08:630][  0]LogConfig: Setting CVar [[r.SkyAtmosphere.FastSkyLUT.SampleCountMax:32.0]]
[2020.10.21-06.01.08:630][  0]LogConfig: Setting CVar [[r.SkyAtmosphere.SampleCountMin:4.0]]
[2020.10.21-06.01.08:630][  0]LogConfig: Setting CVar [[r.SkyAtmosphere.SampleCountMax:32.0]]
[2020.10.21-06.01.08:630][  0]LogConfig: Setting CVar [[r.SkyAtmosphere.TransmittanceLUT.UseSmallFormat:0]]
[2020.10.21-06.01.08:630][  0]LogConfig: Setting CVar [[r.SkyAtmosphere.TransmittanceLUT.SampleCount:10.0]]
[2020.10.21-06.01.08:630][  0]LogConfig: Setting CVar [[r.SkyAtmosphere.MultiScatteringLUT.SampleCount:15.0]]
[2020.10.21-06.01.08:630][  0]LogConfig: Applying CVar settings from Section [FoliageQuality@3] File [D:/Abiogolf/IT_KMITL/BattleChess/BattleChess_Game/Saved/Config/Windows/Scalability.ini]
[2020.10.21-06.01.08:630][  0]LogConfig: Setting CVar [[foliage.DensityScale:1.0]]
[2020.10.21-06.01.08:630][  0]LogConfig: Setting CVar [[grass.DensityScale:1.0]]
[2020.10.21-06.01.08:630][  0]LogConfig: Applying CVar settings from Section [ShadingQuality@3] File [D:/Abiogolf/IT_KMITL/BattleChess/BattleChess_Game/Saved/Config/Windows/Scalability.ini]
[2020.10.21-06.01.08:630][  0]LogConfig: Setting CVar [[r.HairStrands.SkyLighting.SampleCount:16]]
[2020.10.21-06.01.08:630][  0]LogConfig: Setting CVar [[r.HairStrands.SkyLighting.JitterIntegration:0]]
[2020.10.21-06.01.08:630][  0]LogConfig: Setting CVar [[r.HairStrands.SkyAO.SampleCount:16]]
[2020.10.21-06.01.08:630][  0]LogConfig: Setting CVar [[r.HairStrands.DeepShadow.SuperSampling:0]]
[2020.10.21-06.01.08:630][  0]LogConfig: Setting CVar [[r.HairStrands.VisibilityPPLL:0]]
[2020.10.21-06.01.08:630][  0]LogConfig: Setting CVar [[r.HairStrands.RasterizationScale:0.5]]
[2020.10.21-06.01.08:630][  0]LogConfig: Setting CVar [[r.HairStrands.VelocityRasterizationScale:1]]
[2020.10.21-06.01.08:630][  0]LogConfig: Applying CVar settings from Section [Startup] File [../../../Engine/Config/ConsoleVariables.ini]
[2020.10.21-06.01.08:631][  0]LogConfig: Setting CVar [[net.UseAdaptiveNetUpdateFrequency:0]]
[2020.10.21-06.01.08:631][  0]LogConfig: Setting CVar [[p.chaos.AllowCreatePhysxBodies:1]]
[2020.10.21-06.01.08:631][  0]LogConfig: Setting CVar [[fx.SkipVectorVMBackendOptimizations:1]]
[2020.10.21-06.01.08:631][  0]LogConfig: Applying CVar settings from Section [ConsoleVariables] File [D:/Abiogolf/IT_KMITL/BattleChess/BattleChess_Game/Saved/Config/Windows/Engine.ini]
[2020.10.21-06.01.08:631][  0]LogInit: Computer: DESKTOP-DO80R7R
[2020.10.21-06.01.08:631][  0]LogInit: User: USER
[2020.10.21-06.01.08:631][  0]LogInit: CPU Page size=4096, Cores=4
[2020.10.21-06.01.08:631][  0]LogInit: High frequency timer resolution =10.000000 MHz
[2020.10.21-06.01.08:631][  0]LogMemory: Memory total: Physical=7.9GB (8GB approx)
[2020.10.21-06.01.08:631][  0]LogMemory: Platform Memory Stats for Windows
[2020.10.21-06.01.08:631][  0]LogMemory: Process Physical Memory: 137.91 MB used, 137.92 MB peak
[2020.10.21-06.01.08:631][  0]LogMemory: Process Virtual Memory: 103.15 MB used, 103.15 MB peak
[2020.10.21-06.01.08:631][  0]LogMemory: Physical Memory: 6487.48 MB used,  1581.04 MB free, 8068.52 MB total
[2020.10.21-06.01.08:631][  0]LogMemory: Virtual Memory: 5217.05 MB used,  134212512.00 MB free, 134217728.00 MB total
[2020.10.21-06.01.08:645][  0]LogWindows: WindowsPlatformFeatures enabled
[2020.10.21-06.01.08:806][  0]LogInit: Physics initialised using underlying interface: PhysX
[2020.10.21-06.01.08:806][  0]LogInit: Using OS detected language (en-US).
[2020.10.21-06.01.08:806][  0]LogInit: Using OS detected locale (en-GB).
[2020.10.21-06.01.08:809][  0]LogTextLocalizationManager: No specific localization for 'en-US' exists, so the 'en' localization will be used.
[2020.10.21-06.01.09:333][  0]LogSlate: New Slate User Created.  User Index 0, Is Virtual User: 0
[2020.10.21-06.01.09:333][  0]LogSlate: Slate User Registered.  User Index 0, Is Virtual User: 0
[2020.10.21-06.01.09:475][  0]LogHMD: Failed to initialize OpenVR with code 110
[2020.10.21-06.01.09:475][  0]LogD3D11RHI: D3D11 min allowed feature level: 11_0
[2020.10.21-06.01.09:475][  0]LogD3D11RHI: D3D11 max allowed feature level: 11_0
[2020.10.21-06.01.09:475][  0]LogD3D11RHI: D3D11 adapters:
[2020.10.21-06.01.09:678][  0]LogD3D11RHI:    0. 'NVIDIA GeForce GTX 960M' (Feature Level 11_0)
[2020.10.21-06.01.09:678][  0]LogD3D11RHI:       4055/0/4034 MB DedicatedVideo/DedicatedSystem/SharedSystem, Outputs:1, VendorId:0x10de
[2020.10.21-06.01.09:721][  0]LogD3D11RHI:    1. 'Intel(R) HD Graphics 530' (Feature Level 11_0)
[2020.10.21-06.01.09:721][  0]LogD3D11RHI:       128/0/4034 MB DedicatedVideo/DedicatedSystem/SharedSystem, Outputs:0, VendorId:0x8086
[2020.10.21-06.01.09:733][  0]LogD3D11RHI:    2. 'Microsoft Basic Render Driver' (Feature Level 11_0)
[2020.10.21-06.01.09:733][  0]LogD3D11RHI:       0/0/4034 MB DedicatedVideo/DedicatedSystem/SharedSystem, Outputs:0, VendorId:0x1414
[2020.10.21-06.01.09:733][  0]LogD3D11RHI: Chosen D3D11 Adapter: 0
[2020.10.21-06.01.09:752][  0]LogD3D11RHI: Creating new Direct3DDevice
[2020.10.21-06.01.09:753][  0]LogD3D11RHI:     GPU DeviceId: 0x139b (for the marketing name, search the web for "GPU Device Id")
[2020.10.21-06.01.09:753][  0]LogWindows: EnumDisplayDevices:
[2020.10.21-06.01.09:753][  0]LogWindows:    0. 'Intel(R) HD Graphics 530' (P:1 D:1)
[2020.10.21-06.01.09:754][  0]LogWindows:    1. 'Intel(R) HD Graphics 530' (P:0 D:0)
[2020.10.21-06.01.09:754][  0]LogWindows:    2. 'Intel(R) HD Graphics 530' (P:0 D:0)
[2020.10.21-06.01.09:754][  0]LogWindows: DebugString: PrimaryIsNotTheChoosenAdapter PrimaryIsNotTheChoosenAdapter PrimaryIsNotTheChoosenAdapter FoundDriverCount:0 
[2020.10.21-06.01.09:754][  0]LogD3D11RHI:     Adapter Name: NVIDIA GeForce GTX 960M
[2020.10.21-06.01.09:754][  0]LogD3D11RHI:   Driver Version: Unknown (internal:Unknown, unified:Unknown)
[2020.10.21-06.01.09:754][  0]LogD3D11RHI:      Driver Date: Unknown
[2020.10.21-06.01.09:754][  0]LogRHI: Texture pool is 2839 MB (70% of 4055 MB)
[2020.10.21-06.01.09:902][  0]LogD3D11RHI: RHI has support for 64 bit atomics
[2020.10.21-06.01.09:902][  0]LogD3D11RHI: Async texture creation enabled
[2020.10.21-06.01.10:066][  0]LogD3D11RHI: GPU Timing Frequency: 1000.000000 (Debug: 2 2)
[2020.10.21-06.01.10:885][  0]LogTargetPlatformManager: Display: Loaded TargetPlatform 'WindowsNoEditor'
[2020.10.21-06.01.10:894][  0]LogTargetPlatformManager: Display: Loaded TargetPlatform 'Windows'
[2020.10.21-06.01.10:912][  0]LogTargetPlatformManager: Display: Loaded TargetPlatform 'WindowsClient'
[2020.10.21-06.01.10:930][  0]LogTargetPlatformManager: Display: Loaded TargetPlatform 'WindowsServer'
[2020.10.21-06.01.10:930][  0]LogTargetPlatformManager: Display: Building Assets For Windows
[2020.10.21-06.01.10:950][  0]LogAudioDebug: Display: Lib vorbis DLL was dynamically loaded.
[2020.10.21-06.01.11:095][  0]LogShaderCompilers: Guid format shader working directory is -19 characters bigger than the processId version (../../../../../../Abiogolf/IT_KMITL/BattleChess/BattleChess_Game/Intermediate/Shaders/WorkingDirectory/9812/).
[2020.10.21-06.01.11:096][  0]LogShaderCompilers: Cleaned the shader compiler working directory 'C:/Users/USER/AppData/Local/Temp/UnrealShaderWorkingDir/719A53A6463571FC90EE9B9B891D312E/'.
[2020.10.21-06.01.11:098][  0]LogXGEController: Cannot use XGE Controller as Incredibuild is not installed on this machine.
[2020.10.21-06.01.11:098][  0]LogShaderCompilers: Cannot use XGE Shader Compiler as Incredibuild is not installed on this machine.
[2020.10.21-06.01.11:098][  0]LogShaderCompilers: Display: Using Local Shader Compiler.
[2020.10.21-06.01.12:598][  0]LogDerivedDataCache: Display: Max Cache Size: 512 MB
[2020.10.21-06.01.12:769][  0]LogDerivedDataCache: Loaded boot cache 0.17s 76MB C:/Users/USER/AppData/Local/UnrealEngine/4.25/DerivedDataCache/Boot.ddc.
[2020.10.21-06.01.12:770][  0]LogDerivedDataCache: Display: Loaded Boot cache: C:/Users/USER/AppData/Local/UnrealEngine/4.25/DerivedDataCache/Boot.ddc
[2020.10.21-06.01.12:770][  0]LogDerivedDataCache: FDerivedDataBackendGraph:  Pak pak cache file ../../../../../../Abiogolf/IT_KMITL/BattleChess/BattleChess_Game/DerivedDataCache/DDC.ddp not found, will not use a pak cache.
[2020.10.21-06.01.12:770][  0]LogDerivedDataCache: Unable to find inner node Pak for hierarchical cache Hierarchy.
[2020.10.21-06.01.12:770][  0]LogDerivedDataCache: FDerivedDataBackendGraph:  CompressedPak pak cache file ../../../../../../Abiogolf/IT_KMITL/BattleChess/BattleChess_Game/DerivedDataCache/Compressed.ddp not found, will not use a pak cache.
[2020.10.21-06.01.12:770][  0]LogDerivedDataCache: Unable to find inner node CompressedPak for hierarchical cache Hierarchy.
[2020.10.21-06.01.12:792][  0]LogDerivedDataCache: Display: Pak cache opened for reading ../../../Engine/DerivedDataCache/Compressed.ddp.
[2020.10.21-06.01.12:793][  0]LogDerivedDataCache: FDerivedDataBackendGraph:  EnterprisePak pak cache file ../../../Enterprise/DerivedDataCache/Compressed.ddp not found, will not use a pak cache.
[2020.10.21-06.01.12:793][  0]LogDerivedDataCache: Unable to find inner node EnterprisePak for hierarchical cache Hierarchy.
[2020.10.21-06.01.12:796][  0]LogDerivedDataCache: Using Local data cache path C:/Users/USER/AppData/Local/UnrealEngine/Common/DerivedDataCache: Writable
[2020.10.21-06.01.12:796][  0]LogDerivedDataCache: Shared data cache path not found in *engine.ini, will not use an Shared cache.
[2020.10.21-06.01.12:796][  0]LogDerivedDataCache: Unable to find inner node Shared for hierarchical cache Hierarchy.
[2020.10.21-06.01.12:879][  0]LogSlate: Using FreeType 2.10.0
[2020.10.21-06.01.12:879][  0]LogSlate: SlateFontServices - WITH_FREETYPE: 1, WITH_HARFBUZZ: 1
[2020.10.21-06.01.13:268][  0]LogInit: Using OS detected language (en-US).
[2020.10.21-06.01.13:268][  0]LogInit: Using OS detected locale (en-GB).
[2020.10.21-06.01.13:268][  0]LogTextLocalizationManager: No localization for 'en-US' exists, so 'en' will be used for the language.
[2020.10.21-06.01.13:268][  0]LogTextLocalizationManager: No localization for 'en-GB' exists, so 'en' will be used for the locale.
[2020.10.21-06.01.13:268][  0]LogSlate: FontCache flush requested. Reason: Culture for localization was changed
[2020.10.21-06.01.13:268][  0]LogSlate: FontCache flush requested. Reason: Culture for localization was changed
[2020.10.21-06.01.13:276][  0]LogTextLocalizationManager: Compacting localization data took   0.01ms
[2020.10.21-06.01.13:283][  0]LogAssetRegistry: FAssetRegistry took 0.0028 seconds to start up
[2020.10.21-06.01.13:730][  0]LogPackageLocalizationCache: Processed 19 localized package path(s) for 1 prioritized culture(s) in 0.055218 seconds
[2020.10.21-06.01.13:842][  0]LogInit: Selected Device Profile: [Windows]
[2020.10.21-06.01.14:050][  0]LogMeshReduction: Using QuadricMeshReduction for automatic static mesh reduction
[2020.10.21-06.01.14:050][  0]LogMeshReduction: Using SimplygonMeshReduction for automatic skeletal mesh reduction
[2020.10.21-06.01.14:050][  0]LogMeshReduction: Using ProxyLODMeshReduction for automatic mesh merging
[2020.10.21-06.01.14:050][  0]LogMeshReduction: No distributed automatic mesh merging module available
[2020.10.21-06.01.14:050][  0]LogMeshMerging: No distributed automatic mesh merging module available
[2020.10.21-06.01.14:076][  0]LogNetVersion: BattleChess_Game 1.0.0, NetCL: 13144385, EngineNetVer: 14, GameNetVer: 0 (Checksum: 631773850)
[2020.10.21-06.01.14:631][  0]LogAISub: UAISubsystem::UAISubsystem AISubsystem (00000235FC22B880), frame # 0
[2020.10.21-06.01.14:631][  0]LogAISub: UAISubsystem::UAISubsystem AIPerceptionSystem (00000235FC2316C0), frame # 0
[2020.10.21-06.01.14:634][  0]LogAISub: UAISubsystem::UAISubsystem EnvQueryManager (00000235FC298C00), frame # 0
[2020.10.21-06.01.14:838][  0]LogCollectionManager: Loaded 0 collections in 0.004226 seconds
[2020.10.21-06.01.14:843][  0]LogFileCache: Scanning file cache for directory 'D:/Abiogolf/IT_KMITL/BattleChess/BattleChess_Game/Saved/Collections/' took 0.00s
[2020.10.21-06.01.14:843][  0]LogFileCache: Scanning file cache for directory 'D:/Abiogolf/IT_KMITL/BattleChess/BattleChess_Game/Content/Developers/USER/Collections/' took 0.00s
[2020.10.21-06.01.14:843][  0]LogFileCache: Scanning file cache for directory 'D:/Abiogolf/IT_KMITL/BattleChess/BattleChess_Game/Content/Collections/' took 0.00s
[2020.10.21-06.01.14:843][  0]LogCollectionManager: Fixed up redirectors for 0 collections in 0.000012 seconds (updated 0 objects)
[2020.10.21-06.01.14:984][  0]LogMoviePlayer: Initializing movie player
[2020.10.21-06.01.15:362][  0]SourceControl: Source control is disabled
[2020.10.21-06.01.15:363][  0]SourceControl: Source control is disabled
[2020.10.21-06.01.15:380][  0]SourceControl: Source control is disabled
[2020.10.21-06.01.15:650][  0]LogAndroidPermission: UAndroidPermissionCallbackProxy::GetInstance
[2020.10.21-06.01.15:688][  0]LogAudioCaptureCore: Display: No Audio Capture implementations found. Audio input will be silent.
[2020.10.21-06.01.15:688][  0]LogAudioCaptureCore: Display: No Audio Capture implementations found. Audio input will be silent.
[2020.10.21-06.01.15:771][  0]LogOcInput: OculusInput pre-init called
[2020.10.21-06.01.15:801][  0]LogUObjectArray: 19072 objects as part of root set at end of initial load.
[2020.10.21-06.01.15:801][  0]LogUObjectAllocator: 5026912 out of 0 bytes used by permanent object pool.
[2020.10.21-06.01.15:802][  0]LogUObjectArray: CloseDisregardForGC: 0/0 objects in disregard for GC pool
[2020.10.21-06.01.15:876][  0]LogEngine: Initializing Engine...
[2020.10.21-06.01.15:878][  0]LogHMD: Failed to initialize OpenVR with code 110
[2020.10.21-06.01.15:878][  0]LogMagicLeap: Warning: VR disabled because ZI is not enabled.  To enable, in the editor, Edit -> Project Settings -> Plugins -> Magic Leap Plugin -> Enable Zero Iteration
[2020.10.21-06.01.15:880][  0]LogStats: UGameplayTagsManager::InitializeManager -  0.000 s
[2020.10.21-06.01.16:103][  0]LogInit: Initializing FReadOnlyCVARCache
[2020.10.21-06.01.16:118][  0]LogAudioMixer: Display: Audio Mixer Platform Settings:
[2020.10.21-06.01.16:118][  0]LogAudioMixer: Display: 	Sample Rate:						  48000
[2020.10.21-06.01.16:118][  0]LogAudioMixer: Display: 	Callback Buffer Frame Size Requested: 1024
[2020.10.21-06.01.16:118][  0]LogAudioMixer: Display: 	Callback Buffer Frame Size To Use:	  1024
[2020.10.21-06.01.16:118][  0]LogAudioMixer: Display: 	Number of buffers to queue:			  2
[2020.10.21-06.01.16:118][  0]LogAudioMixer: Display: 	Max Channels (voices):				  32
[2020.10.21-06.01.16:118][  0]LogAudioMixer: Display: 	Number of Async Source Workers:		  0
[2020.10.21-06.01.16:118][  0]LogAudio: Display: AudioDevice MaxSources: 32
[2020.10.21-06.01.16:119][  0]LogAudio: Display: Using built-in audio occlusion.
[2020.10.21-06.01.16:120][  0]LogAudioMixer: Display: Initializing audio mixer.
[2020.10.21-06.01.16:162][  0]LogAudioMixer: Display: 0: FrontLeft
[2020.10.21-06.01.16:162][  0]LogAudioMixer: Display: 1: FrontRight
[2020.10.21-06.01.16:283][  0]LogAudioMixer: Display: Using Audio Device Speakers (Realtek High Definition Audio)
[2020.10.21-06.01.16:295][  0]LogAudioMixer: Display: Initializing Sound Submixes...
[2020.10.21-06.01.16:297][  0]LogAudioMixer: Display: Creating Master Submix 'MasterSubmixDefault'
[2020.10.21-06.01.16:297][  0]LogAudioMixer: Display: Creating Master Submix 'MasterReverbSubmixDefault'
[2020.10.21-06.01.16:299][  0]LogAudioMixer: Display: Creating Master Submix 'MasterEQSubmixDefault'
[2020.10.21-06.01.16:301][  0]LogInit: FAudioDevice initialized.
[2020.10.21-06.01.16:303][  0]LogNetVersion: Set ProjectVersion to 1.0.0.0. Version Checksum will be recalculated on next use.
[2020.10.21-06.01.16:608][  0]LogDerivedDataCache: Saved boot cache 0.30s 76MB C:/Users/USER/AppData/Local/UnrealEngine/4.25/DerivedDataCache/Boot.ddc.
[2020.10.21-06.01.16:619][  0]LogInit: Texture streaming: Enabled
[2020.10.21-06.01.16:924][  0]LogSlate: Updating window title bar state: overlay mode, drag disabled, window buttons hidden, title bar hidden
[2020.10.21-06.01.16:925][  0]LogInit: Display: Game Engine Initialized.
[2020.10.21-06.01.16:925][  0]LogNiagaraEditor: Warning: GEditor isn't valid! Particle reset commands will not work for Niagara components!
[2020.10.21-06.01.16:980][  0]LogInit: Display: Starting Game.
[2020.10.21-06.01.16:980][  0]LogNet: Browse: /Game/Maps/MainMenu?Name=Player
[2020.10.21-06.01.16:980][  0]LogLoad: LoadMap: /Game/Maps/MainMenu?Name=Player
[2020.10.21-06.01.16:980][  0]LogWorld: BeginTearingDown for /Temp/Untitled_0
[2020.10.21-06.01.16:982][  0]LogWorld: UWorld::CleanupWorld for Untitled, bSessionEnded=true, bCleanupResources=true
[2020.10.21-06.01.16:983][  0]LogSlate: InvalidateAllWidgets triggered.  All widgets were invalidated
[2020.10.21-06.01.17:005][  0]LogUObjectHash: Compacting FUObjectHashTables data took   1.01ms
[2020.10.21-06.01.17:034][  0]LogAIModule: Creating AISystem for world MainMenu
[2020.10.21-06.01.17:034][  0]LogAISub: UAISubsystem::UAISubsystem EnvQueryManager (0000023584FAE600), frame # 0
[2020.10.21-06.01.17:034][  0]LogAISub: UAISubsystem::UAISubsystem AIPerceptionSystem (00000235850C8F40), frame # 0
[2020.10.21-06.01.17:264][  0]LogLoad: Game class is 'ThirdPersonGameMode_C'
[2020.10.21-06.01.17:267][  0]LogWorld: Bringing World /Game/Maps/MainMenu.MainMenu up for play (max tick rate 0) at 2020.10.21-13.01.17
[2020.10.21-06.01.17:268][  0]LogWorld: Bringing up level for play took: 0.001622
[2020.10.21-06.01.17:270][  0]LogGameMode: FindPlayerStart: PATHS NOT DEFINED or NO PLAYERSTART with positive rating
[2020.10.21-06.01.17:284][  0]LogLoad: Took 0.302841 seconds to LoadMap(/Game/Maps/MainMenu)
[2020.10.21-06.01.17:286][  0]LogSlate: Took 0.000297 seconds to synchronously load lazily loaded font '../../../Engine/Content/Slate/Fonts/Roboto-Regular.ttf' (155K)
[2020.10.21-06.01.17:339][  0]LogRenderer: Reallocating scene render targets to support 1536x864 Format 10 NumSamples 1 (Frame:1).
[2020.10.21-06.01.17:339][  0]LogLoad: (Engine Initialization) Total time: 11.35 seconds
[2020.10.21-06.01.17:339][  0]LogLoad: (Engine Initialization) Total Blueprint compile time: 0.00 seconds
[2020.10.21-06.01.17:378][  0]LogContentStreaming: Texture pool size now 1000 MB
[2020.10.21-06.01.17:394][  0]LogSlate: InvalidateAllWidgets triggered.  All widgets were invalidated
[2020.10.21-06.01.17:512][  1]LogSlate: Took 0.000235 seconds to synchronously load lazily loaded font '../../../Engine/Content/Slate/Fonts/Roboto-Regular.ttf' (155K)
[2020.10.21-06.01.55:888][208]LogSlate: WidgetSwitcher ('None') active index changed to 1
[2020.10.21-06.01.56:012][213]LogOnlineSession: Warning: STEAM: You must be logged in to an online profile to search for internet games
[2020.10.21-06.01.56:063][220]LogOnline: Warning: OSS: Async task 'FOnlineAsyncTaskSteamFindLobbiesForFindSessions bWasSuccessful: 0 NumResults: 1065353215' failed in 0.095209 seconds
[2020.10.21-06.01.56:112][220]LogOnlineSession: STEAM: Found 0 lobbies, finalizing the search
[2020.10.21-06.01.56:128][220]LogSlate: WidgetSwitcher ('None') active index changed to 0
[2020.10.21-06.01.57:594][433]LogSlate: WidgetSwitcher ('None') active index changed to 1
[2020.10.21-06.01.57:603][435]LogOnlineSession: Warning: STEAM: You must be logged in to an online profile to search for internet games
[2020.10.21-06.01.57:653][443]LogOnline: Warning: OSS: Async task 'FOnlineAsyncTaskSteamFindLobbiesForFindSessions bWasSuccessful: 0 NumResults: 1065353215' failed in 0.056344 seconds
[2020.10.21-06.01.57:657][443]LogOnlineSession: STEAM: Found 0 lobbies, finalizing the search
[2020.10.21-06.01.57:657][443]LogSlate: WidgetSwitcher ('None') active index changed to 0
[2020.10.21-06.01.59:442][705]LogSlate: WidgetSwitcher ('None') active index changed to 1
[2020.10.21-06.02.04:515][419]LogSlate: WidgetSwitcher ('None') active index changed to 0
[2020.10.21-06.03.25:027][769]LogAudioMixer: Display: Audio Buffer Underrun detected.
[2020.10.21-06.03.39:841][462]LogOutputDevice: Warning: 

Script Stack (4 frames):
GameInfoInstance_C.ExecuteUbergraph_GameInfoInstance
GameInfoInstance_C.LaunchLobby
HostMenu_C.ExecuteUbergraph_HostMenu
HostMenu_C.BndEvt__Accept_K2Node_ComponentBoundEvent_2_OnButtonClickedEvent__DelegateSignature

[2020.10.21-06.03.39:842][462]LogWindows: Windows GetLastError: The operation completed successfully. (0)
[2020.10.21-06.03.43:695][462]LogWindows: Error: === Critical error: ===
[2020.10.21-06.03.43:695][462]LogWindows: Error: 
[2020.10.21-06.03.43:695][462]LogWindows: Error: Assertion failed: (Index >= 0) & (Index < ArrayNum) [File:D:\Build\++UE4+Licensee\Sync\Engine\Source\Runtime\Core\Public\Containers/Array.h] [Line: 674] 
[2020.10.21-06.03.43:695][462]LogWindows: Error: Array index out of bounds: 0 from an array of size 0
[2020.10.21-06.03.43:695][462]LogWindows: Error: 
[2020.10.21-06.03.43:695][462]LogWindows: Error: 
[2020.10.21-06.03.43:695][462]LogWindows: Error: [Callstack] 0x00007ffe6b8a3b29 KERNELBASE.dll!UnknownFunction []
[2020.10.21-06.03.43:695][462]LogWindows: Error: [Callstack] 0x00007ffe18f3e9e6 UE4Editor-Core.dll!UnknownFunction []
[2020.10.21-06.03.43:695][462]LogWindows: Error: [Callstack] 0x00007ffe18f41dc8 UE4Editor-Core.dll!UnknownFunction []
[2020.10.21-06.03.43:695][462]LogWindows: Error: [Callstack] 0x00007ffe18cce53d UE4Editor-Core.dll!UnknownFunction []
[2020.10.21-06.03.43:695][462]LogWindows: Error: [Callstack] 0x00007ffe18c597b5 UE4Editor-Core.dll!UnknownFunction []
[2020.10.21-06.03.43:695][462]LogWindows: Error: [Callstack] 0x00007ffe18c5baf0 UE4Editor-Core.dll!UnknownFunction []
[2020.10.21-06.03.43:695][462]LogWindows: Error: [Callstack] 0x00007ffdfd64f3b8 UE4Editor-Sockets.dll!UnknownFunction []
[2020.10.21-06.03.43:695][462]LogWindows: Error: [Callstack] 0x00007ffdfd63ef83 UE4Editor-Sockets.dll!UnknownFunction []
[2020.10.21-06.03.43:696][462]LogWindows: Error: [Callstack] 0x00007ffdea7d86ac UE4Editor-OnlineSubsystemSteam.dll!UnknownFunction []
[2020.10.21-06.03.43:696][462]LogWindows: Error: [Callstack] 0x00007ffdea7b38b0 UE4Editor-OnlineSubsystemSteam.dll!UnknownFunction []
[2020.10.21-06.03.43:696][462]LogWindows: Error: [Callstack] 0x00007ffdea7b5e5b UE4Editor-OnlineSubsystemSteam.dll!UnknownFunction []
[2020.10.21-06.03.43:696][462]LogWindows: Error: [Callstack] 0x00007ffdea7b5a64 UE4Editor-OnlineSubsystemSteam.dll!UnknownFunction []
[2020.10.21-06.03.43:696][462]LogWindows: Error: [Callstack] 0x00007ffdea8b4579 UE4Editor-OnlineSubsystemUtils.dll!UnknownFunction []
[2020.10.21-06.03.43:696][462]LogWindows: Error: [Callstack] 0x00007ffe11f30ae4 UE4Editor-CoreUObject.dll!UnknownFunction []
[2020.10.21-06.03.43:696][462]LogWindows: Error: [Callstack] 0x00007ffe121800dd UE4Editor-CoreUObject.dll!UnknownFunction []
[2020.10.21-06.03.43:696][462]LogWindows: Error: [Callstack] 0x00007ffe121a3113 UE4Editor-CoreUObject.dll!UnknownFunction []
[2020.10.21-06.03.43:696][462]LogWindows: Error: [Callstack] 0x00007ffe121a574d UE4Editor-CoreUObject.dll!UnknownFunction []
[2020.10.21-06.03.43:696][462]LogWindows: Error: [Callstack] 0x00007ffe12173bea UE4Editor-CoreUObject.dll!UnknownFunction []
[2020.10.21-06.03.43:696][462]LogWindows: Error: [Callstack] 0x00007ffe121a5392 UE4Editor-CoreUObject.dll!UnknownFunction []
[2020.10.21-06.03.43:696][462]LogWindows: Error: [Callstack] 0x00007ffe121a574d UE4Editor-CoreUObject.dll!UnknownFunction []
[2020.10.21-06.03.43:696][462]LogWindows: Error: [Callstack] 0x00007ffe12173bea UE4Editor-CoreUObject.dll!UnknownFunction []
[2020.10.21-06.03.43:696][462]LogWindows: Error: [Callstack] 0x00007ffe121a5392 UE4Editor-CoreUObject.dll!UnknownFunction []
[2020.10.21-06.03.43:696][462]LogWindows: Error: [Callstack] 0x00007ffe121a3113 UE4Editor-CoreUObject.dll!UnknownFunction []
[2020.10.21-06.03.43:696][462]LogWindows: Error: [Callstack] 0x00007ffe121a574d UE4Editor-CoreUObject.dll!UnknownFunction []
[2020.10.21-06.03.43:696][462]LogWindows: Error: [Callstack] 0x00007ffe12173bea UE4Editor-CoreUObject.dll!UnknownFunction []
[2020.10.21-06.03.43:696][462]LogWindows: Error: [Callstack] 0x00007ffe121a5392 UE4Editor-CoreUObject.dll!UnknownFunction []
[2020.10.21-06.03.43:696][462]LogWindows: Error: [Callstack] 0x00007ffe121a574d UE4Editor-CoreUObject.dll!UnknownFunction []
[2020.10.21-06.03.43:696][462]LogWindows: Error: [Callstack] 0x00007ffe121a4c54 UE4Editor-CoreUObject.dll!UnknownFunction []
[2020.10.21-06.03.43:696][462]LogWindows: Error: [Callstack] 0x00007ffe11f30ae4 UE4Editor-CoreUObject.dll!UnknownFunction []
[2020.10.21-06.03.43:696][462]LogWindows: Error: [Callstack] 0x00007ffe121a4783 UE4Editor-CoreUObject.dll!UnknownFunction []
[2020.10.21-06.03.43:696][462]LogWindows: Error: [Callstack] 0x00007ffe0f71917b UE4Editor-UMG.dll!UnknownFunction []
[2020.10.21-06.03.43:696][462]LogWindows: Error: [Callstack] 0x00007ffe0f8356c7 UE4Editor-UMG.dll!UnknownFunction []
[2020.10.21-06.03.43:696][462]LogWindows: Error: [Callstack] 0x00007ffe0f7ab963 UE4Editor-UMG.dll!UnknownFunction []
[2020.10.21-06.03.43:696][462]LogWindows: Error: [Callstack] 0x00007ffe1867207e UE4Editor-Slate.dll!UnknownFunction []
[2020.10.21-06.03.43:696][462]LogWindows: Error: [Callstack] 0x00007ffe1868b27e UE4Editor-Slate.dll!UnknownFunction []
[2020.10.21-06.03.43:696][462]LogWindows: Error: [Callstack] 0x00007ffe184d2dc8 UE4Editor-Slate.dll!UnknownFunction []
[2020.10.21-06.03.43:696][462]LogWindows: Error: [Callstack] 0x00007ffe185569cf UE4Editor-Slate.dll!UnknownFunction []
[2020.10.21-06.03.43:696][462]LogWindows: Error: [Callstack] 0x00007ffe1853f4b2 UE4Editor-Slate.dll!UnknownFunction []
[2020.10.21-06.03.43:696][462]LogWindows: Error: [Callstack] 0x00007ffe18532392 UE4Editor-Slate.dll!UnknownFunction []
[2020.10.21-06.03.43:696][462]LogWindows: Error: [Callstack] 0x00007ffe35d57f88 UE4Editor-ApplicationCore.dll!UnknownFunction []
[2020.10.21-06.03.43:696][462]LogWindows: Error: [Callstack] 0x00007ffe35d45c87 UE4Editor-ApplicationCore.dll!UnknownFunction []
[2020.10.21-06.03.43:696][462]LogWindows: Error: [Callstack] 0x00007ffe35d5a609 UE4Editor-ApplicationCore.dll!UnknownFunction []
[2020.10.21-06.03.43:697][462]LogWindows: Error: [Callstack] 0x00007ffe35d417d0 UE4Editor-ApplicationCore.dll!UnknownFunction []
[2020.10.21-06.03.43:697][462]LogWindows: Error: [Callstack] 0x00007ffe6d8c5c1d USER32.dll!UnknownFunction []
[2020.10.21-06.03.43:697][462]LogWindows: Error: [Callstack] 0x00007ffe6d8c5612 USER32.dll!UnknownFunction []
[2020.10.21-06.03.43:697][462]LogWindows: Error: [Callstack] 0x00007ffe35d5bb24 UE4Editor-ApplicationCore.dll!UnknownFunction []
[2020.10.21-06.03.43:697][462]LogWindows: Error: [Callstack] 0x00007ff6385b68c4 UE4Editor.exe!UnknownFunction []
[2020.10.21-06.03.43:697][462]LogWindows: Error: [Callstack] 0x00007ff6385cba7c UE4Editor.exe!UnknownFunction []
[2020.10.21-06.03.43:697][462]LogWindows: Error: [Callstack] 0x00007ff6385cbb5a UE4Editor.exe!UnknownFunction []
[2020.10.21-06.03.43:697][462]LogWindows: Error: [Callstack] 0x00007ff6385de31d UE4Editor.exe!UnknownFunction []
[2020.10.21-06.03.43:697][462]LogWindows: Error: [Callstack] 0x00007ff6385e145a UE4Editor.exe!UnknownFunction []
[2020.10.21-06.03.43:697][462]LogWindows: Error: [Callstack] 0x00007ffe6c977c24 KERNEL32.DLL!UnknownFunction []
[2020.10.21-06.03.43:697][462]LogWindows: Error: [Callstack] 0x00007ffe6e62cea1 ntdll.dll!UnknownFunction []
[2020.10.21-06.03.43:697][462]LogWindows: Error: 
[2020.10.21-06.03.43:727][462]LogExit: Executing StaticShutdownAfterError
[2020.10.21-06.03.43:731][462]LogWindows: FPlatformMisc::RequestExit(1)
[2020.10.21-06.03.43:731][462]LogCore: Engine exit requested (reason: Win RequestExit)
[2020.10.21-06.03.43:768][462]Log file closed, 10/21/20 13:03:43
