Log file open, 10/21/20 00:20:39
LogInit: Display: Running engine for game: BattleChess_Game
LogPlatformFile: Not using cached read wrapper
LogTaskGraph: Started task graph with 5 named threads and 23 total threads with 3 sets of task threads.
LogStats: Stats thread started at 0.375107
LogD3D11RHI: Loaded GFSDK_Aftermath_Lib.x64.dll
LogICUInternationalization: ICU TimeZone Detection - Raw Offset: +7:00, Platform Override: ''
LogPluginManager: Mounting plugin Paper2D
LogPluginManager: Mounting plugin AISupport
LogPluginManager: Mounting plugin LightPropagationVolume
LogPluginManager: Mounting plugin CameraShakePreviewer
LogPluginManager: Mounting plugin ActorLayerUtilities
LogPluginManager: Mounting plugin AnimationSharing
LogPluginManager: Mounting plugin CLionSourceCodeAccess
LogPluginManager: Mounting plugin CodeLiteSourceCodeAccess
LogPluginManager: Mounting plugin GitSourceControl
LogPluginManager: Mounting plugin KDevelopSourceCodeAccess
LogPluginManager: Mounting plugin NullSourceCodeAccess
LogPluginManager: Mounting plugin PerforceSourceControl
LogPluginManager: Mounting plugin PlasticSourceControl
LogPluginManager: Mounting plugin RiderSourceCodeAccess
LogPluginManager: Mounting plugin SubversionSourceControl
LogPluginManager: Mounting plugin UObjectPlugin
LogPluginManager: Mounting plugin VisualStudioCodeSourceCodeAccess
LogPluginManager: Mounting plugin VisualStudioSourceCodeAccess
LogPluginManager: Mounting plugin XCodeSourceCodeAccess
LogPluginManager: Mounting plugin AssetManagerEditor
LogPluginManager: Mounting plugin CryptoKeys
LogPluginManager: Mounting plugin CurveEditorTools
LogPluginManager: Mounting plugin DataValidation
LogPluginManager: Mounting plugin EditorScriptingUtilities
LogPluginManager: Mounting plugin FacialAnimation
LogPluginManager: Mounting plugin GameplayTagsEditor
LogPluginManager: Mounting plugin GeometryMode
LogPluginManager: Mounting plugin MacGraphicsSwitching
LogPluginManager: Mounting plugin MaterialAnalyzer
LogPluginManager: Mounting plugin MobileLauncherProfileWizard
LogPluginManager: Mounting plugin PluginBrowser
LogPluginManager: Mounting plugin SpeedTreeImporter
LogPluginManager: Mounting plugin DatasmithContent
LogPluginManager: Mounting plugin VariantManagerContent
LogPluginManager: Mounting plugin AlembicImporter
LogPluginManager: Mounting plugin AutomationUtils
LogPluginManager: Mounting plugin BackChannel
LogPluginManager: Mounting plugin ChaosCloth
LogPluginManager: Mounting plugin ChaosClothEditor
LogPluginManager: Mounting plugin ChaosEditor
LogPluginManager: Mounting plugin ChaosNiagara
LogPluginManager: Mounting plugin ChaosSolverPlugin
LogPluginManager: Mounting plugin CharacterAI
LogPluginManager: Mounting plugin GeometryCache
LogPluginManager: Mounting plugin GeometryCollectionPlugin
LogPluginManager: Mounting plugin GeometryProcessing
LogPluginManager: Mounting plugin PlanarCut
LogPluginManager: Mounting plugin PlatformCrypto
LogPluginManager: Mounting plugin ProxyLODPlugin
LogPluginManager: Mounting plugin SkeletalReduction
LogPluginManager: Mounting plugin Niagara
LogPluginManager: Mounting plugin MagicLeap
LogPluginManager: Mounting plugin MagicLeapLightEstimation
LogPluginManager: Mounting plugin MagicLeapMedia
LogPluginManager: Mounting plugin MagicLeapPassableWorld
LogPluginManager: Mounting plugin MLSDK
LogPluginManager: Mounting plugin AndroidMedia
LogPluginManager: Mounting plugin AvfMedia
LogPluginManager: Mounting plugin ImgMedia
LogPluginManager: Mounting plugin MediaCompositing
LogPluginManager: Mounting plugin MediaPlayerEditor
LogPluginManager: Mounting plugin WebMMedia
LogPluginManager: Mounting plugin WmfMedia
LogPluginManager: Mounting plugin MeshPainting
LogPluginManager: Mounting plugin TcpMessaging
LogPluginManager: Mounting plugin UdpMessaging
LogPluginManager: Mounting plugin ActorSequence
LogPluginManager: Mounting plugin LevelSequenceEditor
LogPluginManager: Mounting plugin MatineeToLevelSequence
LogPluginManager: Mounting plugin MovieRenderPipeline
LogPluginManager: Mounting plugin TemplateSequence
LogPluginManager: Mounting plugin NetcodeUnitTest
LogPluginManager: Mounting plugin NUTUnrealEngine4
LogPluginManager: Mounting plugin OnlineSubsystemGooglePlay
LogPluginManager: Mounting plugin OnlineSubsystemIOS
LogPluginManager: Mounting plugin OnlineSubsystem
LogPluginManager: Mounting plugin OnlineSubsystemNull
LogPluginManager: Mounting plugin OnlineSubsystemUtils
LogPluginManager: Mounting plugin LauncherChunkInstaller
LogPluginManager: Mounting plugin AndroidDeviceProfileSelector
LogPluginManager: Mounting plugin AndroidMoviePlayer
LogPluginManager: Mounting plugin AndroidPermission
LogPluginManager: Mounting plugin AppleImageUtils
LogPluginManager: Mounting plugin AppleMoviePlayer
LogPluginManager: Mounting plugin ArchVisCharacter
LogPluginManager: Mounting plugin AssetTags
LogPluginManager: Mounting plugin AudioCapture
LogPluginManager: Mounting plugin CableComponent
LogPluginManager: Mounting plugin CustomMeshComponent
LogPluginManager: Mounting plugin EditableMesh
LogPluginManager: Mounting plugin ExampleDeviceProfileSelector
LogPluginManager: Mounting plugin GoogleCloudMessaging
LogPluginManager: Mounting plugin GooglePAD
LogPluginManager: Mounting plugin IOSDeviceProfileSelector
LogPluginManager: Mounting plugin LinuxDeviceProfileSelector
LogPluginManager: Mounting plugin LocationServicesBPLibrary
LogPluginManager: Mounting plugin MobilePatchingUtils
LogPluginManager: Mounting plugin OculusVR
LogPluginManager: Mounting plugin PhysXVehicles
LogPluginManager: Mounting plugin PostSplashScreen
LogPluginManager: Mounting plugin ProceduralMeshComponent
LogPluginManager: Mounting plugin RuntimePhysXCooking
LogPluginManager: Mounting plugin SignificanceManager
LogPluginManager: Mounting plugin SoundFields
LogPluginManager: Mounting plugin SteamVR
LogPluginManager: Mounting plugin Synthesis
LogPluginManager: Mounting plugin WebMMoviePlayer
LogPluginManager: Mounting plugin WindowsMoviePlayer
LogPluginManager: Mounting plugin ScreenshotTools
LogInit: Using libcurl 7.55.1-DEV
LogInit:  - built for x86_64-pc-win32
LogInit:  - supports SSL with OpenSSL/1.1.1
LogInit:  - supports HTTP deflate (compression) using libz 1.2.8
LogInit:  - other features:
LogInit:      CURL_VERSION_SSL
LogInit:      CURL_VERSION_LIBZ
LogInit:      CURL_VERSION_IPV6
LogInit:      CURL_VERSION_ASYNCHDNS
LogInit:      CURL_VERSION_LARGEFILE
LogInit:      CURL_VERSION_IDN
LogInit:  CurlRequestOptions (configurable via config and command line):
LogInit:  - bVerifyPeer = true  - Libcurl will verify peer certificate
LogInit:  - bUseHttpProxy = false  - Libcurl will NOT use HTTP proxy
LogInit:  - bDontReuseConnections = false  - Libcurl will reuse connections
LogInit:  - MaxHostConnections = 16  - Libcurl will limit the number of connections to a host
LogInit:  - LocalHostAddr = Default
LogInit:  - BufferSize = 65536
LogModuleManager: Warning: ModuleManager: Unable to load module 'OnlineSubsystemSteam'  - 0 instances of that module name found.
LogOnline: Warning: OSS: TryLoadSubsystemAndSetDefault: LoadSubsystemModule([Steam]) failed
LogOnline: OSS: Creating online subsystem instance for: NULL
LogInit: WinSock: version 1.1 (2.2), MaxSocks=32767, MaxUdp=65467
LogOnline: OSS: TryLoadSubsystemAndSetDefault: Loaded subsystem for module [NULL]
LogInit: Build: ++UE4+Release-4.25-CL-13942748
LogInit: Engine Version: 4.25.3-13942748+++UE4+Release-4.25
LogInit: Compatible Engine Version: 4.25.0-13144385+++UE4+Release-4.25
LogInit: Net CL: 13144385
LogInit: OS: Windows 10 (Release 1903) (), CPU: Intel(R) Core(TM) i7-6700HQ CPU @ 2.60GHz, GPU: Intel(R) HD Graphics 530
LogInit: Compiled (64-bit): Jul 25 2020 02:07:48
LogInit: Compiled with Visual C++: 19.24.28315.00
LogInit: Build Configuration: Development
LogInit: Branch Name: ++UE4+Release-4.25
LogInit: Command Line:  /Game/Maps/MainMenu -game -PIEVIACONSOLE -Multiprocess GameUserSettingsINI=D:/Abiogolf/IT_KMITL/BattleChess/BattleChess_Game/Saved/Config/Windows/PIEGameUserSettings0.ini -MultiprocessSaveConfig -MultiprocessOSS -messaging -SessionName="Play in Standalone Game" -windowed -ResX=1280 -ResY=720
LogInit: Base Directory: D:/Program Files (x86)/Epic Games/UE_4.25/Engine/Binaries/Win64/
LogInit: Allocator: TBB
LogInit: Installed Engine Build: 1
LogDevObjectVersion: Number of dev versions registered: 26
LogDevObjectVersion:   Dev-Blueprints (B0D832E4-1F89-4F0D-ACCF-7EB736FD4AA2): 10
LogDevObjectVersion:   Dev-Build (E1C64328-A22C-4D53-A36C-8E866417BD8C): 0
LogDevObjectVersion:   Dev-Core (375EC13C-06E4-48FB-B500-84F0262A717E): 4
LogDevObjectVersion:   Dev-Editor (E4B068ED-F494-42E9-A231-DA0B2E46BB41): 38
LogDevObjectVersion:   Dev-Framework (CFFC743F-43B0-4480-9391-14DF171D2073): 37
LogDevObjectVersion:   Dev-Mobile (B02B49B5-BB20-44E9-A304-32B752E40360): 2
LogDevObjectVersion:   Dev-Networking (A4E4105C-59A1-49B5-A7C5-40C4547EDFEE): 0
LogDevObjectVersion:   Dev-Online (39C831C9-5AE6-47DC-9A44-9C173E1C8E7C): 0
LogDevObjectVersion:   Dev-Physics (78F01B33-EBEA-4F98-B9B4-84EACCB95AA2): 4
LogDevObjectVersion:   Dev-Platform (6631380F-2D4D-43E0-8009-CF276956A95A): 0
LogDevObjectVersion:   Dev-Rendering (12F88B9F-8875-4AFC-A67C-D90C383ABD29): 43
LogDevObjectVersion:   Dev-Sequencer (7B5AE74C-D270-4C10-A958-57980B212A5A): 12
LogDevObjectVersion:   Dev-VR (D7296918-1DD6-4BDD-9DE2-64A83CC13884): 3
LogDevObjectVersion:   Dev-LoadTimes (C2A15278-BFE7-4AFE-6C17-90FF531DF755): 1
LogDevObjectVersion:   Private-Geometry (6EACA3D4-40EC-4CC1-B786-8BED09428FC5): 3
LogDevObjectVersion:   Dev-AnimPhys (29E575DD-E0A3-4627-9D10-D276232CDCEA): 17
LogDevObjectVersion:   Dev-Anim (AF43A65D-7FD3-4947-9873-3E8ED9C1BB05): 7
LogDevObjectVersion:   Dev-ReflectionCapture (6B266CEC-1EC7-4B8F-A30B-E4D90942FC07): 1
LogDevObjectVersion:   Dev-Automation (0DF73D61-A23F-47EA-B727-89E90C41499A): 1
LogDevObjectVersion:   FortniteMain (601D1886-AC64-4F84-AA16-D3DE0DEAC7D6): 31
LogDevObjectVersion:   Dev-Enterprise (9DFFBCD6-494F-0158-E221-12823C92A888): 10
LogDevObjectVersion:   Dev-Niagara (F2AED0AC-9AFE-416F-8664-AA7FFA26D6FC): 1
LogDevObjectVersion:   Dev-Destruction (174F1F0B-B4C6-45A5-B13F-2EE8D0FB917D): 10
LogDevObjectVersion:   Dev-Physics-Ext (35F94A83-E258-406C-A318-09F59610247C): 37
LogDevObjectVersion:   Dev-PhysicsMaterial-Chaos (B68FC16E-8B1B-42E2-B453-215C058844FE): 1
LogDevObjectVersion:   Dev-CineCamera (B2E18506-4273-CFC2-A54E-F4BB758BBA07): 1
LogInit: Presizing for max 25165824 objects, including 0 objects not considered by GC, pre-allocating 0 bytes for permanent pool.
LogConfig: Applying CVar settings from Section [/Script/Engine.StreamingSettings] File [D:/Abiogolf/IT_KMITL/BattleChess/BattleChess_Game/Saved/Config/Windows/Engine.ini]
LogConfig: Setting CVar [[s.MinBulkDataSizeForAsyncLoading:131072]]
LogConfig: Setting CVar [[s.AsyncLoadingThreadEnabled:0]]
LogConfig: Setting CVar [[s.EventDrivenLoaderEnabled:1]]
LogConfig: Setting CVar [[s.WarnIfTimeLimitExceeded:0]]
LogConfig: Setting CVar [[s.TimeLimitExceededMultiplier:1.5]]
LogConfig: Setting CVar [[s.TimeLimitExceededMinTime:0.005]]
LogConfig: Setting CVar [[s.UseBackgroundLevelStreaming:1]]
LogConfig: Setting CVar [[s.PriorityAsyncLoadingExtraTime:15.0]]
LogConfig: Setting CVar [[s.LevelStreamingActorsUpdateTimeLimit:5.0]]
LogConfig: Setting CVar [[s.PriorityLevelStreamingActorsUpdateExtraTime:5.0]]
LogConfig: Setting CVar [[s.LevelStreamingComponentsRegistrationGranularity:10]]
LogConfig: Setting CVar [[s.UnregisterComponentsTimeLimit:1.0]]
LogConfig: Setting CVar [[s.LevelStreamingComponentsUnregistrationGranularity:5]]
LogConfig: Setting CVar [[s.FlushStreamingOnExit:1]]
LogInit: Object subsystem initialized
LogConfig: Setting CVar [[con.DebugEarlyDefault:1]]
LogConfig: Setting CVar [[r.setres:1280x720]]
[2020.10.20-17.20.40:221][  0]LogConfig: Setting CVar [[con.DebugEarlyDefault:1]]
[2020.10.20-17.20.40:221][  0]LogConfig: Setting CVar [[r.setres:1280x720]]
[2020.10.20-17.20.40:221][  0]LogConfig: Applying CVar settings from Section [/Script/Engine.RendererSettings] File [D:/Abiogolf/IT_KMITL/BattleChess/BattleChess_Game/Saved/Config/Windows/Engine.ini]
[2020.10.20-17.20.40:221][  0]LogConfig: Setting CVar [[r.GPUCrashDebugging:0]]
[2020.10.20-17.20.40:221][  0]LogConfig: Applying CVar settings from Section [/Script/Engine.RendererOverrideSettings] File [D:/Abiogolf/IT_KMITL/BattleChess/BattleChess_Game/Saved/Config/Windows/Engine.ini]
[2020.10.20-17.20.40:222][  0]LogConfig: Applying CVar settings from Section [/Script/Engine.StreamingSettings] File [D:/Abiogolf/IT_KMITL/BattleChess/BattleChess_Game/Saved/Config/Windows/Engine.ini]
[2020.10.20-17.20.40:222][  0]LogConfig: Setting CVar [[s.MinBulkDataSizeForAsyncLoading:131072]]
[2020.10.20-17.20.40:222][  0]LogConfig: Setting CVar [[s.AsyncLoadingThreadEnabled:0]]
[2020.10.20-17.20.40:222][  0]LogConfig: Setting CVar [[s.EventDrivenLoaderEnabled:1]]
[2020.10.20-17.20.40:222][  0]LogConfig: Setting CVar [[s.WarnIfTimeLimitExceeded:0]]
[2020.10.20-17.20.40:222][  0]LogConfig: Setting CVar [[s.TimeLimitExceededMultiplier:1.5]]
[2020.10.20-17.20.40:222][  0]LogConfig: Setting CVar [[s.TimeLimitExceededMinTime:0.005]]
[2020.10.20-17.20.40:222][  0]LogConfig: Setting CVar [[s.UseBackgroundLevelStreaming:1]]
[2020.10.20-17.20.40:222][  0]LogConfig: Setting CVar [[s.PriorityAsyncLoadingExtraTime:15.0]]
[2020.10.20-17.20.40:222][  0]LogConfig: Setting CVar [[s.LevelStreamingActorsUpdateTimeLimit:5.0]]
[2020.10.20-17.20.40:222][  0]LogConfig: Setting CVar [[s.PriorityLevelStreamingActorsUpdateExtraTime:5.0]]
[2020.10.20-17.20.40:222][  0]LogConfig: Setting CVar [[s.LevelStreamingComponentsRegistrationGranularity:10]]
[2020.10.20-17.20.40:222][  0]LogConfig: Setting CVar [[s.UnregisterComponentsTimeLimit:1.0]]
[2020.10.20-17.20.40:222][  0]LogConfig: Setting CVar [[s.LevelStreamingComponentsUnregistrationGranularity:5]]
[2020.10.20-17.20.40:222][  0]LogConfig: Setting CVar [[s.FlushStreamingOnExit:1]]
[2020.10.20-17.20.40:222][  0]LogConfig: Applying CVar settings from Section [/Script/Engine.GarbageCollectionSettings] File [D:/Abiogolf/IT_KMITL/BattleChess/BattleChess_Game/Saved/Config/Windows/Engine.ini]
[2020.10.20-17.20.40:222][  0]LogConfig: Setting CVar [[gc.MaxObjectsNotConsideredByGC:1]]
[2020.10.20-17.20.40:222][  0]LogConfig: Setting CVar [[gc.SizeOfPermanentObjectPool:0]]
[2020.10.20-17.20.40:222][  0]LogConfig: Setting CVar [[gc.FlushStreamingOnGC:0]]
[2020.10.20-17.20.40:222][  0]LogConfig: Setting CVar [[gc.NumRetriesBeforeForcingGC:10]]
[2020.10.20-17.20.40:222][  0]LogConfig: Setting CVar [[gc.AllowParallelGC:1]]
[2020.10.20-17.20.40:222][  0]LogConfig: Setting CVar [[gc.TimeBetweenPurgingPendingKillObjects:61.1]]
[2020.10.20-17.20.40:222][  0]LogConfig: Setting CVar [[gc.MaxObjectsInEditor:25165824]]
[2020.10.20-17.20.40:222][  0]LogConfig: Setting CVar [[gc.IncrementalBeginDestroyEnabled:1]]
[2020.10.20-17.20.40:222][  0]LogConfig: Setting CVar [[gc.CreateGCClusters:1]]
[2020.10.20-17.20.40:222][  0]LogConfig: Setting CVar [[gc.MinGCClusterSize:5]]
[2020.10.20-17.20.40:222][  0]LogConfig: Setting CVar [[gc.ActorClusteringEnabled:0]]
[2020.10.20-17.20.40:222][  0]LogConfig: Setting CVar [[gc.BlueprintClusteringEnabled:0]]
[2020.10.20-17.20.40:222][  0]LogConfig: Setting CVar [[gc.UseDisregardForGCOnDedicatedServers:0]]
[2020.10.20-17.20.40:222][  0]LogConfig: Applying CVar settings from Section [/Script/Engine.NetworkSettings] File [D:/Abiogolf/IT_KMITL/BattleChess/BattleChess_Game/Saved/Config/Windows/Engine.ini]
[2020.10.20-17.20.40:222][  0]LogConfig: Applying CVar settings from Section [/Script/UnrealEd.CookerSettings] File [D:/Abiogolf/IT_KMITL/BattleChess/BattleChess_Game/Saved/Config/Windows/Engine.ini]
[2020.10.20-17.20.40:228][  0]LogConfig: Applying CVar settings from Section [ViewDistanceQuality@3] File [D:/Abiogolf/IT_KMITL/BattleChess/BattleChess_Game/Saved/Config/Windows/Scalability.ini]
[2020.10.20-17.20.40:228][  0]LogConfig: Setting CVar [[r.SkeletalMeshLODBias:0]]
[2020.10.20-17.20.40:228][  0]LogConfig: Setting CVar [[r.ViewDistanceScale:1.0]]
[2020.10.20-17.20.40:228][  0]LogConfig: Applying CVar settings from Section [AntiAliasingQuality@3] File [D:/Abiogolf/IT_KMITL/BattleChess/BattleChess_Game/Saved/Config/Windows/Scalability.ini]
[2020.10.20-17.20.40:228][  0]LogConfig: Setting CVar [[r.PostProcessAAQuality:4]]
[2020.10.20-17.20.40:228][  0]LogConfig: Applying CVar settings from Section [ShadowQuality@3] File [D:/Abiogolf/IT_KMITL/BattleChess/BattleChess_Game/Saved/Config/Windows/Scalability.ini]
[2020.10.20-17.20.40:228][  0]LogConfig: Setting CVar [[r.LightFunctionQuality:1]]
[2020.10.20-17.20.40:228][  0]LogConfig: Setting CVar [[r.ShadowQuality:5]]
[2020.10.20-17.20.40:228][  0]LogConfig: Setting CVar [[r.Shadow.CSM.MaxCascades:10]]
[2020.10.20-17.20.40:228][  0]LogConfig: Setting CVar [[r.Shadow.MaxResolution:2048]]
[2020.10.20-17.20.40:228][  0]LogConfig: Setting CVar [[r.Shadow.MaxCSMResolution:2048]]
[2020.10.20-17.20.40:228][  0]LogConfig: Setting CVar [[r.Shadow.RadiusThreshold:0.01]]
[2020.10.20-17.20.40:228][  0]LogConfig: Setting CVar [[r.Shadow.DistanceScale:1.0]]
[2020.10.20-17.20.40:228][  0]LogConfig: Setting CVar [[r.Shadow.CSM.TransitionScale:1.0]]
[2020.10.20-17.20.40:228][  0]LogConfig: Setting CVar [[r.Shadow.PreShadowResolutionFactor:1.0]]
[2020.10.20-17.20.40:228][  0]LogConfig: Setting CVar [[r.DistanceFieldShadowing:1]]
[2020.10.20-17.20.40:228][  0]LogConfig: Setting CVar [[r.DistanceFieldAO:1]]
[2020.10.20-17.20.40:228][  0]LogConfig: Setting CVar [[r.AOQuality:2]]
[2020.10.20-17.20.40:228][  0]LogConfig: Setting CVar [[r.VolumetricFog:1]]
[2020.10.20-17.20.40:229][  0]LogConfig: Setting CVar [[r.VolumetricFog.GridPixelSize:8]]
[2020.10.20-17.20.40:229][  0]LogConfig: Setting CVar [[r.VolumetricFog.GridSizeZ:128]]
[2020.10.20-17.20.40:229][  0]LogConfig: Setting CVar [[r.VolumetricFog.HistoryMissSupersampleCount:4]]
[2020.10.20-17.20.40:229][  0]LogConfig: Setting CVar [[r.LightMaxDrawDistanceScale:1]]
[2020.10.20-17.20.40:229][  0]LogConfig: Setting CVar [[r.CapsuleShadows:1]]
[2020.10.20-17.20.40:229][  0]LogConfig: Applying CVar settings from Section [PostProcessQuality@3] File [D:/Abiogolf/IT_KMITL/BattleChess/BattleChess_Game/Saved/Config/Windows/Scalability.ini]
[2020.10.20-17.20.40:229][  0]LogConfig: Setting CVar [[r.MotionBlurQuality:4]]
[2020.10.20-17.20.40:229][  0]LogConfig: Setting CVar [[r.AmbientOcclusionMipLevelFactor:0.4]]
[2020.10.20-17.20.40:229][  0]LogConfig: Setting CVar [[r.AmbientOcclusionMaxQuality:100]]
[2020.10.20-17.20.40:229][  0]LogConfig: Setting CVar [[r.AmbientOcclusionLevels:-1]]
[2020.10.20-17.20.40:229][  0]LogConfig: Setting CVar [[r.AmbientOcclusionRadiusScale:1.0]]
[2020.10.20-17.20.40:229][  0]LogConfig: Setting CVar [[r.DepthOfFieldQuality:2]]
[2020.10.20-17.20.40:229][  0]LogConfig: Setting CVar [[r.RenderTargetPoolMin:400]]
[2020.10.20-17.20.40:229][  0]LogConfig: Setting CVar [[r.LensFlareQuality:2]]
[2020.10.20-17.20.40:229][  0]LogConfig: Setting CVar [[r.SceneColorFringeQuality:1]]
[2020.10.20-17.20.40:229][  0]LogConfig: Setting CVar [[r.EyeAdaptationQuality:2]]
[2020.10.20-17.20.40:229][  0]LogConfig: Setting CVar [[r.BloomQuality:5]]
[2020.10.20-17.20.40:229][  0]LogConfig: Setting CVar [[r.FastBlurThreshold:100]]
[2020.10.20-17.20.40:229][  0]LogConfig: Setting CVar [[r.Upscale.Quality:3]]
[2020.10.20-17.20.40:229][  0]LogConfig: Setting CVar [[r.Tonemapper.GrainQuantization:1]]
[2020.10.20-17.20.40:229][  0]LogConfig: Setting CVar [[r.LightShaftQuality:1]]
[2020.10.20-17.20.40:229][  0]LogConfig: Setting CVar [[r.Filter.SizeScale:1]]
[2020.10.20-17.20.40:229][  0]LogConfig: Setting CVar [[r.Tonemapper.Quality:5]]
[2020.10.20-17.20.40:229][  0]LogConfig: Setting CVar [[r.DOF.Gather.AccumulatorQuality:1        ; higher gathering accumulator quality]]
[2020.10.20-17.20.40:229][  0]LogConfig: Setting CVar [[r.DOF.Gather.PostfilterMethod:1          ; Median3x3 postfilering method]]
[2020.10.20-17.20.40:229][  0]LogConfig: Setting CVar [[r.DOF.Gather.EnableBokehSettings:0       ; no bokeh simulation when gathering]]
[2020.10.20-17.20.40:229][  0]LogConfig: Setting CVar [[r.DOF.Gather.RingCount:4                 ; medium number of samples when gathering]]
[2020.10.20-17.20.40:229][  0]LogConfig: Setting CVar [[r.DOF.Scatter.ForegroundCompositing:1    ; additive foreground scattering]]
[2020.10.20-17.20.40:229][  0]LogConfig: Setting CVar [[r.DOF.Scatter.BackgroundCompositing:2    ; additive background scattering]]
[2020.10.20-17.20.40:229][  0]LogConfig: Setting CVar [[r.DOF.Scatter.EnableBokehSettings:1      ; bokeh simulation when scattering]]
[2020.10.20-17.20.40:229][  0]LogConfig: Setting CVar [[r.DOF.Scatter.MaxSpriteRatio:0.1         ; only a maximum of 10% of scattered bokeh]]
[2020.10.20-17.20.40:229][  0]LogConfig: Setting CVar [[r.DOF.Recombine.Quality:1                ; cheap slight out of focus]]
[2020.10.20-17.20.40:229][  0]LogConfig: Setting CVar [[r.DOF.Recombine.EnableBokehSettings:0    ; no bokeh simulation on slight out of focus]]
[2020.10.20-17.20.40:229][  0]LogConfig: Setting CVar [[r.DOF.TemporalAAQuality:1                ; more stable temporal accumulation]]
[2020.10.20-17.20.40:229][  0]LogConfig: Setting CVar [[r.DOF.Kernel.MaxForegroundRadius:0.025]]
[2020.10.20-17.20.40:229][  0]LogConfig: Setting CVar [[r.DOF.Kernel.MaxBackgroundRadius:0.025]]
[2020.10.20-17.20.40:229][  0]LogConfig: Applying CVar settings from Section [TextureQuality@3] File [D:/Abiogolf/IT_KMITL/BattleChess/BattleChess_Game/Saved/Config/Windows/Scalability.ini]
[2020.10.20-17.20.40:229][  0]LogConfig: Setting CVar [[r.Streaming.MipBias:0]]
[2020.10.20-17.20.40:229][  0]LogConfig: Setting CVar [[r.Streaming.AmortizeCPUToGPUCopy:0]]
[2020.10.20-17.20.40:229][  0]LogConfig: Setting CVar [[r.Streaming.MaxNumTexturesToStreamPerFrame:0]]
[2020.10.20-17.20.40:229][  0]LogConfig: Setting CVar [[r.Streaming.Boost:1]]
[2020.10.20-17.20.40:230][  0]LogConfig: Setting CVar [[r.MaxAnisotropy:8]]
[2020.10.20-17.20.40:230][  0]LogConfig: Setting CVar [[r.VT.MaxAnisotropy:8]]
[2020.10.20-17.20.40:230][  0]LogConfig: Setting CVar [[r.Streaming.LimitPoolSizeToVRAM:0]]
[2020.10.20-17.20.40:230][  0]LogConfig: Setting CVar [[r.Streaming.PoolSize:1000]]
[2020.10.20-17.20.40:230][  0]LogConfig: Setting CVar [[r.Streaming.MaxEffectiveScreenSize:0]]
[2020.10.20-17.20.40:230][  0]LogConfig: Applying CVar settings from Section [EffectsQuality@3] File [D:/Abiogolf/IT_KMITL/BattleChess/BattleChess_Game/Saved/Config/Windows/Scalability.ini]
[2020.10.20-17.20.40:230][  0]LogConfig: Setting CVar [[r.TranslucencyLightingVolumeDim:64]]
[2020.10.20-17.20.40:230][  0]LogConfig: Setting CVar [[r.RefractionQuality:2]]
[2020.10.20-17.20.40:230][  0]LogConfig: Setting CVar [[r.SSR.Quality:3]]
[2020.10.20-17.20.40:230][  0]LogConfig: Setting CVar [[r.SSR.HalfResSceneColor:0]]
[2020.10.20-17.20.40:230][  0]LogConfig: Setting CVar [[r.SceneColorFormat:4]]
[2020.10.20-17.20.40:230][  0]LogConfig: Setting CVar [[r.DetailMode:2]]
[2020.10.20-17.20.40:230][  0]LogConfig: Setting CVar [[r.TranslucencyVolumeBlur:1]]
[2020.10.20-17.20.40:230][  0]LogConfig: Setting CVar [[r.MaterialQualityLevel:1 ; High quality]]
[2020.10.20-17.20.40:230][  0]LogConfig: Setting CVar [[r.SSS.Scale:1]]
[2020.10.20-17.20.40:230][  0]LogConfig: Setting CVar [[r.SSS.SampleSet:2]]
[2020.10.20-17.20.40:230][  0]LogConfig: Setting CVar [[r.SSS.Quality:1]]
[2020.10.20-17.20.40:230][  0]LogConfig: Setting CVar [[r.SSS.HalfRes:0]]
[2020.10.20-17.20.40:230][  0]LogConfig: Setting CVar [[r.SSGI.Quality:3]]
[2020.10.20-17.20.40:230][  0]LogConfig: Setting CVar [[r.EmitterSpawnRateScale:1.0]]
[2020.10.20-17.20.40:230][  0]LogConfig: Setting CVar [[r.ParticleLightQuality:2]]
[2020.10.20-17.20.40:230][  0]LogConfig: Setting CVar [[r.SkyAtmosphere.AerialPerspectiveLUT.FastApplyOnOpaque:1 ; Always have FastSkyLUT 1 in this case to avoid wrong sky]]
[2020.10.20-17.20.40:230][  0]LogConfig: Setting CVar [[r.SkyAtmosphere.AerialPerspectiveLUT.SampleCountPerSlice:1]]
[2020.10.20-17.20.40:230][  0]LogConfig: Setting CVar [[r.SkyAtmosphere.AerialPerspectiveLUT.DepthResolution:16.0]]
[2020.10.20-17.20.40:230][  0]LogConfig: Setting CVar [[r.SkyAtmosphere.FastSkyLUT:1]]
[2020.10.20-17.20.40:231][  0]LogConfig: Setting CVar [[r.SkyAtmosphere.FastSkyLUT.SampleCountMin:4.0]]
[2020.10.20-17.20.40:231][  0]LogConfig: Setting CVar [[r.SkyAtmosphere.FastSkyLUT.SampleCountMax:32.0]]
[2020.10.20-17.20.40:231][  0]LogConfig: Setting CVar [[r.SkyAtmosphere.SampleCountMin:4.0]]
[2020.10.20-17.20.40:231][  0]LogConfig: Setting CVar [[r.SkyAtmosphere.SampleCountMax:32.0]]
[2020.10.20-17.20.40:231][  0]LogConfig: Setting CVar [[r.SkyAtmosphere.TransmittanceLUT.UseSmallFormat:0]]
[2020.10.20-17.20.40:231][  0]LogConfig: Setting CVar [[r.SkyAtmosphere.TransmittanceLUT.SampleCount:10.0]]
[2020.10.20-17.20.40:231][  0]LogConfig: Setting CVar [[r.SkyAtmosphere.MultiScatteringLUT.SampleCount:15.0]]
[2020.10.20-17.20.40:231][  0]LogConfig: Applying CVar settings from Section [FoliageQuality@3] File [D:/Abiogolf/IT_KMITL/BattleChess/BattleChess_Game/Saved/Config/Windows/Scalability.ini]
[2020.10.20-17.20.40:231][  0]LogConfig: Setting CVar [[foliage.DensityScale:1.0]]
[2020.10.20-17.20.40:231][  0]LogConfig: Setting CVar [[grass.DensityScale:1.0]]
[2020.10.20-17.20.40:231][  0]LogConfig: Applying CVar settings from Section [ShadingQuality@3] File [D:/Abiogolf/IT_KMITL/BattleChess/BattleChess_Game/Saved/Config/Windows/Scalability.ini]
[2020.10.20-17.20.40:231][  0]LogConfig: Setting CVar [[r.HairStrands.SkyLighting.SampleCount:16]]
[2020.10.20-17.20.40:231][  0]LogConfig: Setting CVar [[r.HairStrands.SkyLighting.JitterIntegration:0]]
[2020.10.20-17.20.40:231][  0]LogConfig: Setting CVar [[r.HairStrands.SkyAO.SampleCount:16]]
[2020.10.20-17.20.40:231][  0]LogConfig: Setting CVar [[r.HairStrands.DeepShadow.SuperSampling:0]]
[2020.10.20-17.20.40:231][  0]LogConfig: Setting CVar [[r.HairStrands.VisibilityPPLL:0]]
[2020.10.20-17.20.40:231][  0]LogConfig: Setting CVar [[r.HairStrands.RasterizationScale:0.5]]
[2020.10.20-17.20.40:231][  0]LogConfig: Setting CVar [[r.HairStrands.VelocityRasterizationScale:1]]
[2020.10.20-17.20.40:231][  0]LogInit: Selected Device Profile: [Windows]
[2020.10.20-17.20.40:231][  0]LogInit: Applying CVar settings loaded from the selected device profile: [Windows]
[2020.10.20-17.20.40:231][  0]LogHAL: Display: Platform has ~ 8 GB [8460451840 / 8589934592 / 8], which maps to Default [LargestMinGB=32, LargerMinGB=12, DefaultMinGB=8, SmallerMinGB=6, SmallestMinGB=0)
[2020.10.20-17.20.40:231][  0]LogInit: Going up to parent DeviceProfile []
[2020.10.20-17.20.40:231][  0]LogConfig: Applying CVar settings from Section [ViewDistanceQuality@3] File [D:/Abiogolf/IT_KMITL/BattleChess/BattleChess_Game/Saved/Config/Windows/Scalability.ini]
[2020.10.20-17.20.40:231][  0]LogConfig: Setting CVar [[r.SkeletalMeshLODBias:0]]
[2020.10.20-17.20.40:231][  0]LogConfig: Setting CVar [[r.ViewDistanceScale:1.0]]
[2020.10.20-17.20.40:231][  0]LogConfig: Applying CVar settings from Section [AntiAliasingQuality@3] File [D:/Abiogolf/IT_KMITL/BattleChess/BattleChess_Game/Saved/Config/Windows/Scalability.ini]
[2020.10.20-17.20.40:231][  0]LogConfig: Setting CVar [[r.PostProcessAAQuality:4]]
[2020.10.20-17.20.40:231][  0]LogConfig: Applying CVar settings from Section [ShadowQuality@3] File [D:/Abiogolf/IT_KMITL/BattleChess/BattleChess_Game/Saved/Config/Windows/Scalability.ini]
[2020.10.20-17.20.40:231][  0]LogConfig: Setting CVar [[r.LightFunctionQuality:1]]
[2020.10.20-17.20.40:231][  0]LogConfig: Setting CVar [[r.ShadowQuality:5]]
[2020.10.20-17.20.40:231][  0]LogConfig: Setting CVar [[r.Shadow.CSM.MaxCascades:10]]
[2020.10.20-17.20.40:231][  0]LogConfig: Setting CVar [[r.Shadow.MaxResolution:2048]]
[2020.10.20-17.20.40:231][  0]LogConfig: Setting CVar [[r.Shadow.MaxCSMResolution:2048]]
[2020.10.20-17.20.40:231][  0]LogConfig: Setting CVar [[r.Shadow.RadiusThreshold:0.01]]
[2020.10.20-17.20.40:231][  0]LogConfig: Setting CVar [[r.Shadow.DistanceScale:1.0]]
[2020.10.20-17.20.40:231][  0]LogConfig: Setting CVar [[r.Shadow.CSM.TransitionScale:1.0]]
[2020.10.20-17.20.40:231][  0]LogConfig: Setting CVar [[r.Shadow.PreShadowResolutionFactor:1.0]]
[2020.10.20-17.20.40:231][  0]LogConfig: Setting CVar [[r.DistanceFieldShadowing:1]]
[2020.10.20-17.20.40:231][  0]LogConfig: Setting CVar [[r.DistanceFieldAO:1]]
[2020.10.20-17.20.40:231][  0]LogConfig: Setting CVar [[r.AOQuality:2]]
[2020.10.20-17.20.40:231][  0]LogConfig: Setting CVar [[r.VolumetricFog:1]]
[2020.10.20-17.20.40:231][  0]LogConfig: Setting CVar [[r.VolumetricFog.GridPixelSize:8]]
[2020.10.20-17.20.40:232][  0]LogConfig: Setting CVar [[r.VolumetricFog.GridSizeZ:128]]
[2020.10.20-17.20.40:232][  0]LogConfig: Setting CVar [[r.VolumetricFog.HistoryMissSupersampleCount:4]]
[2020.10.20-17.20.40:232][  0]LogConfig: Setting CVar [[r.LightMaxDrawDistanceScale:1]]
[2020.10.20-17.20.40:232][  0]LogConfig: Setting CVar [[r.CapsuleShadows:1]]
[2020.10.20-17.20.40:232][  0]LogConfig: Applying CVar settings from Section [PostProcessQuality@3] File [D:/Abiogolf/IT_KMITL/BattleChess/BattleChess_Game/Saved/Config/Windows/Scalability.ini]
[2020.10.20-17.20.40:232][  0]LogConfig: Setting CVar [[r.MotionBlurQuality:4]]
[2020.10.20-17.20.40:232][  0]LogConfig: Setting CVar [[r.AmbientOcclusionMipLevelFactor:0.4]]
[2020.10.20-17.20.40:232][  0]LogConfig: Setting CVar [[r.AmbientOcclusionMaxQuality:100]]
[2020.10.20-17.20.40:232][  0]LogConfig: Setting CVar [[r.AmbientOcclusionLevels:-1]]
[2020.10.20-17.20.40:232][  0]LogConfig: Setting CVar [[r.AmbientOcclusionRadiusScale:1.0]]
[2020.10.20-17.20.40:232][  0]LogConfig: Setting CVar [[r.DepthOfFieldQuality:2]]
[2020.10.20-17.20.40:232][  0]LogConfig: Setting CVar [[r.RenderTargetPoolMin:400]]
[2020.10.20-17.20.40:232][  0]LogConfig: Setting CVar [[r.LensFlareQuality:2]]
[2020.10.20-17.20.40:232][  0]LogConfig: Setting CVar [[r.SceneColorFringeQuality:1]]
[2020.10.20-17.20.40:232][  0]LogConfig: Setting CVar [[r.EyeAdaptationQuality:2]]
[2020.10.20-17.20.40:232][  0]LogConfig: Setting CVar [[r.BloomQuality:5]]
[2020.10.20-17.20.40:232][  0]LogConfig: Setting CVar [[r.FastBlurThreshold:100]]
[2020.10.20-17.20.40:232][  0]LogConfig: Setting CVar [[r.Upscale.Quality:3]]
[2020.10.20-17.20.40:232][  0]LogConfig: Setting CVar [[r.Tonemapper.GrainQuantization:1]]
[2020.10.20-17.20.40:232][  0]LogConfig: Setting CVar [[r.LightShaftQuality:1]]
[2020.10.20-17.20.40:232][  0]LogConfig: Setting CVar [[r.Filter.SizeScale:1]]
[2020.10.20-17.20.40:232][  0]LogConfig: Setting CVar [[r.Tonemapper.Quality:5]]
[2020.10.20-17.20.40:232][  0]LogConfig: Setting CVar [[r.DOF.Gather.AccumulatorQuality:1        ; higher gathering accumulator quality]]
[2020.10.20-17.20.40:232][  0]LogConfig: Setting CVar [[r.DOF.Gather.PostfilterMethod:1          ; Median3x3 postfilering method]]
[2020.10.20-17.20.40:232][  0]LogConfig: Setting CVar [[r.DOF.Gather.EnableBokehSettings:0       ; no bokeh simulation when gathering]]
[2020.10.20-17.20.40:232][  0]LogConfig: Setting CVar [[r.DOF.Gather.RingCount:4                 ; medium number of samples when gathering]]
[2020.10.20-17.20.40:232][  0]LogConfig: Setting CVar [[r.DOF.Scatter.ForegroundCompositing:1    ; additive foreground scattering]]
[2020.10.20-17.20.40:232][  0]LogConfig: Setting CVar [[r.DOF.Scatter.BackgroundCompositing:2    ; additive background scattering]]
[2020.10.20-17.20.40:232][  0]LogConfig: Setting CVar [[r.DOF.Scatter.EnableBokehSettings:1      ; bokeh simulation when scattering]]
[2020.10.20-17.20.40:232][  0]LogConfig: Setting CVar [[r.DOF.Scatter.MaxSpriteRatio:0.1         ; only a maximum of 10% of scattered bokeh]]
[2020.10.20-17.20.40:232][  0]LogConfig: Setting CVar [[r.DOF.Recombine.Quality:1                ; cheap slight out of focus]]
[2020.10.20-17.20.40:232][  0]LogConfig: Setting CVar [[r.DOF.Recombine.EnableBokehSettings:0    ; no bokeh simulation on slight out of focus]]
[2020.10.20-17.20.40:232][  0]LogConfig: Setting CVar [[r.DOF.TemporalAAQuality:1                ; more stable temporal accumulation]]
[2020.10.20-17.20.40:232][  0]LogConfig: Setting CVar [[r.DOF.Kernel.MaxForegroundRadius:0.025]]
[2020.10.20-17.20.40:232][  0]LogConfig: Setting CVar [[r.DOF.Kernel.MaxBackgroundRadius:0.025]]
[2020.10.20-17.20.40:232][  0]LogConfig: Applying CVar settings from Section [TextureQuality@3] File [D:/Abiogolf/IT_KMITL/BattleChess/BattleChess_Game/Saved/Config/Windows/Scalability.ini]
[2020.10.20-17.20.40:232][  0]LogConfig: Setting CVar [[r.Streaming.MipBias:0]]
[2020.10.20-17.20.40:233][  0]LogConfig: Setting CVar [[r.Streaming.AmortizeCPUToGPUCopy:0]]
[2020.10.20-17.20.40:233][  0]LogConfig: Setting CVar [[r.Streaming.MaxNumTexturesToStreamPerFrame:0]]
[2020.10.20-17.20.40:233][  0]LogConfig: Setting CVar [[r.Streaming.Boost:1]]
[2020.10.20-17.20.40:233][  0]LogConfig: Setting CVar [[r.MaxAnisotropy:8]]
[2020.10.20-17.20.40:233][  0]LogConfig: Setting CVar [[r.VT.MaxAnisotropy:8]]
[2020.10.20-17.20.40:233][  0]LogConfig: Setting CVar [[r.Streaming.LimitPoolSizeToVRAM:0]]
[2020.10.20-17.20.40:233][  0]LogConfig: Setting CVar [[r.Streaming.PoolSize:1000]]
[2020.10.20-17.20.40:233][  0]LogConfig: Setting CVar [[r.Streaming.MaxEffectiveScreenSize:0]]
[2020.10.20-17.20.40:233][  0]LogConfig: Applying CVar settings from Section [EffectsQuality@3] File [D:/Abiogolf/IT_KMITL/BattleChess/BattleChess_Game/Saved/Config/Windows/Scalability.ini]
[2020.10.20-17.20.40:233][  0]LogConfig: Setting CVar [[r.TranslucencyLightingVolumeDim:64]]
[2020.10.20-17.20.40:233][  0]LogConfig: Setting CVar [[r.RefractionQuality:2]]
[2020.10.20-17.20.40:233][  0]LogConfig: Setting CVar [[r.SSR.Quality:3]]
[2020.10.20-17.20.40:233][  0]LogConfig: Setting CVar [[r.SSR.HalfResSceneColor:0]]
[2020.10.20-17.20.40:233][  0]LogConfig: Setting CVar [[r.SceneColorFormat:4]]
[2020.10.20-17.20.40:233][  0]LogConfig: Setting CVar [[r.DetailMode:2]]
[2020.10.20-17.20.40:233][  0]LogConfig: Setting CVar [[r.TranslucencyVolumeBlur:1]]
[2020.10.20-17.20.40:233][  0]LogConfig: Setting CVar [[r.MaterialQualityLevel:1 ; High quality]]
[2020.10.20-17.20.40:233][  0]LogConfig: Setting CVar [[r.SSS.Scale:1]]
[2020.10.20-17.20.40:233][  0]LogConfig: Setting CVar [[r.SSS.SampleSet:2]]
[2020.10.20-17.20.40:233][  0]LogConfig: Setting CVar [[r.SSS.Quality:1]]
[2020.10.20-17.20.40:233][  0]LogConfig: Setting CVar [[r.SSS.HalfRes:0]]
[2020.10.20-17.20.40:233][  0]LogConfig: Setting CVar [[r.SSGI.Quality:3]]
[2020.10.20-17.20.40:233][  0]LogConfig: Setting CVar [[r.EmitterSpawnRateScale:1.0]]
[2020.10.20-17.20.40:233][  0]LogConfig: Setting CVar [[r.ParticleLightQuality:2]]
[2020.10.20-17.20.40:233][  0]LogConfig: Setting CVar [[r.SkyAtmosphere.AerialPerspectiveLUT.FastApplyOnOpaque:1 ; Always have FastSkyLUT 1 in this case to avoid wrong sky]]
[2020.10.20-17.20.40:233][  0]LogConfig: Setting CVar [[r.SkyAtmosphere.AerialPerspectiveLUT.SampleCountPerSlice:1]]
[2020.10.20-17.20.40:233][  0]LogConfig: Setting CVar [[r.SkyAtmosphere.AerialPerspectiveLUT.DepthResolution:16.0]]
[2020.10.20-17.20.40:233][  0]LogConfig: Setting CVar [[r.SkyAtmosphere.FastSkyLUT:1]]
[2020.10.20-17.20.40:234][  0]LogConfig: Setting CVar [[r.SkyAtmosphere.FastSkyLUT.SampleCountMin:4.0]]
[2020.10.20-17.20.40:234][  0]LogConfig: Setting CVar [[r.SkyAtmosphere.FastSkyLUT.SampleCountMax:32.0]]
[2020.10.20-17.20.40:234][  0]LogConfig: Setting CVar [[r.SkyAtmosphere.SampleCountMin:4.0]]
[2020.10.20-17.20.40:234][  0]LogConfig: Setting CVar [[r.SkyAtmosphere.SampleCountMax:32.0]]
[2020.10.20-17.20.40:234][  0]LogConfig: Setting CVar [[r.SkyAtmosphere.TransmittanceLUT.UseSmallFormat:0]]
[2020.10.20-17.20.40:234][  0]LogConfig: Setting CVar [[r.SkyAtmosphere.TransmittanceLUT.SampleCount:10.0]]
[2020.10.20-17.20.40:234][  0]LogConfig: Setting CVar [[r.SkyAtmosphere.MultiScatteringLUT.SampleCount:15.0]]
[2020.10.20-17.20.40:234][  0]LogConfig: Applying CVar settings from Section [FoliageQuality@3] File [D:/Abiogolf/IT_KMITL/BattleChess/BattleChess_Game/Saved/Config/Windows/Scalability.ini]
[2020.10.20-17.20.40:234][  0]LogConfig: Setting CVar [[foliage.DensityScale:1.0]]
[2020.10.20-17.20.40:234][  0]LogConfig: Setting CVar [[grass.DensityScale:1.0]]
[2020.10.20-17.20.40:234][  0]LogConfig: Applying CVar settings from Section [ShadingQuality@3] File [D:/Abiogolf/IT_KMITL/BattleChess/BattleChess_Game/Saved/Config/Windows/Scalability.ini]
[2020.10.20-17.20.40:234][  0]LogConfig: Setting CVar [[r.HairStrands.SkyLighting.SampleCount:16]]
[2020.10.20-17.20.40:234][  0]LogConfig: Setting CVar [[r.HairStrands.SkyLighting.JitterIntegration:0]]
[2020.10.20-17.20.40:234][  0]LogConfig: Setting CVar [[r.HairStrands.SkyAO.SampleCount:16]]
[2020.10.20-17.20.40:234][  0]LogConfig: Setting CVar [[r.HairStrands.DeepShadow.SuperSampling:0]]
[2020.10.20-17.20.40:234][  0]LogConfig: Setting CVar [[r.HairStrands.VisibilityPPLL:0]]
[2020.10.20-17.20.40:234][  0]LogConfig: Setting CVar [[r.HairStrands.RasterizationScale:0.5]]
[2020.10.20-17.20.40:234][  0]LogConfig: Setting CVar [[r.HairStrands.VelocityRasterizationScale:1]]
[2020.10.20-17.20.40:234][  0]LogConfig: Applying CVar settings from Section [Startup] File [../../../Engine/Config/ConsoleVariables.ini]
[2020.10.20-17.20.40:234][  0]LogConfig: Setting CVar [[net.UseAdaptiveNetUpdateFrequency:0]]
[2020.10.20-17.20.40:234][  0]LogConfig: Setting CVar [[p.chaos.AllowCreatePhysxBodies:1]]
[2020.10.20-17.20.40:235][  0]LogConfig: Setting CVar [[fx.SkipVectorVMBackendOptimizations:1]]
[2020.10.20-17.20.40:235][  0]LogConfig: Applying CVar settings from Section [ConsoleVariables] File [D:/Abiogolf/IT_KMITL/BattleChess/BattleChess_Game/Saved/Config/Windows/Engine.ini]
[2020.10.20-17.20.40:235][  0]LogInit: Computer: DESKTOP-DO80R7R
[2020.10.20-17.20.40:235][  0]LogInit: User: USER
[2020.10.20-17.20.40:235][  0]LogInit: CPU Page size=4096, Cores=4
[2020.10.20-17.20.40:235][  0]LogInit: High frequency timer resolution =10.000000 MHz
[2020.10.20-17.20.40:235][  0]LogMemory: Memory total: Physical=7.9GB (8GB approx)
[2020.10.20-17.20.40:235][  0]LogMemory: Platform Memory Stats for Windows
[2020.10.20-17.20.40:235][  0]LogMemory: Process Physical Memory: 113.57 MB used, 113.57 MB peak
[2020.10.20-17.20.40:235][  0]LogMemory: Process Virtual Memory: 96.10 MB used, 96.10 MB peak
[2020.10.20-17.20.40:235][  0]LogMemory: Physical Memory: 6345.64 MB used,  1722.87 MB free, 8068.52 MB total
[2020.10.20-17.20.40:235][  0]LogMemory: Virtual Memory: 5143.13 MB used,  134212584.00 MB free, 134217728.00 MB total
[2020.10.20-17.20.40:247][  0]LogWindows: WindowsPlatformFeatures enabled
[2020.10.20-17.20.40:332][  0]LogInit: Physics initialised using underlying interface: PhysX
[2020.10.20-17.20.40:332][  0]LogInit: Using OS detected language (en-US).
[2020.10.20-17.20.40:332][  0]LogInit: Using OS detected locale (en-GB).
[2020.10.20-17.20.40:334][  0]LogTextLocalizationManager: No specific localization for 'en-US' exists, so the 'en' localization will be used.
[2020.10.20-17.20.40:778][  0]LogSlate: New Slate User Created.  User Index 0, Is Virtual User: 0
[2020.10.20-17.20.40:778][  0]LogSlate: Slate User Registered.  User Index 0, Is Virtual User: 0
[2020.10.20-17.20.40:850][  0]LogHMD: Failed to initialize OpenVR with code 110
[2020.10.20-17.20.40:850][  0]LogD3D11RHI: D3D11 min allowed feature level: 11_0
[2020.10.20-17.20.40:850][  0]LogD3D11RHI: D3D11 max allowed feature level: 11_0
[2020.10.20-17.20.40:850][  0]LogD3D11RHI: D3D11 adapters:
[2020.10.20-17.20.40:941][  0]LogD3D11RHI:    0. 'NVIDIA GeForce GTX 960M' (Feature Level 11_0)
[2020.10.20-17.20.40:941][  0]LogD3D11RHI:       4055/0/4034 MB DedicatedVideo/DedicatedSystem/SharedSystem, Outputs:1, VendorId:0x10de
[2020.10.20-17.20.40:955][  0]LogD3D11RHI:    1. 'Intel(R) HD Graphics 530' (Feature Level 11_0)
[2020.10.20-17.20.40:955][  0]LogD3D11RHI:       128/0/4034 MB DedicatedVideo/DedicatedSystem/SharedSystem, Outputs:0, VendorId:0x8086
[2020.10.20-17.20.40:960][  0]LogD3D11RHI:    2. 'Microsoft Basic Render Driver' (Feature Level 11_0)
[2020.10.20-17.20.40:960][  0]LogD3D11RHI:       0/0/4034 MB DedicatedVideo/DedicatedSystem/SharedSystem, Outputs:0, VendorId:0x1414
[2020.10.20-17.20.40:960][  0]LogD3D11RHI: Chosen D3D11 Adapter: 0
[2020.10.20-17.20.40:970][  0]LogD3D11RHI: Creating new Direct3DDevice
[2020.10.20-17.20.40:970][  0]LogD3D11RHI:     GPU DeviceId: 0x139b (for the marketing name, search the web for "GPU Device Id")
[2020.10.20-17.20.40:970][  0]LogWindows: EnumDisplayDevices:
[2020.10.20-17.20.40:970][  0]LogWindows:    0. 'Intel(R) HD Graphics 530' (P:1 D:1)
[2020.10.20-17.20.40:971][  0]LogWindows:    1. 'Intel(R) HD Graphics 530' (P:0 D:0)
[2020.10.20-17.20.40:971][  0]LogWindows:    2. 'Intel(R) HD Graphics 530' (P:0 D:0)
[2020.10.20-17.20.40:971][  0]LogWindows: DebugString: PrimaryIsNotTheChoosenAdapter PrimaryIsNotTheChoosenAdapter PrimaryIsNotTheChoosenAdapter FoundDriverCount:0 
[2020.10.20-17.20.40:971][  0]LogD3D11RHI:     Adapter Name: NVIDIA GeForce GTX 960M
[2020.10.20-17.20.40:971][  0]LogD3D11RHI:   Driver Version: Unknown (internal:Unknown, unified:Unknown)
[2020.10.20-17.20.40:971][  0]LogD3D11RHI:      Driver Date: Unknown
[2020.10.20-17.20.40:971][  0]LogRHI: Texture pool is 2839 MB (70% of 4055 MB)
[2020.10.20-17.20.41:040][  0]LogD3D11RHI: RHI has support for 64 bit atomics
[2020.10.20-17.20.41:041][  0]LogD3D11RHI: Async texture creation enabled
[2020.10.20-17.20.41:169][  0]LogD3D11RHI: GPU Timing Frequency: 1000.000000 (Debug: 2 1)
[2020.10.20-17.20.41:893][  0]LogTargetPlatformManager: Display: Loaded TargetPlatform 'WindowsNoEditor'
[2020.10.20-17.20.41:898][  0]LogTargetPlatformManager: Display: Loaded TargetPlatform 'Windows'
[2020.10.20-17.20.41:910][  0]LogTargetPlatformManager: Display: Loaded TargetPlatform 'WindowsClient'
[2020.10.20-17.20.41:921][  0]LogTargetPlatformManager: Display: Loaded TargetPlatform 'WindowsServer'
[2020.10.20-17.20.41:921][  0]LogTargetPlatformManager: Display: Building Assets For Windows
[2020.10.20-17.20.41:930][  0]LogAudioDebug: Display: Lib vorbis DLL was dynamically loaded.
[2020.10.20-17.20.41:997][  0]LogShaderCompilers: Guid format shader working directory is -20 characters bigger than the processId version (../../../../../../Abiogolf/IT_KMITL/BattleChess/BattleChess_Game/Intermediate/Shaders/WorkingDirectory/15820/).
[2020.10.20-17.20.41:998][  0]LogShaderCompilers: Cleaned the shader compiler working directory 'C:/Users/USER/AppData/Local/Temp/UnrealShaderWorkingDir/E76FCE7D44216E982D76E5A1FB901A88/'.
[2020.10.20-17.20.41:998][  0]LogXGEController: Cannot use XGE Controller as Incredibuild is not installed on this machine.
[2020.10.20-17.20.41:998][  0]LogShaderCompilers: Cannot use XGE Shader Compiler as Incredibuild is not installed on this machine.
[2020.10.20-17.20.41:998][  0]LogShaderCompilers: Display: Using Local Shader Compiler.
[2020.10.20-17.20.43:095][  0]LogDerivedDataCache: Display: Max Cache Size: 512 MB
[2020.10.20-17.20.43:185][  0]LogDerivedDataCache: Loaded boot cache 0.09s 76MB C:/Users/USER/AppData/Local/UnrealEngine/4.25/DerivedDataCache/Boot.ddc.
[2020.10.20-17.20.43:185][  0]LogDerivedDataCache: Display: Loaded Boot cache: C:/Users/USER/AppData/Local/UnrealEngine/4.25/DerivedDataCache/Boot.ddc
[2020.10.20-17.20.43:185][  0]LogDerivedDataCache: FDerivedDataBackendGraph:  Pak pak cache file ../../../../../../Abiogolf/IT_KMITL/BattleChess/BattleChess_Game/DerivedDataCache/DDC.ddp not found, will not use a pak cache.
[2020.10.20-17.20.43:185][  0]LogDerivedDataCache: Unable to find inner node Pak for hierarchical cache Hierarchy.
[2020.10.20-17.20.43:185][  0]LogDerivedDataCache: FDerivedDataBackendGraph:  CompressedPak pak cache file ../../../../../../Abiogolf/IT_KMITL/BattleChess/BattleChess_Game/DerivedDataCache/Compressed.ddp not found, will not use a pak cache.
[2020.10.20-17.20.43:185][  0]LogDerivedDataCache: Unable to find inner node CompressedPak for hierarchical cache Hierarchy.
[2020.10.20-17.20.43:200][  0]LogDerivedDataCache: Display: Pak cache opened for reading ../../../Engine/DerivedDataCache/Compressed.ddp.
[2020.10.20-17.20.43:200][  0]LogDerivedDataCache: FDerivedDataBackendGraph:  EnterprisePak pak cache file ../../../Enterprise/DerivedDataCache/Compressed.ddp not found, will not use a pak cache.
[2020.10.20-17.20.43:200][  0]LogDerivedDataCache: Unable to find inner node EnterprisePak for hierarchical cache Hierarchy.
[2020.10.20-17.20.43:202][  0]LogDerivedDataCache: Using Local data cache path C:/Users/USER/AppData/Local/UnrealEngine/Common/DerivedDataCache: Writable
[2020.10.20-17.20.43:202][  0]LogDerivedDataCache: Shared data cache path not found in *engine.ini, will not use an Shared cache.
[2020.10.20-17.20.43:202][  0]LogDerivedDataCache: Unable to find inner node Shared for hierarchical cache Hierarchy.
[2020.10.20-17.20.43:304][  0]LogSlate: Using FreeType 2.10.0
[2020.10.20-17.20.43:305][  0]LogSlate: SlateFontServices - WITH_FREETYPE: 1, WITH_HARFBUZZ: 1
[2020.10.20-17.20.43:503][  0]LogInit: Using OS detected language (en-US).
[2020.10.20-17.20.43:503][  0]LogInit: Using OS detected locale (en-GB).
[2020.10.20-17.20.43:503][  0]LogTextLocalizationManager: No localization for 'en-US' exists, so 'en' will be used for the language.
[2020.10.20-17.20.43:504][  0]LogTextLocalizationManager: No localization for 'en-GB' exists, so 'en' will be used for the locale.
[2020.10.20-17.20.43:504][  0]LogSlate: FontCache flush requested. Reason: Culture for localization was changed
[2020.10.20-17.20.43:504][  0]LogSlate: FontCache flush requested. Reason: Culture for localization was changed
[2020.10.20-17.20.43:509][  0]LogTextLocalizationManager: Compacting localization data took   0.00ms
[2020.10.20-17.20.43:516][  0]LogAssetRegistry: FAssetRegistry took 0.0044 seconds to start up
[2020.10.20-17.20.43:902][  0]LogPackageLocalizationCache: Processed 19 localized package path(s) for 1 prioritized culture(s) in 0.001032 seconds
[2020.10.20-17.20.43:967][  0]LogInit: Selected Device Profile: [Windows]
[2020.10.20-17.20.44:168][  0]LogMeshReduction: Using QuadricMeshReduction for automatic static mesh reduction
[2020.10.20-17.20.44:168][  0]LogMeshReduction: Using SimplygonMeshReduction for automatic skeletal mesh reduction
[2020.10.20-17.20.44:168][  0]LogMeshReduction: Using ProxyLODMeshReduction for automatic mesh merging
[2020.10.20-17.20.44:168][  0]LogMeshReduction: No distributed automatic mesh merging module available
[2020.10.20-17.20.44:168][  0]LogMeshMerging: No distributed automatic mesh merging module available
[2020.10.20-17.20.44:187][  0]LogNetVersion: BattleChess_Game 1.0.0, NetCL: 13144385, EngineNetVer: 14, GameNetVer: 0 (Checksum: 631773850)
[2020.10.20-17.20.44:559][  0]LogAISub: UAISubsystem::UAISubsystem AISubsystem (000001189C06F980), frame # 0
[2020.10.20-17.20.44:559][  0]LogAISub: UAISubsystem::UAISubsystem AIPerceptionSystem (000001189C0796C0), frame # 0
[2020.10.20-17.20.44:561][  0]LogAISub: UAISubsystem::UAISubsystem EnvQueryManager (000001189C0E8C00), frame # 0
[2020.10.20-17.20.44:697][  0]LogCollectionManager: Loaded 0 collections in 0.002155 seconds
[2020.10.20-17.20.44:699][  0]LogFileCache: Scanning file cache for directory 'D:/Abiogolf/IT_KMITL/BattleChess/BattleChess_Game/Saved/Collections/' took 0.00s
[2020.10.20-17.20.44:699][  0]LogFileCache: Scanning file cache for directory 'D:/Abiogolf/IT_KMITL/BattleChess/BattleChess_Game/Content/Developers/USER/Collections/' took 0.00s
[2020.10.20-17.20.44:699][  0]LogFileCache: Scanning file cache for directory 'D:/Abiogolf/IT_KMITL/BattleChess/BattleChess_Game/Content/Collections/' took 0.00s
[2020.10.20-17.20.44:699][  0]LogCollectionManager: Fixed up redirectors for 0 collections in 0.000005 seconds (updated 0 objects)
[2020.10.20-17.20.44:885][  0]LogMoviePlayer: Initializing movie player
[2020.10.20-17.20.45:095][  0]LogTcpMessaging: Initializing TcpMessaging bridge
[2020.10.20-17.20.45:100][  0]LogUdpMessaging: Initializing bridge on interface 0.0.0.0:0 to multicast group 230.0.0.1:6666.
[2020.10.20-17.20.45:181][  0]SourceControl: Source control is disabled
[2020.10.20-17.20.45:181][  0]SourceControl: Source control is disabled
[2020.10.20-17.20.45:192][  0]SourceControl: Source control is disabled
[2020.10.20-17.20.45:351][  0]LogAndroidPermission: UAndroidPermissionCallbackProxy::GetInstance
[2020.10.20-17.20.45:376][  0]LogAudioCaptureCore: Display: No Audio Capture implementations found. Audio input will be silent.
[2020.10.20-17.20.45:376][  0]LogAudioCaptureCore: Display: No Audio Capture implementations found. Audio input will be silent.
[2020.10.20-17.20.45:436][  0]LogOcInput: OculusInput pre-init called
[2020.10.20-17.20.45:460][  0]LogUObjectArray: 19064 objects as part of root set at end of initial load.
[2020.10.20-17.20.45:460][  0]LogUObjectAllocator: 5015424 out of 0 bytes used by permanent object pool.
[2020.10.20-17.20.45:460][  0]LogUObjectArray: CloseDisregardForGC: 0/0 objects in disregard for GC pool
[2020.10.20-17.20.45:521][  0]LogEngine: Initializing Engine...
[2020.10.20-17.20.45:524][  0]LogHMD: Failed to initialize OpenVR with code 110
[2020.10.20-17.20.45:524][  0]LogMagicLeap: Warning: VR disabled because ZI is not enabled.  To enable, in the editor, Edit -> Project Settings -> Plugins -> Magic Leap Plugin -> Enable Zero Iteration
[2020.10.20-17.20.45:526][  0]LogStats: UGameplayTagsManager::InitializeManager -  0.000 s
[2020.10.20-17.20.45:691][  0]LogInit: Initializing FReadOnlyCVARCache
[2020.10.20-17.20.45:698][  0]LogAudioMixer: Display: Audio Mixer Platform Settings:
[2020.10.20-17.20.45:698][  0]LogAudioMixer: Display: 	Sample Rate:						  48000
[2020.10.20-17.20.45:698][  0]LogAudioMixer: Display: 	Callback Buffer Frame Size Requested: 1024
[2020.10.20-17.20.45:698][  0]LogAudioMixer: Display: 	Callback Buffer Frame Size To Use:	  1024
[2020.10.20-17.20.45:698][  0]LogAudioMixer: Display: 	Number of buffers to queue:			  2
[2020.10.20-17.20.45:698][  0]LogAudioMixer: Display: 	Max Channels (voices):				  32
[2020.10.20-17.20.45:698][  0]LogAudioMixer: Display: 	Number of Async Source Workers:		  0
[2020.10.20-17.20.45:699][  0]LogAudio: Display: AudioDevice MaxSources: 32
[2020.10.20-17.20.45:700][  0]LogAudio: Display: Using built-in audio occlusion.
[2020.10.20-17.20.45:700][  0]LogAudioMixer: Display: Initializing audio mixer.
[2020.10.20-17.20.45:723][  0]LogAudioMixer: Display: 0: FrontLeft
[2020.10.20-17.20.45:723][  0]LogAudioMixer: Display: 1: FrontRight
[2020.10.20-17.20.45:828][  0]LogAudioMixer: Display: Using Audio Device Speakers (Realtek High Definition Audio)
[2020.10.20-17.20.45:837][  0]LogAudioMixer: Display: Initializing Sound Submixes...
[2020.10.20-17.20.45:840][  0]LogAudioMixer: Display: Creating Master Submix 'MasterSubmixDefault'
[2020.10.20-17.20.45:840][  0]LogAudioMixer: Display: Creating Master Submix 'MasterReverbSubmixDefault'
[2020.10.20-17.20.45:842][  0]LogAudioMixer: Display: Creating Master Submix 'MasterEQSubmixDefault'
[2020.10.20-17.20.45:844][  0]LogInit: FAudioDevice initialized.
[2020.10.20-17.20.45:882][  0]LogAudio: Display: Waited 35.537899 ms for audio thread.
[2020.10.20-17.20.45:895][  0]LogAudio: Display: Waited 48.818901 ms for audio thread.
[2020.10.20-17.20.45:895][  0]LogNetVersion: Set ProjectVersion to 1.0.0.0. Version Checksum will be recalculated on next use.
[2020.10.20-17.20.45:897][  0]LogInit: Texture streaming: Enabled
[2020.10.20-17.20.46:819][  0]LogSlate: Updating window title bar state: overlay mode, drag disabled, window buttons hidden, title bar hidden
[2020.10.20-17.20.46:821][  0]LogInit: Display: Game Engine Initialized.
[2020.10.20-17.20.46:859][  0]LogNiagaraEditor: Warning: GEditor isn't valid! Particle reset commands will not work for Niagara components!
[2020.10.20-17.20.46:913][  0]LogInit: Display: Starting Game.
[2020.10.20-17.20.47:009][  0]LogNet: Browse: /Game/Maps/MainMenu?Name=Player
[2020.10.20-17.20.47:119][  0]LogLoad: LoadMap: /Game/Maps/MainMenu?Name=Player
[2020.10.20-17.20.47:119][  0]LogWorld: BeginTearingDown for /Temp/Untitled_0
[2020.10.20-17.20.47:159][  0]LogWorld: UWorld::CleanupWorld for Untitled, bSessionEnded=true, bCleanupResources=true
[2020.10.20-17.20.47:159][  0]LogSlate: InvalidateAllWidgets triggered.  All widgets were invalidated
[2020.10.20-17.20.47:190][  0]LogUObjectHash: Compacting FUObjectHashTables data took   1.13ms
[2020.10.20-17.20.47:264][  0]LogAIModule: Creating AISystem for world MainMenu
[2020.10.20-17.20.47:264][  0]LogAISub: UAISubsystem::UAISubsystem EnvQueryManager (000001189EB6C800), frame # 0
[2020.10.20-17.20.47:264][  0]LogAISub: UAISubsystem::UAISubsystem AIPerceptionSystem (000001189EC88E00), frame # 0
[2020.10.20-17.20.50:016][  0]LogLoad: Game class is 'ThirdPersonGameMode_C'
[2020.10.20-17.20.50:054][  0]LogWorld: Bringing World /Game/Maps/MainMenu.MainMenu up for play (max tick rate 0) at 2020.10.21-00.20.50
[2020.10.20-17.20.50:279][  0]LogWorld: Bringing up level for play took: 0.243135
[2020.10.20-17.20.50:366][  0]LogGameMode: FindPlayerStart: PATHS NOT DEFINED or NO PLAYERSTART with positive rating
[2020.10.20-17.20.51:496][  0]LogLoad: Took 4.377494 seconds to LoadMap(/Game/Maps/MainMenu)
[2020.10.20-17.20.51:512][  0]LogSlate: Took 0.000171 seconds to synchronously load lazily loaded font '../../../Engine/Content/Slate/Fonts/Roboto-Regular.ttf' (155K)
[2020.10.20-17.20.51:629][  0]LogRenderer: Reallocating scene render targets to support 1280x720 Format 10 NumSamples 1 (Frame:1).
[2020.10.20-17.20.51:629][  0]LogLoad: (Engine Initialization) Total time: 13.80 seconds
[2020.10.20-17.20.51:629][  0]LogLoad: (Engine Initialization) Total Blueprint compile time: 0.00 seconds
[2020.10.20-17.20.51:933][  0]LogContentStreaming: Texture pool size now 1000 MB
[2020.10.20-17.20.51:948][  0]LogSlate: InvalidateAllWidgets triggered.  All widgets were invalidated
[2020.10.20-17.20.52:518][  1]LogSlate: Took 0.000194 seconds to synchronously load lazily loaded font '../../../Engine/Content/Slate/Fonts/Roboto-Regular.ttf' (155K)
[2020.10.20-17.21.10:668][266]LogSlate: WidgetSwitcher ('None') active index changed to 1
[2020.10.20-17.21.15:726][211]LogSlate: WidgetSwitcher ('None') active index changed to 0
[2020.10.20-17.21.20:087][ 28]Closing by request
[2020.10.20-17.21.20:087][ 28]LogWindows: FPlatformMisc::RequestExit(0)
[2020.10.20-17.21.20:087][ 28]LogCore: Engine exit requested (reason: Win RequestExit)
[2020.10.20-17.21.20:099][ 29]LogCore: Engine exit requested (reason: EngineExit() was called; note: exit was already requested)
[2020.10.20-17.21.20:105][ 29]LogAudio: Display: Shutting down audio device while 2 references to it are still alive. For more information, compile with INSTRUMENT_AUDIODEVICE_HANDLES.
[2020.10.20-17.21.20:148][ 29]LogInit: Display: PreExit Game.
[2020.10.20-17.21.20:202][ 29]LogWorld: BeginTearingDown for /Game/Maps/MainMenu
[2020.10.20-17.21.20:231][ 29]LogWorld: UWorld::CleanupWorld for MainMenu, bSessionEnded=true, bCleanupResources=true
[2020.10.20-17.21.20:231][ 29]LogSlate: InvalidateAllWidgets triggered.  All widgets were invalidated
[2020.10.20-17.21.20:554][ 29]LogSlate: Window 'BattleChess_Game (64-bit Development PCD3D_SM5) ' being destroyed
[2020.10.20-17.21.20:556][ 29]LogWindowsTextInputMethodSystem: Display: IME system now deactivated.
[2020.10.20-17.21.20:560][ 29]LogWindowsTextInputMethodSystem: Display: IME system now deactivated.
[2020.10.20-17.21.20:574][ 29]LogExit: Preparing to exit.
[2020.10.20-17.21.21:124][ 29]LogMoviePlayer: Shutting down movie player
[2020.10.20-17.21.21:245][ 29]LogSlate: Updating window title bar state: overlay mode, drag disabled, window buttons hidden, title bar hidden
[2020.10.20-17.21.21:250][ 29]LogDemo: Cleaned up 0 splitscreen connections with owner deletion
[2020.10.20-17.21.21:252][ 29]LogExit: Game engine shut down
[2020.10.20-17.21.21:259][ 29]LogAISub: UAISubsystem::~UAISubsystem AISubsystem (000001189C06F980), frame # 5029
[2020.10.20-17.21.21:259][ 29]LogAISub: UAISubsystem::~UAISubsystem AIPerceptionSystem (000001189C0796C0), frame # 5029
[2020.10.20-17.21.21:259][ 29]LogAISub: UAISubsystem::~UAISubsystem EnvQueryManager (000001189C0E8C00), frame # 5029
[2020.10.20-17.21.21:309][ 29]LogAISub: UAISubsystem::~UAISubsystem AIPerceptionSystem (000001189EC88E00), frame # 5029
[2020.10.20-17.21.21:309][ 29]LogAISub: UAISubsystem::~UAISubsystem EnvQueryManager (000001189EB6C800), frame # 5029
[2020.10.20-17.21.21:350][ 29]LogExit: Object subsystem successfully closed.
[2020.10.20-17.21.21:364][ 29]LogShaderCompilers: Display: Shaders left to compile 0
[2020.10.20-17.21.21:373][ 29]LogModuleManager: Shutting down and abandoning module SequenceRecorderSections (503)
[2020.10.20-17.21.21:373][ 29]LogModuleManager: Shutting down and abandoning module SequenceRecorder (501)
[2020.10.20-17.21.21:373][ 29]LogModuleManager: Shutting down and abandoning module AutomationController (499)
[2020.10.20-17.21.21:373][ 29]LogModuleManager: Shutting down and abandoning module AutomationWorker (497)
[2020.10.20-17.21.21:373][ 29]LogModuleManager: Shutting down and abandoning module Voice (495)
[2020.10.20-17.21.21:373][ 29]LogModuleManager: Shutting down and abandoning module AIModule (493)
[2020.10.20-17.21.21:373][ 29]LogModuleManager: Shutting down and abandoning module GameplayDebugger (492)
[2020.10.20-17.21.21:373][ 29]LogModuleManager: Shutting down and abandoning module AITestSuite (490)
[2020.10.20-17.21.21:373][ 29]LogModuleManager: Shutting down and abandoning module NavigationSystem (488)
[2020.10.20-17.21.21:373][ 29]LogModuleManager: Shutting down and abandoning module OculusMR (485)
[2020.10.20-17.21.21:373][ 29]LogModuleManager: Shutting down and abandoning module WmfMediaFactory (483)
[2020.10.20-17.21.21:373][ 29]LogModuleManager: Shutting down and abandoning module WebMMediaFactory (481)
[2020.10.20-17.21.21:373][ 29]LogModuleManager: Shutting down and abandoning module WebMMedia (479)
[2020.10.20-17.21.21:373][ 29]LogModuleManager: Shutting down and abandoning module OpenExrWrapper (477)
[2020.10.20-17.21.21:373][ 29]LogModuleManager: Shutting down and abandoning module ImgMediaFactory (475)
[2020.10.20-17.21.21:373][ 29]LogModuleManager: Shutting down and abandoning module AvfMediaFactory (473)
[2020.10.20-17.21.21:373][ 29]LogModuleManager: Shutting down and abandoning module MagicLeapMediaCodecFactory (471)
[2020.10.20-17.21.21:373][ 29]LogModuleManager: Shutting down and abandoning module MagicLeapMediaFactory (469)
[2020.10.20-17.21.21:373][ 29]LogModuleManager: Shutting down and abandoning module PlanarCut (467)
[2020.10.20-17.21.21:373][ 29]LogModuleManager: Shutting down and abandoning module CharacterAI (465)
[2020.10.20-17.21.21:373][ 29]LogModuleManager: Shutting down and abandoning module SessionServices (463)
[2020.10.20-17.21.21:373][ 29]LogModuleManager: Shutting down and abandoning module MovieSceneCapture (461)
[2020.10.20-17.21.21:373][ 29]LogModuleManager: Shutting down and abandoning module LiveCoding (459)
[2020.10.20-17.21.21:374][ 29]LogModuleManager: Shutting down and abandoning module LevelSequence (457)
[2020.10.20-17.21.21:374][ 29]LogModuleManager: Shutting down and abandoning module MovieSceneTracks (455)
[2020.10.20-17.21.21:374][ 29]LogModuleManager: Shutting down and abandoning module MovieScene (453)
[2020.10.20-17.21.21:374][ 29]LogModuleManager: Shutting down and abandoning module StreamingPauseRendering (451)
[2020.10.20-17.21.21:374][ 29]LogModuleManager: Shutting down and abandoning module PortalServices (449)
[2020.10.20-17.21.21:374][ 29]LogModuleManager: Shutting down and abandoning module PortalRpc (447)
[2020.10.20-17.21.21:374][ 29]LogModuleManager: Shutting down and abandoning module MessagingRpc (445)
[2020.10.20-17.21.21:374][ 29]LogModuleManager: Shutting down and abandoning module AudioMixerXAudio2 (443)
[2020.10.20-17.21.21:374][ 29]LogModuleManager: Shutting down and abandoning module AudioMixerCore (442)
[2020.10.20-17.21.21:374][ 29]LogModuleManager: Shutting down and abandoning module ProfilerService (439)
[2020.10.20-17.21.21:539][ 29]LogModuleManager: Shutting down and abandoning module TaskGraph (437)
[2020.10.20-17.21.21:539][ 29]LogModuleManager: Shutting down and abandoning module Synthesis (435)
[2020.10.20-17.21.21:539][ 29]LogModuleManager: Shutting down and abandoning module ProceduralMeshComponent (433)
[2020.10.20-17.21.21:539][ 29]LogModuleManager: Shutting down and abandoning module OculusInput (431)
[2020.10.20-17.21.21:539][ 29]LogModuleManager: Shutting down and abandoning module MobilePatchingUtils (429)
[2020.10.20-17.21.21:539][ 29]LogModuleManager: Shutting down and abandoning module GooglePAD (427)
[2020.10.20-17.21.21:539][ 29]LogModuleManager: Shutting down and abandoning module EditableMesh (425)
[2020.10.20-17.21.21:539][ 29]LogModuleManager: Shutting down and abandoning module CustomMeshComponent (423)
[2020.10.20-17.21.21:539][ 29]LogModuleManager: Shutting down and abandoning module CableComponent (421)
[2020.10.20-17.21.21:539][ 29]LogModuleManager: Shutting down and abandoning module AudioCapture (419)
[2020.10.20-17.21.21:539][ 29]LogModuleManager: Shutting down and abandoning module AudioCaptureRtAudio (418)
[2020.10.20-17.21.21:539][ 29]LogModuleManager: Shutting down and abandoning module AssetTags (415)
[2020.10.20-17.21.21:539][ 29]LogModuleManager: Shutting down and abandoning module ArchVisCharacter (413)
[2020.10.20-17.21.21:539][ 29]LogModuleManager: Shutting down and abandoning module AppleImageUtilsBlueprintSupport (411)
[2020.10.20-17.21.21:539][ 29]LogModuleManager: Shutting down and abandoning module AppleImageUtils (409)
[2020.10.20-17.21.21:539][ 29]LogModuleManager: Shutting down and abandoning module AndroidPermission (407)
[2020.10.20-17.21.21:539][ 29]LogModuleManager: Shutting down and abandoning module NUTUnrealEngine4 (405)
[2020.10.20-17.21.21:540][ 29]LogModuleManager: Shutting down and abandoning module NetcodeUnitTest (403)
[2020.10.20-17.21.21:540][ 29]LogModuleManager: Shutting down and abandoning module TemplateSequence (401)
[2020.10.20-17.21.21:540][ 29]LogModuleManager: Shutting down and abandoning module MovieRenderPipelineRenderPasses (399)
[2020.10.20-17.21.21:540][ 29]LogModuleManager: Shutting down and abandoning module MovieRenderPipelineSettings (397)
[2020.10.20-17.21.21:540][ 29]LogModuleManager: Shutting down and abandoning module MovieRenderPipelineCore (395)
[2020.10.20-17.21.21:540][ 29]LogModuleManager: Shutting down and abandoning module ImageWriteQueue (394)
[2020.10.20-17.21.21:540][ 29]LogModuleManager: Shutting down and abandoning module MediaCompositing (391)
[2020.10.20-17.21.21:540][ 29]LogModuleManager: Shutting down and abandoning module ImgMedia (389)
[2020.10.20-17.21.21:540][ 29]LogModuleManager: Shutting down and abandoning module MagicLeapSharedWorld (387)
[2020.10.20-17.21.21:540][ 29]LogModuleManager: Shutting down and abandoning module MagicLeapLightEstimation (385)
[2020.10.20-17.21.21:540][ 29]LogModuleManager: Shutting down and abandoning module MagicLeapHelperVulkan (383)
[2020.10.20-17.21.21:540][ 29]LogModuleManager: Shutting down and abandoning module MagicLeapHelperOpenGL (381)
[2020.10.20-17.21.21:540][ 29]LogModuleManager: Shutting down and abandoning module MagicLeapAudio (379)
[2020.10.20-17.21.21:540][ 29]LogModuleManager: Shutting down and abandoning module MeshSolverUtilities (377)
[2020.10.20-17.21.21:540][ 29]LogModuleManager: Shutting down and abandoning module MeshConversion (375)
[2020.10.20-17.21.21:540][ 29]LogModuleManager: Shutting down and abandoning module DynamicMesh (373)
[2020.10.20-17.21.21:540][ 29]LogModuleManager: Shutting down and abandoning module GeometryAlgorithms (371)
[2020.10.20-17.21.21:540][ 29]LogModuleManager: Shutting down and abandoning module GeometricObjects (369)
[2020.10.20-17.21.21:540][ 29]LogModuleManager: Shutting down and abandoning module GeometryCollectionTracks (367)
[2020.10.20-17.21.21:540][ 29]LogModuleManager: Shutting down and abandoning module GeometryCollectionSequencer (366)
[2020.10.20-17.21.21:540][ 29]LogModuleManager: Shutting down and abandoning module GeometryCacheTracks (363)
[2020.10.20-17.21.21:540][ 29]LogModuleManager: Shutting down and abandoning module GeometryCacheSequencer (362)
[2020.10.20-17.21.21:540][ 29]LogModuleManager: Shutting down and abandoning module GeometryCache (359)
[2020.10.20-17.21.21:540][ 29]LogModuleManager: Shutting down and abandoning module GeometryCacheEd (358)
[2020.10.20-17.21.21:540][ 29]LogModuleManager: Shutting down and abandoning module ChaosNiagara (355)
[2020.10.20-17.21.21:540][ 29]LogModuleManager: Shutting down and abandoning module ChaosCloth (353)
[2020.10.20-17.21.21:540][ 29]LogModuleManager: Shutting down and abandoning module BackChannel (351)
[2020.10.20-17.21.21:540][ 29]LogModuleManager: Shutting down and abandoning module AutomationUtils (349)
[2020.10.20-17.21.21:540][ 29]LogModuleManager: Shutting down and abandoning module VisualStudioSourceCodeAccess (347)
[2020.10.20-17.21.21:540][ 29]LogModuleManager: Shutting down and abandoning module HotReload (346)
[2020.10.20-17.21.21:540][ 29]LogModuleManager: Shutting down and abandoning module VisualStudioCodeSourceCodeAccess (343)
[2020.10.20-17.21.21:540][ 29]LogModuleManager: Shutting down and abandoning module UObjectPlugin (341)
[2020.10.20-17.21.21:540][ 29]LogModuleManager: Shutting down and abandoning module SubversionSourceControl (339)
[2020.10.20-17.21.21:540][ 29]LogModuleManager: Shutting down and abandoning module RiderSourceCodeAccess (337)
[2020.10.20-17.21.21:540][ 29]LogModuleManager: Shutting down and abandoning module PerforceSourceControl (335)
[2020.10.20-17.21.21:540][ 29]LogModuleManager: Shutting down and abandoning module SourceControl (334)
[2020.10.20-17.21.21:540][ 29]LogModuleManager: Shutting down and abandoning module CLionSourceCodeAccess (331)
[2020.10.20-17.21.21:540][ 29]LogModuleManager: Shutting down and abandoning module ActorLayerUtilities (329)
[2020.10.20-17.21.21:540][ 29]LogModuleManager: Shutting down and abandoning module SoundFields (327)
[2020.10.20-17.21.21:540][ 29]LogModuleManager: Shutting down and abandoning module SignificanceManager (325)
[2020.10.20-17.21.21:540][ 29]LogModuleManager: Shutting down and abandoning module RuntimePhysXCooking (323)
[2020.10.20-17.21.21:540][ 29]LogModuleManager: Shutting down and abandoning module PhysXVehiclesEditor (321)
[2020.10.20-17.21.21:540][ 29]LogModuleManager: Shutting down and abandoning module LocationServicesBPLibrary (317)
[2020.10.20-17.21.21:540][ 29]LogModuleManager: Shutting down and abandoning module ActorSequence (315)
[2020.10.20-17.21.21:540][ 29]LogModuleManager: Shutting down and abandoning module UdpMessaging (313)
[2020.10.20-17.21.21:641][ 29]LogModuleManager: Shutting down and abandoning module TcpMessaging (311)
[2020.10.20-17.21.22:116][ 29]LogModuleManager: Shutting down and abandoning module MagicLeapARPin (309)
[2020.10.20-17.21.22:116][ 29]LogModuleManager: Shutting down and abandoning module MagicLeapHandMeshing (307)
[2020.10.20-17.21.22:116][ 29]LogModuleManager: Shutting down and abandoning module MagicLeapSecureStorage (305)
[2020.10.20-17.21.22:116][ 29]LogModuleManager: Shutting down and abandoning module MagicLeapPrivileges (303)
[2020.10.20-17.21.22:117][ 29]LogModuleManager: Shutting down and abandoning module MagicLeapPlanes (301)
[2020.10.20-17.21.22:117][ 29]LogMagicLeapPlanes: Planes tracker already destroyed.
[2020.10.20-17.21.22:117][ 29]LogModuleManager: Shutting down and abandoning module MagicLeapImageTracker (299)
[2020.10.20-17.21.22:117][ 29]LogModuleManager: Shutting down and abandoning module MagicLeapIdentity (297)
[2020.10.20-17.21.22:117][ 29]LogModuleManager: Shutting down and abandoning module MagicLeapHandTracking (295)
[2020.10.20-17.21.22:117][ 29]LogModuleManager: Shutting down and abandoning module MagicLeapEyeTracker (293)
[2020.10.20-17.21.22:117][ 29]LogModuleManager: Shutting down and abandoning module MagicLeapController (291)
[2020.10.20-17.21.22:117][ 29]LogSlate: Slate User Destroyed.  User Index 0, Is Virtual User: 0
[2020.10.20-17.21.22:117][ 29]LogModuleManager: Shutting down and abandoning module MagicLeapARPinImpl (289)
[2020.10.20-17.21.22:117][ 29]LogModuleManager: Shutting down and abandoning module MagicLeapAR (287)
[2020.10.20-17.21.22:117][ 29]LogModuleManager: Shutting down and abandoning module AugmentedReality (286)
[2020.10.20-17.21.22:117][ 29]LogModuleManager: Shutting down and abandoning module NiagaraAnimNotifies (283)
[2020.10.20-17.21.22:117][ 29]LogModuleManager: Shutting down and abandoning module Niagara (281)
[2020.10.20-17.21.22:117][ 29]LogModuleManager: Shutting down and abandoning module SignalProcessing (280)
[2020.10.20-17.21.22:117][ 29]LogModuleManager: Shutting down and abandoning module NiagaraEditor (278)
[2020.10.20-17.21.22:118][ 29]LogModuleManager: Shutting down and abandoning module NiagaraCore (275)
[2020.10.20-17.21.22:118][ 29]LogModuleManager: Shutting down and abandoning module GameplayTagsEditor (273)
[2020.10.20-17.21.22:118][ 29]LogModuleManager: Shutting down and abandoning module FacialAnimation (271)
[2020.10.20-17.21.22:118][ 29]LogModuleManager: Shutting down and abandoning module AssetManagerEditor (269)
[2020.10.20-17.21.22:118][ 29]LogModuleManager: Shutting down and abandoning module TreeMap (268)
[2020.10.20-17.21.22:118][ 29]LogModuleManager: Shutting down and abandoning module AnimationSharing (265)
[2020.10.20-17.21.22:118][ 29]LogModuleManager: Shutting down and abandoning module LightPropagationVolumeRuntime (263)
[2020.10.20-17.21.22:118][ 29]LogModuleManager: Shutting down and abandoning module Paper2D (261)
[2020.10.20-17.21.22:118][ 29]LogModuleManager: Shutting down and abandoning module WindowsMoviePlayer (259)
[2020.10.20-17.21.22:119][ 29]LogModuleManager: Shutting down and abandoning module WebMMoviePlayer (257)
[2020.10.20-17.21.22:119][ 29]LogModuleManager: Shutting down and abandoning module NetworkReplayStreaming (255)
[2020.10.20-17.21.22:119][ 29]LogModuleManager: Shutting down and abandoning module PacketHandler (253)
[2020.10.20-17.21.22:119][ 29]LogModuleManager: Shutting down and abandoning module ClothingSystemEditor (251)
[2020.10.20-17.21.22:119][ 29]LogModuleManager: Shutting down and abandoning module ClothingSystemRuntimeNv (249)
[2020.10.20-17.21.22:119][ 29]LogModuleManager: Shutting down and abandoning module MediaAssets (247)
[2020.10.20-17.21.22:119][ 29]LogModuleManager: Shutting down and abandoning module Overlay (245)
[2020.10.20-17.21.22:119][ 29]LogModuleManager: Shutting down and abandoning module OverlayEditor (244)
[2020.10.20-17.21.22:119][ 29]LogModuleManager: Shutting down and abandoning module VREditor (241)
[2020.10.20-17.21.22:119][ 29]LogModuleManager: Shutting down and abandoning module StringTableEditor (239)
[2020.10.20-17.21.22:119][ 29]LogModuleManager: Shutting down and abandoning module GameplayTasksEditor (237)
[2020.10.20-17.21.22:119][ 29]LogModuleManager: Shutting down and abandoning module BehaviorTreeEditor (235)
[2020.10.20-17.21.22:119][ 29]LogModuleManager: Shutting down and abandoning module FunctionalTesting (233)
[2020.10.20-17.21.22:119][ 29]LogModuleManager: Shutting down and abandoning module CollisionAnalyzer (231)
[2020.10.20-17.21.22:119][ 29]LogModuleManager: Shutting down and abandoning module UMG (229)
[2020.10.20-17.21.22:119][ 29]LogModuleManager: Shutting down and abandoning module UMGEditor (228)
[2020.10.20-17.21.22:119][ 29]LogModuleManager: Shutting down and abandoning module Sequencer (227)
[2020.10.20-17.21.22:119][ 29]LogModuleManager: Shutting down and abandoning module MessageLog (224)
[2020.10.20-17.21.22:119][ 29]LogModuleManager: Shutting down and abandoning module MaterialEditor (222)
[2020.10.20-17.21.22:119][ 29]LogModuleManager: Shutting down and abandoning module ContentBrowser (221)
[2020.10.20-17.21.22:120][ 29]LogModuleManager: Shutting down and abandoning module WorkspaceMenuStructure (220)
[2020.10.20-17.21.22:120][ 29]LogModuleManager: Shutting down and abandoning module CollectionManager (218)
[2020.10.20-17.21.22:120][ 29]LogModuleManager: Shutting down and abandoning module DirectoryWatcher (217)
[2020.10.20-17.21.22:120][ 29]LogModuleManager: Shutting down and abandoning module SlateReflector (209)
[2020.10.20-17.21.22:120][ 29]LogModuleManager: Shutting down and abandoning module Slate (207)
[2020.10.20-17.21.22:120][ 29]LogModuleManager: Shutting down and abandoning module SlateCore (205)
[2020.10.20-17.21.22:120][ 29]LogModuleManager: Shutting down and abandoning module LandscapeEditorUtilities (203)
[2020.10.20-17.21.22:120][ 29]LogModuleManager: Shutting down and abandoning module EditorStyle (201)
[2020.10.20-17.21.22:121][ 29]LogModuleManager: Shutting down and abandoning module UnrealEd (199)
[2020.10.20-17.21.22:121][ 29]LogModuleManager: Shutting down and abandoning module MRMesh (197)
[2020.10.20-17.21.22:121][ 29]LogModuleManager: Shutting down and abandoning module Messaging (195)
[2020.10.20-17.21.22:121][ 29]LogModuleManager: Shutting down and abandoning module SourceCodeAccess (193)
[2020.10.20-17.21.22:121][ 29]LogModuleManager: Shutting down and abandoning module HeadMountedDisplay (191)
[2020.10.20-17.21.22:121][ 29]LogModuleManager: Shutting down and abandoning module XAudio2 (189)
[2020.10.20-17.21.22:121][ 29]LogModuleManager: Shutting down and abandoning module Networking (187)
[2020.10.20-17.21.22:121][ 29]LogModuleManager: Shutting down and abandoning module Core (185)
[2020.10.20-17.21.22:122][ 29]LogModuleManager: Shutting down and abandoning module MovieSceneTools (183)
[2020.10.20-17.21.22:122][ 29]LogModuleManager: Shutting down and abandoning module KismetCompiler (181)
[2020.10.20-17.21.22:122][ 29]LogModuleManager: Shutting down and abandoning module MeshBuilder (179)
[2020.10.20-17.21.22:122][ 29]LogModuleManager: Shutting down and abandoning module MeshUtilities (177)
[2020.10.20-17.21.22:122][ 29]LogModuleManager: Shutting down and abandoning module MeshMergeUtilities (176)
[2020.10.20-17.21.22:122][ 29]LogModuleManager: Shutting down and abandoning module MeshReductionInterface (175)
[2020.10.20-17.21.22:122][ 29]LogModuleManager: Shutting down and abandoning module MeshBoneReduction (174)
[2020.10.20-17.21.22:122][ 29]LogModuleManager: Shutting down and abandoning module SkeletalMeshReduction (172)
[2020.10.20-17.21.22:122][ 29]LogModuleManager: Shutting down and abandoning module ProxyLODMeshReduction (170)
[2020.10.20-17.21.22:122][ 29]LogModuleManager: Shutting down and abandoning module QuadricMeshReduction (168)
[2020.10.20-17.21.22:122][ 29]LogModuleManager: Shutting down and abandoning module MaterialBaking (164)
[2020.10.20-17.21.22:122][ 29]LogModuleManager: Shutting down and abandoning module NullInstallBundleManager (159)
[2020.10.20-17.21.22:122][ 29]LogModuleManager: Shutting down and abandoning module PIEPreviewDeviceProfileSelector (157)
[2020.10.20-17.21.22:122][ 29]LogModuleManager: Shutting down and abandoning module DerivedDataCache (155)
[2020.10.20-17.21.22:122][ 29]LogModuleManager: Shutting down and abandoning module XGEController (153)
[2020.10.20-17.21.22:122][ 29]LogModuleManager: Shutting down and abandoning module TargetPlatform (151)
[2020.10.20-17.21.22:122][ 29]LogModuleManager: Shutting down and abandoning module VulkanShaderFormat (150)
[2020.10.20-17.21.22:122][ 29]LogModuleManager: Shutting down and abandoning module ShaderFormatVectorVM (148)
[2020.10.20-17.21.22:122][ 29]LogModuleManager: Shutting down and abandoning module ShaderFormatOpenGL (146)
[2020.10.20-17.21.22:122][ 29]LogModuleManager: Shutting down and abandoning module ShaderFormatD3D (144)
[2020.10.20-17.21.22:122][ 29]LogModuleManager: Shutting down and abandoning module MetalShaderFormat (142)
[2020.10.20-17.21.22:122][ 29]LogModuleManager: Shutting down and abandoning module TextureFormatUncompressed (140)
[2020.10.20-17.21.22:122][ 29]LogModuleManager: Shutting down and abandoning module TextureFormatPVR (138)
[2020.10.20-17.21.22:122][ 29]LogModuleManager: Shutting down and abandoning module TextureFormatDXT (136)
[2020.10.20-17.21.22:122][ 29]LogModuleManager: Shutting down and abandoning module TextureFormatIntelISPCTexComp (134)
[2020.10.20-17.21.22:123][ 29]LogModuleManager: Shutting down and abandoning module TextureFormatASTC (132)
[2020.10.20-17.21.22:123][ 29]LogModuleManager: Shutting down and abandoning module ImageWrapper (131)
[2020.10.20-17.21.22:123][ 29]LogModuleManager: Shutting down and abandoning module TextureFormatAndroid (128)
[2020.10.20-17.21.22:123][ 29]LogModuleManager: Shutting down and abandoning module AudioFormatOpus (126)
[2020.10.20-17.21.22:123][ 29]LogModuleManager: Shutting down and abandoning module AudioFormatOgg (124)
[2020.10.20-17.21.22:123][ 29]LogModuleManager: Shutting down and abandoning module AudioFormatADPCM (122)
[2020.10.20-17.21.22:123][ 29]LogModuleManager: Shutting down and abandoning module WindowsServerTargetPlatform (120)
[2020.10.20-17.21.22:123][ 29]LogModuleManager: Shutting down and abandoning module WindowsClientTargetPlatform (118)
[2020.10.20-17.21.22:123][ 29]LogModuleManager: Shutting down and abandoning module WindowsTargetPlatform (116)
[2020.10.20-17.21.22:123][ 29]LogModuleManager: Shutting down and abandoning module WindowsNoEditorTargetPlatform (114)
[2020.10.20-17.21.22:123][ 29]LogModuleManager: Shutting down and abandoning module InputCore (111)
[2020.10.20-17.21.22:123][ 29]LogModuleManager: Shutting down and abandoning module Settings (109)
[2020.10.20-17.21.22:123][ 29]LogModuleManager: Shutting down and abandoning module PhysXCooking (107)
[2020.10.20-17.21.22:123][ 29]LogModuleManager: Shutting down and abandoning module ChaosSolvers (105)
[2020.10.20-17.21.22:123][ 29]LogModuleManager: Shutting down and abandoning module FieldSystemEngine (104)
[2020.10.20-17.21.22:123][ 29]LogModuleManager: Shutting down and abandoning module Chaos (101)
[2020.10.20-17.21.22:123][ 29]LogModuleManager: Shutting down and abandoning module WindowsPlatformFeatures (99)
[2020.10.20-17.21.22:123][ 29]LogModuleManager: Shutting down and abandoning module GameplayMediaEncoder (98)
[2020.10.20-17.21.22:123][ 29]LogModuleManager: Shutting down and abandoning module AVEncoder (97)
[2020.10.20-17.21.22:123][ 29]LogModuleManager: Shutting down and abandoning module SteamVRInputDevice (93)
[2020.10.20-17.21.22:123][ 29]LogModuleManager: Shutting down and abandoning module SteamVRInput (91)
[2020.10.20-17.21.22:123][ 29]LogModuleManager: Shutting down and abandoning module SteamVR (89)
[2020.10.20-17.21.22:123][ 29]LogHMD: Freeing OpenVRDLLHandle.
[2020.10.20-17.21.22:123][ 29]LogModuleManager: Shutting down and abandoning module OculusHMD (87)
[2020.10.20-17.21.22:123][ 29]LogModuleManager: Shutting down and abandoning module ExampleDeviceProfileSelector (85)
[2020.10.20-17.21.22:123][ 29]LogModuleManager: Shutting down and abandoning module LauncherChunkInstaller (83)
[2020.10.20-17.21.22:123][ 29]LogModuleManager: Shutting down and abandoning module OnlineBlueprintSupport (81)
[2020.10.20-17.21.22:123][ 29]LogModuleManager: Shutting down and abandoning module OnlineSubsystem (77)
[2020.10.20-17.21.22:124][ 29]LogModuleManager: Shutting down and abandoning module XMPP (71)
[2020.10.20-17.21.22:124][ 29]LogModuleManager: Shutting down and abandoning module WebSockets (70)
[2020.10.20-17.21.22:157][ 29]LogModuleManager: Shutting down and abandoning module HTTP (67)
[2020.10.20-17.21.22:182][ 29]LogModuleManager: Shutting down and abandoning module SSL (66)
[2020.10.20-17.21.22:184][ 29]LogModuleManager: Shutting down and abandoning module WmfMedia (62)
[2020.10.20-17.21.22:185][ 29]LogModuleManager: Shutting down and abandoning module Media (61)
[2020.10.20-17.21.22:186][ 29]LogModuleManager: Shutting down and abandoning module MagicLeap (58)
[2020.10.20-17.21.22:186][ 29]LogModuleManager: Shutting down and abandoning module NiagaraVertexFactories (56)
[2020.10.20-17.21.22:186][ 29]LogModuleManager: Shutting down and abandoning module NiagaraShader (54)
[2020.10.20-17.21.22:186][ 29]LogModuleManager: Shutting down and abandoning module VariantManagerContent (52)
[2020.10.20-17.21.22:186][ 29]LogModuleManager: Shutting down and abandoning module DatasmithContent (50)
[2020.10.20-17.21.22:186][ 29]LogModuleManager: Shutting down and abandoning module AISupportModule (48)
[2020.10.20-17.21.22:186][ 29]LogModuleManager: Shutting down and abandoning module DesktopPlatform (46)
[2020.10.20-17.21.22:186][ 29]LogModuleManager: Shutting down and abandoning module PlatformCryptoOpenSSL (44)
[2020.10.20-17.21.22:186][ 29]LogModuleManager: Shutting down and abandoning module PlatformCryptoTypes (42)
[2020.10.20-17.21.22:186][ 29]LogModuleManager: Shutting down and abandoning module PlatformCrypto (40)
[2020.10.20-17.21.22:186][ 29]LogModuleManager: Shutting down and abandoning module AnimationModifiers (38)
[2020.10.20-17.21.22:186][ 29]LogModuleManager: Shutting down and abandoning module PropertyEditor (37)
[2020.10.20-17.21.22:186][ 29]LogModuleManager: Shutting down and abandoning module AudioEditor (34)
[2020.10.20-17.21.22:186][ 29]LogModuleManager: Shutting down and abandoning module TextureCompressor (32)
[2020.10.20-17.21.22:186][ 29]LogModuleManager: Shutting down and abandoning module RenderCore (30)
[2020.10.20-17.21.22:186][ 29]LogModuleManager: Shutting down and abandoning module Landscape (28)
[2020.10.20-17.21.22:187][ 29]LogModuleManager: Shutting down and abandoning module SlateRHIRenderer (26)
[2020.10.20-17.21.22:187][ 29]LogModuleManager: Shutting down and abandoning module OpenGLDrv (24)
[2020.10.20-17.21.22:187][ 29]LogModuleManager: Shutting down and abandoning module D3D11RHI (22)
[2020.10.20-17.21.22:187][ 29]LogModuleManager: Shutting down and abandoning module AnimGraphRuntime (20)
[2020.10.20-17.21.22:187][ 29]LogModuleManager: Shutting down and abandoning module Renderer (18)
[2020.10.20-17.21.22:187][ 29]LogModuleManager: Shutting down and abandoning module Engine (16)
[2020.10.20-17.21.22:187][ 29]LogModuleManager: Shutting down and abandoning module CoreUObject (14)
[2020.10.20-17.21.22:187][ 29]LogModuleManager: Shutting down and abandoning module NetworkFile (12)
[2020.10.20-17.21.22:187][ 29]LogModuleManager: Shutting down and abandoning module CookedIterativeFile (10)
[2020.10.20-17.21.22:187][ 29]LogModuleManager: Shutting down and abandoning module StreamingFile (8)
[2020.10.20-17.21.22:187][ 29]LogModuleManager: Shutting down and abandoning module SandboxFile (6)
[2020.10.20-17.21.22:187][ 29]LogModuleManager: Shutting down and abandoning module PakFile (4)
[2020.10.20-17.21.22:187][ 29]LogModuleManager: Shutting down and abandoning module RSA (3)
[2020.10.20-17.21.22:560][ 29]LogContentStreaming: Display: There are 1 unreleased StreamingManagers
[2020.10.20-17.21.22:560][ 29]LogD3D11RHI: Shutdown
[2020.10.20-17.21.22:560][ 29]LogD3D11RHI: CleanupD3DDevice
[2020.10.20-17.21.22:572][ 29]LogExit: Exiting.
[2020.10.20-17.21.22:600][ 29]Log file closed, 10/21/20 00:21:22
