Log file open, 11/15/20 14:39:32
LogInit: Display: Running engine for game: BattleChess_Game
LogPlatformFile: Not using cached read wrapper
LogTaskGraph: Started task graph with 5 named threads and 23 total threads with 3 sets of task threads.
LogStats: Stats thread started at 0.238553
LogD3D11RHI: Loaded GFSDK_Aftermath_Lib.x64.dll
LogICUInternationalization: ICU TimeZone Detection - Raw Offset: +7:00, Platform Override: ''
LogPluginManager: Mounting plugin Paper2D
LogPluginManager: Mounting plugin AISupport
LogPluginManager: Mounting plugin LightPropagationVolume
LogPluginManager: Mounting plugin CameraShakePreviewer
LogPluginManager: Mounting plugin ActorLayerUtilities
LogPluginManager: Mounting plugin AnimationSharing
LogPluginManager: Mounting plugin CLionSourceCodeAccess
LogPluginManager: Mounting plugin CodeLiteSourceCodeAccess
LogPluginManager: Mounting plugin GitSourceControl
LogPluginManager: Mounting plugin KDevelopSourceCodeAccess
LogPluginManager: Mounting plugin NullSourceCodeAccess
LogPluginManager: Mounting plugin PerforceSourceControl
LogPluginManager: Mounting plugin PlasticSourceControl
LogPluginManager: Mounting plugin RiderSourceCodeAccess
LogPluginManager: Mounting plugin SubversionSourceControl
LogPluginManager: Mounting plugin UObjectPlugin
LogPluginManager: Mounting plugin VisualStudioCodeSourceCodeAccess
LogPluginManager: Mounting plugin VisualStudioSourceCodeAccess
LogPluginManager: Mounting plugin XCodeSourceCodeAccess
LogPluginManager: Mounting plugin AssetManagerEditor
LogPluginManager: Mounting plugin CryptoKeys
LogPluginManager: Mounting plugin CurveEditorTools
LogPluginManager: Mounting plugin DataValidation
LogPluginManager: Mounting plugin EditorScriptingUtilities
LogPluginManager: Mounting plugin FacialAnimation
LogPluginManager: Mounting plugin GameplayTagsEditor
LogPluginManager: Mounting plugin GeometryMode
LogPluginManager: Mounting plugin MacGraphicsSwitching
LogPluginManager: Mounting plugin MaterialAnalyzer
LogPluginManager: Mounting plugin MobileLauncherProfileWizard
LogPluginManager: Mounting plugin PluginBrowser
LogPluginManager: Mounting plugin SpeedTreeImporter
LogPluginManager: Mounting plugin DatasmithContent
LogPluginManager: Mounting plugin VariantManagerContent
LogPluginManager: Mounting plugin AlembicImporter
LogPluginManager: Mounting plugin AutomationUtils
LogPluginManager: Mounting plugin BackChannel
LogPluginManager: Mounting plugin ChaosCloth
LogPluginManager: Mounting plugin ChaosClothEditor
LogPluginManager: Mounting plugin ChaosEditor
LogPluginManager: Mounting plugin ChaosNiagara
LogPluginManager: Mounting plugin ChaosSolverPlugin
LogPluginManager: Mounting plugin CharacterAI
LogPluginManager: Mounting plugin GeometryCache
LogPluginManager: Mounting plugin GeometryCollectionPlugin
LogPluginManager: Mounting plugin GeometryProcessing
LogPluginManager: Mounting plugin PlanarCut
LogPluginManager: Mounting plugin PlatformCrypto
LogPluginManager: Mounting plugin ProxyLODPlugin
LogPluginManager: Mounting plugin SkeletalReduction
LogPluginManager: Mounting plugin Niagara
LogPluginManager: Mounting plugin MagicLeap
LogPluginManager: Mounting plugin MagicLeapLightEstimation
LogPluginManager: Mounting plugin MagicLeapMedia
LogPluginManager: Mounting plugin MagicLeapPassableWorld
LogPluginManager: Mounting plugin MLSDK
LogPluginManager: Mounting plugin AndroidMedia
LogPluginManager: Mounting plugin AvfMedia
LogPluginManager: Mounting plugin ImgMedia
LogPluginManager: Mounting plugin MediaCompositing
LogPluginManager: Mounting plugin MediaPlayerEditor
LogPluginManager: Mounting plugin WebMMedia
LogPluginManager: Mounting plugin WmfMedia
LogPluginManager: Mounting plugin MeshPainting
LogPluginManager: Mounting plugin TcpMessaging
LogPluginManager: Mounting plugin UdpMessaging
LogPluginManager: Mounting plugin ActorSequence
LogPluginManager: Mounting plugin LevelSequenceEditor
LogPluginManager: Mounting plugin MatineeToLevelSequence
LogPluginManager: Mounting plugin MovieRenderPipeline
LogPluginManager: Mounting plugin TemplateSequence
LogPluginManager: Mounting plugin NetcodeUnitTest
LogPluginManager: Mounting plugin NUTUnrealEngine4
LogPluginManager: Mounting plugin OnlineSubsystemGooglePlay
LogPluginManager: Mounting plugin OnlineSubsystemIOS
LogPluginManager: Mounting plugin OnlineSubsystem
LogPluginManager: Mounting plugin OnlineSubsystemNull
LogPluginManager: Mounting plugin OnlineSubsystemSteam
LogPluginManager: Mounting plugin OnlineSubsystemUtils
LogPluginManager: Mounting plugin LauncherChunkInstaller
LogPluginManager: Mounting plugin AndroidDeviceProfileSelector
LogPluginManager: Mounting plugin AndroidMoviePlayer
LogPluginManager: Mounting plugin AndroidPermission
LogPluginManager: Mounting plugin AppleImageUtils
LogPluginManager: Mounting plugin AppleMoviePlayer
LogPluginManager: Mounting plugin ArchVisCharacter
LogPluginManager: Mounting plugin AssetTags
LogPluginManager: Mounting plugin AudioCapture
LogPluginManager: Mounting plugin CableComponent
LogPluginManager: Mounting plugin CustomMeshComponent
LogPluginManager: Mounting plugin EditableMesh
LogPluginManager: Mounting plugin ExampleDeviceProfileSelector
LogPluginManager: Mounting plugin GoogleCloudMessaging
LogPluginManager: Mounting plugin GooglePAD
LogPluginManager: Mounting plugin IOSDeviceProfileSelector
LogPluginManager: Mounting plugin LinuxDeviceProfileSelector
LogPluginManager: Mounting plugin LocationServicesBPLibrary
LogPluginManager: Mounting plugin MobilePatchingUtils
LogPluginManager: Mounting plugin OculusVR
LogPluginManager: Mounting plugin PhysXVehicles
LogPluginManager: Mounting plugin PostSplashScreen
LogPluginManager: Mounting plugin ProceduralMeshComponent
LogPluginManager: Mounting plugin RuntimePhysXCooking
LogPluginManager: Mounting plugin SignificanceManager
LogPluginManager: Mounting plugin SoundFields
LogPluginManager: Mounting plugin SteamShared
LogPluginManager: Mounting plugin SteamVR
LogPluginManager: Mounting plugin Synthesis
LogPluginManager: Mounting plugin WebMMoviePlayer
LogPluginManager: Mounting plugin WindowsMoviePlayer
LogPluginManager: Mounting plugin ScreenshotTools
LogInit: Using libcurl 7.55.1-DEV
LogInit:  - built for x86_64-pc-win32
LogInit:  - supports SSL with OpenSSL/1.1.1
LogInit:  - supports HTTP deflate (compression) using libz 1.2.8
LogInit:  - other features:
LogInit:      CURL_VERSION_SSL
LogInit:      CURL_VERSION_LIBZ
LogInit:      CURL_VERSION_IPV6
LogInit:      CURL_VERSION_ASYNCHDNS
LogInit:      CURL_VERSION_LARGEFILE
LogInit:      CURL_VERSION_IDN
LogInit:  CurlRequestOptions (configurable via config and command line):
LogInit:  - bVerifyPeer = true  - Libcurl will verify peer certificate
LogInit:  - bUseHttpProxy = false  - Libcurl will NOT use HTTP proxy
LogInit:  - bDontReuseConnections = false  - Libcurl will reuse connections
LogInit:  - MaxHostConnections = 16  - Libcurl will limit the number of connections to a host
LogInit:  - LocalHostAddr = Default
LogInit:  - BufferSize = 65536
LogSteamShared: Display: Loading Steam SDK 1.47
LogSteamShared: Steam SDK Loaded!
LogOnline: OSS: Creating online subsystem instance for: Steam
LogOnline: Display: STEAM: OnlineSubsystemSteam::Shutdown()
LogOnline: OSS: Unable to create OnlineSubsystem module Steam
LogOnline: OSS: Creating online subsystem instance for: NULL
LogInit: WinSock: version 1.1 (2.2), MaxSocks=32767, MaxUdp=65467
LogOnline: OSS: TryLoadSubsystemAndSetDefault: Loaded subsystem for module [NULL]
LogInit: Build: ++UE4+Release-4.25-CL-13942748
LogInit: Engine Version: 4.25.3-13942748+++UE4+Release-4.25
LogInit: Compatible Engine Version: 4.25.0-13144385+++UE4+Release-4.25
LogInit: Net CL: 13144385
LogInit: OS: Windows 10 (Release 1909) (), CPU: Intel(R) Core(TM) i7-6700HQ CPU @ 2.60GHz, GPU: Intel(R) HD Graphics 530
LogInit: Compiled (64-bit): Jul 25 2020 02:07:48
LogInit: Compiled with Visual C++: 19.24.28315.00
LogInit: Build Configuration: Development
LogInit: Branch Name: ++UE4+Release-4.25
LogInit: Command Line: 
LogInit: Base Directory: D:/Program Files (x86)/Epic Games/UE_4.25/Engine/Binaries/Win64/
LogInit: Allocator: TBB
LogInit: Installed Engine Build: 1
LogDevObjectVersion: Number of dev versions registered: 26
LogDevObjectVersion:   Dev-Blueprints (B0D832E4-1F89-4F0D-ACCF-7EB736FD4AA2): 10
LogDevObjectVersion:   Dev-Build (E1C64328-A22C-4D53-A36C-8E866417BD8C): 0
LogDevObjectVersion:   Dev-Core (375EC13C-06E4-48FB-B500-84F0262A717E): 4
LogDevObjectVersion:   Dev-Editor (E4B068ED-F494-42E9-A231-DA0B2E46BB41): 38
LogDevObjectVersion:   Dev-Framework (CFFC743F-43B0-4480-9391-14DF171D2073): 37
LogDevObjectVersion:   Dev-Mobile (B02B49B5-BB20-44E9-A304-32B752E40360): 2
LogDevObjectVersion:   Dev-Networking (A4E4105C-59A1-49B5-A7C5-40C4547EDFEE): 0
LogDevObjectVersion:   Dev-Online (39C831C9-5AE6-47DC-9A44-9C173E1C8E7C): 0
LogDevObjectVersion:   Dev-Physics (78F01B33-EBEA-4F98-B9B4-84EACCB95AA2): 4
LogDevObjectVersion:   Dev-Platform (6631380F-2D4D-43E0-8009-CF276956A95A): 0
LogDevObjectVersion:   Dev-Rendering (12F88B9F-8875-4AFC-A67C-D90C383ABD29): 43
LogDevObjectVersion:   Dev-Sequencer (7B5AE74C-D270-4C10-A958-57980B212A5A): 12
LogDevObjectVersion:   Dev-VR (D7296918-1DD6-4BDD-9DE2-64A83CC13884): 3
LogDevObjectVersion:   Dev-LoadTimes (C2A15278-BFE7-4AFE-6C17-90FF531DF755): 1
LogDevObjectVersion:   Private-Geometry (6EACA3D4-40EC-4CC1-B786-8BED09428FC5): 3
LogDevObjectVersion:   Dev-AnimPhys (29E575DD-E0A3-4627-9D10-D276232CDCEA): 17
LogDevObjectVersion:   Dev-Anim (AF43A65D-7FD3-4947-9873-3E8ED9C1BB05): 7
LogDevObjectVersion:   Dev-ReflectionCapture (6B266CEC-1EC7-4B8F-A30B-E4D90942FC07): 1
LogDevObjectVersion:   Dev-Automation (0DF73D61-A23F-47EA-B727-89E90C41499A): 1
LogDevObjectVersion:   FortniteMain (601D1886-AC64-4F84-AA16-D3DE0DEAC7D6): 31
LogDevObjectVersion:   Dev-Enterprise (9DFFBCD6-494F-0158-E221-12823C92A888): 10
LogDevObjectVersion:   Dev-Niagara (F2AED0AC-9AFE-416F-8664-AA7FFA26D6FC): 1
LogDevObjectVersion:   Dev-Destruction (174F1F0B-B4C6-45A5-B13F-2EE8D0FB917D): 10
LogDevObjectVersion:   Dev-Physics-Ext (35F94A83-E258-406C-A318-09F59610247C): 37
LogDevObjectVersion:   Dev-PhysicsMaterial-Chaos (B68FC16E-8B1B-42E2-B453-215C058844FE): 1
LogDevObjectVersion:   Dev-CineCamera (B2E18506-4273-CFC2-A54E-F4BB758BBA07): 1
LogInit: Presizing for max 25165824 objects, including 0 objects not considered by GC, pre-allocating 0 bytes for permanent pool.
LogConfig: Applying CVar settings from Section [/Script/Engine.StreamingSettings] File [D:/Abiogolf/IT_KMITL/BattleChess/BattleChess_Game/Saved/Config/Windows/Engine.ini]
LogConfig: Setting CVar [[s.MinBulkDataSizeForAsyncLoading:131072]]
LogConfig: Setting CVar [[s.AsyncLoadingThreadEnabled:0]]
LogConfig: Setting CVar [[s.EventDrivenLoaderEnabled:1]]
LogConfig: Setting CVar [[s.WarnIfTimeLimitExceeded:0]]
LogConfig: Setting CVar [[s.TimeLimitExceededMultiplier:1.5]]
LogConfig: Setting CVar [[s.TimeLimitExceededMinTime:0.005]]
LogConfig: Setting CVar [[s.UseBackgroundLevelStreaming:1]]
LogConfig: Setting CVar [[s.PriorityAsyncLoadingExtraTime:15.0]]
LogConfig: Setting CVar [[s.LevelStreamingActorsUpdateTimeLimit:5.0]]
LogConfig: Setting CVar [[s.PriorityLevelStreamingActorsUpdateExtraTime:5.0]]
LogConfig: Setting CVar [[s.LevelStreamingComponentsRegistrationGranularity:10]]
LogConfig: Setting CVar [[s.UnregisterComponentsTimeLimit:1.0]]
LogConfig: Setting CVar [[s.LevelStreamingComponentsUnregistrationGranularity:5]]
LogConfig: Setting CVar [[s.FlushStreamingOnExit:1]]
LogInit: Object subsystem initialized
LogConfig: Setting CVar [[con.DebugEarlyDefault:1]]
LogConfig: Setting CVar [[r.setres:1280x720]]
[2020.11.15-07.39.33:016][  0]LogConfig: Setting CVar [[r.VSync:0]]
[2020.11.15-07.39.33:016][  0]LogConfig: Setting CVar [[r.RHICmdBypass:0]]
[2020.11.15-07.39.33:016][  0]LogConfig: Applying CVar settings from Section [/Script/Engine.RendererSettings] File [D:/Abiogolf/IT_KMITL/BattleChess/BattleChess_Game/Saved/Config/Windows/Engine.ini]
[2020.11.15-07.39.33:016][  0]LogConfig: Setting CVar [[r.GPUCrashDebugging:0]]
[2020.11.15-07.39.33:016][  0]LogConfig: Applying CVar settings from Section [/Script/Engine.RendererOverrideSettings] File [D:/Abiogolf/IT_KMITL/BattleChess/BattleChess_Game/Saved/Config/Windows/Engine.ini]
[2020.11.15-07.39.33:016][  0]LogConfig: Applying CVar settings from Section [/Script/Engine.StreamingSettings] File [D:/Abiogolf/IT_KMITL/BattleChess/BattleChess_Game/Saved/Config/Windows/Engine.ini]
[2020.11.15-07.39.33:016][  0]LogConfig: Setting CVar [[s.MinBulkDataSizeForAsyncLoading:131072]]
[2020.11.15-07.39.33:016][  0]LogConfig: Setting CVar [[s.AsyncLoadingThreadEnabled:0]]
[2020.11.15-07.39.33:016][  0]LogConfig: Setting CVar [[s.EventDrivenLoaderEnabled:1]]
[2020.11.15-07.39.33:016][  0]LogConfig: Setting CVar [[s.WarnIfTimeLimitExceeded:0]]
[2020.11.15-07.39.33:016][  0]LogConfig: Setting CVar [[s.TimeLimitExceededMultiplier:1.5]]
[2020.11.15-07.39.33:016][  0]LogConfig: Setting CVar [[s.TimeLimitExceededMinTime:0.005]]
[2020.11.15-07.39.33:016][  0]LogConfig: Setting CVar [[s.UseBackgroundLevelStreaming:1]]
[2020.11.15-07.39.33:017][  0]LogConfig: Setting CVar [[s.PriorityAsyncLoadingExtraTime:15.0]]
[2020.11.15-07.39.33:017][  0]LogConfig: Setting CVar [[s.LevelStreamingActorsUpdateTimeLimit:5.0]]
[2020.11.15-07.39.33:017][  0]LogConfig: Setting CVar [[s.PriorityLevelStreamingActorsUpdateExtraTime:5.0]]
[2020.11.15-07.39.33:017][  0]LogConfig: Setting CVar [[s.LevelStreamingComponentsRegistrationGranularity:10]]
[2020.11.15-07.39.33:017][  0]LogConfig: Setting CVar [[s.UnregisterComponentsTimeLimit:1.0]]
[2020.11.15-07.39.33:017][  0]LogConfig: Setting CVar [[s.LevelStreamingComponentsUnregistrationGranularity:5]]
[2020.11.15-07.39.33:017][  0]LogConfig: Setting CVar [[s.FlushStreamingOnExit:1]]
[2020.11.15-07.39.33:017][  0]LogConfig: Applying CVar settings from Section [/Script/Engine.GarbageCollectionSettings] File [D:/Abiogolf/IT_KMITL/BattleChess/BattleChess_Game/Saved/Config/Windows/Engine.ini]
[2020.11.15-07.39.33:017][  0]LogConfig: Setting CVar [[gc.MaxObjectsNotConsideredByGC:1]]
[2020.11.15-07.39.33:017][  0]LogConfig: Setting CVar [[gc.SizeOfPermanentObjectPool:0]]
[2020.11.15-07.39.33:017][  0]LogConfig: Setting CVar [[gc.FlushStreamingOnGC:0]]
[2020.11.15-07.39.33:017][  0]LogConfig: Setting CVar [[gc.NumRetriesBeforeForcingGC:10]]
[2020.11.15-07.39.33:017][  0]LogConfig: Setting CVar [[gc.AllowParallelGC:1]]
[2020.11.15-07.39.33:017][  0]LogConfig: Setting CVar [[gc.TimeBetweenPurgingPendingKillObjects:61.1]]
[2020.11.15-07.39.33:017][  0]LogConfig: Setting CVar [[gc.MaxObjectsInEditor:25165824]]
[2020.11.15-07.39.33:017][  0]LogConfig: Setting CVar [[gc.IncrementalBeginDestroyEnabled:1]]
[2020.11.15-07.39.33:017][  0]LogConfig: Setting CVar [[gc.CreateGCClusters:1]]
[2020.11.15-07.39.33:017][  0]LogConfig: Setting CVar [[gc.MinGCClusterSize:5]]
[2020.11.15-07.39.33:017][  0]LogConfig: Setting CVar [[gc.ActorClusteringEnabled:0]]
[2020.11.15-07.39.33:017][  0]LogConfig: Setting CVar [[gc.BlueprintClusteringEnabled:0]]
[2020.11.15-07.39.33:017][  0]LogConfig: Setting CVar [[gc.UseDisregardForGCOnDedicatedServers:0]]
[2020.11.15-07.39.33:017][  0]LogConfig: Applying CVar settings from Section [/Script/Engine.NetworkSettings] File [D:/Abiogolf/IT_KMITL/BattleChess/BattleChess_Game/Saved/Config/Windows/Engine.ini]
[2020.11.15-07.39.33:017][  0]LogConfig: Applying CVar settings from Section [/Script/UnrealEd.CookerSettings] File [D:/Abiogolf/IT_KMITL/BattleChess/BattleChess_Game/Saved/Config/Windows/Engine.ini]
[2020.11.15-07.39.33:020][  0]LogConfig: Applying CVar settings from Section [ViewDistanceQuality@3] File [D:/Abiogolf/IT_KMITL/BattleChess/BattleChess_Game/Saved/Config/Windows/Scalability.ini]
[2020.11.15-07.39.33:020][  0]LogConfig: Setting CVar [[r.SkeletalMeshLODBias:0]]
[2020.11.15-07.39.33:020][  0]LogConfig: Setting CVar [[r.ViewDistanceScale:1.0]]
[2020.11.15-07.39.33:020][  0]LogConfig: Applying CVar settings from Section [AntiAliasingQuality@3] File [D:/Abiogolf/IT_KMITL/BattleChess/BattleChess_Game/Saved/Config/Windows/Scalability.ini]
[2020.11.15-07.39.33:020][  0]LogConfig: Setting CVar [[r.PostProcessAAQuality:4]]
[2020.11.15-07.39.33:020][  0]LogConfig: Applying CVar settings from Section [ShadowQuality@3] File [D:/Abiogolf/IT_KMITL/BattleChess/BattleChess_Game/Saved/Config/Windows/Scalability.ini]
[2020.11.15-07.39.33:020][  0]LogConfig: Setting CVar [[r.LightFunctionQuality:1]]
[2020.11.15-07.39.33:020][  0]LogConfig: Setting CVar [[r.ShadowQuality:5]]
[2020.11.15-07.39.33:020][  0]LogConfig: Setting CVar [[r.Shadow.CSM.MaxCascades:10]]
[2020.11.15-07.39.33:020][  0]LogConfig: Setting CVar [[r.Shadow.MaxResolution:2048]]
[2020.11.15-07.39.33:020][  0]LogConfig: Setting CVar [[r.Shadow.MaxCSMResolution:2048]]
[2020.11.15-07.39.33:020][  0]LogConfig: Setting CVar [[r.Shadow.RadiusThreshold:0.01]]
[2020.11.15-07.39.33:020][  0]LogConfig: Setting CVar [[r.Shadow.DistanceScale:1.0]]
[2020.11.15-07.39.33:020][  0]LogConfig: Setting CVar [[r.Shadow.CSM.TransitionScale:1.0]]
[2020.11.15-07.39.33:020][  0]LogConfig: Setting CVar [[r.Shadow.PreShadowResolutionFactor:1.0]]
[2020.11.15-07.39.33:020][  0]LogConfig: Setting CVar [[r.DistanceFieldShadowing:1]]
[2020.11.15-07.39.33:020][  0]LogConfig: Setting CVar [[r.DistanceFieldAO:1]]
[2020.11.15-07.39.33:020][  0]LogConfig: Setting CVar [[r.AOQuality:2]]
[2020.11.15-07.39.33:020][  0]LogConfig: Setting CVar [[r.VolumetricFog:1]]
[2020.11.15-07.39.33:020][  0]LogConfig: Setting CVar [[r.VolumetricFog.GridPixelSize:8]]
[2020.11.15-07.39.33:020][  0]LogConfig: Setting CVar [[r.VolumetricFog.GridSizeZ:128]]
[2020.11.15-07.39.33:020][  0]LogConfig: Setting CVar [[r.VolumetricFog.HistoryMissSupersampleCount:4]]
[2020.11.15-07.39.33:020][  0]LogConfig: Setting CVar [[r.LightMaxDrawDistanceScale:1]]
[2020.11.15-07.39.33:020][  0]LogConfig: Setting CVar [[r.CapsuleShadows:1]]
[2020.11.15-07.39.33:020][  0]LogConfig: Applying CVar settings from Section [PostProcessQuality@3] File [D:/Abiogolf/IT_KMITL/BattleChess/BattleChess_Game/Saved/Config/Windows/Scalability.ini]
[2020.11.15-07.39.33:021][  0]LogConfig: Setting CVar [[r.MotionBlurQuality:4]]
[2020.11.15-07.39.33:021][  0]LogConfig: Setting CVar [[r.AmbientOcclusionMipLevelFactor:0.4]]
[2020.11.15-07.39.33:021][  0]LogConfig: Setting CVar [[r.AmbientOcclusionMaxQuality:100]]
[2020.11.15-07.39.33:021][  0]LogConfig: Setting CVar [[r.AmbientOcclusionLevels:-1]]
[2020.11.15-07.39.33:021][  0]LogConfig: Setting CVar [[r.AmbientOcclusionRadiusScale:1.0]]
[2020.11.15-07.39.33:021][  0]LogConfig: Setting CVar [[r.DepthOfFieldQuality:2]]
[2020.11.15-07.39.33:021][  0]LogConfig: Setting CVar [[r.RenderTargetPoolMin:400]]
[2020.11.15-07.39.33:021][  0]LogConfig: Setting CVar [[r.LensFlareQuality:2]]
[2020.11.15-07.39.33:021][  0]LogConfig: Setting CVar [[r.SceneColorFringeQuality:1]]
[2020.11.15-07.39.33:021][  0]LogConfig: Setting CVar [[r.EyeAdaptationQuality:2]]
[2020.11.15-07.39.33:021][  0]LogConfig: Setting CVar [[r.BloomQuality:5]]
[2020.11.15-07.39.33:021][  0]LogConfig: Setting CVar [[r.FastBlurThreshold:100]]
[2020.11.15-07.39.33:021][  0]LogConfig: Setting CVar [[r.Upscale.Quality:3]]
[2020.11.15-07.39.33:021][  0]LogConfig: Setting CVar [[r.Tonemapper.GrainQuantization:1]]
[2020.11.15-07.39.33:021][  0]LogConfig: Setting CVar [[r.LightShaftQuality:1]]
[2020.11.15-07.39.33:021][  0]LogConfig: Setting CVar [[r.Filter.SizeScale:1]]
[2020.11.15-07.39.33:021][  0]LogConfig: Setting CVar [[r.Tonemapper.Quality:5]]
[2020.11.15-07.39.33:021][  0]LogConfig: Setting CVar [[r.DOF.Gather.AccumulatorQuality:1        ; higher gathering accumulator quality]]
[2020.11.15-07.39.33:021][  0]LogConfig: Setting CVar [[r.DOF.Gather.PostfilterMethod:1          ; Median3x3 postfilering method]]
[2020.11.15-07.39.33:021][  0]LogConfig: Setting CVar [[r.DOF.Gather.EnableBokehSettings:0       ; no bokeh simulation when gathering]]
[2020.11.15-07.39.33:021][  0]LogConfig: Setting CVar [[r.DOF.Gather.RingCount:4                 ; medium number of samples when gathering]]
[2020.11.15-07.39.33:021][  0]LogConfig: Setting CVar [[r.DOF.Scatter.ForegroundCompositing:1    ; additive foreground scattering]]
[2020.11.15-07.39.33:021][  0]LogConfig: Setting CVar [[r.DOF.Scatter.BackgroundCompositing:2    ; additive background scattering]]
[2020.11.15-07.39.33:021][  0]LogConfig: Setting CVar [[r.DOF.Scatter.EnableBokehSettings:1      ; bokeh simulation when scattering]]
[2020.11.15-07.39.33:021][  0]LogConfig: Setting CVar [[r.DOF.Scatter.MaxSpriteRatio:0.1         ; only a maximum of 10% of scattered bokeh]]
[2020.11.15-07.39.33:021][  0]LogConfig: Setting CVar [[r.DOF.Recombine.Quality:1                ; cheap slight out of focus]]
[2020.11.15-07.39.33:021][  0]LogConfig: Setting CVar [[r.DOF.Recombine.EnableBokehSettings:0    ; no bokeh simulation on slight out of focus]]
[2020.11.15-07.39.33:021][  0]LogConfig: Setting CVar [[r.DOF.TemporalAAQuality:1                ; more stable temporal accumulation]]
[2020.11.15-07.39.33:021][  0]LogConfig: Setting CVar [[r.DOF.Kernel.MaxForegroundRadius:0.025]]
[2020.11.15-07.39.33:021][  0]LogConfig: Setting CVar [[r.DOF.Kernel.MaxBackgroundRadius:0.025]]
[2020.11.15-07.39.33:021][  0]LogConfig: Applying CVar settings from Section [TextureQuality@3] File [D:/Abiogolf/IT_KMITL/BattleChess/BattleChess_Game/Saved/Config/Windows/Scalability.ini]
[2020.11.15-07.39.33:021][  0]LogConfig: Setting CVar [[r.Streaming.MipBias:0]]
[2020.11.15-07.39.33:021][  0]LogConfig: Setting CVar [[r.Streaming.AmortizeCPUToGPUCopy:0]]
[2020.11.15-07.39.33:021][  0]LogConfig: Setting CVar [[r.Streaming.MaxNumTexturesToStreamPerFrame:0]]
[2020.11.15-07.39.33:021][  0]LogConfig: Setting CVar [[r.Streaming.Boost:1]]
[2020.11.15-07.39.33:021][  0]LogConfig: Setting CVar [[r.MaxAnisotropy:8]]
[2020.11.15-07.39.33:021][  0]LogConfig: Setting CVar [[r.VT.MaxAnisotropy:8]]
[2020.11.15-07.39.33:021][  0]LogConfig: Setting CVar [[r.Streaming.LimitPoolSizeToVRAM:0]]
[2020.11.15-07.39.33:021][  0]LogConfig: Setting CVar [[r.Streaming.PoolSize:1000]]
[2020.11.15-07.39.33:021][  0]LogConfig: Setting CVar [[r.Streaming.MaxEffectiveScreenSize:0]]
[2020.11.15-07.39.33:021][  0]LogConfig: Applying CVar settings from Section [EffectsQuality@3] File [D:/Abiogolf/IT_KMITL/BattleChess/BattleChess_Game/Saved/Config/Windows/Scalability.ini]
[2020.11.15-07.39.33:021][  0]LogConfig: Setting CVar [[r.TranslucencyLightingVolumeDim:64]]
[2020.11.15-07.39.33:021][  0]LogConfig: Setting CVar [[r.RefractionQuality:2]]
[2020.11.15-07.39.33:021][  0]LogConfig: Setting CVar [[r.SSR.Quality:3]]
[2020.11.15-07.39.33:021][  0]LogConfig: Setting CVar [[r.SSR.HalfResSceneColor:0]]
[2020.11.15-07.39.33:021][  0]LogConfig: Setting CVar [[r.SceneColorFormat:4]]
[2020.11.15-07.39.33:021][  0]LogConfig: Setting CVar [[r.DetailMode:2]]
[2020.11.15-07.39.33:021][  0]LogConfig: Setting CVar [[r.TranslucencyVolumeBlur:1]]
[2020.11.15-07.39.33:021][  0]LogConfig: Setting CVar [[r.MaterialQualityLevel:1 ; High quality]]
[2020.11.15-07.39.33:021][  0]LogConfig: Setting CVar [[r.SSS.Scale:1]]
[2020.11.15-07.39.33:022][  0]LogConfig: Setting CVar [[r.SSS.SampleSet:2]]
[2020.11.15-07.39.33:022][  0]LogConfig: Setting CVar [[r.SSS.Quality:1]]
[2020.11.15-07.39.33:022][  0]LogConfig: Setting CVar [[r.SSS.HalfRes:0]]
[2020.11.15-07.39.33:022][  0]LogConfig: Setting CVar [[r.SSGI.Quality:3]]
[2020.11.15-07.39.33:022][  0]LogConfig: Setting CVar [[r.EmitterSpawnRateScale:1.0]]
[2020.11.15-07.39.33:022][  0]LogConfig: Setting CVar [[r.ParticleLightQuality:2]]
[2020.11.15-07.39.33:022][  0]LogConfig: Setting CVar [[r.SkyAtmosphere.AerialPerspectiveLUT.FastApplyOnOpaque:1 ; Always have FastSkyLUT 1 in this case to avoid wrong sky]]
[2020.11.15-07.39.33:022][  0]LogConfig: Setting CVar [[r.SkyAtmosphere.AerialPerspectiveLUT.SampleCountPerSlice:1]]
[2020.11.15-07.39.33:022][  0]LogConfig: Setting CVar [[r.SkyAtmosphere.AerialPerspectiveLUT.DepthResolution:16.0]]
[2020.11.15-07.39.33:022][  0]LogConfig: Setting CVar [[r.SkyAtmosphere.FastSkyLUT:1]]
[2020.11.15-07.39.33:022][  0]LogConfig: Setting CVar [[r.SkyAtmosphere.FastSkyLUT.SampleCountMin:4.0]]
[2020.11.15-07.39.33:022][  0]LogConfig: Setting CVar [[r.SkyAtmosphere.FastSkyLUT.SampleCountMax:32.0]]
[2020.11.15-07.39.33:022][  0]LogConfig: Setting CVar [[r.SkyAtmosphere.SampleCountMin:4.0]]
[2020.11.15-07.39.33:022][  0]LogConfig: Setting CVar [[r.SkyAtmosphere.SampleCountMax:32.0]]
[2020.11.15-07.39.33:022][  0]LogConfig: Setting CVar [[r.SkyAtmosphere.TransmittanceLUT.UseSmallFormat:0]]
[2020.11.15-07.39.33:022][  0]LogConfig: Setting CVar [[r.SkyAtmosphere.TransmittanceLUT.SampleCount:10.0]]
[2020.11.15-07.39.33:022][  0]LogConfig: Setting CVar [[r.SkyAtmosphere.MultiScatteringLUT.SampleCount:15.0]]
[2020.11.15-07.39.33:022][  0]LogConfig: Applying CVar settings from Section [FoliageQuality@3] File [D:/Abiogolf/IT_KMITL/BattleChess/BattleChess_Game/Saved/Config/Windows/Scalability.ini]
[2020.11.15-07.39.33:022][  0]LogConfig: Setting CVar [[foliage.DensityScale:1.0]]
[2020.11.15-07.39.33:022][  0]LogConfig: Setting CVar [[grass.DensityScale:1.0]]
[2020.11.15-07.39.33:022][  0]LogConfig: Applying CVar settings from Section [ShadingQuality@3] File [D:/Abiogolf/IT_KMITL/BattleChess/BattleChess_Game/Saved/Config/Windows/Scalability.ini]
[2020.11.15-07.39.33:022][  0]LogConfig: Setting CVar [[r.HairStrands.SkyLighting.SampleCount:16]]
[2020.11.15-07.39.33:022][  0]LogConfig: Setting CVar [[r.HairStrands.SkyLighting.JitterIntegration:0]]
[2020.11.15-07.39.33:022][  0]LogConfig: Setting CVar [[r.HairStrands.SkyAO.SampleCount:16]]
[2020.11.15-07.39.33:022][  0]LogConfig: Setting CVar [[r.HairStrands.DeepShadow.SuperSampling:0]]
[2020.11.15-07.39.33:022][  0]LogConfig: Setting CVar [[r.HairStrands.VisibilityPPLL:0]]
[2020.11.15-07.39.33:022][  0]LogConfig: Setting CVar [[r.HairStrands.RasterizationScale:0.5]]
[2020.11.15-07.39.33:022][  0]LogConfig: Setting CVar [[r.HairStrands.VelocityRasterizationScale:1]]
[2020.11.15-07.39.33:022][  0]LogInit: Selected Device Profile: [Windows]
[2020.11.15-07.39.33:022][  0]LogInit: Applying CVar settings loaded from the selected device profile: [Windows]
[2020.11.15-07.39.33:022][  0]LogHAL: Display: Platform has ~ 8 GB [8460451840 / 8589934592 / 8], which maps to Default [LargestMinGB=32, LargerMinGB=12, DefaultMinGB=8, SmallerMinGB=6, SmallestMinGB=0)
[2020.11.15-07.39.33:022][  0]LogInit: Going up to parent DeviceProfile []
[2020.11.15-07.39.33:022][  0]LogConfig: Applying CVar settings from Section [ViewDistanceQuality@3] File [D:/Abiogolf/IT_KMITL/BattleChess/BattleChess_Game/Saved/Config/Windows/Scalability.ini]
[2020.11.15-07.39.33:022][  0]LogConfig: Setting CVar [[r.SkeletalMeshLODBias:0]]
[2020.11.15-07.39.33:022][  0]LogConfig: Setting CVar [[r.ViewDistanceScale:1.0]]
[2020.11.15-07.39.33:022][  0]LogConfig: Applying CVar settings from Section [AntiAliasingQuality@3] File [D:/Abiogolf/IT_KMITL/BattleChess/BattleChess_Game/Saved/Config/Windows/Scalability.ini]
[2020.11.15-07.39.33:022][  0]LogConfig: Setting CVar [[r.PostProcessAAQuality:4]]
[2020.11.15-07.39.33:022][  0]LogConfig: Applying CVar settings from Section [ShadowQuality@3] File [D:/Abiogolf/IT_KMITL/BattleChess/BattleChess_Game/Saved/Config/Windows/Scalability.ini]
[2020.11.15-07.39.33:022][  0]LogConfig: Setting CVar [[r.LightFunctionQuality:1]]
[2020.11.15-07.39.33:022][  0]LogConfig: Setting CVar [[r.ShadowQuality:5]]
[2020.11.15-07.39.33:022][  0]LogConfig: Setting CVar [[r.Shadow.CSM.MaxCascades:10]]
[2020.11.15-07.39.33:022][  0]LogConfig: Setting CVar [[r.Shadow.MaxResolution:2048]]
[2020.11.15-07.39.33:022][  0]LogConfig: Setting CVar [[r.Shadow.MaxCSMResolution:2048]]
[2020.11.15-07.39.33:022][  0]LogConfig: Setting CVar [[r.Shadow.RadiusThreshold:0.01]]
[2020.11.15-07.39.33:022][  0]LogConfig: Setting CVar [[r.Shadow.DistanceScale:1.0]]
[2020.11.15-07.39.33:022][  0]LogConfig: Setting CVar [[r.Shadow.CSM.TransitionScale:1.0]]
[2020.11.15-07.39.33:023][  0]LogConfig: Setting CVar [[r.Shadow.PreShadowResolutionFactor:1.0]]
[2020.11.15-07.39.33:023][  0]LogConfig: Setting CVar [[r.DistanceFieldShadowing:1]]
[2020.11.15-07.39.33:023][  0]LogConfig: Setting CVar [[r.DistanceFieldAO:1]]
[2020.11.15-07.39.33:023][  0]LogConfig: Setting CVar [[r.AOQuality:2]]
[2020.11.15-07.39.33:023][  0]LogConfig: Setting CVar [[r.VolumetricFog:1]]
[2020.11.15-07.39.33:023][  0]LogConfig: Setting CVar [[r.VolumetricFog.GridPixelSize:8]]
[2020.11.15-07.39.33:023][  0]LogConfig: Setting CVar [[r.VolumetricFog.GridSizeZ:128]]
[2020.11.15-07.39.33:023][  0]LogConfig: Setting CVar [[r.VolumetricFog.HistoryMissSupersampleCount:4]]
[2020.11.15-07.39.33:023][  0]LogConfig: Setting CVar [[r.LightMaxDrawDistanceScale:1]]
[2020.11.15-07.39.33:023][  0]LogConfig: Setting CVar [[r.CapsuleShadows:1]]
[2020.11.15-07.39.33:023][  0]LogConfig: Applying CVar settings from Section [PostProcessQuality@3] File [D:/Abiogolf/IT_KMITL/BattleChess/BattleChess_Game/Saved/Config/Windows/Scalability.ini]
[2020.11.15-07.39.33:023][  0]LogConfig: Setting CVar [[r.MotionBlurQuality:4]]
[2020.11.15-07.39.33:023][  0]LogConfig: Setting CVar [[r.AmbientOcclusionMipLevelFactor:0.4]]
[2020.11.15-07.39.33:023][  0]LogConfig: Setting CVar [[r.AmbientOcclusionMaxQuality:100]]
[2020.11.15-07.39.33:023][  0]LogConfig: Setting CVar [[r.AmbientOcclusionLevels:-1]]
[2020.11.15-07.39.33:023][  0]LogConfig: Setting CVar [[r.AmbientOcclusionRadiusScale:1.0]]
[2020.11.15-07.39.33:023][  0]LogConfig: Setting CVar [[r.DepthOfFieldQuality:2]]
[2020.11.15-07.39.33:023][  0]LogConfig: Setting CVar [[r.RenderTargetPoolMin:400]]
[2020.11.15-07.39.33:023][  0]LogConfig: Setting CVar [[r.LensFlareQuality:2]]
[2020.11.15-07.39.33:023][  0]LogConfig: Setting CVar [[r.SceneColorFringeQuality:1]]
[2020.11.15-07.39.33:023][  0]LogConfig: Setting CVar [[r.EyeAdaptationQuality:2]]
[2020.11.15-07.39.33:023][  0]LogConfig: Setting CVar [[r.BloomQuality:5]]
[2020.11.15-07.39.33:023][  0]LogConfig: Setting CVar [[r.FastBlurThreshold:100]]
[2020.11.15-07.39.33:023][  0]LogConfig: Setting CVar [[r.Upscale.Quality:3]]
[2020.11.15-07.39.33:023][  0]LogConfig: Setting CVar [[r.Tonemapper.GrainQuantization:1]]
[2020.11.15-07.39.33:023][  0]LogConfig: Setting CVar [[r.LightShaftQuality:1]]
[2020.11.15-07.39.33:023][  0]LogConfig: Setting CVar [[r.Filter.SizeScale:1]]
[2020.11.15-07.39.33:023][  0]LogConfig: Setting CVar [[r.Tonemapper.Quality:5]]
[2020.11.15-07.39.33:023][  0]LogConfig: Setting CVar [[r.DOF.Gather.AccumulatorQuality:1        ; higher gathering accumulator quality]]
[2020.11.15-07.39.33:023][  0]LogConfig: Setting CVar [[r.DOF.Gather.PostfilterMethod:1          ; Median3x3 postfilering method]]
[2020.11.15-07.39.33:023][  0]LogConfig: Setting CVar [[r.DOF.Gather.EnableBokehSettings:0       ; no bokeh simulation when gathering]]
[2020.11.15-07.39.33:023][  0]LogConfig: Setting CVar [[r.DOF.Gather.RingCount:4                 ; medium number of samples when gathering]]
[2020.11.15-07.39.33:023][  0]LogConfig: Setting CVar [[r.DOF.Scatter.ForegroundCompositing:1    ; additive foreground scattering]]
[2020.11.15-07.39.33:023][  0]LogConfig: Setting CVar [[r.DOF.Scatter.BackgroundCompositing:2    ; additive background scattering]]
[2020.11.15-07.39.33:023][  0]LogConfig: Setting CVar [[r.DOF.Scatter.EnableBokehSettings:1      ; bokeh simulation when scattering]]
[2020.11.15-07.39.33:023][  0]LogConfig: Setting CVar [[r.DOF.Scatter.MaxSpriteRatio:0.1         ; only a maximum of 10% of scattered bokeh]]
[2020.11.15-07.39.33:023][  0]LogConfig: Setting CVar [[r.DOF.Recombine.Quality:1                ; cheap slight out of focus]]
[2020.11.15-07.39.33:023][  0]LogConfig: Setting CVar [[r.DOF.Recombine.EnableBokehSettings:0    ; no bokeh simulation on slight out of focus]]
[2020.11.15-07.39.33:023][  0]LogConfig: Setting CVar [[r.DOF.TemporalAAQuality:1                ; more stable temporal accumulation]]
[2020.11.15-07.39.33:023][  0]LogConfig: Setting CVar [[r.DOF.Kernel.MaxForegroundRadius:0.025]]
[2020.11.15-07.39.33:023][  0]LogConfig: Setting CVar [[r.DOF.Kernel.MaxBackgroundRadius:0.025]]
[2020.11.15-07.39.33:023][  0]LogConfig: Applying CVar settings from Section [TextureQuality@3] File [D:/Abiogolf/IT_KMITL/BattleChess/BattleChess_Game/Saved/Config/Windows/Scalability.ini]
[2020.11.15-07.39.33:023][  0]LogConfig: Setting CVar [[r.Streaming.MipBias:0]]
[2020.11.15-07.39.33:023][  0]LogConfig: Setting CVar [[r.Streaming.AmortizeCPUToGPUCopy:0]]
[2020.11.15-07.39.33:023][  0]LogConfig: Setting CVar [[r.Streaming.MaxNumTexturesToStreamPerFrame:0]]
[2020.11.15-07.39.33:023][  0]LogConfig: Setting CVar [[r.Streaming.Boost:1]]
[2020.11.15-07.39.33:023][  0]LogConfig: Setting CVar [[r.MaxAnisotropy:8]]
[2020.11.15-07.39.33:023][  0]LogConfig: Setting CVar [[r.VT.MaxAnisotropy:8]]
[2020.11.15-07.39.33:023][  0]LogConfig: Setting CVar [[r.Streaming.LimitPoolSizeToVRAM:0]]
[2020.11.15-07.39.33:023][  0]LogConfig: Setting CVar [[r.Streaming.PoolSize:1000]]
[2020.11.15-07.39.33:023][  0]LogConfig: Setting CVar [[r.Streaming.MaxEffectiveScreenSize:0]]
[2020.11.15-07.39.33:023][  0]LogConfig: Applying CVar settings from Section [EffectsQuality@3] File [D:/Abiogolf/IT_KMITL/BattleChess/BattleChess_Game/Saved/Config/Windows/Scalability.ini]
[2020.11.15-07.39.33:024][  0]LogConfig: Setting CVar [[r.TranslucencyLightingVolumeDim:64]]
[2020.11.15-07.39.33:024][  0]LogConfig: Setting CVar [[r.RefractionQuality:2]]
[2020.11.15-07.39.33:024][  0]LogConfig: Setting CVar [[r.SSR.Quality:3]]
[2020.11.15-07.39.33:024][  0]LogConfig: Setting CVar [[r.SSR.HalfResSceneColor:0]]
[2020.11.15-07.39.33:024][  0]LogConfig: Setting CVar [[r.SceneColorFormat:4]]
[2020.11.15-07.39.33:024][  0]LogConfig: Setting CVar [[r.DetailMode:2]]
[2020.11.15-07.39.33:024][  0]LogConfig: Setting CVar [[r.TranslucencyVolumeBlur:1]]
[2020.11.15-07.39.33:024][  0]LogConfig: Setting CVar [[r.MaterialQualityLevel:1 ; High quality]]
[2020.11.15-07.39.33:024][  0]LogConfig: Setting CVar [[r.SSS.Scale:1]]
[2020.11.15-07.39.33:024][  0]LogConfig: Setting CVar [[r.SSS.SampleSet:2]]
[2020.11.15-07.39.33:024][  0]LogConfig: Setting CVar [[r.SSS.Quality:1]]
[2020.11.15-07.39.33:024][  0]LogConfig: Setting CVar [[r.SSS.HalfRes:0]]
[2020.11.15-07.39.33:024][  0]LogConfig: Setting CVar [[r.SSGI.Quality:3]]
[2020.11.15-07.39.33:024][  0]LogConfig: Setting CVar [[r.EmitterSpawnRateScale:1.0]]
[2020.11.15-07.39.33:024][  0]LogConfig: Setting CVar [[r.ParticleLightQuality:2]]
[2020.11.15-07.39.33:024][  0]LogConfig: Setting CVar [[r.SkyAtmosphere.AerialPerspectiveLUT.FastApplyOnOpaque:1 ; Always have FastSkyLUT 1 in this case to avoid wrong sky]]
[2020.11.15-07.39.33:024][  0]LogConfig: Setting CVar [[r.SkyAtmosphere.AerialPerspectiveLUT.SampleCountPerSlice:1]]
[2020.11.15-07.39.33:024][  0]LogConfig: Setting CVar [[r.SkyAtmosphere.AerialPerspectiveLUT.DepthResolution:16.0]]
[2020.11.15-07.39.33:024][  0]LogConfig: Setting CVar [[r.SkyAtmosphere.FastSkyLUT:1]]
[2020.11.15-07.39.33:024][  0]LogConfig: Setting CVar [[r.SkyAtmosphere.FastSkyLUT.SampleCountMin:4.0]]
[2020.11.15-07.39.33:024][  0]LogConfig: Setting CVar [[r.SkyAtmosphere.FastSkyLUT.SampleCountMax:32.0]]
[2020.11.15-07.39.33:024][  0]LogConfig: Setting CVar [[r.SkyAtmosphere.SampleCountMin:4.0]]
[2020.11.15-07.39.33:024][  0]LogConfig: Setting CVar [[r.SkyAtmosphere.SampleCountMax:32.0]]
[2020.11.15-07.39.33:024][  0]LogConfig: Setting CVar [[r.SkyAtmosphere.TransmittanceLUT.UseSmallFormat:0]]
[2020.11.15-07.39.33:024][  0]LogConfig: Setting CVar [[r.SkyAtmosphere.TransmittanceLUT.SampleCount:10.0]]
[2020.11.15-07.39.33:024][  0]LogConfig: Setting CVar [[r.SkyAtmosphere.MultiScatteringLUT.SampleCount:15.0]]
[2020.11.15-07.39.33:024][  0]LogConfig: Applying CVar settings from Section [FoliageQuality@3] File [D:/Abiogolf/IT_KMITL/BattleChess/BattleChess_Game/Saved/Config/Windows/Scalability.ini]
[2020.11.15-07.39.33:024][  0]LogConfig: Setting CVar [[foliage.DensityScale:1.0]]
[2020.11.15-07.39.33:024][  0]LogConfig: Setting CVar [[grass.DensityScale:1.0]]
[2020.11.15-07.39.33:024][  0]LogConfig: Applying CVar settings from Section [ShadingQuality@3] File [D:/Abiogolf/IT_KMITL/BattleChess/BattleChess_Game/Saved/Config/Windows/Scalability.ini]
[2020.11.15-07.39.33:024][  0]LogConfig: Setting CVar [[r.HairStrands.SkyLighting.SampleCount:16]]
[2020.11.15-07.39.33:024][  0]LogConfig: Setting CVar [[r.HairStrands.SkyLighting.JitterIntegration:0]]
[2020.11.15-07.39.33:024][  0]LogConfig: Setting CVar [[r.HairStrands.SkyAO.SampleCount:16]]
[2020.11.15-07.39.33:024][  0]LogConfig: Setting CVar [[r.HairStrands.DeepShadow.SuperSampling:0]]
[2020.11.15-07.39.33:024][  0]LogConfig: Setting CVar [[r.HairStrands.VisibilityPPLL:0]]
[2020.11.15-07.39.33:024][  0]LogConfig: Setting CVar [[r.HairStrands.RasterizationScale:0.5]]
[2020.11.15-07.39.33:024][  0]LogConfig: Setting CVar [[r.HairStrands.VelocityRasterizationScale:1]]
[2020.11.15-07.39.33:024][  0]LogConfig: Applying CVar settings from Section [Startup] File [../../../Engine/Config/ConsoleVariables.ini]
[2020.11.15-07.39.33:024][  0]LogConfig: Setting CVar [[net.UseAdaptiveNetUpdateFrequency:0]]
[2020.11.15-07.39.33:025][  0]LogConfig: Setting CVar [[p.chaos.AllowCreatePhysxBodies:1]]
[2020.11.15-07.39.33:025][  0]LogConfig: Setting CVar [[fx.SkipVectorVMBackendOptimizations:1]]
[2020.11.15-07.39.33:025][  0]LogConfig: Applying CVar settings from Section [ConsoleVariables] File [D:/Abiogolf/IT_KMITL/BattleChess/BattleChess_Game/Saved/Config/Windows/Engine.ini]
[2020.11.15-07.39.33:025][  0]LogInit: Computer: DESKTOP-DO80R7R
[2020.11.15-07.39.33:025][  0]LogInit: User: USER
[2020.11.15-07.39.33:025][  0]LogInit: CPU Page size=4096, Cores=4
[2020.11.15-07.39.33:025][  0]LogInit: High frequency timer resolution =10.000000 MHz
[2020.11.15-07.39.33:025][  0]LogMemory: Memory total: Physical=7.9GB (8GB approx)
[2020.11.15-07.39.33:025][  0]LogMemory: Platform Memory Stats for Windows
[2020.11.15-07.39.33:025][  0]LogMemory: Process Physical Memory: 114.85 MB used, 114.85 MB peak
[2020.11.15-07.39.33:025][  0]LogMemory: Process Virtual Memory: 104.43 MB used, 104.43 MB peak
[2020.11.15-07.39.33:025][  0]LogMemory: Physical Memory: 4238.68 MB used,  3829.84 MB free, 8068.52 MB total
[2020.11.15-07.39.33:025][  0]LogMemory: Virtual Memory: 5152.78 MB used,  134212576.00 MB free, 134217728.00 MB total
[2020.11.15-07.39.33:032][  0]LogWindows: WindowsPlatformFeatures enabled
[2020.11.15-07.39.33:097][  0]LogInit: Physics initialised using underlying interface: PhysX
[2020.11.15-07.39.33:098][  0]LogInit: Using OS detected language (en-US).
[2020.11.15-07.39.33:098][  0]LogInit: Using OS detected locale (en-GB).
[2020.11.15-07.39.33:100][  0]LogTextLocalizationManager: No specific localization for 'en-US' exists, so the 'en' localization will be used.
[2020.11.15-07.39.33:321][  0]LogInit: Setting process to per monitor DPI aware
[2020.11.15-07.39.33:367][  0]LogSlate: New Slate User Created.  User Index 0, Is Virtual User: 0
[2020.11.15-07.39.33:367][  0]LogSlate: Slate User Registered.  User Index 0, Is Virtual User: 0
[2020.11.15-07.39.33:581][  0]LogHMD: Failed to initialize OpenVR with code 110
[2020.11.15-07.39.33:581][  0]LogD3D11RHI: D3D11 min allowed feature level: 11_0
[2020.11.15-07.39.33:581][  0]LogD3D11RHI: D3D11 max allowed feature level: 11_0
[2020.11.15-07.39.33:581][  0]LogD3D11RHI: D3D11 adapters:
[2020.11.15-07.39.33:758][  0]LogD3D11RHI:    0. 'NVIDIA GeForce GTX 960M' (Feature Level 11_0)
[2020.11.15-07.39.33:758][  0]LogD3D11RHI:       4055/0/4034 MB DedicatedVideo/DedicatedSystem/SharedSystem, Outputs:1, VendorId:0x10de
[2020.11.15-07.39.33:773][  0]LogD3D11RHI:    1. 'Intel(R) HD Graphics 530' (Feature Level 11_0)
[2020.11.15-07.39.33:773][  0]LogD3D11RHI:       128/0/4034 MB DedicatedVideo/DedicatedSystem/SharedSystem, Outputs:0, VendorId:0x8086
[2020.11.15-07.39.33:780][  0]LogD3D11RHI:    2. 'Microsoft Basic Render Driver' (Feature Level 11_0)
[2020.11.15-07.39.33:780][  0]LogD3D11RHI:       0/0/4034 MB DedicatedVideo/DedicatedSystem/SharedSystem, Outputs:0, VendorId:0x1414
[2020.11.15-07.39.33:780][  0]LogD3D11RHI: Chosen D3D11 Adapter: 0
[2020.11.15-07.39.33:790][  0]LogD3D11RHI: Creating new Direct3DDevice
[2020.11.15-07.39.33:790][  0]LogD3D11RHI:     GPU DeviceId: 0x139b (for the marketing name, search the web for "GPU Device Id")
[2020.11.15-07.39.33:790][  0]LogWindows: EnumDisplayDevices:
[2020.11.15-07.39.33:790][  0]LogWindows:    0. 'Intel(R) HD Graphics 530' (P:1 D:1)
[2020.11.15-07.39.33:791][  0]LogWindows:    1. 'Intel(R) HD Graphics 530' (P:0 D:0)
[2020.11.15-07.39.33:791][  0]LogWindows:    2. 'Intel(R) HD Graphics 530' (P:0 D:0)
[2020.11.15-07.39.33:791][  0]LogWindows: DebugString: PrimaryIsNotTheChoosenAdapter PrimaryIsNotTheChoosenAdapter PrimaryIsNotTheChoosenAdapter FoundDriverCount:0 
[2020.11.15-07.39.33:792][  0]LogD3D11RHI:     Adapter Name: NVIDIA GeForce GTX 960M
[2020.11.15-07.39.33:792][  0]LogD3D11RHI:   Driver Version: Unknown (internal:Unknown, unified:Unknown)
[2020.11.15-07.39.33:792][  0]LogD3D11RHI:      Driver Date: Unknown
[2020.11.15-07.39.33:792][  0]LogRHI: Texture pool is 2839 MB (70% of 4055 MB)
[2020.11.15-07.39.33:855][  0]LogD3D11RHI: RHI has support for 64 bit atomics
[2020.11.15-07.39.33:858][  0]LogD3D11RHI: [Aftermath] Enabled and primed
[2020.11.15-07.39.33:858][  0]LogD3D11RHI: Async texture creation enabled
[2020.11.15-07.39.33:897][  0]LogD3D11RHI: GPU Timing Frequency: 1000.000000 (Debug: 2 1)
[2020.11.15-07.39.34:330][  0]LogTargetPlatformManager: Display: Loaded TargetPlatform 'AllDesktop'
[2020.11.15-07.39.34:359][  0]LogTargetPlatformManager: Display: Loaded TargetPlatform 'Android'
[2020.11.15-07.39.34:359][  0]LogTargetPlatformManager: Display: Loaded TargetPlatform 'Android_ASTC'
[2020.11.15-07.39.34:359][  0]LogTargetPlatformManager: Display: Loaded TargetPlatform 'Android_DXT'
[2020.11.15-07.39.34:359][  0]LogTargetPlatformManager: Display: Loaded TargetPlatform 'Android_ETC2'
[2020.11.15-07.39.34:359][  0]LogTargetPlatformManager: Display: Loaded TargetPlatform 'AndroidClient'
[2020.11.15-07.39.34:359][  0]LogTargetPlatformManager: Display: Loaded TargetPlatform 'Android_ASTCClient'
[2020.11.15-07.39.34:359][  0]LogTargetPlatformManager: Display: Loaded TargetPlatform 'Android_DXTClient'
[2020.11.15-07.39.34:359][  0]LogTargetPlatformManager: Display: Loaded TargetPlatform 'Android_ETC2Client'
[2020.11.15-07.39.34:359][  0]LogTargetPlatformManager: Display: Loaded TargetPlatform 'Android_Multi'
[2020.11.15-07.39.34:359][  0]LogTargetPlatformManager: Display: Loaded TargetPlatform 'Android_MultiClient'
[2020.11.15-07.39.34:388][  0]LogTargetPlatformManager: Display: Loaded TargetPlatform 'IOSClient'
[2020.11.15-07.39.34:388][  0]LogTargetPlatformManager: Display: Loaded TargetPlatform 'IOS'
[2020.11.15-07.39.34:400][  0]LogTargetPlatformManager: Display: Loaded TargetPlatform 'Linux'
[2020.11.15-07.39.34:411][  0]LogTargetPlatformManager: Display: Loaded TargetPlatform 'LinuxNoEditor'
[2020.11.15-07.39.34:422][  0]LogTargetPlatformManager: Display: Loaded TargetPlatform 'LinuxClient'
[2020.11.15-07.39.34:434][  0]LogTargetPlatformManager: Display: Loaded TargetPlatform 'LinuxServer'
[2020.11.15-07.39.34:445][  0]LogTargetPlatformManager: Display: Loaded TargetPlatform 'LinuxAArch64NoEditor'
[2020.11.15-07.39.34:456][  0]LogTargetPlatformManager: Display: Loaded TargetPlatform 'LinuxAArch64Client'
[2020.11.15-07.39.34:467][  0]LogTargetPlatformManager: Display: Loaded TargetPlatform 'LinuxAArch64Server'
[2020.11.15-07.39.34:498][  0]LogTargetPlatformManager: Display: Loaded TargetPlatform 'Lumin'
[2020.11.15-07.39.34:498][  0]LogTargetPlatformManager: Display: Loaded TargetPlatform 'LuminClient'
[2020.11.15-07.39.34:517][  0]LogTargetPlatformManager: Display: Loaded TargetPlatform 'TVOSClient'
[2020.11.15-07.39.34:517][  0]LogTargetPlatformManager: Display: Loaded TargetPlatform 'TVOS'
[2020.11.15-07.39.34:529][  0]LogTargetPlatformManager: Display: Loaded TargetPlatform 'WindowsNoEditor'
[2020.11.15-07.39.34:540][  0]LogTargetPlatformManager: Display: Loaded TargetPlatform 'Windows'
[2020.11.15-07.39.34:551][  0]LogTargetPlatformManager: Display: Loaded TargetPlatform 'WindowsClient'
[2020.11.15-07.39.34:563][  0]LogTargetPlatformManager: Display: Loaded TargetPlatform 'WindowsServer'
[2020.11.15-07.39.34:563][  0]LogTargetPlatformManager: Display: Building Assets For Windows
[2020.11.15-07.39.34:572][  0]LogAudioDebug: Display: Lib vorbis DLL was dynamically loaded.
[2020.11.15-07.39.34:637][  0]LogShaderCompilers: Guid format shader working directory is -19 characters bigger than the processId version (../../../../../../Abiogolf/IT_KMITL/BattleChess/BattleChess_Game/Intermediate/Shaders/WorkingDirectory/1444/).
[2020.11.15-07.39.34:637][  0]LogShaderCompilers: Cleaned the shader compiler working directory 'C:/Users/USER/AppData/Local/Temp/UnrealShaderWorkingDir/7A0C6D9C451669349F779586CCFC9FD6/'.
[2020.11.15-07.39.34:638][  0]LogXGEController: Cannot use XGE Controller as Incredibuild is not installed on this machine.
[2020.11.15-07.39.34:638][  0]LogShaderCompilers: Cannot use XGE Shader Compiler as Incredibuild is not installed on this machine.
[2020.11.15-07.39.34:638][  0]LogShaderCompilers: Display: Using Local Shader Compiler.
[2020.11.15-07.39.35:647][  0]LogDerivedDataCache: Display: Max Cache Size: 512 MB
[2020.11.15-07.39.35:726][  0]LogDerivedDataCache: Loaded boot cache 0.08s 76MB C:/Users/USER/AppData/Local/UnrealEngine/4.25/DerivedDataCache/Boot.ddc.
[2020.11.15-07.39.35:726][  0]LogDerivedDataCache: Display: Loaded Boot cache: C:/Users/USER/AppData/Local/UnrealEngine/4.25/DerivedDataCache/Boot.ddc
[2020.11.15-07.39.35:726][  0]LogDerivedDataCache: FDerivedDataBackendGraph:  Pak pak cache file ../../../../../../Abiogolf/IT_KMITL/BattleChess/BattleChess_Game/DerivedDataCache/DDC.ddp not found, will not use a pak cache.
[2020.11.15-07.39.35:726][  0]LogDerivedDataCache: Unable to find inner node Pak for hierarchical cache Hierarchy.
[2020.11.15-07.39.35:726][  0]LogDerivedDataCache: FDerivedDataBackendGraph:  CompressedPak pak cache file ../../../../../../Abiogolf/IT_KMITL/BattleChess/BattleChess_Game/DerivedDataCache/Compressed.ddp not found, will not use a pak cache.
[2020.11.15-07.39.35:726][  0]LogDerivedDataCache: Unable to find inner node CompressedPak for hierarchical cache Hierarchy.
[2020.11.15-07.39.35:744][  0]LogDerivedDataCache: Display: Pak cache opened for reading ../../../Engine/DerivedDataCache/Compressed.ddp.
[2020.11.15-07.39.35:744][  0]LogDerivedDataCache: FDerivedDataBackendGraph:  EnterprisePak pak cache file ../../../Enterprise/DerivedDataCache/Compressed.ddp not found, will not use a pak cache.
[2020.11.15-07.39.35:745][  0]LogDerivedDataCache: Unable to find inner node EnterprisePak for hierarchical cache Hierarchy.
[2020.11.15-07.39.35:746][  0]LogDerivedDataCache: Using Local data cache path C:/Users/USER/AppData/Local/UnrealEngine/Common/DerivedDataCache: Writable
[2020.11.15-07.39.35:747][  0]LogDerivedDataCache: Shared data cache path not found in *engine.ini, will not use an Shared cache.
[2020.11.15-07.39.35:747][  0]LogDerivedDataCache: Unable to find inner node Shared for hierarchical cache Hierarchy.
[2020.11.15-07.39.35:816][  0]LogSlate: Using FreeType 2.10.0
[2020.11.15-07.39.35:816][  0]LogSlate: SlateFontServices - WITH_FREETYPE: 1, WITH_HARFBUZZ: 1
[2020.11.15-07.39.35:850][  0]LogAssetRegistry: FAssetRegistry took 0.0035 seconds to start up
[2020.11.15-07.39.36:183][  0]LogInit: Selected Device Profile: [Windows]
[2020.11.15-07.39.36:329][  0]LogMeshReduction: Using QuadricMeshReduction for automatic static mesh reduction
[2020.11.15-07.39.36:329][  0]LogMeshReduction: Using SimplygonMeshReduction for automatic skeletal mesh reduction
[2020.11.15-07.39.36:329][  0]LogMeshReduction: Using ProxyLODMeshReduction for automatic mesh merging
[2020.11.15-07.39.36:329][  0]LogMeshReduction: No distributed automatic mesh merging module available
[2020.11.15-07.39.36:329][  0]LogMeshMerging: No distributed automatic mesh merging module available
[2020.11.15-07.39.36:347][  0]LogNetVersion: BattleChess_Game 1.0.0, NetCL: 13144385, EngineNetVer: 14, GameNetVer: 0 (Checksum: 631773850)
[2020.11.15-07.39.36:907][  0]LogAISub: UAISubsystem::UAISubsystem AISubsystem (0000022DC07B5300), frame # 0
[2020.11.15-07.39.36:907][  0]LogAISub: UAISubsystem::UAISubsystem AIPerceptionSystem (0000022DC070D1C0), frame # 0
[2020.11.15-07.39.36:909][  0]LogAISub: UAISubsystem::UAISubsystem EnvQueryManager (0000022DC0752600), frame # 0
[2020.11.15-07.39.36:976][  0]LogPackageLocalizationCache: Processed 19 localized package path(s) for 1 prioritized culture(s) in 0.058762 seconds
[2020.11.15-07.39.36:982][  0]LogUObjectArray: 15925 objects as part of root set at end of initial load.
[2020.11.15-07.39.36:982][  0]LogUObjectAllocator: 3977056 out of 0 bytes used by permanent object pool.
[2020.11.15-07.39.36:982][  0]LogUObjectArray: CloseDisregardForGC: 0/0 objects in disregard for GC pool
[2020.11.15-07.39.37:369][  0]LogTcpMessaging: Initializing TcpMessaging bridge
[2020.11.15-07.39.37:374][  0]LogUdpMessaging: Initializing bridge on interface 0.0.0.0:0 to multicast group 230.0.0.1:6666.
[2020.11.15-07.39.37:468][  0]SourceControl: Source control is disabled
[2020.11.15-07.39.37:468][  0]SourceControl: Source control is disabled
[2020.11.15-07.39.37:472][  0]SourceControl: Source control is disabled
[2020.11.15-07.39.37:475][  0]SourceControl: Source control is disabled
[2020.11.15-07.39.37:486][  0]SourceControl: Source control is disabled
[2020.11.15-07.39.37:756][  0]LogAndroidPermission: UAndroidPermissionCallbackProxy::GetInstance
[2020.11.15-07.39.37:779][  0]LogAudioCaptureCore: Display: No Audio Capture implementations found. Audio input will be silent.
[2020.11.15-07.39.37:779][  0]LogAudioCaptureCore: Display: No Audio Capture implementations found. Audio input will be silent.
[2020.11.15-07.39.37:837][  0]LogOcInput: OculusInput pre-init called
[2020.11.15-07.39.37:849][  0]LogWindows: Failed to load 'OVRPlugin.dll' (GetLastError=126)
[2020.11.15-07.39.37:849][  0]LogWindows: File 'OVRPlugin.dll' does not exist
[2020.11.15-07.39.37:925][  0]LogEngine: Initializing Engine...
[2020.11.15-07.39.37:927][  0]LogHMD: Failed to initialize OpenVR with code 110
[2020.11.15-07.39.37:927][  0]LogMagicLeap: Warning: VR disabled because ZI is not enabled.  To enable, in the editor, Edit -> Project Settings -> Plugins -> Magic Leap Plugin -> Enable Zero Iteration
[2020.11.15-07.39.37:928][  0]LogStats: UGameplayTagsManager::InitializeManager -  0.000 s
[2020.11.15-07.39.38:075][  0]LogInit: Initializing FReadOnlyCVARCache
[2020.11.15-07.39.38:084][  0]LogAIModule: Creating AISystem for world Untitled
[2020.11.15-07.39.38:084][  0]LogAISub: UAISubsystem::UAISubsystem EnvQueryManager (0000022DC3483C00), frame # 0
[2020.11.15-07.39.38:084][  0]LogAISub: UAISubsystem::UAISubsystem AIPerceptionSystem (0000022DC34E7380), frame # 0
[2020.11.15-07.39.38:113][  0]LogAudioMixer: Display: Audio Mixer Platform Settings:
[2020.11.15-07.39.38:113][  0]LogAudioMixer: Display: 	Sample Rate:						  48000
[2020.11.15-07.39.38:113][  0]LogAudioMixer: Display: 	Callback Buffer Frame Size Requested: 1024
[2020.11.15-07.39.38:113][  0]LogAudioMixer: Display: 	Callback Buffer Frame Size To Use:	  1024
[2020.11.15-07.39.38:113][  0]LogAudioMixer: Display: 	Number of buffers to queue:			  2
[2020.11.15-07.39.38:113][  0]LogAudioMixer: Display: 	Max Channels (voices):				  32
[2020.11.15-07.39.38:113][  0]LogAudioMixer: Display: 	Number of Async Source Workers:		  0
[2020.11.15-07.39.38:113][  0]LogAudio: Display: AudioDevice MaxSources: 32
[2020.11.15-07.39.38:113][  0]LogAudio: Display: Using built-in audio occlusion.
[2020.11.15-07.39.38:114][  0]LogAudioMixer: Display: Initializing audio mixer.
[2020.11.15-07.39.38:131][  0]LogAudioMixer: Display: 0: FrontLeft
[2020.11.15-07.39.38:131][  0]LogAudioMixer: Display: 1: FrontRight
[2020.11.15-07.39.38:304][  0]LogAudioMixer: Display: Using Audio Device Speakers (Realtek High Definition Audio)
[2020.11.15-07.39.38:308][  0]LogAudioMixer: Display: Initializing Sound Submixes...
[2020.11.15-07.39.38:310][  0]LogAudioMixer: Display: Creating Master Submix 'MasterSubmixDefault'
[2020.11.15-07.39.38:310][  0]LogAudioMixer: Display: Creating Master Submix 'MasterReverbSubmixDefault'
[2020.11.15-07.39.38:311][  0]LogAudioMixer: Display: Creating Master Submix 'MasterEQSubmixDefault'
[2020.11.15-07.39.38:312][  0]LogInit: FAudioDevice initialized.
[2020.11.15-07.39.38:313][  0]LogNetVersion: Set ProjectVersion to 1.0.0.0. Version Checksum will be recalculated on next use.
[2020.11.15-07.39.38:559][  0]LogDerivedDataCache: Saved boot cache 0.25s 76MB C:/Users/USER/AppData/Local/UnrealEngine/4.25/DerivedDataCache/Boot.ddc.
[2020.11.15-07.39.38:565][  0]LogInit: Texture streaming: Enabled
[2020.11.15-07.39.38:584][  0]LogEngineSessionManager: EngineSessionManager initialized
[2020.11.15-07.39.38:584][  0]LogEditorSessionSummary: Verbose: Initializing EditorSessionSummaryWriter for editor session tracking
[2020.11.15-07.39.38:655][  0]LogEditorSessionSummary: EditorSessionSummaryWriter initialized
[2020.11.15-07.39.39:060][  0]LogInit: Transaction tracking system initialized
[2020.11.15-07.39.39:084][  0]BlueprintLog: New page: Editor Load
[2020.11.15-07.39.39:171][  0]LocalizationService: Localization service is disabled
[2020.11.15-07.39.39:398][  0]LogCook: Display: Max memory allowance for cook 16384mb min free memory 0mb
[2020.11.15-07.39.39:398][  0]LogCook: Display: Mobile HDR setting 1
[2020.11.15-07.39.39:555][  0]LogFileCache: Scanning file cache for directory 'D:/Abiogolf/IT_KMITL/BattleChess/BattleChess_Game/Content/' took 0.02s
[2020.11.15-07.39.39:816][  0]SourceControl: Source control is disabled
[2020.11.15-07.39.39:998][  0]LogSlate: Took 0.000211 seconds to synchronously load lazily loaded font '../../../Engine/Content/Slate/Fonts/Roboto-Regular.ttf' (155K)
[2020.11.15-07.39.52:807][  0]LogSlate: Window 'Restore Packages' being destroyed
[2020.11.15-07.39.52:808][  0]LogWindowsTextInputMethodSystem: Display: IME system now deactivated.
[2020.11.15-07.39.52:950][  0]LogWindowsTextInputMethodSystem: Display: IME system now deactivated.
[2020.11.15-07.39.56:969][  0]LogSlate: Window 'Unable to Check Out From Source Control!' being destroyed
[2020.11.15-07.39.56:969][  0]LogWindowsTextInputMethodSystem: Display: IME system now deactivated.
[2020.11.15-07.39.56:975][  0]Message dialog closed, result: Ok, title: Unable to Check Out From Source Control!, text: The following assets could not be successfully checked out from source control:
/Game/Maps/Lobby
/Game/Blueprints/Characters/1_Pusher
[2020.11.15-07.39.57:009][  0]LogWindowsTextInputMethodSystem: Display: IME system now deactivated.
[2020.11.15-07.39.57:012][  0]LogUnrealEdMisc: Loading editor; pre map load, took 25.656
[2020.11.15-07.39.57:014][  0]Cmd: MAP LOAD FILE="../../../../../../Abiogolf/IT_KMITL/BattleChess/BattleChess_Game/Content/Maps/MainMenu.umap" TEMPLATE=0 SHOWPROGRESS=1 FEATURELEVEL=3
[2020.11.15-07.39.57:015][  0]LightingResults: New page: Lighting Build
[2020.11.15-07.39.57:018][  0]LogWorld: UWorld::CleanupWorld for Untitled, bSessionEnded=true, bCleanupResources=true
[2020.11.15-07.39.57:018][  0]LogSlate: InvalidateAllWidgets triggered.  All widgets were invalidated
[2020.11.15-07.39.57:019][  0]MapCheck: New page: Map Check
[2020.11.15-07.39.57:019][  0]LightingResults: New page: Lighting Build
[2020.11.15-07.39.57:040][  0]LogAISub: UAISubsystem::~UAISubsystem EnvQueryManager (0000022DC3483C00), frame # 0
[2020.11.15-07.39.57:040][  0]LogAISub: UAISubsystem::~UAISubsystem AIPerceptionSystem (0000022DC34E7380), frame # 0
[2020.11.15-07.39.57:041][  0]LogUObjectHash: Compacting FUObjectHashTables data took   1.56ms
[2020.11.15-07.39.57:174][  0]LogProperty: Error: FStructProperty::Serialize Loading: Property 'StructProperty /Game/Blueprints/AllLevels/PlayerSaveGame.PlayerSaveGame_C:S_PlayerInfo'. Unknown structure.
[2020.11.15-07.39.57:174][  0]LogClass: Warning: Property S_PlayerInfo of S_PlayerInfo has a struct type mismatch (tag STRUCT_REINST_PlayerInfo_0 != prop FallbackStruct) in package:  ../../../../../../Abiogolf/IT_KMITL/BattleChess/BattleChess_Game/Content/Blueprints/AllLevels/PlayerSaveGame.uasset. If that struct got renamed, add an entry to ActiveStructRedirects.
[2020.11.15-07.39.57:181][  0]LogProperty: Error: FStructProperty::Serialize Loading: Property 'StructProperty /Game/UI/MainMenu/OptionMenu.OptionMenu_C:PlayerInfo'. Unknown structure.
[2020.11.15-07.39.57:207][  0]LogClass: Warning: Property PlayerInfo of PlayerInfo has a struct type mismatch (tag STRUCT_REINST_PlayerInfo_0 != prop FallbackStruct) in package:  ../../../../../../Abiogolf/IT_KMITL/BattleChess/BattleChess_Game/Content/UI/MainMenu/OptionMenu.uasset. If that struct got renamed, add an entry to ActiveStructRedirects.
[2020.11.15-07.39.57:325][  0]LogClass: Warning: Property S_PlayerInfo of S_PlayerInfo has a struct type mismatch (tag FallbackStruct != prop PlayerInfo) in package:  FObjectReader. If that struct got renamed, add an entry to ActiveStructRedirects.
[2020.11.15-07.39.57:326][  0]LogClass: Warning: Property PlayerInfo of PlayerInfo has a struct type mismatch (tag FallbackStruct != prop PlayerInfo) in package:  FObjectReader. If that struct got renamed, add an entry to ActiveStructRedirects.
[2020.11.15-07.39.57:357][  0]LogAIModule: Creating AISystem for world MainMenu
[2020.11.15-07.39.57:357][  0]LogAISub: UAISubsystem::UAISubsystem EnvQueryManager (0000022DB49D0600), frame # 0
[2020.11.15-07.39.57:357][  0]LogAISub: UAISubsystem::UAISubsystem AIPerceptionSystem (0000022DB150C2C0), frame # 0
[2020.11.15-07.39.57:358][  0]LogEditorServer: Finished looking for orphan Actors (0.000 secs)
[2020.11.15-07.39.57:378][  0]LogUObjectHash: Compacting FUObjectHashTables data took   1.72ms
[2020.11.15-07.39.57:378][  0]Cmd: MAP CHECKDEP NOCLEARLOG
[2020.11.15-07.39.57:379][  0]MapCheck: Map check complete: 0 Error(s), 0 Warning(s), took 0.183ms to complete.
[2020.11.15-07.39.57:379][  0]LogFileHelpers: Loading map 'MainMenu' took 0.365
[2020.11.15-07.39.57:384][  0]LogUnrealEdMisc: Total Editor Startup Time, took 26.028
[2020.11.15-07.39.57:805][  0]LogSlate: Updating window title bar state: overlay mode, drag disabled, window buttons hidden, title bar hidden
[2020.11.15-07.39.57:815][  0]LogSlate: Updating window title bar state: overlay mode, drag disabled, window buttons hidden, title bar hidden
[2020.11.15-07.39.57:824][  0]LogSlate: Updating window title bar state: overlay mode, drag disabled, window buttons hidden, title bar hidden
[2020.11.15-07.39.57:833][  0]LogSlate: Updating window title bar state: overlay mode, drag disabled, window buttons hidden, title bar hidden
[2020.11.15-07.39.57:893][  0]LogCollectionManager: Loaded 0 collections in 0.002092 seconds
[2020.11.15-07.39.58:098][  0]LogFileCache: Scanning file cache for directory 'D:/Abiogolf/IT_KMITL/BattleChess/BattleChess_Game/Saved/Collections/' took 0.00s
[2020.11.15-07.39.58:098][  0]LogFileCache: Scanning file cache for directory 'D:/Abiogolf/IT_KMITL/BattleChess/BattleChess_Game/Content/Developers/USER/Collections/' took 0.00s
[2020.11.15-07.39.58:098][  0]LogFileCache: Scanning file cache for directory 'D:/Abiogolf/IT_KMITL/BattleChess/BattleChess_Game/Content/Collections/' took 0.00s
[2020.11.15-07.39.58:098][  0]LogContentBrowser: Native class hierarchy populated in 0.0119 seconds. Added 3430 classes and 825 folders.
[2020.11.15-07.39.58:190][  0]LogContentBrowser: Native class hierarchy updated for 'WidgetCarousel' in 0.0003 seconds. Added 0 classes and 0 folders.
[2020.11.15-07.39.58:737][  0]LogContentBrowser: Native class hierarchy updated for 'AddContentDialog' in 0.0003 seconds. Added 0 classes and 0 folders.
[2020.11.15-07.39.58:738][  0]LogContentBrowser: Native class hierarchy updated for 'SceneOutliner' in 0.0003 seconds. Added 2 classes and 0 folders.
[2020.11.15-07.39.59:131][  0]LogSlate: Took 0.000182 seconds to synchronously load lazily loaded font '../../../Engine/Content/Slate/Fonts/Roboto-Bold.ttf' (160K)
[2020.11.15-07.39.59:227][  0]LogSlate: Took 0.087681 seconds to synchronously load lazily loaded font '../../../Engine/Content/Editor/Slate/Fonts/FontAwesome.ttf' (139K)
[2020.11.15-07.39.59:462][  0]LogRenderer: Reallocating scene render targets to support 936x432 Format 10 NumSamples 1 (Frame:1).
[2020.11.15-07.39.59:583][  0]LogContentBrowser: Native class hierarchy updated for 'HierarchicalLODOutliner' in 0.0005 seconds. Added 0 classes and 0 folders.
[2020.11.15-07.39.59:583][  0]LogLoad: (Engine Initialization) Total time: 28.23 seconds
[2020.11.15-07.39.59:583][  0]LogLoad: (Engine Initialization) Total Blueprint compile time: 0.00 seconds
[2020.11.15-07.39.59:822][  0]LogAssetRegistry: Asset discovery search completed in 23.9739 seconds
[2020.11.15-07.39.59:864][  0]LogCollectionManager: Fixed up redirectors for 0 collections in 0.000005 seconds (updated 0 objects)
[2020.11.15-07.39.59:867][  0]LogContentStreaming: Texture pool size now 1000 MB
[2020.11.15-07.40.00:059][  0]LogSlate: Took 0.112898 seconds to synchronously load lazily loaded font '../../../Engine/Content/Slate/Fonts/Roboto-Light.ttf' (167K)
[2020.11.15-07.40.00:786][  4]LogSlate: Took 0.000166 seconds to synchronously load lazily loaded font '../../../Engine/Content/Slate/Fonts/Roboto-Light.ttf' (167K)
[2020.11.15-07.40.02:916][107]LogProperty: Error: FStructProperty::Serialize Loading: Property 'StructProperty /Game/UI/Lobby/ConnectedPlayer.ConnectedPlayer_C:PlayerInfo'. Unknown structure.
[2020.11.15-07.40.02:916][107]LogClass: Warning: Property PlayerInfo of PlayerInfo has a struct type mismatch (tag STRUCT_REINST_PlayerInfo_0 != prop FallbackStruct) in package:  ../../../../../../Abiogolf/IT_KMITL/BattleChess/BattleChess_Game/Content/UI/Lobby/ConnectedPlayer.uasset. If that struct got renamed, add an entry to ActiveStructRedirects.
[2020.11.15-07.40.03:140][107]LogClass: Warning: Property PlayerInfo of PlayerInfo has a struct type mismatch (tag FallbackStruct != prop PlayerInfo) in package:  FObjectReader. If that struct got renamed, add an entry to ActiveStructRedirects.
[2020.11.15-07.40.03:355][107]LogAssetEditorSubsystem: Opening Asset editor for Blueprint /Game/Blueprints/Lobby/LobbyGM.LobbyGM
[2020.11.15-07.40.04:262][107]LogContentBrowser: Native class hierarchy updated for 'BlueprintGraph' in 0.0008 seconds. Added 125 classes and 0 folders.
[2020.11.15-07.40.05:619][107]LogAssetEditorSubsystem: Opening Asset editor for Blueprint /Game/Blueprints/Lobby/ScoreAreaBP.ScoreAreaBP
[2020.11.15-07.40.06:102][107]LogAssetEditorSubsystem: Opening Asset editor for WidgetBlueprint /Game/UI/Lobby/ScoreUI.ScoreUI
[2020.11.15-07.40.06:635][107]LogAssetEditorSubsystem: Opening Asset editor for Blueprint /Game/Blueprints/Lobby/LobbyPC.LobbyPC
[2020.11.15-07.40.07:154][107]LogAssetEditorSubsystem: Opening Asset editor for WidgetBlueprint /Game/UI/Lobby/LobbyMenu.LobbyMenu
[2020.11.15-07.40.07:670][107]LogAssetEditorSubsystem: Opening Asset editor for Blueprint /Game/Blueprints/Characters/1_Pusher.1_Pusher
[2020.11.15-07.40.08:606][107]LogSlate: Took 0.000179 seconds to synchronously load lazily loaded font '../../../Engine/Content/Slate/Fonts/Roboto-BoldCondensed.ttf' (158K)
[2020.11.15-07.40.16:693][513]LogSlate: Took 0.008477 seconds to synchronously load lazily loaded font '../../../Engine/Content/Slate/Fonts/Roboto-Italic.ttf' (157K)
[2020.11.15-07.40.32:979][313]LogAssetEditorSubsystem: Opening Asset editor for World /Game/Maps/Lobby.Lobby
[2020.11.15-07.40.33:048][313]LogUObjectHash: Compacting FUObjectHashTables data took   4.72ms
[2020.11.15-07.40.33:050][313]Cmd: MAP LOAD FILE="../../../../../../Abiogolf/IT_KMITL/BattleChess/BattleChess_Game/Content/Maps/Lobby.umap" TEMPLATE=0 SHOWPROGRESS=1 FEATURELEVEL=3
[2020.11.15-07.40.33:050][313]LightingResults: New page: Lighting Build
[2020.11.15-07.40.33:050][313]LoadErrors: New page: Loading map: Lobby.umap
[2020.11.15-07.40.33:051][313]LogWorld: UWorld::CleanupWorld for MainMenu, bSessionEnded=true, bCleanupResources=true
[2020.11.15-07.40.33:051][313]LogSlate: InvalidateAllWidgets triggered.  All widgets were invalidated
[2020.11.15-07.40.33:051][313]MapCheck: New page: Map Check
[2020.11.15-07.40.33:051][313]LightingResults: New page: Lighting Build
[2020.11.15-07.40.33:088][313]LogAISub: UAISubsystem::~UAISubsystem EnvQueryManager (0000022DB49D0600), frame # 1313
[2020.11.15-07.40.33:088][313]LogAISub: UAISubsystem::~UAISubsystem AIPerceptionSystem (0000022DB150C2C0), frame # 1313
[2020.11.15-07.40.33:092][313]LogUObjectHash: Compacting FUObjectHashTables data took   3.56ms
[2020.11.15-07.40.33:281][313]LogEditorServer: Finished looking for orphan Actors (0.000 secs)
[2020.11.15-07.40.33:281][313]LogAIModule: Creating AISystem for world Lobby
[2020.11.15-07.40.33:281][313]LogAISub: UAISubsystem::UAISubsystem EnvQueryManager (0000022E2EB8AC00), frame # 1313
[2020.11.15-07.40.33:281][313]LogAISub: UAISubsystem::UAISubsystem AIPerceptionSystem (0000022DEDCE3B00), frame # 1313
[2020.11.15-07.40.33:322][313]LogUObjectHash: Compacting FUObjectHashTables data took   2.76ms
[2020.11.15-07.40.33:366][313]Cmd: MAP CHECKDEP NOCLEARLOG
[2020.11.15-07.40.33:366][313]MapCheck: Map check complete: 0 Error(s), 0 Warning(s), took 0.086ms to complete.
[2020.11.15-07.40.33:366][313]LogFileHelpers: Loading map 'Lobby' took 0.316
[2020.11.15-07.40.35:418][429]LogEditorViewport: Clicking on Actor (LMB): ScoreAreaBP_C (ScoreAreaBP)
[2020.11.15-07.41.49:904][685]BlueprintLog: New page: Compile LobbyGM
[2020.11.15-07.41.50:108][685]LogUObjectHash: Compacting FUObjectHashTables data took   4.73ms
[2020.11.15-07.41.50:392][685]LogSlate: Took 0.048272 seconds to synchronously load lazily loaded font '../../../Engine/Content/Slate/Fonts/DroidSansMono.ttf' (77K)
[2020.11.15-07.41.50:898][699]Cmd: OBJ SAVEPACKAGE PACKAGE="/Game/Blueprints/Lobby/LobbyGM" FILE="../../../../../../Abiogolf/IT_KMITL/BattleChess/BattleChess_Game/Content/Blueprints/Lobby/LobbyGM.uasset" SILENT=true
[2020.11.15-07.41.51:015][699]LogSavePackage: Moving '../../../../../../Abiogolf/IT_KMITL/BattleChess/BattleChess_Game/Saved/LobbyGM6BE4FECA46B2C6FCB49C8FA7D4794832.tmp' to '../../../../../../Abiogolf/IT_KMITL/BattleChess/BattleChess_Game/Content/Blueprints/Lobby/LobbyGM.uasset'
[2020.11.15-07.41.51:032][699]AssetCheck: New page: Asset Save: LobbyGM
[2020.11.15-07.41.51:032][699]LogContentValidation: Display: Validating Blueprint /Game/Blueprints/Lobby/LobbyGM.LobbyGM
[2020.11.15-07.42.12:827][747]LogEditorTransaction: Undo Delete current selection
[2020.11.15-07.43.30:791][455]BlueprintLog: New page: Compile 1_Pusher
[2020.11.15-07.43.30:903][455]LogUObjectHash: Compacting FUObjectHashTables data took   7.11ms
[2020.11.15-07.43.31:578][478]Cmd: OBJ SAVEPACKAGE PACKAGE="/Game/Blueprints/Characters/1_Pusher" FILE="../../../../../../Abiogolf/IT_KMITL/BattleChess/BattleChess_Game/Content/Blueprints/Characters/1_Pusher.uasset" SILENT=true
[2020.11.15-07.43.31:652][478]LogSavePackage: Moving '../../../../../../Abiogolf/IT_KMITL/BattleChess/BattleChess_Game/Saved/1_Pusher20A6D664487062119CB0A9AE41FAEB5A.tmp' to '../../../../../../Abiogolf/IT_KMITL/BattleChess/BattleChess_Game/Content/Blueprints/Characters/1_Pusher.uasset'
[2020.11.15-07.43.31:679][478]AssetCheck: New page: Asset Save: 1_Pusher
[2020.11.15-07.43.31:679][478]LogContentValidation: Display: Validating Blueprint /Game/Blueprints/Characters/1_Pusher.1_Pusher
[2020.11.15-07.45.18:108][ 57]BlueprintLog: New page: Compile 1_Pusher
[2020.11.15-07.45.18:243][ 57]LogUObjectHash: Compacting FUObjectHashTables data took   7.62ms
[2020.11.15-07.45.18:945][ 77]Cmd: OBJ SAVEPACKAGE PACKAGE="/Game/Blueprints/Characters/1_Pusher" FILE="../../../../../../Abiogolf/IT_KMITL/BattleChess/BattleChess_Game/Content/Blueprints/Characters/1_Pusher.uasset" SILENT=true
[2020.11.15-07.45.19:020][ 77]LogSavePackage: Moving '../../../../../../Abiogolf/IT_KMITL/BattleChess/BattleChess_Game/Saved/1_Pusher2157BECD4779DA80BBA980B3DEDE924F.tmp' to '../../../../../../Abiogolf/IT_KMITL/BattleChess/BattleChess_Game/Content/Blueprints/Characters/1_Pusher.uasset'
[2020.11.15-07.45.19:041][ 77]AssetCheck: New page: Asset Save: 1_Pusher
[2020.11.15-07.45.19:041][ 77]LogContentValidation: Display: Validating Blueprint /Game/Blueprints/Characters/1_Pusher.1_Pusher
[2020.11.15-07.45.22:508][217]LogTemp: Repeating last play command: Standalone Game
[2020.11.15-07.45.22:611][217]LogUObjectHash: Compacting FUObjectHashTables data took   5.59ms
[2020.11.15-07.46.29:398][147]Cmd: TRANSACTION UNDO
[2020.11.15-07.46.29:398][147]LogEditorTransaction: Undo Scale Components
[2020.11.15-07.46.29:722][155]Cmd: TRANSACTION UNDO
[2020.11.15-07.46.29:722][155]LogEditorTransaction: Undo Scale Components
[2020.11.15-07.46.46:953][159]Cmd: DELETE
[2020.11.15-07.46.46:954][159]Cmd: ACTOR DELETE
[2020.11.15-07.46.46:990][159]LogEditorActor: Deleted 1 Components (0.036 secs)
[2020.11.15-07.47.13:147][676]Cmd: TRANSACTION UNDO
[2020.11.15-07.47.13:147][676]LogEditorTransaction: Undo Scale Components
[2020.11.15-07.47.26:741][466]LogUObjectHash: Compacting FUObjectHashTables data took   3.97ms
[2020.11.15-07.47.28:147][466]LogSlate: Window 'Save Content' being destroyed
[2020.11.15-07.47.28:186][466]Cmd: OBJ SAVEPACKAGE PACKAGE="/Game/Maps/Lobby" FILE="../../../../../../Abiogolf/IT_KMITL/BattleChess/BattleChess_Game/Content/Maps/Lobby.umap" SILENT=true AUTOSAVING=false KEEPDIRTY=false
[2020.11.15-07.47.28:235][466]LogUObjectHash: Compacting FUObjectHashTables data took   0.96ms
[2020.11.15-07.47.28:397][466]LogSavePackage: Moving '../../../../../../Abiogolf/IT_KMITL/BattleChess/BattleChess_Game/Saved/Lobby30246680470BB943E8C3C289CC257ACC.tmp' to '../../../../../../Abiogolf/IT_KMITL/BattleChess/BattleChess_Game/Content/Maps/Lobby.umap'
[2020.11.15-07.47.28:464][466]LogFileHelpers: Saving map 'Lobby' took 0.278
[2020.11.15-07.47.28:464][466]Cmd: OBJ SAVEPACKAGE PACKAGE="/Game/Maps/Lobby_BuiltData" FILE="../../../../../../Abiogolf/IT_KMITL/BattleChess/BattleChess_Game/Content/Maps/Lobby_BuiltData.uasset" SILENT=true
[2020.11.15-07.47.28:596][466]LogSavePackage: Moving '../../../../../../Abiogolf/IT_KMITL/BattleChess/BattleChess_Game/Saved/Lobby_BuiltDataC12945CE43F57DB374A019BEB9EFFA55.tmp' to '../../../../../../Abiogolf/IT_KMITL/BattleChess/BattleChess_Game/Content/Maps/Lobby_BuiltData.uasset'
[2020.11.15-07.47.28:625][466]AssetCheck: New page: Asset Save: multiple assets
[2020.11.15-07.47.28:625][466]LogContentValidation: Display: Validating World /Game/Maps/Lobby.Lobby
[2020.11.15-07.47.28:625][466]LogContentValidation: Display: Validating MapBuildDataRegistry /Game/Maps/Lobby_BuiltData.Lobby_BuiltData
[2020.11.15-07.47.47:842][252]LogTemp: Repeating last play command: Standalone Game
[2020.11.15-07.47.47:934][252]LogUObjectHash: Compacting FUObjectHashTables data took   5.04ms
[2020.11.15-07.49.17:962][555]LogAssetEditorSubsystem: Opening Asset editor for Blueprint /Game/Blueprints/Characters/2_Pusher.2_Pusher
[2020.11.15-07.49.20:943][634]LogWorld: UWorld::CleanupWorld for World_16, bSessionEnded=true, bCleanupResources=true
[2020.11.15-07.49.20:943][634]LogSlate: InvalidateAllWidgets triggered.  All widgets were invalidated
[2020.11.15-07.49.21:049][634]LogAssetEditorSubsystem: Opening Asset editor for Blueprint /Game/Blueprints/Characters/2_Pusher.2_Pusher
[2020.11.15-07.50.51:483][247]LogSlate: Window 'Color Picker' being destroyed
[2020.11.15-07.50.56:192][365]LogSlate: Window 'Color Picker' being destroyed
[2020.11.15-07.50.57:578][433]BlueprintLog: New page: Compile 2_Pusher
[2020.11.15-07.50.57:602][433]LogBlueprint: Error: [Compiler 2_Pusher] This blueprint (self) is not a LobbyGM_C, therefore ' Target ' must have a connection.
[2020.11.15-07.50.57:602][433]LogBlueprint: Error: [Compiler 2_Pusher] This blueprint (self) is not a LobbyGM_C, therefore ' Target ' must have a connection.
[2020.11.15-07.50.57:611][433]LogBlueprint: Error: [Compiler 2_Pusher] Variable node  Set Num_Team2  uses an invalid target.  It may depend on a node that is not connected to the execution chain, and got purged.
[2020.11.15-07.50.57:611][433]LogBlueprint: Error: [Compiler 2_Pusher] Variable node  Set Num_Team2  uses an invalid target.  It may depend on a node that is not connected to the execution chain, and got purged.
[2020.11.15-07.50.57:723][433]LogUObjectHash: Compacting FUObjectHashTables data took   6.19ms
[2020.11.15-07.51.10:855][955]BlueprintLog: New page: Compile 2_Pusher
[2020.11.15-07.51.10:980][955]LogUObjectHash: Compacting FUObjectHashTables data took   6.48ms
[2020.11.15-07.51.12:564][  4]Cmd: OBJ SAVEPACKAGE PACKAGE="/Game/Blueprints/Characters/2_Pusher" FILE="../../../../../../Abiogolf/IT_KMITL/BattleChess/BattleChess_Game/Content/Blueprints/Characters/2_Pusher.uasset" SILENT=true
[2020.11.15-07.51.12:645][  4]LogSavePackage: Moving '../../../../../../Abiogolf/IT_KMITL/BattleChess/BattleChess_Game/Saved/2_Pusher0B11F8834E1F55C7C615789192093BA8.tmp' to '../../../../../../Abiogolf/IT_KMITL/BattleChess/BattleChess_Game/Content/Blueprints/Characters/2_Pusher.uasset'
[2020.11.15-07.51.12:713][  4]AssetCheck: New page: Asset Save: 2_Pusher
[2020.11.15-07.51.12:713][  4]LogContentValidation: Display: Validating Blueprint /Game/Blueprints/Characters/2_Pusher.2_Pusher
[2020.11.15-07.51.19:824][294]Cmd: OBJ SAVEPACKAGE PACKAGE="/Game/Blueprints/Characters/2_Pusher" FILE="../../../../../../Abiogolf/IT_KMITL/BattleChess/BattleChess_Game/Content/Blueprints/Characters/2_Pusher.uasset" SILENT=true
[2020.11.15-07.51.19:880][294]LogSavePackage: Moving '../../../../../../Abiogolf/IT_KMITL/BattleChess/BattleChess_Game/Saved/2_PusherB9E965FC481AC3D3739410A2BC5343BE.tmp' to '../../../../../../Abiogolf/IT_KMITL/BattleChess/BattleChess_Game/Content/Blueprints/Characters/2_Pusher.uasset'
[2020.11.15-07.51.19:909][294]AssetCheck: New page: Asset Save: 2_Pusher
[2020.11.15-07.51.19:909][294]LogContentValidation: Display: Validating Blueprint /Game/Blueprints/Characters/2_Pusher.2_Pusher
[2020.11.15-07.51.21:764][378]LogTemp: Repeating last play command: Standalone Game
[2020.11.15-07.51.21:860][378]LogUObjectHash: Compacting FUObjectHashTables data took   5.54ms
[2020.11.15-07.52.14:404][803]LogUObjectHash: Compacting FUObjectHashTables data took   2.34ms
[2020.11.15-07.52.15:710][846]LogUObjectHash: Compacting FUObjectHashTables data took   1.12ms
[2020.11.15-07.54.27:937][496]LogEditorTransaction: Undo Rename Node
[2020.11.15-07.54.57:170][754]BlueprintLog: New page: Compile 1_Pusher
[2020.11.15-07.54.57:285][754]LogUObjectHash: Compacting FUObjectHashTables data took   6.09ms
[2020.11.15-07.54.57:830][772]Cmd: OBJ SAVEPACKAGE PACKAGE="/Game/Blueprints/Characters/1_Pusher" FILE="../../../../../../Abiogolf/IT_KMITL/BattleChess/BattleChess_Game/Content/Blueprints/Characters/1_Pusher.uasset" SILENT=true
[2020.11.15-07.54.57:901][772]LogSavePackage: Moving '../../../../../../Abiogolf/IT_KMITL/BattleChess/BattleChess_Game/Saved/1_PusherA123CD6E42BE93418C6B04934F8CAE4F.tmp' to '../../../../../../Abiogolf/IT_KMITL/BattleChess/BattleChess_Game/Content/Blueprints/Characters/1_Pusher.uasset'
[2020.11.15-07.54.57:924][772]AssetCheck: New page: Asset Save: 1_Pusher
[2020.11.15-07.54.57:924][772]LogContentValidation: Display: Validating Blueprint /Game/Blueprints/Characters/1_Pusher.1_Pusher
[2020.11.15-07.55.08:038][218]BlueprintLog: New page: Compile 2_Pusher
[2020.11.15-07.55.08:143][218]LogUObjectHash: Compacting FUObjectHashTables data took   5.02ms
[2020.11.15-07.55.08:678][236]Cmd: OBJ SAVEPACKAGE PACKAGE="/Game/Blueprints/Characters/2_Pusher" FILE="../../../../../../Abiogolf/IT_KMITL/BattleChess/BattleChess_Game/Content/Blueprints/Characters/2_Pusher.uasset" SILENT=true
[2020.11.15-07.55.08:753][236]LogSavePackage: Moving '../../../../../../Abiogolf/IT_KMITL/BattleChess/BattleChess_Game/Saved/2_Pusher946EB10042B3ABB5CFD914A5FA5C20C2.tmp' to '../../../../../../Abiogolf/IT_KMITL/BattleChess/BattleChess_Game/Content/Blueprints/Characters/2_Pusher.uasset'
[2020.11.15-07.55.08:780][236]AssetCheck: New page: Asset Save: 2_Pusher
[2020.11.15-07.55.08:780][236]LogContentValidation: Display: Validating Blueprint /Game/Blueprints/Characters/2_Pusher.2_Pusher
[2020.11.15-07.59.47:053][774]LogAssetEditorSubsystem: Opening Asset editor for Blueprint /Engine/EditorBlueprintResources/StandardMacros.StandardMacros
[2020.11.15-07.59.50:782][908]LogWorld: UWorld::CleanupWorld for World_19, bSessionEnded=true, bCleanupResources=true
[2020.11.15-07.59.50:782][908]LogSlate: InvalidateAllWidgets triggered.  All widgets were invalidated
[2020.11.15-08.01.11:842][262]BlueprintLog: New page: Compile LobbyGM
[2020.11.15-08.01.12:126][262]LogUObjectHash: Compacting FUObjectHashTables data took   7.12ms
[2020.11.15-08.01.12:863][281]Cmd: OBJ SAVEPACKAGE PACKAGE="/Game/Blueprints/Lobby/LobbyGM" FILE="../../../../../../Abiogolf/IT_KMITL/BattleChess/BattleChess_Game/Content/Blueprints/Lobby/LobbyGM.uasset" SILENT=true
[2020.11.15-08.01.13:021][281]LogSavePackage: Moving '../../../../../../Abiogolf/IT_KMITL/BattleChess/BattleChess_Game/Saved/LobbyGM92CCC7BD419CE9E5C5C6C78BF0FF7BD0.tmp' to '../../../../../../Abiogolf/IT_KMITL/BattleChess/BattleChess_Game/Content/Blueprints/Lobby/LobbyGM.uasset'
[2020.11.15-08.01.13:047][281]AssetCheck: New page: Asset Save: LobbyGM
[2020.11.15-08.01.13:047][281]LogContentValidation: Display: Validating Blueprint /Game/Blueprints/Lobby/LobbyGM.LobbyGM
[2020.11.15-08.01.53:148][779]LogSlate: Window 'Color Picker' being destroyed
[2020.11.15-08.02.02:982][ 65]LogSlate: Window 'Color Picker' being destroyed
[2020.11.15-08.02.22:767][883]BlueprintLog: New page: Compile LobbyGM
[2020.11.15-08.02.22:997][883]LogUObjectHash: Compacting FUObjectHashTables data took   6.39ms
[2020.11.15-08.02.23:954][908]Cmd: OBJ SAVEPACKAGE PACKAGE="/Game/Blueprints/Lobby/LobbyGM" FILE="../../../../../../Abiogolf/IT_KMITL/BattleChess/BattleChess_Game/Content/Blueprints/Lobby/LobbyGM.uasset" SILENT=true
[2020.11.15-08.02.24:076][908]LogSavePackage: Moving '../../../../../../Abiogolf/IT_KMITL/BattleChess/BattleChess_Game/Saved/LobbyGM6B6BC7B24307A6AF2C7E59B42BAE21FF.tmp' to '../../../../../../Abiogolf/IT_KMITL/BattleChess/BattleChess_Game/Content/Blueprints/Lobby/LobbyGM.uasset'
[2020.11.15-08.02.24:097][908]AssetCheck: New page: Asset Save: LobbyGM
[2020.11.15-08.02.24:097][908]LogContentValidation: Display: Validating Blueprint /Game/Blueprints/Lobby/LobbyGM.LobbyGM
[2020.11.15-08.02.36:079][476]LogTemp: Repeating last play command: Standalone Game
[2020.11.15-08.02.36:171][476]LogUObjectHash: Compacting FUObjectHashTables data took   6.27ms
[2020.11.15-08.08.09:720][385]BlueprintLog: New page: Compile LobbyGM
[2020.11.15-08.08.09:878][385]LogUObjectHash: Compacting FUObjectHashTables data took   3.91ms
[2020.11.15-08.08.10:594][409]Cmd: OBJ SAVEPACKAGE PACKAGE="/Game/Blueprints/Lobby/LobbyGM" FILE="../../../../../../Abiogolf/IT_KMITL/BattleChess/BattleChess_Game/Content/Blueprints/Lobby/LobbyGM.uasset" SILENT=true
[2020.11.15-08.08.10:679][409]LogSavePackage: Moving '../../../../../../Abiogolf/IT_KMITL/BattleChess/BattleChess_Game/Saved/LobbyGMC7AA63C24BF75ECF1433B8846E9FABD2.tmp' to '../../../../../../Abiogolf/IT_KMITL/BattleChess/BattleChess_Game/Content/Blueprints/Lobby/LobbyGM.uasset'
[2020.11.15-08.08.10:695][409]AssetCheck: New page: Asset Save: LobbyGM
[2020.11.15-08.08.10:695][409]LogContentValidation: Display: Validating Blueprint /Game/Blueprints/Lobby/LobbyGM.LobbyGM
[2020.11.15-08.08.31:182][363]BlueprintLog: New page: Compile 1_Pusher
[2020.11.15-08.08.31:278][363]LogUObjectHash: Compacting FUObjectHashTables data took   4.68ms
[2020.11.15-08.08.31:821][385]Cmd: OBJ SAVEPACKAGE PACKAGE="/Game/Blueprints/Characters/1_Pusher" FILE="../../../../../../Abiogolf/IT_KMITL/BattleChess/BattleChess_Game/Content/Blueprints/Characters/1_Pusher.uasset" SILENT=true
[2020.11.15-08.08.31:941][385]LogSavePackage: Moving '../../../../../../Abiogolf/IT_KMITL/BattleChess/BattleChess_Game/Saved/1_PusherD34FD64B42767B7206BDDC8BDDB335BF.tmp' to '../../../../../../Abiogolf/IT_KMITL/BattleChess/BattleChess_Game/Content/Blueprints/Characters/1_Pusher.uasset'
[2020.11.15-08.08.31:964][385]AssetCheck: New page: Asset Save: 1_Pusher
[2020.11.15-08.08.31:964][385]LogContentValidation: Display: Validating Blueprint /Game/Blueprints/Characters/1_Pusher.1_Pusher
[2020.11.15-08.09.41:996][474]BlueprintLog: New page: Compile 1_Pusher
[2020.11.15-08.09.42:102][474]LogUObjectHash: Compacting FUObjectHashTables data took   5.17ms
[2020.11.15-08.09.42:697][496]Cmd: OBJ SAVEPACKAGE PACKAGE="/Game/Blueprints/Characters/1_Pusher" FILE="../../../../../../Abiogolf/IT_KMITL/BattleChess/BattleChess_Game/Content/Blueprints/Characters/1_Pusher.uasset" SILENT=true
[2020.11.15-08.09.42:752][496]LogSavePackage: Moving '../../../../../../Abiogolf/IT_KMITL/BattleChess/BattleChess_Game/Saved/1_PusherF12000F34502B11C435AB8A87BE0A172.tmp' to '../../../../../../Abiogolf/IT_KMITL/BattleChess/BattleChess_Game/Content/Blueprints/Characters/1_Pusher.uasset'
[2020.11.15-08.09.42:777][496]AssetCheck: New page: Asset Save: 1_Pusher
[2020.11.15-08.09.42:777][496]LogContentValidation: Display: Validating Blueprint /Game/Blueprints/Characters/1_Pusher.1_Pusher
[2020.11.15-08.10.49:015][183]BlueprintLog: New page: Compile LobbyGM
[2020.11.15-08.10.49:084][183]LogBlueprint: Error: [Compiler LobbyGM] The current value of the ' Event ' pin is invalid: Unsupported type Delegate on pin Delegate
[2020.11.15-08.10.49:257][183]LogUObjectHash: Compacting FUObjectHashTables data took   6.43ms
[2020.11.15-08.10.49:940][198]Cmd: OBJ SAVEPACKAGE PACKAGE="/Game/Blueprints/Lobby/LobbyGM" FILE="../../../../../../Abiogolf/IT_KMITL/BattleChess/BattleChess_Game/Content/Blueprints/Lobby/LobbyGM.uasset" SILENT=true
[2020.11.15-08.10.50:058][198]LogSavePackage: Moving '../../../../../../Abiogolf/IT_KMITL/BattleChess/BattleChess_Game/Saved/LobbyGMC4ED60EE42CE57508E79C882A29B80D9.tmp' to '../../../../../../Abiogolf/IT_KMITL/BattleChess/BattleChess_Game/Content/Blueprints/Lobby/LobbyGM.uasset'
[2020.11.15-08.10.50:421][198]AssetCheck: New page: Asset Save: LobbyGM
[2020.11.15-08.10.50:422][198]LogContentValidation: Display: Validating Blueprint /Game/Blueprints/Lobby/LobbyGM.LobbyGM
[2020.11.15-08.10.54:264][377]BlueprintLog: New page: Compile LobbyGM
[2020.11.15-08.10.54:466][377]LogUObjectHash: Compacting FUObjectHashTables data took   5.76ms
[2020.11.15-08.10.55:137][392]Cmd: OBJ SAVEPACKAGE PACKAGE="/Game/Blueprints/Lobby/LobbyGM" FILE="../../../../../../Abiogolf/IT_KMITL/BattleChess/BattleChess_Game/Content/Blueprints/Lobby/LobbyGM.uasset" SILENT=true
[2020.11.15-08.10.55:271][392]LogSavePackage: Moving '../../../../../../Abiogolf/IT_KMITL/BattleChess/BattleChess_Game/Saved/LobbyGMD347ACD1472BE152E54106893103BCA9.tmp' to '../../../../../../Abiogolf/IT_KMITL/BattleChess/BattleChess_Game/Content/Blueprints/Lobby/LobbyGM.uasset'
[2020.11.15-08.10.55:291][392]AssetCheck: New page: Asset Save: LobbyGM
[2020.11.15-08.10.55:291][392]LogContentValidation: Display: Validating Blueprint /Game/Blueprints/Lobby/LobbyGM.LobbyGM
[2020.11.15-08.12.47:622][933]BlueprintLog: New page: Compile LobbyGM
[2020.11.15-08.12.47:846][933]LogUObjectHash: Compacting FUObjectHashTables data took   6.04ms
[2020.11.15-08.12.48:558][951]Cmd: OBJ SAVEPACKAGE PACKAGE="/Game/Blueprints/Lobby/LobbyGM" FILE="../../../../../../Abiogolf/IT_KMITL/BattleChess/BattleChess_Game/Content/Blueprints/Lobby/LobbyGM.uasset" SILENT=true
[2020.11.15-08.12.48:760][951]LogSavePackage: Moving '../../../../../../Abiogolf/IT_KMITL/BattleChess/BattleChess_Game/Saved/LobbyGM35A7E723474C36F413959D95B80E4025.tmp' to '../../../../../../Abiogolf/IT_KMITL/BattleChess/BattleChess_Game/Content/Blueprints/Lobby/LobbyGM.uasset'
[2020.11.15-08.12.48:780][951]AssetCheck: New page: Asset Save: LobbyGM
[2020.11.15-08.12.48:780][951]LogContentValidation: Display: Validating Blueprint /Game/Blueprints/Lobby/LobbyGM.LobbyGM
[2020.11.15-08.13.22:465][163]LogSlate: Window 'Color Picker' being destroyed
[2020.11.15-08.13.41:427][803]LogSlate: Window 'Color Picker' being destroyed
[2020.11.15-08.13.50:845][843]LogSlate: Window 'Color Picker' being destroyed
[2020.11.15-08.13.55:026][ 34]BlueprintLog: New page: Compile LobbyGM
[2020.11.15-08.13.55:231][ 34]LogUObjectHash: Compacting FUObjectHashTables data took   5.56ms
[2020.11.15-08.13.56:131][ 57]Cmd: OBJ SAVEPACKAGE PACKAGE="/Game/Blueprints/Lobby/LobbyGM" FILE="../../../../../../Abiogolf/IT_KMITL/BattleChess/BattleChess_Game/Content/Blueprints/Lobby/LobbyGM.uasset" SILENT=true
[2020.11.15-08.13.56:274][ 57]LogSavePackage: Moving '../../../../../../Abiogolf/IT_KMITL/BattleChess/BattleChess_Game/Saved/LobbyGMD98DD5F74D494E6EA4A9FC9B8884797C.tmp' to '../../../../../../Abiogolf/IT_KMITL/BattleChess/BattleChess_Game/Content/Blueprints/Lobby/LobbyGM.uasset'
[2020.11.15-08.13.56:294][ 57]AssetCheck: New page: Asset Save: LobbyGM
[2020.11.15-08.13.56:294][ 57]LogContentValidation: Display: Validating Blueprint /Game/Blueprints/Lobby/LobbyGM.LobbyGM
[2020.11.15-08.14.00:156][236]LogTemp: Repeating last play command: Standalone Game
[2020.11.15-08.14.00:240][236]LogUObjectHash: Compacting FUObjectHashTables data took   5.43ms
[2020.11.15-08.15.57:547][ 47]LogUObjectHash: Compacting FUObjectHashTables data took   1.76ms
[2020.11.15-08.15.59:012][ 93]LogUObjectHash: Compacting FUObjectHashTables data took   1.75ms
