Log file open, 11/06/20 20:55:11
LogInit: Display: Running engine for game: BattleChess_Game
LogPlatformFile: Not using cached read wrapper
LogTaskGraph: Started task graph with 5 named threads and 23 total threads with 3 sets of task threads.
LogStats: Stats thread started at 3.335221
LogD3D11RHI: Loaded GFSDK_Aftermath_Lib.x64.dll
LogICUInternationalization: ICU TimeZone Detection - Raw Offset: +7:00, Platform Override: ''
LogPluginManager: Mounting plugin Paper2D
LogPluginManager: Mounting plugin AISupport
LogPluginManager: Mounting plugin LightPropagationVolume
LogPluginManager: Mounting plugin CameraShakePreviewer
LogPluginManager: Mounting plugin ActorLayerUtilities
LogPluginManager: Mounting plugin AnimationSharing
LogPluginManager: Mounting plugin CLionSourceCodeAccess
LogPluginManager: Mounting plugin CodeLiteSourceCodeAccess
LogPluginManager: Mounting plugin GitSourceControl
LogPluginManager: Mounting plugin KDevelopSourceCodeAccess
LogPluginManager: Mounting plugin NullSourceCodeAccess
LogPluginManager: Mounting plugin PerforceSourceControl
LogPluginManager: Mounting plugin PlasticSourceControl
LogPluginManager: Mounting plugin RiderSourceCodeAccess
LogPluginManager: Mounting plugin SubversionSourceControl
LogPluginManager: Mounting plugin UObjectPlugin
LogPluginManager: Mounting plugin VisualStudioCodeSourceCodeAccess
LogPluginManager: Mounting plugin VisualStudioSourceCodeAccess
LogPluginManager: Mounting plugin XCodeSourceCodeAccess
LogPluginManager: Mounting plugin AssetManagerEditor
LogPluginManager: Mounting plugin CryptoKeys
LogPluginManager: Mounting plugin CurveEditorTools
LogPluginManager: Mounting plugin DataValidation
LogPluginManager: Mounting plugin EditorScriptingUtilities
LogPluginManager: Mounting plugin FacialAnimation
LogPluginManager: Mounting plugin GameplayTagsEditor
LogPluginManager: Mounting plugin GeometryMode
LogPluginManager: Mounting plugin MacGraphicsSwitching
LogPluginManager: Mounting plugin MaterialAnalyzer
LogPluginManager: Mounting plugin MobileLauncherProfileWizard
LogPluginManager: Mounting plugin PluginBrowser
LogPluginManager: Mounting plugin SpeedTreeImporter
LogPluginManager: Mounting plugin DatasmithContent
LogPluginManager: Mounting plugin VariantManagerContent
LogPluginManager: Mounting plugin AlembicImporter
LogPluginManager: Mounting plugin AutomationUtils
LogPluginManager: Mounting plugin BackChannel
LogPluginManager: Mounting plugin ChaosCloth
LogPluginManager: Mounting plugin ChaosClothEditor
LogPluginManager: Mounting plugin ChaosEditor
LogPluginManager: Mounting plugin ChaosNiagara
LogPluginManager: Mounting plugin ChaosSolverPlugin
LogPluginManager: Mounting plugin CharacterAI
LogPluginManager: Mounting plugin GeometryCache
LogPluginManager: Mounting plugin GeometryCollectionPlugin
LogPluginManager: Mounting plugin GeometryProcessing
LogPluginManager: Mounting plugin PlanarCut
LogPluginManager: Mounting plugin PlatformCrypto
LogPluginManager: Mounting plugin ProxyLODPlugin
LogPluginManager: Mounting plugin SkeletalReduction
LogPluginManager: Mounting plugin Niagara
LogPluginManager: Mounting plugin MagicLeap
LogPluginManager: Mounting plugin MagicLeapLightEstimation
LogPluginManager: Mounting plugin MagicLeapMedia
LogPluginManager: Mounting plugin MagicLeapPassableWorld
LogPluginManager: Mounting plugin MLSDK
LogPluginManager: Mounting plugin AndroidMedia
LogPluginManager: Mounting plugin AvfMedia
LogPluginManager: Mounting plugin ImgMedia
LogPluginManager: Mounting plugin MediaCompositing
LogPluginManager: Mounting plugin MediaPlayerEditor
LogPluginManager: Mounting plugin WebMMedia
LogPluginManager: Mounting plugin WmfMedia
LogPluginManager: Mounting plugin MeshPainting
LogPluginManager: Mounting plugin TcpMessaging
LogPluginManager: Mounting plugin UdpMessaging
LogPluginManager: Mounting plugin ActorSequence
LogPluginManager: Mounting plugin LevelSequenceEditor
LogPluginManager: Mounting plugin MatineeToLevelSequence
LogPluginManager: Mounting plugin MovieRenderPipeline
LogPluginManager: Mounting plugin TemplateSequence
LogPluginManager: Mounting plugin NetcodeUnitTest
LogPluginManager: Mounting plugin NUTUnrealEngine4
LogPluginManager: Mounting plugin OnlineSubsystemGooglePlay
LogPluginManager: Mounting plugin OnlineSubsystemIOS
LogPluginManager: Mounting plugin OnlineSubsystem
LogPluginManager: Mounting plugin OnlineSubsystemNull
LogPluginManager: Mounting plugin OnlineSubsystemSteam
LogPluginManager: Mounting plugin OnlineSubsystemUtils
LogPluginManager: Mounting plugin LauncherChunkInstaller
LogPluginManager: Mounting plugin AndroidDeviceProfileSelector
LogPluginManager: Mounting plugin AndroidMoviePlayer
LogPluginManager: Mounting plugin AndroidPermission
LogPluginManager: Mounting plugin AppleImageUtils
LogPluginManager: Mounting plugin AppleMoviePlayer
LogPluginManager: Mounting plugin ArchVisCharacter
LogPluginManager: Mounting plugin AssetTags
LogPluginManager: Mounting plugin AudioCapture
LogPluginManager: Mounting plugin CableComponent
LogPluginManager: Mounting plugin CustomMeshComponent
LogPluginManager: Mounting plugin EditableMesh
LogPluginManager: Mounting plugin ExampleDeviceProfileSelector
LogPluginManager: Mounting plugin GoogleCloudMessaging
LogPluginManager: Mounting plugin GooglePAD
LogPluginManager: Mounting plugin IOSDeviceProfileSelector
LogPluginManager: Mounting plugin LinuxDeviceProfileSelector
LogPluginManager: Mounting plugin LocationServicesBPLibrary
LogPluginManager: Mounting plugin MobilePatchingUtils
LogPluginManager: Mounting plugin OculusVR
LogPluginManager: Mounting plugin PhysXVehicles
LogPluginManager: Mounting plugin PostSplashScreen
LogPluginManager: Mounting plugin ProceduralMeshComponent
LogPluginManager: Mounting plugin RuntimePhysXCooking
LogPluginManager: Mounting plugin SignificanceManager
LogPluginManager: Mounting plugin SoundFields
LogPluginManager: Mounting plugin SteamShared
LogPluginManager: Mounting plugin SteamVR
LogPluginManager: Mounting plugin Synthesis
LogPluginManager: Mounting plugin WebMMoviePlayer
LogPluginManager: Mounting plugin WindowsMoviePlayer
LogPluginManager: Mounting plugin ScreenshotTools
LogInit: Using libcurl 7.55.1-DEV
LogInit:  - built for x86_64-pc-win32
LogInit:  - supports SSL with OpenSSL/1.1.1
LogInit:  - supports HTTP deflate (compression) using libz 1.2.8
LogInit:  - other features:
LogInit:      CURL_VERSION_SSL
LogInit:      CURL_VERSION_LIBZ
LogInit:      CURL_VERSION_IPV6
LogInit:      CURL_VERSION_ASYNCHDNS
LogInit:      CURL_VERSION_LARGEFILE
LogInit:      CURL_VERSION_IDN
LogInit:  CurlRequestOptions (configurable via config and command line):
LogInit:  - bVerifyPeer = true  - Libcurl will verify peer certificate
LogInit:  - bUseHttpProxy = false  - Libcurl will NOT use HTTP proxy
LogInit:  - bDontReuseConnections = false  - Libcurl will reuse connections
LogInit:  - MaxHostConnections = 16  - Libcurl will limit the number of connections to a host
LogInit:  - LocalHostAddr = Default
LogInit:  - BufferSize = 65536
LogSteamShared: Display: Loading Steam SDK 1.47
LogSteamShared: Steam SDK Loaded!
LogOnline: OSS: Creating online subsystem instance for: Steam
LogOnline: Display: STEAM: OnlineSubsystemSteam::Shutdown()
LogOnline: OSS: Unable to create OnlineSubsystem module Steam
LogOnline: OSS: Creating online subsystem instance for: NULL
LogInit: WinSock: version 1.1 (2.2), MaxSocks=32767, MaxUdp=65467
LogOnline: OSS: TryLoadSubsystemAndSetDefault: Loaded subsystem for module [NULL]
LogInit: Build: ++UE4+Release-4.25-CL-14469661
LogInit: Engine Version: 4.25.4-14469661+++UE4+Release-4.25
LogInit: Compatible Engine Version: 4.25.0-13144385+++UE4+Release-4.25
LogInit: Net CL: 13144385
LogInit: OS: Windows 10 (Release 2004) (), CPU: Intel(R) Core(TM) i5-8300H CPU @ 2.30GHz, GPU: Intel(R) UHD Graphics 630
LogInit: Compiled (64-bit): Oct 11 2020 08:10:49
LogInit: Compiled with Visual C++: 19.24.28315.00
LogInit: Build Configuration: Development
LogInit: Branch Name: ++UE4+Release-4.25
LogInit: Command Line: 
LogInit: Base Directory: D:/GAME/Epic Games/UE_4.25/Engine/Binaries/Win64/
LogInit: Allocator: TBB
LogInit: Installed Engine Build: 1
LogDevObjectVersion: Number of dev versions registered: 26
LogDevObjectVersion:   Dev-Blueprints (B0D832E4-1F89-4F0D-ACCF-7EB736FD4AA2): 10
LogDevObjectVersion:   Dev-Build (E1C64328-A22C-4D53-A36C-8E866417BD8C): 0
LogDevObjectVersion:   Dev-Core (375EC13C-06E4-48FB-B500-84F0262A717E): 4
LogDevObjectVersion:   Dev-Editor (E4B068ED-F494-42E9-A231-DA0B2E46BB41): 38
LogDevObjectVersion:   Dev-Framework (CFFC743F-43B0-4480-9391-14DF171D2073): 37
LogDevObjectVersion:   Dev-Mobile (B02B49B5-BB20-44E9-A304-32B752E40360): 2
LogDevObjectVersion:   Dev-Networking (A4E4105C-59A1-49B5-A7C5-40C4547EDFEE): 0
LogDevObjectVersion:   Dev-Online (39C831C9-5AE6-47DC-9A44-9C173E1C8E7C): 0
LogDevObjectVersion:   Dev-Physics (78F01B33-EBEA-4F98-B9B4-84EACCB95AA2): 4
LogDevObjectVersion:   Dev-Platform (6631380F-2D4D-43E0-8009-CF276956A95A): 0
LogDevObjectVersion:   Dev-Rendering (12F88B9F-8875-4AFC-A67C-D90C383ABD29): 43
LogDevObjectVersion:   Dev-Sequencer (7B5AE74C-D270-4C10-A958-57980B212A5A): 12
LogDevObjectVersion:   Dev-VR (D7296918-1DD6-4BDD-9DE2-64A83CC13884): 3
LogDevObjectVersion:   Dev-LoadTimes (C2A15278-BFE7-4AFE-6C17-90FF531DF755): 1
LogDevObjectVersion:   Private-Geometry (6EACA3D4-40EC-4CC1-B786-8BED09428FC5): 3
LogDevObjectVersion:   Dev-AnimPhys (29E575DD-E0A3-4627-9D10-D276232CDCEA): 17
LogDevObjectVersion:   Dev-Anim (AF43A65D-7FD3-4947-9873-3E8ED9C1BB05): 7
LogDevObjectVersion:   Dev-ReflectionCapture (6B266CEC-1EC7-4B8F-A30B-E4D90942FC07): 1
LogDevObjectVersion:   Dev-Automation (0DF73D61-A23F-47EA-B727-89E90C41499A): 1
LogDevObjectVersion:   FortniteMain (601D1886-AC64-4F84-AA16-D3DE0DEAC7D6): 31
LogDevObjectVersion:   Dev-Enterprise (9DFFBCD6-494F-0158-E221-12823C92A888): 10
LogDevObjectVersion:   Dev-Niagara (F2AED0AC-9AFE-416F-8664-AA7FFA26D6FC): 1
LogDevObjectVersion:   Dev-Destruction (174F1F0B-B4C6-45A5-B13F-2EE8D0FB917D): 10
LogDevObjectVersion:   Dev-Physics-Ext (35F94A83-E258-406C-A318-09F59610247C): 37
LogDevObjectVersion:   Dev-PhysicsMaterial-Chaos (B68FC16E-8B1B-42E2-B453-215C058844FE): 1
LogDevObjectVersion:   Dev-CineCamera (B2E18506-4273-CFC2-A54E-F4BB758BBA07): 1
LogInit: Presizing for max 25165824 objects, including 0 objects not considered by GC, pre-allocating 0 bytes for permanent pool.
LogConfig: Applying CVar settings from Section [/Script/Engine.StreamingSettings] File [C:/Users/Garfield/Documents/GitHub/BattleChess/BattleChess_Game/Saved/Config/Windows/Engine.ini]
LogConfig: Setting CVar [[s.MinBulkDataSizeForAsyncLoading:131072]]
LogConfig: Setting CVar [[s.AsyncLoadingThreadEnabled:0]]
LogConfig: Setting CVar [[s.EventDrivenLoaderEnabled:1]]
LogConfig: Setting CVar [[s.WarnIfTimeLimitExceeded:0]]
LogConfig: Setting CVar [[s.TimeLimitExceededMultiplier:1.5]]
LogConfig: Setting CVar [[s.TimeLimitExceededMinTime:0.005]]
LogConfig: Setting CVar [[s.UseBackgroundLevelStreaming:1]]
LogConfig: Setting CVar [[s.PriorityAsyncLoadingExtraTime:15.0]]
LogConfig: Setting CVar [[s.LevelStreamingActorsUpdateTimeLimit:5.0]]
LogConfig: Setting CVar [[s.PriorityLevelStreamingActorsUpdateExtraTime:5.0]]
LogConfig: Setting CVar [[s.LevelStreamingComponentsRegistrationGranularity:10]]
LogConfig: Setting CVar [[s.UnregisterComponentsTimeLimit:1.0]]
LogConfig: Setting CVar [[s.LevelStreamingComponentsUnregistrationGranularity:5]]
LogConfig: Setting CVar [[s.FlushStreamingOnExit:1]]
LogInit: Object subsystem initialized
LogConfig: Setting CVar [[con.DebugEarlyDefault:1]]
LogConfig: Setting CVar [[r.setres:1280x720]]
[2020.11.06-13.55.15:716][  0]LogConfig: Setting CVar [[r.VSync:0]]
[2020.11.06-13.55.15:716][  0]LogConfig: Setting CVar [[r.RHICmdBypass:0]]
[2020.11.06-13.55.15:716][  0]LogConfig: Applying CVar settings from Section [/Script/Engine.RendererSettings] File [C:/Users/Garfield/Documents/GitHub/BattleChess/BattleChess_Game/Saved/Config/Windows/Engine.ini]
[2020.11.06-13.55.15:716][  0]LogConfig: Setting CVar [[r.GPUCrashDebugging:0]]
[2020.11.06-13.55.15:716][  0]LogConfig: Applying CVar settings from Section [/Script/Engine.RendererOverrideSettings] File [C:/Users/Garfield/Documents/GitHub/BattleChess/BattleChess_Game/Saved/Config/Windows/Engine.ini]
[2020.11.06-13.55.15:717][  0]LogConfig: Applying CVar settings from Section [/Script/Engine.StreamingSettings] File [C:/Users/Garfield/Documents/GitHub/BattleChess/BattleChess_Game/Saved/Config/Windows/Engine.ini]
[2020.11.06-13.55.15:717][  0]LogConfig: Setting CVar [[s.MinBulkDataSizeForAsyncLoading:131072]]
[2020.11.06-13.55.15:717][  0]LogConfig: Setting CVar [[s.AsyncLoadingThreadEnabled:0]]
[2020.11.06-13.55.15:717][  0]LogConfig: Setting CVar [[s.EventDrivenLoaderEnabled:1]]
[2020.11.06-13.55.15:717][  0]LogConfig: Setting CVar [[s.WarnIfTimeLimitExceeded:0]]
[2020.11.06-13.55.15:717][  0]LogConfig: Setting CVar [[s.TimeLimitExceededMultiplier:1.5]]
[2020.11.06-13.55.15:717][  0]LogConfig: Setting CVar [[s.TimeLimitExceededMinTime:0.005]]
[2020.11.06-13.55.15:717][  0]LogConfig: Setting CVar [[s.UseBackgroundLevelStreaming:1]]
[2020.11.06-13.55.15:717][  0]LogConfig: Setting CVar [[s.PriorityAsyncLoadingExtraTime:15.0]]
[2020.11.06-13.55.15:717][  0]LogConfig: Setting CVar [[s.LevelStreamingActorsUpdateTimeLimit:5.0]]
[2020.11.06-13.55.15:717][  0]LogConfig: Setting CVar [[s.PriorityLevelStreamingActorsUpdateExtraTime:5.0]]
[2020.11.06-13.55.15:717][  0]LogConfig: Setting CVar [[s.LevelStreamingComponentsRegistrationGranularity:10]]
[2020.11.06-13.55.15:717][  0]LogConfig: Setting CVar [[s.UnregisterComponentsTimeLimit:1.0]]
[2020.11.06-13.55.15:717][  0]LogConfig: Setting CVar [[s.LevelStreamingComponentsUnregistrationGranularity:5]]
[2020.11.06-13.55.15:717][  0]LogConfig: Setting CVar [[s.FlushStreamingOnExit:1]]
[2020.11.06-13.55.15:717][  0]LogConfig: Applying CVar settings from Section [/Script/Engine.GarbageCollectionSettings] File [C:/Users/Garfield/Documents/GitHub/BattleChess/BattleChess_Game/Saved/Config/Windows/Engine.ini]
[2020.11.06-13.55.15:717][  0]LogConfig: Setting CVar [[gc.MaxObjectsNotConsideredByGC:1]]
[2020.11.06-13.55.15:717][  0]LogConfig: Setting CVar [[gc.SizeOfPermanentObjectPool:0]]
[2020.11.06-13.55.15:717][  0]LogConfig: Setting CVar [[gc.FlushStreamingOnGC:0]]
[2020.11.06-13.55.15:717][  0]LogConfig: Setting CVar [[gc.NumRetriesBeforeForcingGC:10]]
[2020.11.06-13.55.15:717][  0]LogConfig: Setting CVar [[gc.AllowParallelGC:1]]
[2020.11.06-13.55.15:717][  0]LogConfig: Setting CVar [[gc.TimeBetweenPurgingPendingKillObjects:61.1]]
[2020.11.06-13.55.15:717][  0]LogConfig: Setting CVar [[gc.MaxObjectsInEditor:25165824]]
[2020.11.06-13.55.15:717][  0]LogConfig: Setting CVar [[gc.IncrementalBeginDestroyEnabled:1]]
[2020.11.06-13.55.15:717][  0]LogConfig: Setting CVar [[gc.CreateGCClusters:1]]
[2020.11.06-13.55.15:717][  0]LogConfig: Setting CVar [[gc.MinGCClusterSize:5]]
[2020.11.06-13.55.15:717][  0]LogConfig: Setting CVar [[gc.ActorClusteringEnabled:0]]
[2020.11.06-13.55.15:717][  0]LogConfig: Setting CVar [[gc.BlueprintClusteringEnabled:0]]
[2020.11.06-13.55.15:717][  0]LogConfig: Setting CVar [[gc.UseDisregardForGCOnDedicatedServers:0]]
[2020.11.06-13.55.15:717][  0]LogConfig: Applying CVar settings from Section [/Script/Engine.NetworkSettings] File [C:/Users/Garfield/Documents/GitHub/BattleChess/BattleChess_Game/Saved/Config/Windows/Engine.ini]
[2020.11.06-13.55.15:717][  0]LogConfig: Applying CVar settings from Section [/Script/UnrealEd.CookerSettings] File [C:/Users/Garfield/Documents/GitHub/BattleChess/BattleChess_Game/Saved/Config/Windows/Engine.ini]
[2020.11.06-13.55.15:723][  0]LogConfig: Applying CVar settings from Section [ViewDistanceQuality@3] File [C:/Users/Garfield/Documents/GitHub/BattleChess/BattleChess_Game/Saved/Config/Windows/Scalability.ini]
[2020.11.06-13.55.15:723][  0]LogConfig: Setting CVar [[r.SkeletalMeshLODBias:0]]
[2020.11.06-13.55.15:723][  0]LogConfig: Setting CVar [[r.ViewDistanceScale:1.0]]
[2020.11.06-13.55.15:723][  0]LogConfig: Applying CVar settings from Section [AntiAliasingQuality@3] File [C:/Users/Garfield/Documents/GitHub/BattleChess/BattleChess_Game/Saved/Config/Windows/Scalability.ini]
[2020.11.06-13.55.15:723][  0]LogConfig: Setting CVar [[r.PostProcessAAQuality:4]]
[2020.11.06-13.55.15:723][  0]LogConfig: Applying CVar settings from Section [ShadowQuality@3] File [C:/Users/Garfield/Documents/GitHub/BattleChess/BattleChess_Game/Saved/Config/Windows/Scalability.ini]
[2020.11.06-13.55.15:723][  0]LogConfig: Setting CVar [[r.LightFunctionQuality:1]]
[2020.11.06-13.55.15:723][  0]LogConfig: Setting CVar [[r.ShadowQuality:5]]
[2020.11.06-13.55.15:723][  0]LogConfig: Setting CVar [[r.Shadow.CSM.MaxCascades:10]]
[2020.11.06-13.55.15:723][  0]LogConfig: Setting CVar [[r.Shadow.MaxResolution:2048]]
[2020.11.06-13.55.15:723][  0]LogConfig: Setting CVar [[r.Shadow.MaxCSMResolution:2048]]
[2020.11.06-13.55.15:723][  0]LogConfig: Setting CVar [[r.Shadow.RadiusThreshold:0.01]]
[2020.11.06-13.55.15:723][  0]LogConfig: Setting CVar [[r.Shadow.DistanceScale:1.0]]
[2020.11.06-13.55.15:723][  0]LogConfig: Setting CVar [[r.Shadow.CSM.TransitionScale:1.0]]
[2020.11.06-13.55.15:723][  0]LogConfig: Setting CVar [[r.Shadow.PreShadowResolutionFactor:1.0]]
[2020.11.06-13.55.15:723][  0]LogConfig: Setting CVar [[r.DistanceFieldShadowing:1]]
[2020.11.06-13.55.15:723][  0]LogConfig: Setting CVar [[r.DistanceFieldAO:1]]
[2020.11.06-13.55.15:723][  0]LogConfig: Setting CVar [[r.AOQuality:2]]
[2020.11.06-13.55.15:723][  0]LogConfig: Setting CVar [[r.VolumetricFog:1]]
[2020.11.06-13.55.15:723][  0]LogConfig: Setting CVar [[r.VolumetricFog.GridPixelSize:8]]
[2020.11.06-13.55.15:723][  0]LogConfig: Setting CVar [[r.VolumetricFog.GridSizeZ:128]]
[2020.11.06-13.55.15:723][  0]LogConfig: Setting CVar [[r.VolumetricFog.HistoryMissSupersampleCount:4]]
[2020.11.06-13.55.15:723][  0]LogConfig: Setting CVar [[r.LightMaxDrawDistanceScale:1]]
[2020.11.06-13.55.15:723][  0]LogConfig: Setting CVar [[r.CapsuleShadows:1]]
[2020.11.06-13.55.15:723][  0]LogConfig: Applying CVar settings from Section [PostProcessQuality@3] File [C:/Users/Garfield/Documents/GitHub/BattleChess/BattleChess_Game/Saved/Config/Windows/Scalability.ini]
[2020.11.06-13.55.15:723][  0]LogConfig: Setting CVar [[r.MotionBlurQuality:4]]
[2020.11.06-13.55.15:723][  0]LogConfig: Setting CVar [[r.AmbientOcclusionMipLevelFactor:0.4]]
[2020.11.06-13.55.15:723][  0]LogConfig: Setting CVar [[r.AmbientOcclusionMaxQuality:100]]
[2020.11.06-13.55.15:723][  0]LogConfig: Setting CVar [[r.AmbientOcclusionLevels:-1]]
[2020.11.06-13.55.15:724][  0]LogConfig: Setting CVar [[r.AmbientOcclusionRadiusScale:1.0]]
[2020.11.06-13.55.15:724][  0]LogConfig: Setting CVar [[r.DepthOfFieldQuality:2]]
[2020.11.06-13.55.15:724][  0]LogConfig: Setting CVar [[r.RenderTargetPoolMin:400]]
[2020.11.06-13.55.15:724][  0]LogConfig: Setting CVar [[r.LensFlareQuality:2]]
[2020.11.06-13.55.15:724][  0]LogConfig: Setting CVar [[r.SceneColorFringeQuality:1]]
[2020.11.06-13.55.15:724][  0]LogConfig: Setting CVar [[r.EyeAdaptationQuality:2]]
[2020.11.06-13.55.15:724][  0]LogConfig: Setting CVar [[r.BloomQuality:5]]
[2020.11.06-13.55.15:724][  0]LogConfig: Setting CVar [[r.FastBlurThreshold:100]]
[2020.11.06-13.55.15:724][  0]LogConfig: Setting CVar [[r.Upscale.Quality:3]]
[2020.11.06-13.55.15:724][  0]LogConfig: Setting CVar [[r.Tonemapper.GrainQuantization:1]]
[2020.11.06-13.55.15:724][  0]LogConfig: Setting CVar [[r.LightShaftQuality:1]]
[2020.11.06-13.55.15:724][  0]LogConfig: Setting CVar [[r.Filter.SizeScale:1]]
[2020.11.06-13.55.15:724][  0]LogConfig: Setting CVar [[r.Tonemapper.Quality:5]]
[2020.11.06-13.55.15:724][  0]LogConfig: Setting CVar [[r.DOF.Gather.AccumulatorQuality:1        ; higher gathering accumulator quality]]
[2020.11.06-13.55.15:724][  0]LogConfig: Setting CVar [[r.DOF.Gather.PostfilterMethod:1          ; Median3x3 postfilering method]]
[2020.11.06-13.55.15:724][  0]LogConfig: Setting CVar [[r.DOF.Gather.EnableBokehSettings:0       ; no bokeh simulation when gathering]]
[2020.11.06-13.55.15:724][  0]LogConfig: Setting CVar [[r.DOF.Gather.RingCount:4                 ; medium number of samples when gathering]]
[2020.11.06-13.55.15:724][  0]LogConfig: Setting CVar [[r.DOF.Scatter.ForegroundCompositing:1    ; additive foreground scattering]]
[2020.11.06-13.55.15:724][  0]LogConfig: Setting CVar [[r.DOF.Scatter.BackgroundCompositing:2    ; additive background scattering]]
[2020.11.06-13.55.15:724][  0]LogConfig: Setting CVar [[r.DOF.Scatter.EnableBokehSettings:1      ; bokeh simulation when scattering]]
[2020.11.06-13.55.15:724][  0]LogConfig: Setting CVar [[r.DOF.Scatter.MaxSpriteRatio:0.1         ; only a maximum of 10% of scattered bokeh]]
[2020.11.06-13.55.15:724][  0]LogConfig: Setting CVar [[r.DOF.Recombine.Quality:1                ; cheap slight out of focus]]
[2020.11.06-13.55.15:724][  0]LogConfig: Setting CVar [[r.DOF.Recombine.EnableBokehSettings:0    ; no bokeh simulation on slight out of focus]]
[2020.11.06-13.55.15:724][  0]LogConfig: Setting CVar [[r.DOF.TemporalAAQuality:1                ; more stable temporal accumulation]]
[2020.11.06-13.55.15:724][  0]LogConfig: Setting CVar [[r.DOF.Kernel.MaxForegroundRadius:0.025]]
[2020.11.06-13.55.15:724][  0]LogConfig: Setting CVar [[r.DOF.Kernel.MaxBackgroundRadius:0.025]]
[2020.11.06-13.55.15:724][  0]LogConfig: Applying CVar settings from Section [TextureQuality@3] File [C:/Users/Garfield/Documents/GitHub/BattleChess/BattleChess_Game/Saved/Config/Windows/Scalability.ini]
[2020.11.06-13.55.15:724][  0]LogConfig: Setting CVar [[r.Streaming.MipBias:0]]
[2020.11.06-13.55.15:724][  0]LogConfig: Setting CVar [[r.Streaming.AmortizeCPUToGPUCopy:0]]
[2020.11.06-13.55.15:724][  0]LogConfig: Setting CVar [[r.Streaming.MaxNumTexturesToStreamPerFrame:0]]
[2020.11.06-13.55.15:724][  0]LogConfig: Setting CVar [[r.Streaming.Boost:1]]
[2020.11.06-13.55.15:724][  0]LogConfig: Setting CVar [[r.MaxAnisotropy:8]]
[2020.11.06-13.55.15:725][  0]LogConfig: Setting CVar [[r.VT.MaxAnisotropy:8]]
[2020.11.06-13.55.15:725][  0]LogConfig: Setting CVar [[r.Streaming.LimitPoolSizeToVRAM:0]]
[2020.11.06-13.55.15:725][  0]LogConfig: Setting CVar [[r.Streaming.PoolSize:1000]]
[2020.11.06-13.55.15:725][  0]LogConfig: Setting CVar [[r.Streaming.MaxEffectiveScreenSize:0]]
[2020.11.06-13.55.15:725][  0]LogConfig: Applying CVar settings from Section [EffectsQuality@3] File [C:/Users/Garfield/Documents/GitHub/BattleChess/BattleChess_Game/Saved/Config/Windows/Scalability.ini]
[2020.11.06-13.55.15:725][  0]LogConfig: Setting CVar [[r.TranslucencyLightingVolumeDim:64]]
[2020.11.06-13.55.15:725][  0]LogConfig: Setting CVar [[r.RefractionQuality:2]]
[2020.11.06-13.55.15:725][  0]LogConfig: Setting CVar [[r.SSR.Quality:3]]
[2020.11.06-13.55.15:725][  0]LogConfig: Setting CVar [[r.SSR.HalfResSceneColor:0]]
[2020.11.06-13.55.15:725][  0]LogConfig: Setting CVar [[r.SceneColorFormat:4]]
[2020.11.06-13.55.15:725][  0]LogConfig: Setting CVar [[r.DetailMode:2]]
[2020.11.06-13.55.15:725][  0]LogConfig: Setting CVar [[r.TranslucencyVolumeBlur:1]]
[2020.11.06-13.55.15:725][  0]LogConfig: Setting CVar [[r.MaterialQualityLevel:1 ; High quality]]
[2020.11.06-13.55.15:725][  0]LogConfig: Setting CVar [[r.SSS.Scale:1]]
[2020.11.06-13.55.15:725][  0]LogConfig: Setting CVar [[r.SSS.SampleSet:2]]
[2020.11.06-13.55.15:725][  0]LogConfig: Setting CVar [[r.SSS.Quality:1]]
[2020.11.06-13.55.15:725][  0]LogConfig: Setting CVar [[r.SSS.HalfRes:0]]
[2020.11.06-13.55.15:725][  0]LogConfig: Setting CVar [[r.SSGI.Quality:3]]
[2020.11.06-13.55.15:725][  0]LogConfig: Setting CVar [[r.EmitterSpawnRateScale:1.0]]
[2020.11.06-13.55.15:725][  0]LogConfig: Setting CVar [[r.ParticleLightQuality:2]]
[2020.11.06-13.55.15:725][  0]LogConfig: Setting CVar [[r.SkyAtmosphere.AerialPerspectiveLUT.FastApplyOnOpaque:1 ; Always have FastSkyLUT 1 in this case to avoid wrong sky]]
[2020.11.06-13.55.15:725][  0]LogConfig: Setting CVar [[r.SkyAtmosphere.AerialPerspectiveLUT.SampleCountPerSlice:1]]
[2020.11.06-13.55.15:725][  0]LogConfig: Setting CVar [[r.SkyAtmosphere.AerialPerspectiveLUT.DepthResolution:16.0]]
[2020.11.06-13.55.15:725][  0]LogConfig: Setting CVar [[r.SkyAtmosphere.FastSkyLUT:1]]
[2020.11.06-13.55.15:725][  0]LogConfig: Setting CVar [[r.SkyAtmosphere.FastSkyLUT.SampleCountMin:4.0]]
[2020.11.06-13.55.15:725][  0]LogConfig: Setting CVar [[r.SkyAtmosphere.FastSkyLUT.SampleCountMax:32.0]]
[2020.11.06-13.55.15:725][  0]LogConfig: Setting CVar [[r.SkyAtmosphere.SampleCountMin:4.0]]
[2020.11.06-13.55.15:725][  0]LogConfig: Setting CVar [[r.SkyAtmosphere.SampleCountMax:32.0]]
[2020.11.06-13.55.15:725][  0]LogConfig: Setting CVar [[r.SkyAtmosphere.TransmittanceLUT.UseSmallFormat:0]]
[2020.11.06-13.55.15:725][  0]LogConfig: Setting CVar [[r.SkyAtmosphere.TransmittanceLUT.SampleCount:10.0]]
[2020.11.06-13.55.15:725][  0]LogConfig: Setting CVar [[r.SkyAtmosphere.MultiScatteringLUT.SampleCount:15.0]]
[2020.11.06-13.55.15:725][  0]LogConfig: Applying CVar settings from Section [FoliageQuality@3] File [C:/Users/Garfield/Documents/GitHub/BattleChess/BattleChess_Game/Saved/Config/Windows/Scalability.ini]
[2020.11.06-13.55.15:725][  0]LogConfig: Setting CVar [[foliage.DensityScale:1.0]]
[2020.11.06-13.55.15:725][  0]LogConfig: Setting CVar [[grass.DensityScale:1.0]]
[2020.11.06-13.55.15:726][  0]LogConfig: Applying CVar settings from Section [ShadingQuality@3] File [C:/Users/Garfield/Documents/GitHub/BattleChess/BattleChess_Game/Saved/Config/Windows/Scalability.ini]
[2020.11.06-13.55.15:726][  0]LogConfig: Setting CVar [[r.HairStrands.SkyLighting.SampleCount:16]]
[2020.11.06-13.55.15:726][  0]LogConfig: Setting CVar [[r.HairStrands.SkyLighting.JitterIntegration:0]]
[2020.11.06-13.55.15:726][  0]LogConfig: Setting CVar [[r.HairStrands.SkyAO.SampleCount:16]]
[2020.11.06-13.55.15:726][  0]LogConfig: Setting CVar [[r.HairStrands.DeepShadow.SuperSampling:0]]
[2020.11.06-13.55.15:726][  0]LogConfig: Setting CVar [[r.HairStrands.VisibilityPPLL:0]]
[2020.11.06-13.55.15:726][  0]LogConfig: Setting CVar [[r.HairStrands.RasterizationScale:0.5]]
[2020.11.06-13.55.15:726][  0]LogConfig: Setting CVar [[r.HairStrands.VelocityRasterizationScale:1]]
[2020.11.06-13.55.15:726][  0]LogInit: Selected Device Profile: [Windows]
[2020.11.06-13.55.15:726][  0]LogInit: Applying CVar settings loaded from the selected device profile: [Windows]
[2020.11.06-13.55.15:726][  0]LogHAL: Display: Platform has ~ 8 GB [8424574976 / 8589934592 / 8], which maps to Default [LargestMinGB=32, LargerMinGB=12, DefaultMinGB=8, SmallerMinGB=6, SmallestMinGB=0)
[2020.11.06-13.55.15:726][  0]LogInit: Going up to parent DeviceProfile []
[2020.11.06-13.55.15:726][  0]LogConfig: Applying CVar settings from Section [ViewDistanceQuality@3] File [C:/Users/Garfield/Documents/GitHub/BattleChess/BattleChess_Game/Saved/Config/Windows/Scalability.ini]
[2020.11.06-13.55.15:726][  0]LogConfig: Setting CVar [[r.SkeletalMeshLODBias:0]]
[2020.11.06-13.55.15:726][  0]LogConfig: Setting CVar [[r.ViewDistanceScale:1.0]]
[2020.11.06-13.55.15:726][  0]LogConfig: Applying CVar settings from Section [AntiAliasingQuality@3] File [C:/Users/Garfield/Documents/GitHub/BattleChess/BattleChess_Game/Saved/Config/Windows/Scalability.ini]
[2020.11.06-13.55.15:726][  0]LogConfig: Setting CVar [[r.PostProcessAAQuality:4]]
[2020.11.06-13.55.15:726][  0]LogConfig: Applying CVar settings from Section [ShadowQuality@3] File [C:/Users/Garfield/Documents/GitHub/BattleChess/BattleChess_Game/Saved/Config/Windows/Scalability.ini]
[2020.11.06-13.55.15:726][  0]LogConfig: Setting CVar [[r.LightFunctionQuality:1]]
[2020.11.06-13.55.15:726][  0]LogConfig: Setting CVar [[r.ShadowQuality:5]]
[2020.11.06-13.55.15:726][  0]LogConfig: Setting CVar [[r.Shadow.CSM.MaxCascades:10]]
[2020.11.06-13.55.15:726][  0]LogConfig: Setting CVar [[r.Shadow.MaxResolution:2048]]
[2020.11.06-13.55.15:726][  0]LogConfig: Setting CVar [[r.Shadow.MaxCSMResolution:2048]]
[2020.11.06-13.55.15:726][  0]LogConfig: Setting CVar [[r.Shadow.RadiusThreshold:0.01]]
[2020.11.06-13.55.15:726][  0]LogConfig: Setting CVar [[r.Shadow.DistanceScale:1.0]]
[2020.11.06-13.55.15:727][  0]LogConfig: Setting CVar [[r.Shadow.CSM.TransitionScale:1.0]]
[2020.11.06-13.55.15:727][  0]LogConfig: Setting CVar [[r.Shadow.PreShadowResolutionFactor:1.0]]
[2020.11.06-13.55.15:727][  0]LogConfig: Setting CVar [[r.DistanceFieldShadowing:1]]
[2020.11.06-13.55.15:727][  0]LogConfig: Setting CVar [[r.DistanceFieldAO:1]]
[2020.11.06-13.55.15:727][  0]LogConfig: Setting CVar [[r.AOQuality:2]]
[2020.11.06-13.55.15:727][  0]LogConfig: Setting CVar [[r.VolumetricFog:1]]
[2020.11.06-13.55.15:727][  0]LogConfig: Setting CVar [[r.VolumetricFog.GridPixelSize:8]]
[2020.11.06-13.55.15:727][  0]LogConfig: Setting CVar [[r.VolumetricFog.GridSizeZ:128]]
[2020.11.06-13.55.15:727][  0]LogConfig: Setting CVar [[r.VolumetricFog.HistoryMissSupersampleCount:4]]
[2020.11.06-13.55.15:727][  0]LogConfig: Setting CVar [[r.LightMaxDrawDistanceScale:1]]
[2020.11.06-13.55.15:727][  0]LogConfig: Setting CVar [[r.CapsuleShadows:1]]
[2020.11.06-13.55.15:727][  0]LogConfig: Applying CVar settings from Section [PostProcessQuality@3] File [C:/Users/Garfield/Documents/GitHub/BattleChess/BattleChess_Game/Saved/Config/Windows/Scalability.ini]
[2020.11.06-13.55.15:727][  0]LogConfig: Setting CVar [[r.MotionBlurQuality:4]]
[2020.11.06-13.55.15:727][  0]LogConfig: Setting CVar [[r.AmbientOcclusionMipLevelFactor:0.4]]
[2020.11.06-13.55.15:727][  0]LogConfig: Setting CVar [[r.AmbientOcclusionMaxQuality:100]]
[2020.11.06-13.55.15:727][  0]LogConfig: Setting CVar [[r.AmbientOcclusionLevels:-1]]
[2020.11.06-13.55.15:727][  0]LogConfig: Setting CVar [[r.AmbientOcclusionRadiusScale:1.0]]
[2020.11.06-13.55.15:727][  0]LogConfig: Setting CVar [[r.DepthOfFieldQuality:2]]
[2020.11.06-13.55.15:727][  0]LogConfig: Setting CVar [[r.RenderTargetPoolMin:400]]
[2020.11.06-13.55.15:727][  0]LogConfig: Setting CVar [[r.LensFlareQuality:2]]
[2020.11.06-13.55.15:727][  0]LogConfig: Setting CVar [[r.SceneColorFringeQuality:1]]
[2020.11.06-13.55.15:727][  0]LogConfig: Setting CVar [[r.EyeAdaptationQuality:2]]
[2020.11.06-13.55.15:727][  0]LogConfig: Setting CVar [[r.BloomQuality:5]]
[2020.11.06-13.55.15:727][  0]LogConfig: Setting CVar [[r.FastBlurThreshold:100]]
[2020.11.06-13.55.15:727][  0]LogConfig: Setting CVar [[r.Upscale.Quality:3]]
[2020.11.06-13.55.15:727][  0]LogConfig: Setting CVar [[r.Tonemapper.GrainQuantization:1]]
[2020.11.06-13.55.15:727][  0]LogConfig: Setting CVar [[r.LightShaftQuality:1]]
[2020.11.06-13.55.15:727][  0]LogConfig: Setting CVar [[r.Filter.SizeScale:1]]
[2020.11.06-13.55.15:727][  0]LogConfig: Setting CVar [[r.Tonemapper.Quality:5]]
[2020.11.06-13.55.15:727][  0]LogConfig: Setting CVar [[r.DOF.Gather.AccumulatorQuality:1        ; higher gathering accumulator quality]]
[2020.11.06-13.55.15:727][  0]LogConfig: Setting CVar [[r.DOF.Gather.PostfilterMethod:1          ; Median3x3 postfilering method]]
[2020.11.06-13.55.15:727][  0]LogConfig: Setting CVar [[r.DOF.Gather.EnableBokehSettings:0       ; no bokeh simulation when gathering]]
[2020.11.06-13.55.15:727][  0]LogConfig: Setting CVar [[r.DOF.Gather.RingCount:4                 ; medium number of samples when gathering]]
[2020.11.06-13.55.15:727][  0]LogConfig: Setting CVar [[r.DOF.Scatter.ForegroundCompositing:1    ; additive foreground scattering]]
[2020.11.06-13.55.15:727][  0]LogConfig: Setting CVar [[r.DOF.Scatter.BackgroundCompositing:2    ; additive background scattering]]
[2020.11.06-13.55.15:727][  0]LogConfig: Setting CVar [[r.DOF.Scatter.EnableBokehSettings:1      ; bokeh simulation when scattering]]
[2020.11.06-13.55.15:727][  0]LogConfig: Setting CVar [[r.DOF.Scatter.MaxSpriteRatio:0.1         ; only a maximum of 10% of scattered bokeh]]
[2020.11.06-13.55.15:727][  0]LogConfig: Setting CVar [[r.DOF.Recombine.Quality:1                ; cheap slight out of focus]]
[2020.11.06-13.55.15:727][  0]LogConfig: Setting CVar [[r.DOF.Recombine.EnableBokehSettings:0    ; no bokeh simulation on slight out of focus]]
[2020.11.06-13.55.15:727][  0]LogConfig: Setting CVar [[r.DOF.TemporalAAQuality:1                ; more stable temporal accumulation]]
[2020.11.06-13.55.15:727][  0]LogConfig: Setting CVar [[r.DOF.Kernel.MaxForegroundRadius:0.025]]
[2020.11.06-13.55.15:727][  0]LogConfig: Setting CVar [[r.DOF.Kernel.MaxBackgroundRadius:0.025]]
[2020.11.06-13.55.15:727][  0]LogConfig: Applying CVar settings from Section [TextureQuality@3] File [C:/Users/Garfield/Documents/GitHub/BattleChess/BattleChess_Game/Saved/Config/Windows/Scalability.ini]
[2020.11.06-13.55.15:727][  0]LogConfig: Setting CVar [[r.Streaming.MipBias:0]]
[2020.11.06-13.55.15:727][  0]LogConfig: Setting CVar [[r.Streaming.AmortizeCPUToGPUCopy:0]]
[2020.11.06-13.55.15:727][  0]LogConfig: Setting CVar [[r.Streaming.MaxNumTexturesToStreamPerFrame:0]]
[2020.11.06-13.55.15:727][  0]LogConfig: Setting CVar [[r.Streaming.Boost:1]]
[2020.11.06-13.55.15:727][  0]LogConfig: Setting CVar [[r.MaxAnisotropy:8]]
[2020.11.06-13.55.15:727][  0]LogConfig: Setting CVar [[r.VT.MaxAnisotropy:8]]
[2020.11.06-13.55.15:727][  0]LogConfig: Setting CVar [[r.Streaming.LimitPoolSizeToVRAM:0]]
[2020.11.06-13.55.15:727][  0]LogConfig: Setting CVar [[r.Streaming.PoolSize:1000]]
[2020.11.06-13.55.15:727][  0]LogConfig: Setting CVar [[r.Streaming.MaxEffectiveScreenSize:0]]
[2020.11.06-13.55.15:728][  0]LogConfig: Applying CVar settings from Section [EffectsQuality@3] File [C:/Users/Garfield/Documents/GitHub/BattleChess/BattleChess_Game/Saved/Config/Windows/Scalability.ini]
[2020.11.06-13.55.15:728][  0]LogConfig: Setting CVar [[r.TranslucencyLightingVolumeDim:64]]
[2020.11.06-13.55.15:728][  0]LogConfig: Setting CVar [[r.RefractionQuality:2]]
[2020.11.06-13.55.15:728][  0]LogConfig: Setting CVar [[r.SSR.Quality:3]]
[2020.11.06-13.55.15:728][  0]LogConfig: Setting CVar [[r.SSR.HalfResSceneColor:0]]
[2020.11.06-13.55.15:728][  0]LogConfig: Setting CVar [[r.SceneColorFormat:4]]
[2020.11.06-13.55.15:728][  0]LogConfig: Setting CVar [[r.DetailMode:2]]
[2020.11.06-13.55.15:728][  0]LogConfig: Setting CVar [[r.TranslucencyVolumeBlur:1]]
[2020.11.06-13.55.15:728][  0]LogConfig: Setting CVar [[r.MaterialQualityLevel:1 ; High quality]]
[2020.11.06-13.55.15:728][  0]LogConfig: Setting CVar [[r.SSS.Scale:1]]
[2020.11.06-13.55.15:728][  0]LogConfig: Setting CVar [[r.SSS.SampleSet:2]]
[2020.11.06-13.55.15:728][  0]LogConfig: Setting CVar [[r.SSS.Quality:1]]
[2020.11.06-13.55.15:728][  0]LogConfig: Setting CVar [[r.SSS.HalfRes:0]]
[2020.11.06-13.55.15:728][  0]LogConfig: Setting CVar [[r.SSGI.Quality:3]]
[2020.11.06-13.55.15:728][  0]LogConfig: Setting CVar [[r.EmitterSpawnRateScale:1.0]]
[2020.11.06-13.55.15:728][  0]LogConfig: Setting CVar [[r.ParticleLightQuality:2]]
[2020.11.06-13.55.15:728][  0]LogConfig: Setting CVar [[r.SkyAtmosphere.AerialPerspectiveLUT.FastApplyOnOpaque:1 ; Always have FastSkyLUT 1 in this case to avoid wrong sky]]
[2020.11.06-13.55.15:728][  0]LogConfig: Setting CVar [[r.SkyAtmosphere.AerialPerspectiveLUT.SampleCountPerSlice:1]]
[2020.11.06-13.55.15:728][  0]LogConfig: Setting CVar [[r.SkyAtmosphere.AerialPerspectiveLUT.DepthResolution:16.0]]
[2020.11.06-13.55.15:728][  0]LogConfig: Setting CVar [[r.SkyAtmosphere.FastSkyLUT:1]]
[2020.11.06-13.55.15:728][  0]LogConfig: Setting CVar [[r.SkyAtmosphere.FastSkyLUT.SampleCountMin:4.0]]
[2020.11.06-13.55.15:728][  0]LogConfig: Setting CVar [[r.SkyAtmosphere.FastSkyLUT.SampleCountMax:32.0]]
[2020.11.06-13.55.15:728][  0]LogConfig: Setting CVar [[r.SkyAtmosphere.SampleCountMin:4.0]]
[2020.11.06-13.55.15:728][  0]LogConfig: Setting CVar [[r.SkyAtmosphere.SampleCountMax:32.0]]
[2020.11.06-13.55.15:728][  0]LogConfig: Setting CVar [[r.SkyAtmosphere.TransmittanceLUT.UseSmallFormat:0]]
[2020.11.06-13.55.15:728][  0]LogConfig: Setting CVar [[r.SkyAtmosphere.TransmittanceLUT.SampleCount:10.0]]
[2020.11.06-13.55.15:728][  0]LogConfig: Setting CVar [[r.SkyAtmosphere.MultiScatteringLUT.SampleCount:15.0]]
[2020.11.06-13.55.15:728][  0]LogConfig: Applying CVar settings from Section [FoliageQuality@3] File [C:/Users/Garfield/Documents/GitHub/BattleChess/BattleChess_Game/Saved/Config/Windows/Scalability.ini]
[2020.11.06-13.55.15:728][  0]LogConfig: Setting CVar [[foliage.DensityScale:1.0]]
[2020.11.06-13.55.15:728][  0]LogConfig: Setting CVar [[grass.DensityScale:1.0]]
[2020.11.06-13.55.15:728][  0]LogConfig: Applying CVar settings from Section [ShadingQuality@3] File [C:/Users/Garfield/Documents/GitHub/BattleChess/BattleChess_Game/Saved/Config/Windows/Scalability.ini]
[2020.11.06-13.55.15:728][  0]LogConfig: Setting CVar [[r.HairStrands.SkyLighting.SampleCount:16]]
[2020.11.06-13.55.15:728][  0]LogConfig: Setting CVar [[r.HairStrands.SkyLighting.JitterIntegration:0]]
[2020.11.06-13.55.15:728][  0]LogConfig: Setting CVar [[r.HairStrands.SkyAO.SampleCount:16]]
[2020.11.06-13.55.15:728][  0]LogConfig: Setting CVar [[r.HairStrands.DeepShadow.SuperSampling:0]]
[2020.11.06-13.55.15:728][  0]LogConfig: Setting CVar [[r.HairStrands.VisibilityPPLL:0]]
[2020.11.06-13.55.15:728][  0]LogConfig: Setting CVar [[r.HairStrands.RasterizationScale:0.5]]
[2020.11.06-13.55.15:728][  0]LogConfig: Setting CVar [[r.HairStrands.VelocityRasterizationScale:1]]
[2020.11.06-13.55.15:728][  0]LogConfig: Applying CVar settings from Section [Startup] File [../../../Engine/Config/ConsoleVariables.ini]
[2020.11.06-13.55.15:757][  0]LogConfig: Setting CVar [[net.UseAdaptiveNetUpdateFrequency:0]]
[2020.11.06-13.55.15:757][  0]LogConfig: Setting CVar [[p.chaos.AllowCreatePhysxBodies:1]]
[2020.11.06-13.55.15:758][  0]LogConfig: Setting CVar [[fx.SkipVectorVMBackendOptimizations:1]]
[2020.11.06-13.55.15:758][  0]LogConfig: Applying CVar settings from Section [ConsoleVariables] File [C:/Users/Garfield/Documents/GitHub/BattleChess/BattleChess_Game/Saved/Config/Windows/Engine.ini]
[2020.11.06-13.55.15:758][  0]LogInit: Computer: LAPTOP-83JLS1JF
[2020.11.06-13.55.15:758][  0]LogInit: User: Garfield
[2020.11.06-13.55.15:758][  0]LogInit: CPU Page size=4096, Cores=4
[2020.11.06-13.55.15:758][  0]LogInit: High frequency timer resolution =10.000000 MHz
[2020.11.06-13.55.15:758][  0]LogMemory: Memory total: Physical=7.8GB (8GB approx)
[2020.11.06-13.55.15:759][  0]LogMemory: Platform Memory Stats for Windows
[2020.11.06-13.55.15:759][  0]LogMemory: Process Physical Memory: 115.84 MB used, 115.84 MB peak
[2020.11.06-13.55.15:759][  0]LogMemory: Process Virtual Memory: 95.99 MB used, 95.99 MB peak
[2020.11.06-13.55.15:759][  0]LogMemory: Physical Memory: 5659.47 MB used,  2374.83 MB free, 8034.30 MB total
[2020.11.06-13.55.15:759][  0]LogMemory: Virtual Memory: 5146.23 MB used,  134212584.00 MB free, 134217728.00 MB total
[2020.11.06-13.55.15:772][  0]LogWindows: WindowsPlatformFeatures enabled
[2020.11.06-13.55.16:455][  0]LogInit: Physics initialised using underlying interface: PhysX
[2020.11.06-13.55.16:466][  0]LogInit: Using OS detected language (en-US).
[2020.11.06-13.55.16:466][  0]LogInit: Using OS detected locale (en-US).
[2020.11.06-13.55.16:542][  0]LogTextLocalizationManager: No specific localization for 'en-US' exists, so the 'en' localization will be used.
[2020.11.06-13.55.18:233][  0]LogInit: Setting process to per monitor DPI aware
[2020.11.06-13.55.18:369][  0]LogSlate: New Slate User Created.  User Index 0, Is Virtual User: 0
[2020.11.06-13.55.18:369][  0]LogSlate: Slate User Registered.  User Index 0, Is Virtual User: 0
[2020.11.06-13.55.24:670][  0]LogHMD: Failed to initialize OpenVR with code 110
[2020.11.06-13.55.24:670][  0]LogD3D11RHI: D3D11 min allowed feature level: 11_0
[2020.11.06-13.55.24:670][  0]LogD3D11RHI: D3D11 max allowed feature level: 11_0
[2020.11.06-13.55.24:670][  0]LogD3D11RHI: D3D11 adapters:
[2020.11.06-13.55.25:844][  0]LogD3D11RHI:    0. 'NVIDIA GeForce GTX 1060' (Feature Level 11_0)
[2020.11.06-13.55.25:844][  0]LogD3D11RHI:       6052/0/4017 MB DedicatedVideo/DedicatedSystem/SharedSystem, Outputs:1, VendorId:0x10de
[2020.11.06-13.55.25:881][  0]LogD3D11RHI:    1. 'Intel(R) UHD Graphics 630' (Feature Level 11_0)
[2020.11.06-13.55.25:881][  0]LogD3D11RHI:       128/0/4017 MB DedicatedVideo/DedicatedSystem/SharedSystem, Outputs:0, VendorId:0x8086
[2020.11.06-13.55.25:887][  0]LogD3D11RHI:    2. 'Microsoft Basic Render Driver' (Feature Level 11_0)
[2020.11.06-13.55.25:887][  0]LogD3D11RHI:       0/0/4017 MB DedicatedVideo/DedicatedSystem/SharedSystem, Outputs:0, VendorId:0x1414
[2020.11.06-13.55.25:887][  0]LogD3D11RHI: Chosen D3D11 Adapter: 0
[2020.11.06-13.55.25:896][  0]LogD3D11RHI: Creating new Direct3DDevice
[2020.11.06-13.55.25:896][  0]LogD3D11RHI:     GPU DeviceId: 0x1c20 (for the marketing name, search the web for "GPU Device Id")
[2020.11.06-13.55.25:896][  0]LogWindows: EnumDisplayDevices:
[2020.11.06-13.55.25:896][  0]LogWindows:    0. 'Intel(R) UHD Graphics 630' (P:1 D:1)
[2020.11.06-13.55.25:897][  0]LogWindows:    1. 'Intel(R) UHD Graphics 630' (P:0 D:0)
[2020.11.06-13.55.25:897][  0]LogWindows:    2. 'Intel(R) UHD Graphics 630' (P:0 D:0)
[2020.11.06-13.55.25:897][  0]LogWindows:    3. 'NVIDIA GeForce GTX 1060' (P:0 D:0)
[2020.11.06-13.55.25:897][  0]LogWindows: DebugString: PrimaryIsNotTheChoosenAdapter PrimaryIsNotTheChoosenAdapter PrimaryIsNotTheChoosenAdapter 
[2020.11.06-13.55.25:897][  0]LogD3D11RHI:     Adapter Name: NVIDIA GeForce GTX 1060
[2020.11.06-13.55.25:898][  0]LogD3D11RHI:   Driver Version: 457.09 (internal:27.21.14.5709, unified:457.09)
[2020.11.06-13.55.25:898][  0]LogD3D11RHI:      Driver Date: 10-22-2020
[2020.11.06-13.55.25:898][  0]LogRHI: Texture pool is 4236 MB (70% of 6052 MB)
[2020.11.06-13.55.26:083][  0]LogD3D11RHI: RHI has support for 64 bit atomics
[2020.11.06-13.55.26:084][  0]LogD3D11RHI: Async texture creation enabled
[2020.11.06-13.55.26:084][  0]LogD3D11RHI: Array index from any shader is supported
[2020.11.06-13.55.26:194][  0]LogD3D11RHI: GPU Timing Frequency: 1000.000000 (Debug: 2 1)
[2020.11.06-13.55.27:173][  0]LogTargetPlatformManager: Display: Loaded TargetPlatform 'AllDesktop'
[2020.11.06-13.55.27:241][  0]LogTargetPlatformManager: Display: Loaded TargetPlatform 'Android'
[2020.11.06-13.55.27:241][  0]LogTargetPlatformManager: Display: Loaded TargetPlatform 'Android_ASTC'
[2020.11.06-13.55.27:241][  0]LogTargetPlatformManager: Display: Loaded TargetPlatform 'Android_DXT'
[2020.11.06-13.55.27:241][  0]LogTargetPlatformManager: Display: Loaded TargetPlatform 'Android_ETC2'
[2020.11.06-13.55.27:241][  0]LogTargetPlatformManager: Display: Loaded TargetPlatform 'AndroidClient'
[2020.11.06-13.55.27:241][  0]LogTargetPlatformManager: Display: Loaded TargetPlatform 'Android_ASTCClient'
[2020.11.06-13.55.27:241][  0]LogTargetPlatformManager: Display: Loaded TargetPlatform 'Android_DXTClient'
[2020.11.06-13.55.27:241][  0]LogTargetPlatformManager: Display: Loaded TargetPlatform 'Android_ETC2Client'
[2020.11.06-13.55.27:241][  0]LogTargetPlatformManager: Display: Loaded TargetPlatform 'Android_Multi'
[2020.11.06-13.55.27:241][  0]LogTargetPlatformManager: Display: Loaded TargetPlatform 'Android_MultiClient'
[2020.11.06-13.55.27:368][  0]LogTargetPlatformManager: Display: Loaded TargetPlatform 'IOSClient'
[2020.11.06-13.55.27:368][  0]LogTargetPlatformManager: Display: Loaded TargetPlatform 'IOS'
[2020.11.06-13.55.27:438][  0]LogTargetPlatformManager: Display: Loaded TargetPlatform 'Linux'
[2020.11.06-13.55.27:554][  0]LogTargetPlatformManager: Display: Loaded TargetPlatform 'LinuxNoEditor'
[2020.11.06-13.55.27:590][  0]LogTargetPlatformManager: Display: Loaded TargetPlatform 'LinuxClient'
[2020.11.06-13.55.27:608][  0]LogTargetPlatformManager: Display: Loaded TargetPlatform 'LinuxServer'
[2020.11.06-13.55.27:676][  0]LogTargetPlatformManager: Display: Loaded TargetPlatform 'LinuxAArch64NoEditor'
[2020.11.06-13.55.27:714][  0]LogTargetPlatformManager: Display: Loaded TargetPlatform 'LinuxAArch64Client'
[2020.11.06-13.55.27:735][  0]LogTargetPlatformManager: Display: Loaded TargetPlatform 'LinuxAArch64Server'
[2020.11.06-13.55.27:825][  0]LogTargetPlatformManager: Display: Loaded TargetPlatform 'Lumin'
[2020.11.06-13.55.27:825][  0]LogTargetPlatformManager: Display: Loaded TargetPlatform 'LuminClient'
[2020.11.06-13.55.27:881][  0]LogTargetPlatformManager: Display: Loaded TargetPlatform 'TVOSClient'
[2020.11.06-13.55.27:881][  0]LogTargetPlatformManager: Display: Loaded TargetPlatform 'TVOS'
[2020.11.06-13.55.27:906][  0]LogTargetPlatformManager: Display: Loaded TargetPlatform 'WindowsNoEditor'
[2020.11.06-13.55.27:953][  0]LogTargetPlatformManager: Display: Loaded TargetPlatform 'Windows'
[2020.11.06-13.55.28:015][  0]LogTargetPlatformManager: Display: Loaded TargetPlatform 'WindowsClient'
[2020.11.06-13.55.28:037][  0]LogTargetPlatformManager: Display: Loaded TargetPlatform 'WindowsServer'
[2020.11.06-13.55.28:037][  0]LogTargetPlatformManager: Display: Building Assets For Windows
[2020.11.06-13.55.28:183][  0]LogAudioDebug: Display: Lib vorbis DLL was dynamically loaded.
[2020.11.06-13.55.29:005][  0]LogShaderCompilers: Guid format shader working directory is -15 characters bigger than the processId version (C:/Users/Garfield/Documents/GitHub/BattleChess/BattleChess_Game/Intermediate/Shaders/WorkingDirectory/13888/).
[2020.11.06-13.55.29:006][  0]LogShaderCompilers: Cleaned the shader compiler working directory 'C:/Users/Garfield/AppData/Local/Temp/UnrealShaderWorkingDir/C2C1ACAA4587523DB465E3AC21AFA631/'.
[2020.11.06-13.55.29:039][  0]LogXGEController: Cannot use XGE Controller as Incredibuild is not installed on this machine.
[2020.11.06-13.55.29:040][  0]LogShaderCompilers: Cannot use XGE Shader Compiler as Incredibuild is not installed on this machine.
[2020.11.06-13.55.29:040][  0]LogShaderCompilers: Display: Using Local Shader Compiler.
[2020.11.06-13.55.41:081][  0]LogDerivedDataCache: Display: Max Cache Size: 512 MB
[2020.11.06-13.55.41:992][  0]LogDerivedDataCache: Loaded boot cache 0.91s 75MB C:/Users/Garfield/AppData/Local/UnrealEngine/4.25/DerivedDataCache/Boot.ddc.
[2020.11.06-13.55.41:993][  0]LogDerivedDataCache: Display: Loaded Boot cache: C:/Users/Garfield/AppData/Local/UnrealEngine/4.25/DerivedDataCache/Boot.ddc
[2020.11.06-13.55.41:993][  0]LogDerivedDataCache: FDerivedDataBackendGraph:  Pak pak cache file C:/Users/Garfield/Documents/GitHub/BattleChess/BattleChess_Game/DerivedDataCache/DDC.ddp not found, will not use a pak cache.
[2020.11.06-13.55.41:993][  0]LogDerivedDataCache: Unable to find inner node Pak for hierarchical cache Hierarchy.
[2020.11.06-13.55.41:993][  0]LogDerivedDataCache: FDerivedDataBackendGraph:  CompressedPak pak cache file C:/Users/Garfield/Documents/GitHub/BattleChess/BattleChess_Game/DerivedDataCache/Compressed.ddp not found, will not use a pak cache.
[2020.11.06-13.55.41:993][  0]LogDerivedDataCache: Unable to find inner node CompressedPak for hierarchical cache Hierarchy.
[2020.11.06-13.55.42:201][  0]LogDerivedDataCache: Display: Pak cache opened for reading ../../../Engine/DerivedDataCache/Compressed.ddp.
[2020.11.06-13.55.42:202][  0]LogDerivedDataCache: FDerivedDataBackendGraph:  EnterprisePak pak cache file ../../../Enterprise/DerivedDataCache/Compressed.ddp not found, will not use a pak cache.
[2020.11.06-13.55.42:202][  0]LogDerivedDataCache: Unable to find inner node EnterprisePak for hierarchical cache Hierarchy.
[2020.11.06-13.55.42:204][  0]LogDerivedDataCache: Using Local data cache path C:/Users/Garfield/AppData/Local/UnrealEngine/Common/DerivedDataCache: Writable
[2020.11.06-13.55.42:205][  0]LogDerivedDataCache: Shared data cache path not found in *engine.ini, will not use an Shared cache.
[2020.11.06-13.55.42:205][  0]LogDerivedDataCache: Unable to find inner node Shared for hierarchical cache Hierarchy.
[2020.11.06-13.55.42:310][  0]LogSlate: Using FreeType 2.10.0
[2020.11.06-13.55.42:312][  0]LogSlate: SlateFontServices - WITH_FREETYPE: 1, WITH_HARFBUZZ: 1
[2020.11.06-13.55.43:831][  0]LogAssetRegistry: FAssetRegistry took 0.0052 seconds to start up
[2020.11.06-13.55.44:223][  0]LogInit: Selected Device Profile: [Windows]
[2020.11.06-13.55.45:502][  0]LogMeshReduction: Using QuadricMeshReduction for automatic static mesh reduction
[2020.11.06-13.55.45:503][  0]LogMeshReduction: Using SimplygonMeshReduction for automatic skeletal mesh reduction
[2020.11.06-13.55.45:503][  0]LogMeshReduction: Using ProxyLODMeshReduction for automatic mesh merging
[2020.11.06-13.55.45:503][  0]LogMeshReduction: No distributed automatic mesh merging module available
[2020.11.06-13.55.45:503][  0]LogMeshMerging: No distributed automatic mesh merging module available
[2020.11.06-13.55.45:642][  0]LogNetVersion: BattleChess_Game 1.0.0, NetCL: 13144385, EngineNetVer: 14, GameNetVer: 0 (Checksum: 631773850)
[2020.11.06-13.55.57:370][  0]LogAISub: UAISubsystem::UAISubsystem AISubsystem (00000240D0372980), frame # 0
[2020.11.06-13.55.57:370][  0]LogAISub: UAISubsystem::UAISubsystem AIPerceptionSystem (00000240D02211C0), frame # 0
[2020.11.06-13.55.57:372][  0]LogAISub: UAISubsystem::UAISubsystem EnvQueryManager (00000240D0261C00), frame # 0
[2020.11.06-13.55.57:549][  0]LogPackageLocalizationCache: Processed 19 localized package path(s) for 1 prioritized culture(s) in 0.110110 seconds
[2020.11.06-13.55.57:556][  0]LogUObjectArray: 15925 objects as part of root set at end of initial load.
[2020.11.06-13.55.57:556][  0]LogUObjectAllocator: 3977056 out of 0 bytes used by permanent object pool.
[2020.11.06-13.55.57:556][  0]LogUObjectArray: CloseDisregardForGC: 0/0 objects in disregard for GC pool
[2020.11.06-13.56.04:330][  0]LogTcpMessaging: Initializing TcpMessaging bridge
[2020.11.06-13.56.04:398][  0]LogUdpMessaging: Initializing bridge on interface 0.0.0.0:0 to multicast group 230.0.0.1:6666.
[2020.11.06-13.56.04:865][  0]LogLinker: Warning: Failed to load '/Game/FirstPersonBP/FirstPersonOverview': Can't find file.
[2020.11.06-13.56.04:865][  0]LogLinker: Warning: Failed to load '/Game/FirstPersonBP/FirstPersonOverview': Can't find file.
[2020.11.06-13.56.04:865][  0]LogUObjectGlobals: Warning: Failed to find object 'Class /Game/FirstPersonBP/FirstPersonOverview.FirstPersonOverview_C'
[2020.11.06-13.56.05:364][  0]SourceControl: Source control is disabled
[2020.11.06-13.56.05:364][  0]SourceControl: Source control is disabled
[2020.11.06-13.56.05:533][  0]SourceControl: Source control is disabled
[2020.11.06-13.56.05:614][  0]SourceControl: Source control is disabled
[2020.11.06-13.56.05:755][  0]SourceControl: Source control is disabled
[2020.11.06-13.56.09:905][  0]LogAndroidPermission: UAndroidPermissionCallbackProxy::GetInstance
[2020.11.06-13.56.10:141][  0]LogAudioCaptureCore: Display: No Audio Capture implementations found. Audio input will be silent.
[2020.11.06-13.56.10:141][  0]LogAudioCaptureCore: Display: No Audio Capture implementations found. Audio input will be silent.
[2020.11.06-13.56.10:709][  0]LogOcInput: OculusInput pre-init called
[2020.11.06-13.56.10:815][  0]LogWindows: Failed to load 'OVRPlugin.dll' (GetLastError=126)
[2020.11.06-13.56.10:815][  0]LogWindows: File 'OVRPlugin.dll' does not exist
[2020.11.06-13.56.11:224][  0]LogEngine: Initializing Engine...
[2020.11.06-13.56.11:225][  0]LogHMD: Failed to initialize OpenVR with code 110
[2020.11.06-13.56.11:225][  0]LogMagicLeap: Warning: VR disabled because ZI is not enabled.  To enable, in the editor, Edit -> Project Settings -> Plugins -> Magic Leap Plugin -> Enable Zero Iteration
[2020.11.06-13.56.11:226][  0]LogStats: UGameplayTagsManager::InitializeManager -  0.000 s
[2020.11.06-13.56.11:966][  0]LogInit: Initializing FReadOnlyCVARCache
[2020.11.06-13.56.12:093][  0]LogAIModule: Creating AISystem for world Untitled
[2020.11.06-13.56.12:093][  0]LogAISub: UAISubsystem::UAISubsystem EnvQueryManager (00000240D23B3C00), frame # 0
[2020.11.06-13.56.12:093][  0]LogAISub: UAISubsystem::UAISubsystem AIPerceptionSystem (00000240D2419300), frame # 0
[2020.11.06-13.56.12:206][  0]LogAudioMixer: Display: Audio Mixer Platform Settings:
[2020.11.06-13.56.12:206][  0]LogAudioMixer: Display: 	Sample Rate:						  48000
[2020.11.06-13.56.12:206][  0]LogAudioMixer: Display: 	Callback Buffer Frame Size Requested: 1024
[2020.11.06-13.56.12:206][  0]LogAudioMixer: Display: 	Callback Buffer Frame Size To Use:	  1024
[2020.11.06-13.56.12:206][  0]LogAudioMixer: Display: 	Number of buffers to queue:			  2
[2020.11.06-13.56.12:206][  0]LogAudioMixer: Display: 	Max Channels (voices):				  32
[2020.11.06-13.56.12:206][  0]LogAudioMixer: Display: 	Number of Async Source Workers:		  0
[2020.11.06-13.56.12:206][  0]LogAudio: Display: AudioDevice MaxSources: 32
[2020.11.06-13.56.12:206][  0]LogAudio: Display: Using built-in audio occlusion.
[2020.11.06-13.56.12:206][  0]LogAudioMixer: Display: Initializing audio mixer.
[2020.11.06-13.56.12:325][  0]LogAudioMixer: Display: 0: FrontLeft
[2020.11.06-13.56.12:325][  0]LogAudioMixer: Display: 1: FrontRight
[2020.11.06-13.56.12:363][  0]LogAudioMixer: Display: Using Audio Device Speakers (Realtek High Definition Audio)
[2020.11.06-13.56.12:363][  0]LogAudioMixer: Display: Initializing Sound Submixes...
[2020.11.06-13.56.12:392][  0]LogAudioMixer: Display: Creating Master Submix 'MasterSubmixDefault'
[2020.11.06-13.56.12:392][  0]LogAudioMixer: Display: Creating Master Submix 'MasterReverbSubmixDefault'
[2020.11.06-13.56.12:393][  0]LogAudioMixer: Display: Creating Master Submix 'MasterEQSubmixDefault'
[2020.11.06-13.56.12:394][  0]LogInit: FAudioDevice initialized.
[2020.11.06-13.56.12:395][  0]LogNetVersion: Set ProjectVersion to 1.0.0.0. Version Checksum will be recalculated on next use.
[2020.11.06-13.56.12:652][  0]LogDerivedDataCache: Saved boot cache 0.26s 75MB C:/Users/Garfield/AppData/Local/UnrealEngine/4.25/DerivedDataCache/Boot.ddc.
[2020.11.06-13.56.12:656][  0]LogInit: Texture streaming: Enabled
[2020.11.06-13.56.12:874][  0]LogEngineSessionManager: EngineSessionManager initialized
[2020.11.06-13.56.12:876][  0]LogEngineSessionManager: EngineSessionManager sent abnormal shutdown report. Type=Crashed, SessionId={EE8DE8D0-4822-9E81-B46A-6EA22117DE40}
[2020.11.06-13.56.12:876][  0]LogEditorSessionSummary: Verbose: Initializing EditorSessionSummaryWriter for editor session tracking
[2020.11.06-13.56.12:883][  0]LogEditorSessionSummary: EditorSessionSummaryWriter initialized
[2020.11.06-13.56.13:088][  0]LogInit: Transaction tracking system initialized
[2020.11.06-13.56.13:540][  0]BlueprintLog: New page: Editor Load
[2020.11.06-13.56.14:931][  0]LocalizationService: Localization service is disabled
[2020.11.06-13.56.17:111][  0]LogCook: Display: Max memory allowance for cook 16384mb min free memory 0mb
[2020.11.06-13.56.17:111][  0]LogCook: Display: Mobile HDR setting 1
[2020.11.06-13.56.17:802][  0]LogFileCache: Scanning file cache for directory 'C:/Users/Garfield/Documents/GitHub/BattleChess/BattleChess_Game/Content/' took 0.01s
[2020.11.06-13.56.20:023][  0]SourceControl: Source control is disabled
[2020.11.06-13.56.20:023][  0]LogUnrealEdMisc: Loading editor; pre map load, took 123.590
[2020.11.06-13.56.20:023][  0]Cmd: MAP LOAD FILE="C:/Users/Garfield/Documents/GitHub/BattleChess/BattleChess_Game/Content/Maps/MainMenu.umap" TEMPLATE=0 SHOWPROGRESS=1 FEATURELEVEL=3
[2020.11.06-13.56.20:039][  0]LightingResults: New page: Lighting Build
[2020.11.06-13.56.20:065][  0]LogWorld: UWorld::CleanupWorld for Untitled, bSessionEnded=true, bCleanupResources=true
[2020.11.06-13.56.20:065][  0]LogSlate: InvalidateAllWidgets triggered.  All widgets were invalidated
[2020.11.06-13.56.20:065][  0]MapCheck: New page: Map Check
[2020.11.06-13.56.20:065][  0]LightingResults: New page: Lighting Build
[2020.11.06-13.56.20:077][  0]LogAISub: UAISubsystem::~UAISubsystem EnvQueryManager (00000240D23B3C00), frame # 0
[2020.11.06-13.56.20:077][  0]LogAISub: UAISubsystem::~UAISubsystem AIPerceptionSystem (00000240D2419300), frame # 0
[2020.11.06-13.56.20:078][  0]LogUObjectHash: Compacting FUObjectHashTables data took   0.66ms
[2020.11.06-13.56.20:424][  0]LogAIModule: Creating AISystem for world MainMenu
[2020.11.06-13.56.20:424][  0]LogAISub: UAISubsystem::UAISubsystem EnvQueryManager (00000240C3422600), frame # 0
[2020.11.06-13.56.20:424][  0]LogAISub: UAISubsystem::UAISubsystem AIPerceptionSystem (00000240C351C400), frame # 0
[2020.11.06-13.56.20:424][  0]LogEditorServer: Finished looking for orphan Actors (0.000 secs)
[2020.11.06-13.56.20:447][  0]LogUObjectHash: Compacting FUObjectHashTables data took   4.12ms
[2020.11.06-13.56.20:447][  0]Cmd: MAP CHECKDEP NOCLEARLOG
[2020.11.06-13.56.20:448][  0]MapCheck: Map check complete: 0 Error(s), 0 Warning(s), took 0.422ms to complete.
[2020.11.06-13.56.20:448][  0]LogFileHelpers: Loading map 'MainMenu' took 0.425
[2020.11.06-13.56.20:453][  0]LogUnrealEdMisc: Total Editor Startup Time, took 124.020
[2020.11.06-13.56.20:618][  0]LogSlate: Updating window title bar state: overlay mode, drag disabled, window buttons hidden, title bar hidden
[2020.11.06-13.56.20:635][  0]LogSlate: Updating window title bar state: overlay mode, drag disabled, window buttons hidden, title bar hidden
[2020.11.06-13.56.20:649][  0]LogSlate: Updating window title bar state: overlay mode, drag disabled, window buttons hidden, title bar hidden
[2020.11.06-13.56.20:662][  0]LogSlate: Updating window title bar state: overlay mode, drag disabled, window buttons hidden, title bar hidden
[2020.11.06-13.56.20:706][  0]LogCollectionManager: Loaded 0 collections in 0.003649 seconds
[2020.11.06-13.56.20:765][  0]LogFileCache: Scanning file cache for directory 'C:/Users/Garfield/Documents/GitHub/BattleChess/BattleChess_Game/Saved/Collections/' took 0.00s
[2020.11.06-13.56.20:766][  0]LogFileCache: Scanning file cache for directory 'C:/Users/Garfield/Documents/GitHub/BattleChess/BattleChess_Game/Content/Developers/Garfield/Collections/' took 0.00s
[2020.11.06-13.56.20:766][  0]LogFileCache: Scanning file cache for directory 'C:/Users/Garfield/Documents/GitHub/BattleChess/BattleChess_Game/Content/Collections/' took 0.00s
[2020.11.06-13.56.20:766][  0]LogContentBrowser: Native class hierarchy populated in 0.0130 seconds. Added 3430 classes and 825 folders.
[2020.11.06-13.56.20:839][  0]LogContentBrowser: Native class hierarchy updated for 'WidgetCarousel' in 0.0007 seconds. Added 0 classes and 0 folders.
[2020.11.06-13.56.23:756][  0]LogContentBrowser: Native class hierarchy updated for 'AddContentDialog' in 0.0004 seconds. Added 0 classes and 0 folders.
[2020.11.06-13.56.23:757][  0]LogContentBrowser: Native class hierarchy updated for 'SceneOutliner' in 0.0002 seconds. Added 2 classes and 0 folders.
[2020.11.06-13.56.23:906][  0]LogSlate: Took 0.000460 seconds to synchronously load lazily loaded font '../../../Engine/Content/Slate/Fonts/Roboto-Regular.ttf' (155K)
[2020.11.06-13.56.23:911][  0]LogSlate: Took 0.001545 seconds to synchronously load lazily loaded font '../../../Engine/Content/Slate/Fonts/Roboto-Bold.ttf' (160K)
[2020.11.06-13.56.23:992][  0]LogSlate: Took 0.063758 seconds to synchronously load lazily loaded font '../../../Engine/Content/Editor/Slate/Fonts/FontAwesome.ttf' (139K)
[2020.11.06-13.56.24:313][  0]LogRenderer: Reallocating scene render targets to support 964x432 Format 10 NumSamples 1 (Frame:1).
[2020.11.06-13.56.24:541][  0]LogContentBrowser: Native class hierarchy updated for 'HierarchicalLODOutliner' in 0.0005 seconds. Added 0 classes and 0 folders.
[2020.11.06-13.56.24:541][  0]LogLoad: (Engine Initialization) Total time: 128.11 seconds
[2020.11.06-13.56.24:541][  0]LogLoad: (Engine Initialization) Total Blueprint compile time: 0.00 seconds
[2020.11.06-13.56.24:603][  0]LogAssetRegistry: Asset discovery search completed in 40.7753 seconds
[2020.11.06-13.56.24:610][  0]LogCollectionManager: Fixed up redirectors for 0 collections in 0.000006 seconds (updated 0 objects)
[2020.11.06-13.56.24:611][  0]LogContentStreaming: Texture pool size now 1000 MB
[2020.11.06-13.56.24:738][  0]LogSlate: Took 0.063744 seconds to synchronously load lazily loaded font '../../../Engine/Content/Slate/Fonts/Roboto-Light.ttf' (167K)
[2020.11.06-13.56.25:911][  4]LogSlate: Took 0.000266 seconds to synchronously load lazily loaded font '../../../Engine/Content/Slate/Fonts/Roboto-Light.ttf' (167K)
[2020.11.06-13.56.28:927][ 17]LogAssetEditorSubsystem: Opening Asset editor for AnimBlueprint /Game/Mannequin/Animations/ThirdPerson_AnimBP.ThirdPerson_AnimBP
[2020.11.06-13.56.29:376][ 17]LogContentBrowser: Native class hierarchy updated for 'SkeletonEditor' in 0.0007 seconds. Added 1 classes and 2 folders.
[2020.11.06-13.56.30:009][ 17]LogActorComponent: RegisterComponentWithWorld: (/Engine/Transient.World_1:PersistentLevel.AnimationEditorPreviewActor_0.DebugSkelMeshComponent_0) Already registered. Aborting.
[2020.11.06-13.56.30:012][ 17]LogContentBrowser: Native class hierarchy updated for 'PinnedCommandList' in 0.0004 seconds. Added 1 classes and 0 folders.
[2020.11.06-13.56.31:135][ 17]LogContentBrowser: Native class hierarchy updated for 'BlueprintGraph' in 0.0010 seconds. Added 125 classes and 0 folders.
[2020.11.06-13.56.32:107][ 17]LogSkeletalMesh: USkeletalMeshComponent::InitArticulated : Bodies already created (/Engine/Transient.World_1:PersistentLevel.AnimationEditorPreviewActor_0.DebugSkelMeshComponent_0) - call TermArticulated first.
[2020.11.06-13.56.32:771][ 17]LogAssetEditorSubsystem: Opening Asset editor for Blueprint /Game/ThirdPersonBP/Blueprints/ThirdPersonCharacter.ThirdPersonCharacter
[2020.11.06-13.56.33:422][ 17]LogSlate: Took 0.053136 seconds to synchronously load lazily loaded font '../../../Engine/Content/Slate/Fonts/Roboto-BoldCondensed.ttf' (158K)
[2020.11.06-13.56.33:605][ 18]LogSlate: Took 0.000667 seconds to synchronously load lazily loaded font '../../../Engine/Content/Slate/Fonts/Roboto-Italic.ttf' (157K)
[2020.11.06-13.56.48:113][481]LogAssetEditorSubsystem: Opening Asset editor for World /Game/ThirdPersonBP/Maps/ThirdPersonExampleMap.ThirdPersonExampleMap
[2020.11.06-13.56.48:157][481]LogUObjectHash: Compacting FUObjectHashTables data took   5.15ms
[2020.11.06-13.56.48:162][481]Cmd: MAP LOAD FILE="C:/Users/Garfield/Documents/GitHub/BattleChess/BattleChess_Game/Content/ThirdPersonBP/Maps/ThirdPersonExampleMap.umap" TEMPLATE=0 SHOWPROGRESS=1 FEATURELEVEL=3
[2020.11.06-13.56.48:162][481]LightingResults: New page: Lighting Build
[2020.11.06-13.56.48:162][481]LoadErrors: New page: Loading map: ThirdPersonExampleMap.umap
[2020.11.06-13.56.48:192][481]LogWorld: UWorld::CleanupWorld for MainMenu, bSessionEnded=true, bCleanupResources=true
[2020.11.06-13.56.48:192][481]LogSlate: InvalidateAllWidgets triggered.  All widgets were invalidated
[2020.11.06-13.56.48:192][481]MapCheck: New page: Map Check
[2020.11.06-13.56.48:193][481]LightingResults: New page: Lighting Build
[2020.11.06-13.56.48:217][481]LogAISub: UAISubsystem::~UAISubsystem EnvQueryManager (00000240C3422600), frame # 481
[2020.11.06-13.56.48:217][481]LogAISub: UAISubsystem::~UAISubsystem AIPerceptionSystem (00000240C351C400), frame # 481
[2020.11.06-13.56.48:221][481]LogUObjectHash: Compacting FUObjectHashTables data took   3.37ms
[2020.11.06-13.56.48:344][481]LogEditorServer: Finished looking for orphan Actors (0.000 secs)
[2020.11.06-13.56.48:344][481]LogAIModule: Creating AISystem for world ThirdPersonExampleMap
[2020.11.06-13.56.48:344][481]LogAISub: UAISubsystem::UAISubsystem EnvQueryManager (00000240F23CA800), frame # 481
[2020.11.06-13.56.48:344][481]LogAISub: UAISubsystem::UAISubsystem AIPerceptionSystem (00000240E18725C0), frame # 481
[2020.11.06-13.56.48:381][481]LogUObjectHash: Compacting FUObjectHashTables data took   3.03ms
[2020.11.06-13.56.48:416][481]Cmd: MAP CHECKDEP NOCLEARLOG
[2020.11.06-13.56.48:416][481]MapCheck: Map check complete: 0 Error(s), 0 Warning(s), took 0.139ms to complete.
[2020.11.06-13.56.48:416][481]LogFileHelpers: Loading map 'ThirdPersonExampleMap' took 0.255
[2020.11.06-13.57.09:662][114]LogSavePackage: Moving 'C:/Users/Garfield/Documents/GitHub/BattleChess/BattleChess_Game/Saved/ThirdPersonCharacter5939388243DC21ABF801F69517ADBDCE.tmp' to 'C:/Users/Garfield/Documents/GitHub/BattleChess/BattleChess_Game/Content/ThirdPersonBP/Blueprints/ThirdPersonCharacter.uasset'
[2020.11.06-13.57.09:895][114]AssetCheck: New page: Asset Save: ThirdPersonCharacter
[2020.11.06-13.57.09:896][114]LogContentValidation: Display: Validating Blueprint /Game/ThirdPersonBP/Blueprints/ThirdPersonCharacter.ThirdPersonCharacter
[2020.11.06-13.57.23:572][232]LogSavePackage: Moving 'C:/Users/Garfield/Documents/GitHub/BattleChess/BattleChess_Game/Saved/ThirdPersonCharacter83EE3A694EDFF3B15AAC6CA97CAF7C4B.tmp' to 'C:/Users/Garfield/Documents/GitHub/BattleChess/BattleChess_Game/Content/ThirdPersonBP/Blueprints/ThirdPersonCharacter.uasset'
[2020.11.06-13.57.23:634][232]AssetCheck: New page: Asset Save: ThirdPersonCharacter
[2020.11.06-13.57.23:634][232]LogContentValidation: Display: Validating Blueprint /Game/ThirdPersonBP/Blueprints/ThirdPersonCharacter.ThirdPersonCharacter
[2020.11.06-13.57.37:331][342]LogSavePackage: Moving 'C:/Users/Garfield/Documents/GitHub/BattleChess/BattleChess_Game/Saved/ThirdPersonCharacterDF555B5343BA299449D687A02F33D4D2.tmp' to 'C:/Users/Garfield/Documents/GitHub/BattleChess/BattleChess_Game/Content/ThirdPersonBP/Blueprints/ThirdPersonCharacter.uasset'
[2020.11.06-13.57.37:362][342]AssetCheck: New page: Asset Save: ThirdPersonCharacter
[2020.11.06-13.57.37:362][342]LogContentValidation: Display: Validating Blueprint /Game/ThirdPersonBP/Blueprints/ThirdPersonCharacter.ThirdPersonCharacter
[2020.11.06-13.57.44:648][411]LogSavePackage: Moving 'C:/Users/Garfield/Documents/GitHub/BattleChess/BattleChess_Game/Saved/ThirdPersonCharacter298E4B5C4CF53662A1F620B4B684DEDD.tmp' to 'C:/Users/Garfield/Documents/GitHub/BattleChess/BattleChess_Game/Content/ThirdPersonBP/Blueprints/ThirdPersonCharacter.uasset'
[2020.11.06-13.57.44:681][411]AssetCheck: New page: Asset Save: ThirdPersonCharacter
[2020.11.06-13.57.44:681][411]LogContentValidation: Display: Validating Blueprint /Game/ThirdPersonBP/Blueprints/ThirdPersonCharacter.ThirdPersonCharacter
[2020.11.06-13.58.22:715][633]LogSavePackage: Moving 'C:/Users/Garfield/Documents/GitHub/BattleChess/BattleChess_Game/Saved/ThirdPersonCharacterAC1A1B9A42E47D69215AA39365CF4A35.tmp' to 'C:/Users/Garfield/Documents/GitHub/BattleChess/BattleChess_Game/Content/ThirdPersonBP/Blueprints/ThirdPersonCharacter.uasset'
[2020.11.06-13.58.22:755][633]AssetCheck: New page: Asset Save: ThirdPersonCharacter
[2020.11.06-13.58.22:755][633]LogContentValidation: Display: Validating Blueprint /Game/ThirdPersonBP/Blueprints/ThirdPersonCharacter.ThirdPersonCharacter
[2020.11.06-13.58.23:325][643]BlueprintLog: New page: Compile ThirdPersonCharacter
[2020.11.06-13.58.23:807][643]LogUObjectHash: Compacting FUObjectHashTables data took   7.77ms
[2020.11.06-13.58.36:350][ 53]LogTemp: Repeating last play command: Standalone Game
[2020.11.06-13.58.36:423][ 53]LogUObjectHash: Compacting FUObjectHashTables data took   2.67ms
[2020.11.06-13.58.38:020][ 53]LogSlate: Window 'Save Content' being destroyed
[2020.11.06-13.58.38:026][ 53]LogPlayLevel: Warning: PIE failed because map save was canceled
[2020.11.06-13.58.38:027][ 53]PIE: Warning: PIE failed because map save was canceled
[2020.11.06-13.58.38:210][ 53]LogSlate: Took 0.055691 seconds to synchronously load lazily loaded font '../../../Engine/Content/Slate/Fonts/DroidSansMono.ttf' (77K)
[2020.11.06-13.58.39:625][120]LogSlate: Window 'Message Log' being destroyed
[2020.11.06-13.58.39:635][120]LogSlate: Window 'Message Log' being destroyed
[2020.11.06-13.58.40:823][185]LogUObjectHash: Compacting FUObjectHashTables data took   0.51ms
[2020.11.06-13.58.43:727][185]LogSlate: Window 'Save Content' being destroyed
[2020.11.06-13.58.43:880][185]LogUObjectHash: Compacting FUObjectHashTables data took   2.65ms
[2020.11.06-13.58.44:013][185]LogSavePackage: Moving 'C:/Users/Garfield/Documents/GitHub/BattleChess/BattleChess_Game/Saved/ThirdPersonExampleMap4306AD454194AA00F7CE09A09A594A2F.tmp' to 'C:/Users/Garfield/Documents/GitHub/BattleChess/BattleChess_Game/Content/ThirdPersonBP/Maps/ThirdPersonExampleMap.umap'
[2020.11.06-13.58.44:049][185]LogFileHelpers: Saving map 'ThirdPersonExampleMap' took 0.247
[2020.11.06-13.58.44:269][185]LogSavePackage: Moving 'C:/Users/Garfield/Documents/GitHub/BattleChess/BattleChess_Game/Saved/ThirdPersonExampleMap_BuiltData9ADBD3EA4AD00EF22689B8A2D89FD5E8.tmp' to 'C:/Users/Garfield/Documents/GitHub/BattleChess/BattleChess_Game/Content/ThirdPersonBP/Maps/ThirdPersonExampleMap_BuiltData.uasset'
[2020.11.06-13.58.44:289][185]AssetCheck: New page: Asset Save: multiple assets
[2020.11.06-13.58.44:289][185]LogContentValidation: Display: Validating World /Game/ThirdPersonBP/Maps/ThirdPersonExampleMap.ThirdPersonExampleMap
[2020.11.06-13.58.44:289][185]LogContentValidation: Display: Validating MapBuildDataRegistry /Game/ThirdPersonBP/Maps/ThirdPersonExampleMap_BuiltData.ThirdPersonExampleMap_BuiltData
[2020.11.06-13.58.45:393][249]LogTemp: Repeating last play command: Standalone Game
[2020.11.06-13.58.45:435][249]LogUObjectHash: Compacting FUObjectHashTables data took   0.80ms
[2020.11.06-14.01.10:264][135]LogSavePackage: Moving 'C:/Users/Garfield/Documents/GitHub/BattleChess/BattleChess_Game/Saved/ThirdPersonCharacter099F0D2A4A22D9D129787D8D5EE22A8D.tmp' to 'C:/Users/Garfield/Documents/GitHub/BattleChess/BattleChess_Game/Content/ThirdPersonBP/Blueprints/ThirdPersonCharacter.uasset'
[2020.11.06-14.01.10:279][135]AssetCheck: New page: Asset Save: ThirdPersonCharacter
[2020.11.06-14.01.10:279][135]LogContentValidation: Display: Validating Blueprint /Game/ThirdPersonBP/Blueprints/ThirdPersonCharacter.ThirdPersonCharacter
[2020.11.06-14.01.11:036][163]BlueprintLog: New page: Compile ThirdPersonCharacter
[2020.11.06-14.01.11:111][163]LogUObjectHash: Compacting FUObjectHashTables data took   2.48ms
[2020.11.06-14.02.08:946][863]LogSavePackage: Moving 'C:/Users/Garfield/Documents/GitHub/BattleChess/BattleChess_Game/Saved/ThirdPersonCharacter09B52FC54D2C3B6503364C92AC553A7B.tmp' to 'C:/Users/Garfield/Documents/GitHub/BattleChess/BattleChess_Game/Content/ThirdPersonBP/Blueprints/ThirdPersonCharacter.uasset'
[2020.11.06-14.02.09:034][863]AssetCheck: New page: Asset Save: ThirdPersonCharacter
[2020.11.06-14.02.09:034][863]LogContentValidation: Display: Validating Blueprint /Game/ThirdPersonBP/Blueprints/ThirdPersonCharacter.ThirdPersonCharacter
[2020.11.06-14.02.16:838][912]BlueprintLog: New page: Compile ThirdPersonCharacter
[2020.11.06-14.02.17:024][912]LogUObjectHash: Compacting FUObjectHashTables data took   8.09ms
[2020.11.06-14.02.25:995][975]LogWorld: UWorld::CleanupWorld for World_3, bSessionEnded=true, bCleanupResources=true
[2020.11.06-14.02.25:995][975]LogSlate: InvalidateAllWidgets triggered.  All widgets were invalidated
[2020.11.06-14.03.32:769][751]LogSlate: Window 'Pick Skeleton' being destroyed
[2020.11.06-14.04.15:762][120]LogSlate: Window 'Pick Skeleton' being destroyed
[2020.11.06-14.04.47:013][700]Cmd: OBJ SAVEPACKAGE PACKAGE="/Game/Mannequin/Animations/IdleWalkRun" FILE="C:/Users/Garfield/Documents/GitHub/BattleChess/BattleChess_Game/Content/Mannequin/Animations/IdleWalkRun.uasset" SILENT=true
[2020.11.06-14.04.47:034][700]LogSavePackage: Moving 'C:/Users/Garfield/Documents/GitHub/BattleChess/BattleChess_Game/Saved/IdleWalkRun956F455E4BE80F920294E1973A35B0BC.tmp' to 'C:/Users/Garfield/Documents/GitHub/BattleChess/BattleChess_Game/Content/Mannequin/Animations/IdleWalkRun.uasset'
[2020.11.06-14.04.47:388][700]LogUObjectHash: Compacting FUObjectHashTables data took   3.96ms
[2020.11.06-14.04.47:440][700]LogUObjectHash: Compacting FUObjectHashTables data took   2.61ms
[2020.11.06-14.04.47:466][700]LogUObjectHash: Compacting FUObjectHashTables data took   1.47ms
[2020.11.06-14.04.47:582][700]AssetCheck: New page: Asset Save: IdleWalkRun
[2020.11.06-14.04.47:582][700]LogContentValidation: Display: Validating BlendSpace /Game/Mannequin/Animations/IdleWalkRun.IdleWalkRun
[2020.11.06-14.04.52:828][826]LogUObjectHash: Compacting FUObjectHashTables data took   3.50ms
[2020.11.06-14.04.54:454][826]LogSlate: Window 'Save Content' being destroyed
[2020.11.06-14.04.54:637][826]LogUObjectHash: Compacting FUObjectHashTables data took   2.82ms
[2020.11.06-14.04.54:858][826]LogSavePackage: Moving 'C:/Users/Garfield/Documents/GitHub/BattleChess/BattleChess_Game/Saved/ThirdPersonExampleMap9CB462A04D03C4089D5644B9FDA62951.tmp' to 'C:/Users/Garfield/Documents/GitHub/BattleChess/BattleChess_Game/Content/ThirdPersonBP/Maps/ThirdPersonExampleMap.umap'
[2020.11.06-14.04.54:900][826]LogFileHelpers: Saving map 'ThirdPersonExampleMap' took 0.361
[2020.11.06-14.04.55:092][826]LogSavePackage: Moving 'C:/Users/Garfield/Documents/GitHub/BattleChess/BattleChess_Game/Saved/ThirdPersonExampleMap_BuiltDataCD2A62754FDE113CBE4BFA9229CF8BF4.tmp' to 'C:/Users/Garfield/Documents/GitHub/BattleChess/BattleChess_Game/Content/ThirdPersonBP/Maps/ThirdPersonExampleMap_BuiltData.uasset'
[2020.11.06-14.04.55:129][826]AssetCheck: New page: Asset Save: multiple assets
[2020.11.06-14.04.55:129][826]LogContentValidation: Display: Validating World /Game/ThirdPersonBP/Maps/ThirdPersonExampleMap.ThirdPersonExampleMap
[2020.11.06-14.04.55:129][826]LogContentValidation: Display: Validating MapBuildDataRegistry /Game/ThirdPersonBP/Maps/ThirdPersonExampleMap_BuiltData.ThirdPersonExampleMap_BuiltData
[2020.11.06-14.05.05:726][915]LogAssetEditorSubsystem: Opening Asset editor for BlendSpace /Game/Mannequin/Animations/IdleWalkRun.IdleWalkRun
[2020.11.06-14.05.05:835][915]LogActorComponent: RegisterComponentWithWorld: (/Engine/Transient.World_12:PersistentLevel.AnimationEditorPreviewActor_0.DebugSkelMeshComponent_0) Already registered. Aborting.
[2020.11.06-14.05.05:997][915]LogSkeletalMesh: USkeletalMeshComponent::InitArticulated : Bodies already created (/Engine/Transient.World_12:PersistentLevel.AnimationEditorPreviewActor_0.DebugSkelMeshComponent_0) - call TermArticulated first.
[2020.11.06-14.05.07:294][915]LogContentBrowser: Verbose: The majority of assets in the view are of type: AnimSequence
[2020.11.06-14.05.42:893][376]Cmd: OBJ SAVEPACKAGE PACKAGE="/Game/Mannequin/Animations/IdleWalkRun" FILE="C:/Users/Garfield/Documents/GitHub/BattleChess/BattleChess_Game/Content/Mannequin/Animations/IdleWalkRun.uasset" SILENT=true
[2020.11.06-14.05.42:964][376]LogSavePackage: Moving 'C:/Users/Garfield/Documents/GitHub/BattleChess/BattleChess_Game/Saved/IdleWalkRunFEE245C64D8457E44E54B3BB64026213.tmp' to 'C:/Users/Garfield/Documents/GitHub/BattleChess/BattleChess_Game/Content/Mannequin/Animations/IdleWalkRun.uasset'
[2020.11.06-14.05.43:022][376]AssetCheck: New page: Asset Save: IdleWalkRun
[2020.11.06-14.05.43:022][376]LogContentValidation: Display: Validating BlendSpace /Game/Mannequin/Animations/IdleWalkRun.IdleWalkRun
[2020.11.06-14.05.57:854][562]Cmd: OBJ SAVEPACKAGE PACKAGE="/Game/Mannequin/Animations/IdleWalkRun" FILE="C:/Users/Garfield/Documents/GitHub/BattleChess/BattleChess_Game/Content/Mannequin/Animations/IdleWalkRun.uasset" SILENT=true
[2020.11.06-14.05.57:896][562]LogSavePackage: Moving 'C:/Users/Garfield/Documents/GitHub/BattleChess/BattleChess_Game/Saved/IdleWalkRun288E857B4FE281288AAAF29F738C8504.tmp' to 'C:/Users/Garfield/Documents/GitHub/BattleChess/BattleChess_Game/Content/Mannequin/Animations/IdleWalkRun.uasset'
[2020.11.06-14.05.57:946][562]AssetCheck: New page: Asset Save: IdleWalkRun
[2020.11.06-14.05.57:946][562]LogContentValidation: Display: Validating BlendSpace /Game/Mannequin/Animations/IdleWalkRun.IdleWalkRun
[2020.11.06-14.06.07:868][690]Cmd: OBJ SAVEPACKAGE PACKAGE="/Game/Mannequin/Animations/IdleWalkRun" FILE="C:/Users/Garfield/Documents/GitHub/BattleChess/BattleChess_Game/Content/Mannequin/Animations/IdleWalkRun.uasset" SILENT=true
[2020.11.06-14.06.07:897][690]LogSavePackage: Moving 'C:/Users/Garfield/Documents/GitHub/BattleChess/BattleChess_Game/Saved/IdleWalkRunADD5D07C44E53F1AFDD0E8BC8CA0928B.tmp' to 'C:/Users/Garfield/Documents/GitHub/BattleChess/BattleChess_Game/Content/Mannequin/Animations/IdleWalkRun.uasset'
[2020.11.06-14.06.07:915][690]AssetCheck: New page: Asset Save: IdleWalkRun
[2020.11.06-14.06.07:915][690]LogContentValidation: Display: Validating BlendSpace /Game/Mannequin/Animations/IdleWalkRun.IdleWalkRun
[2020.11.06-14.06.17:307][944]Cmd: OBJ SAVEPACKAGE PACKAGE="/Game/Mannequin/Animations/IdleWalkRun" FILE="C:/Users/Garfield/Documents/GitHub/BattleChess/BattleChess_Game/Content/Mannequin/Animations/IdleWalkRun.uasset" SILENT=true
[2020.11.06-14.06.17:338][944]LogSavePackage: Moving 'C:/Users/Garfield/Documents/GitHub/BattleChess/BattleChess_Game/Saved/IdleWalkRunAAA2EB814298BBAD4D12C0BCB627E3D8.tmp' to 'C:/Users/Garfield/Documents/GitHub/BattleChess/BattleChess_Game/Content/Mannequin/Animations/IdleWalkRun.uasset'
[2020.11.06-14.06.17:359][944]AssetCheck: New page: Asset Save: IdleWalkRun
[2020.11.06-14.06.17:359][944]LogContentValidation: Display: Validating BlendSpace /Game/Mannequin/Animations/IdleWalkRun.IdleWalkRun
[2020.11.06-14.06.32:650][ 82]Cmd: OBJ SAVEPACKAGE PACKAGE="/Game/Mannequin/Animations/IdleWalkRun" FILE="C:/Users/Garfield/Documents/GitHub/BattleChess/BattleChess_Game/Content/Mannequin/Animations/IdleWalkRun.uasset" SILENT=true
[2020.11.06-14.06.32:694][ 82]LogSavePackage: Moving 'C:/Users/Garfield/Documents/GitHub/BattleChess/BattleChess_Game/Saved/IdleWalkRunC005587D41B88C96CF2D82A3BF4B6C38.tmp' to 'C:/Users/Garfield/Documents/GitHub/BattleChess/BattleChess_Game/Content/Mannequin/Animations/IdleWalkRun.uasset'
[2020.11.06-14.06.32:740][ 82]AssetCheck: New page: Asset Save: IdleWalkRun
[2020.11.06-14.06.32:740][ 82]LogContentValidation: Display: Validating BlendSpace /Game/Mannequin/Animations/IdleWalkRun.IdleWalkRun
[2020.11.06-14.06.35:102][121]Cmd: OBJ SAVEPACKAGE PACKAGE="/Game/Mannequin/Animations/IdleWalkRun" FILE="C:/Users/Garfield/Documents/GitHub/BattleChess/BattleChess_Game/Content/Mannequin/Animations/IdleWalkRun.uasset" SILENT=true
[2020.11.06-14.06.35:159][121]LogSavePackage: Moving 'C:/Users/Garfield/Documents/GitHub/BattleChess/BattleChess_Game/Saved/IdleWalkRun18B7EBA644F91B374B9C96B210255278.tmp' to 'C:/Users/Garfield/Documents/GitHub/BattleChess/BattleChess_Game/Content/Mannequin/Animations/IdleWalkRun.uasset'
[2020.11.06-14.06.35:217][121]AssetCheck: New page: Asset Save: IdleWalkRun
[2020.11.06-14.06.35:217][121]LogContentValidation: Display: Validating BlendSpace /Game/Mannequin/Animations/IdleWalkRun.IdleWalkRun
[2020.11.06-14.07.27:564][543]Cmd: OBJ SAVEPACKAGE PACKAGE="/Game/Mannequin/Animations/IdleWalkRun" FILE="C:/Users/Garfield/Documents/GitHub/BattleChess/BattleChess_Game/Content/Mannequin/Animations/IdleWalkRun.uasset" SILENT=true
[2020.11.06-14.07.27:626][543]LogSavePackage: Moving 'C:/Users/Garfield/Documents/GitHub/BattleChess/BattleChess_Game/Saved/IdleWalkRun733684114F418A44E1D086B43BB5F437.tmp' to 'C:/Users/Garfield/Documents/GitHub/BattleChess/BattleChess_Game/Content/Mannequin/Animations/IdleWalkRun.uasset'
[2020.11.06-14.07.27:687][543]AssetCheck: New page: Asset Save: IdleWalkRun
[2020.11.06-14.07.27:687][543]LogContentValidation: Display: Validating BlendSpace /Game/Mannequin/Animations/IdleWalkRun.IdleWalkRun
[2020.11.06-14.07.31:765][581]LogSlate: Window 'Create New Animation Object' being destroyed
[2020.11.06-14.08.36:583][475]Cmd: OBJ SAVEPACKAGE PACKAGE="/Game/Mannequin/Animations/IdleWalkRun" FILE="C:/Users/Garfield/Documents/GitHub/BattleChess/BattleChess_Game/Content/Mannequin/Animations/IdleWalkRun.uasset" SILENT=true
[2020.11.06-14.08.36:613][475]LogSavePackage: Moving 'C:/Users/Garfield/Documents/GitHub/BattleChess/BattleChess_Game/Saved/IdleWalkRun055C6B3F432F98AB1ED2F48E035AB3FC.tmp' to 'C:/Users/Garfield/Documents/GitHub/BattleChess/BattleChess_Game/Content/Mannequin/Animations/IdleWalkRun.uasset'
[2020.11.06-14.08.36:630][475]AssetCheck: New page: Asset Save: IdleWalkRun
[2020.11.06-14.08.36:630][475]LogContentValidation: Display: Validating BlendSpace /Game/Mannequin/Animations/IdleWalkRun.IdleWalkRun
[2020.11.06-14.08.47:215][864]Cmd: OBJ SAVEPACKAGE PACKAGE="/Game/Mannequin/Animations/IdleWalkRun" FILE="C:/Users/Garfield/Documents/GitHub/BattleChess/BattleChess_Game/Content/Mannequin/Animations/IdleWalkRun.uasset" SILENT=true
[2020.11.06-14.08.47:242][864]LogSavePackage: Moving 'C:/Users/Garfield/Documents/GitHub/BattleChess/BattleChess_Game/Saved/IdleWalkRun7FA435E04DD8610057379E84D095149B.tmp' to 'C:/Users/Garfield/Documents/GitHub/BattleChess/BattleChess_Game/Content/Mannequin/Animations/IdleWalkRun.uasset'
[2020.11.06-14.08.47:262][864]AssetCheck: New page: Asset Save: IdleWalkRun
[2020.11.06-14.08.47:262][864]LogContentValidation: Display: Validating BlendSpace /Game/Mannequin/Animations/IdleWalkRun.IdleWalkRun
[2020.11.06-14.08.58:317][ 36]LogContentBrowser: Verbose: The majority of assets in the view are of type: None
[2020.11.06-14.09.00:159][ 69]LogContentBrowser: Verbose: The majority of assets in the view are of type: AnimSequence
[2020.11.06-14.09.12:723][296]Cmd: OBJ SAVEPACKAGE PACKAGE="/Game/Mannequin/Animations/IdleWalkRun" FILE="C:/Users/Garfield/Documents/GitHub/BattleChess/BattleChess_Game/Content/Mannequin/Animations/IdleWalkRun.uasset" SILENT=true
[2020.11.06-14.09.12:772][296]LogSavePackage: Moving 'C:/Users/Garfield/Documents/GitHub/BattleChess/BattleChess_Game/Saved/IdleWalkRun7488533441E9E3A5F45AEBB65B7C5F1F.tmp' to 'C:/Users/Garfield/Documents/GitHub/BattleChess/BattleChess_Game/Content/Mannequin/Animations/IdleWalkRun.uasset'
[2020.11.06-14.09.12:838][296]AssetCheck: New page: Asset Save: IdleWalkRun
[2020.11.06-14.09.12:838][296]LogContentValidation: Display: Validating BlendSpace /Game/Mannequin/Animations/IdleWalkRun.IdleWalkRun
[2020.11.06-14.09.41:651][482]LogContentBrowser: Verbose: The majority of assets in the view are of type: None
[2020.11.06-14.09.45:096][547]LogContentBrowser: Verbose: The majority of assets in the view are of type: AnimSequence
[2020.11.06-14.10.39:946][786]Cmd: OBJ SAVEPACKAGE PACKAGE="/Game/Mannequin/Animations/IdleWalkRun" FILE="C:/Users/Garfield/Documents/GitHub/BattleChess/BattleChess_Game/Content/Mannequin/Animations/IdleWalkRun.uasset" SILENT=true
[2020.11.06-14.10.39:997][786]LogSavePackage: Moving 'C:/Users/Garfield/Documents/GitHub/BattleChess/BattleChess_Game/Saved/IdleWalkRun60E6F19D4A91F8A4BFC2ACA0FE84448D.tmp' to 'C:/Users/Garfield/Documents/GitHub/BattleChess/BattleChess_Game/Content/Mannequin/Animations/IdleWalkRun.uasset'
[2020.11.06-14.10.40:041][786]AssetCheck: New page: Asset Save: IdleWalkRun
[2020.11.06-14.10.40:041][786]LogContentValidation: Display: Validating BlendSpace /Game/Mannequin/Animations/IdleWalkRun.IdleWalkRun
[2020.11.06-14.10.46:696][902]Cmd: OBJ SAVEPACKAGE PACKAGE="/Game/Mannequin/Animations/IdleWalkRun" FILE="C:/Users/Garfield/Documents/GitHub/BattleChess/BattleChess_Game/Content/Mannequin/Animations/IdleWalkRun.uasset" SILENT=true
[2020.11.06-14.10.46:772][902]LogSavePackage: Moving 'C:/Users/Garfield/Documents/GitHub/BattleChess/BattleChess_Game/Saved/IdleWalkRunD9B2A81440EB892896BB968B735F9A68.tmp' to 'C:/Users/Garfield/Documents/GitHub/BattleChess/BattleChess_Game/Content/Mannequin/Animations/IdleWalkRun.uasset'
[2020.11.06-14.10.46:824][902]AssetCheck: New page: Asset Save: IdleWalkRun
[2020.11.06-14.10.46:824][902]LogContentValidation: Display: Validating BlendSpace /Game/Mannequin/Animations/IdleWalkRun.IdleWalkRun
[2020.11.06-14.10.55:385][950]Cmd: OBJ SAVEPACKAGE PACKAGE="/Game/Mannequin/Animations/IdleWalkRun" FILE="C:/Users/Garfield/Documents/GitHub/BattleChess/BattleChess_Game/Content/Mannequin/Animations/IdleWalkRun.uasset" SILENT=true
[2020.11.06-14.10.55:436][950]LogSavePackage: Moving 'C:/Users/Garfield/Documents/GitHub/BattleChess/BattleChess_Game/Saved/IdleWalkRun1ACFA5F84F96587A597602A19759510E.tmp' to 'C:/Users/Garfield/Documents/GitHub/BattleChess/BattleChess_Game/Content/Mannequin/Animations/IdleWalkRun.uasset'
[2020.11.06-14.10.55:472][950]AssetCheck: New page: Asset Save: IdleWalkRun
[2020.11.06-14.10.55:472][950]LogContentValidation: Display: Validating BlendSpace /Game/Mannequin/Animations/IdleWalkRun.IdleWalkRun
[2020.11.06-14.11.22:404][177]LogSavePackage: Moving 'C:/Users/Garfield/Documents/GitHub/BattleChess/BattleChess_Game/Saved/ThirdPerson_AnimBP834DBAF240BE923D49BBE09AA5CB67E0.tmp' to 'C:/Users/Garfield/Documents/GitHub/BattleChess/BattleChess_Game/Content/Mannequin/Animations/ThirdPerson_AnimBP.uasset'
[2020.11.06-14.11.22:468][177]AssetCheck: New page: Asset Save: ThirdPerson_AnimBP
[2020.11.06-14.11.22:468][177]LogContentValidation: Display: Validating AnimBlueprint /Game/Mannequin/Animations/ThirdPerson_AnimBP.ThirdPerson_AnimBP
[2020.11.06-14.11.32:982][281]LogSavePackage: Moving 'C:/Users/Garfield/Documents/GitHub/BattleChess/BattleChess_Game/Saved/ThirdPerson_AnimBPD8AC92B348EB89BC634BA68A8D4B7FE9.tmp' to 'C:/Users/Garfield/Documents/GitHub/BattleChess/BattleChess_Game/Content/Mannequin/Animations/ThirdPerson_AnimBP.uasset'
[2020.11.06-14.11.33:032][281]AssetCheck: New page: Asset Save: ThirdPerson_AnimBP
[2020.11.06-14.11.33:033][281]LogContentValidation: Display: Validating AnimBlueprint /Game/Mannequin/Animations/ThirdPerson_AnimBP.ThirdPerson_AnimBP
[2020.11.06-14.11.44:926][430]BlueprintLog: New page: Compile ThirdPerson_AnimBP
[2020.11.06-14.11.45:204][430]LogUObjectHash: Compacting FUObjectHashTables data took   5.87ms
[2020.11.06-14.12.10:049][848]LogContentBrowser: Verbose: The majority of assets in the view are of type: AnimSequence
[2020.11.06-14.12.29:625][996]LogSavePackage: Moving 'C:/Users/Garfield/Documents/GitHub/BattleChess/BattleChess_Game/Saved/ThirdPerson_AnimBP7A4BA98F4F492608FF334DA7636C1CFE.tmp' to 'C:/Users/Garfield/Documents/GitHub/BattleChess/BattleChess_Game/Content/Mannequin/Animations/ThirdPerson_AnimBP.uasset'
[2020.11.06-14.12.29:684][996]AssetCheck: New page: Asset Save: ThirdPerson_AnimBP
[2020.11.06-14.12.29:684][996]LogContentValidation: Display: Validating AnimBlueprint /Game/Mannequin/Animations/ThirdPerson_AnimBP.ThirdPerson_AnimBP
[2020.11.06-14.12.47:619][138]LogRHI: Error: Present Fail Count 1
[2020.11.06-14.12.47:619][138]LogRHI: Error: SyncInterval 0
[2020.11.06-14.12.47:619][138]LogRHI: Error: SwapChainDesc.BufferDesc.Width 810
[2020.11.06-14.12.47:619][138]LogRHI: Error: SwapChainDesc.BufferDesc.Height 122
[2020.11.06-14.12.47:619][138]LogRHI: Error: SwapChainDesc.BufferDesc.RefreshRate.Numerator 0
[2020.11.06-14.12.47:619][138]LogRHI: Error: SwapChainDesc.BufferDesc.RefreshRate.Denominator 0
[2020.11.06-14.12.47:619][138]LogRHI: Error: SwapChainDesc.BufferDesc.Format 24
[2020.11.06-14.12.47:619][138]LogRHI: Error: SwapChainDesc.BufferDesc.ScanlineOrdering 0
[2020.11.06-14.12.47:619][138]LogRHI: Error: SwapChainDesc.BufferDesc.Scaling 0
[2020.11.06-14.12.47:619][138]LogRHI: Error: SwapChainDesc.SampleDesc.Count 1
[2020.11.06-14.12.47:619][138]LogRHI: Error: SwapChainDesc.SampleDesc.Quality 0
[2020.11.06-14.12.47:619][138]LogRHI: Error: SwapChainDesc.BufferUsage 48
[2020.11.06-14.12.47:619][138]LogRHI: Error: SwapChainDesc.BufferCount 2
[2020.11.06-14.12.47:619][138]LogRHI: Error: SwapChainDesc.OutputWindow 00000000000C0874
[2020.11.06-14.12.47:619][138]LogRHI: Error: SwapChainDesc.Windowed true
[2020.11.06-14.12.47:619][138]LogRHI: Error: SwapChainDesc.SwapEffect 4
[2020.11.06-14.12.47:619][138]LogRHI: Error: SwapChainDesc.Flags 2050
[2020.11.06-14.12.47:675][138]LogD3D11RHI: Error: Result failed 
 at D:/Build/++UE4/Sync/Engine/Source/Runtime/Windows/D3D11RHI/Private/D3D11Query.cpp:348 
 with error DXGI_ERROR_DEVICE_REMOVED DXGI_ERROR_DRIVER_INTERNAL_ERROR
[2020.11.06-14.12.47:675][138]LogD3D11RHI: [Aftermath] GDynamicRHI=00000240B31560C0, GDX11NVAfterMathEnabled=0, Result=0xFFFFFFFF, bDeviceActive=0
[2020.11.06-14.12.47:675][138]LogWindows: Windows GetLastError: The operation completed successfully. (0)
[2020.11.06-14.13.47:800][138]LogWindows: FPlatformMisc::RequestExit(0)
[2020.11.06-14.13.47:800][138]LogCore: Engine exit requested (reason: Win RequestExit)
[2020.11.06-14.13.47:800][138]LogWindows: FPlatformMisc::RequestExit(1)
[2020.11.06-14.13.47:800][138]LogCore: Engine exit requested (reason: Win RequestExit; note: exit was already requested)
[2020.11.06-14.13.47:805][138]Log file closed, 11/06/20 21:13:47
