Log file open, 11/06/20 21:14:18
LogInit: Display: Running engine for game: BattleChess_Game
LogPlatformFile: Not using cached read wrapper
LogTaskGraph: Started task graph with 5 named threads and 23 total threads with 3 sets of task threads.
LogStats: Stats thread started at 5.080859
LogD3D11RHI: Loaded GFSDK_Aftermath_Lib.x64.dll
LogICUInternationalization: ICU TimeZone Detection - Raw Offset: +7:00, Platform Override: ''
LogPluginManager: Mounting plugin Paper2D
LogPluginManager: Mounting plugin AISupport
LogPluginManager: Mounting plugin LightPropagationVolume
LogPluginManager: Mounting plugin CameraShakePreviewer
LogPluginManager: Mounting plugin ActorLayerUtilities
LogPluginManager: Mounting plugin AnimationSharing
LogPluginManager: Mounting plugin CLionSourceCodeAccess
LogPluginManager: Mounting plugin CodeLiteSourceCodeAccess
LogPluginManager: Mounting plugin GitSourceControl
LogPluginManager: Mounting plugin KDevelopSourceCodeAccess
LogPluginManager: Mounting plugin NullSourceCodeAccess
LogPluginManager: Mounting plugin PerforceSourceControl
LogPluginManager: Mounting plugin PlasticSourceControl
LogPluginManager: Mounting plugin RiderSourceCodeAccess
LogPluginManager: Mounting plugin SubversionSourceControl
LogPluginManager: Mounting plugin UObjectPlugin
LogPluginManager: Mounting plugin VisualStudioCodeSourceCodeAccess
LogPluginManager: Mounting plugin VisualStudioSourceCodeAccess
LogPluginManager: Mounting plugin XCodeSourceCodeAccess
LogPluginManager: Mounting plugin AssetManagerEditor
LogPluginManager: Mounting plugin CryptoKeys
LogPluginManager: Mounting plugin CurveEditorTools
LogPluginManager: Mounting plugin DataValidation
LogPluginManager: Mounting plugin EditorScriptingUtilities
LogPluginManager: Mounting plugin FacialAnimation
LogPluginManager: Mounting plugin GameplayTagsEditor
LogPluginManager: Mounting plugin GeometryMode
LogPluginManager: Mounting plugin MacGraphicsSwitching
LogPluginManager: Mounting plugin MaterialAnalyzer
LogPluginManager: Mounting plugin MobileLauncherProfileWizard
LogPluginManager: Mounting plugin PluginBrowser
LogPluginManager: Mounting plugin SpeedTreeImporter
LogPluginManager: Mounting plugin DatasmithContent
LogPluginManager: Mounting plugin VariantManagerContent
LogPluginManager: Mounting plugin AlembicImporter
LogPluginManager: Mounting plugin AutomationUtils
LogPluginManager: Mounting plugin BackChannel
LogPluginManager: Mounting plugin ChaosCloth
LogPluginManager: Mounting plugin ChaosClothEditor
LogPluginManager: Mounting plugin ChaosEditor
LogPluginManager: Mounting plugin ChaosNiagara
LogPluginManager: Mounting plugin ChaosSolverPlugin
LogPluginManager: Mounting plugin CharacterAI
LogPluginManager: Mounting plugin GeometryCache
LogPluginManager: Mounting plugin GeometryCollectionPlugin
LogPluginManager: Mounting plugin GeometryProcessing
LogPluginManager: Mounting plugin PlanarCut
LogPluginManager: Mounting plugin PlatformCrypto
LogPluginManager: Mounting plugin ProxyLODPlugin
LogPluginManager: Mounting plugin SkeletalReduction
LogPluginManager: Mounting plugin Niagara
LogPluginManager: Mounting plugin MagicLeap
LogPluginManager: Mounting plugin MagicLeapLightEstimation
LogPluginManager: Mounting plugin MagicLeapMedia
LogPluginManager: Mounting plugin MagicLeapPassableWorld
LogPluginManager: Mounting plugin MLSDK
LogPluginManager: Mounting plugin AndroidMedia
LogPluginManager: Mounting plugin AvfMedia
LogPluginManager: Mounting plugin ImgMedia
LogPluginManager: Mounting plugin MediaCompositing
LogPluginManager: Mounting plugin MediaPlayerEditor
LogPluginManager: Mounting plugin WebMMedia
LogPluginManager: Mounting plugin WmfMedia
LogPluginManager: Mounting plugin MeshPainting
LogPluginManager: Mounting plugin TcpMessaging
LogPluginManager: Mounting plugin UdpMessaging
LogPluginManager: Mounting plugin ActorSequence
LogPluginManager: Mounting plugin LevelSequenceEditor
LogPluginManager: Mounting plugin MatineeToLevelSequence
LogPluginManager: Mounting plugin MovieRenderPipeline
LogPluginManager: Mounting plugin TemplateSequence
LogPluginManager: Mounting plugin NetcodeUnitTest
LogPluginManager: Mounting plugin NUTUnrealEngine4
LogPluginManager: Mounting plugin OnlineSubsystemGooglePlay
LogPluginManager: Mounting plugin OnlineSubsystemIOS
LogPluginManager: Mounting plugin OnlineSubsystem
LogPluginManager: Mounting plugin OnlineSubsystemNull
LogPluginManager: Mounting plugin OnlineSubsystemSteam
LogPluginManager: Mounting plugin OnlineSubsystemUtils
LogPluginManager: Mounting plugin LauncherChunkInstaller
LogPluginManager: Mounting plugin AndroidDeviceProfileSelector
LogPluginManager: Mounting plugin AndroidMoviePlayer
LogPluginManager: Mounting plugin AndroidPermission
LogPluginManager: Mounting plugin AppleImageUtils
LogPluginManager: Mounting plugin AppleMoviePlayer
LogPluginManager: Mounting plugin ArchVisCharacter
LogPluginManager: Mounting plugin AssetTags
LogPluginManager: Mounting plugin AudioCapture
LogPluginManager: Mounting plugin CableComponent
LogPluginManager: Mounting plugin CustomMeshComponent
LogPluginManager: Mounting plugin EditableMesh
LogPluginManager: Mounting plugin ExampleDeviceProfileSelector
LogPluginManager: Mounting plugin GoogleCloudMessaging
LogPluginManager: Mounting plugin GooglePAD
LogPluginManager: Mounting plugin IOSDeviceProfileSelector
LogPluginManager: Mounting plugin LinuxDeviceProfileSelector
LogPluginManager: Mounting plugin LocationServicesBPLibrary
LogPluginManager: Mounting plugin MobilePatchingUtils
LogPluginManager: Mounting plugin OculusVR
LogPluginManager: Mounting plugin PhysXVehicles
LogPluginManager: Mounting plugin PostSplashScreen
LogPluginManager: Mounting plugin ProceduralMeshComponent
LogPluginManager: Mounting plugin RuntimePhysXCooking
LogPluginManager: Mounting plugin SignificanceManager
LogPluginManager: Mounting plugin SoundFields
LogPluginManager: Mounting plugin SteamShared
LogPluginManager: Mounting plugin SteamVR
LogPluginManager: Mounting plugin Synthesis
LogPluginManager: Mounting plugin WebMMoviePlayer
LogPluginManager: Mounting plugin WindowsMoviePlayer
LogPluginManager: Mounting plugin ScreenshotTools
LogInit: Using libcurl 7.55.1-DEV
LogInit:  - built for x86_64-pc-win32
LogInit:  - supports SSL with OpenSSL/1.1.1
LogInit:  - supports HTTP deflate (compression) using libz 1.2.8
LogInit:  - other features:
LogInit:      CURL_VERSION_SSL
LogInit:      CURL_VERSION_LIBZ
LogInit:      CURL_VERSION_IPV6
LogInit:      CURL_VERSION_ASYNCHDNS
LogInit:      CURL_VERSION_LARGEFILE
LogInit:      CURL_VERSION_IDN
LogInit:  CurlRequestOptions (configurable via config and command line):
LogInit:  - bVerifyPeer = true  - Libcurl will verify peer certificate
LogInit:  - bUseHttpProxy = false  - Libcurl will NOT use HTTP proxy
LogInit:  - bDontReuseConnections = false  - Libcurl will reuse connections
LogInit:  - MaxHostConnections = 16  - Libcurl will limit the number of connections to a host
LogInit:  - LocalHostAddr = Default
LogInit:  - BufferSize = 65536
LogSteamShared: Display: Loading Steam SDK 1.47
LogSteamShared: Steam SDK Loaded!
LogOnline: OSS: Creating online subsystem instance for: Steam
LogOnline: Display: STEAM: OnlineSubsystemSteam::Shutdown()
LogOnline: OSS: Unable to create OnlineSubsystem module Steam
LogOnline: OSS: Creating online subsystem instance for: NULL
LogInit: WinSock: version 1.1 (2.2), MaxSocks=32767, MaxUdp=65467
LogOnline: OSS: TryLoadSubsystemAndSetDefault: Loaded subsystem for module [NULL]
LogInit: Build: ++UE4+Release-4.25-CL-14469661
LogInit: Engine Version: 4.25.4-14469661+++UE4+Release-4.25
LogInit: Compatible Engine Version: 4.25.0-13144385+++UE4+Release-4.25
LogInit: Net CL: 13144385
LogInit: OS: Windows 10 (Release 2004) (), CPU: Intel(R) Core(TM) i5-8300H CPU @ 2.30GHz, GPU: Intel(R) UHD Graphics 630
LogInit: Compiled (64-bit): Oct 11 2020 08:10:49
LogInit: Compiled with Visual C++: 19.24.28315.00
LogInit: Build Configuration: Development
LogInit: Branch Name: ++UE4+Release-4.25
LogInit: Command Line: 
LogInit: Base Directory: D:/GAME/Epic Games/UE_4.25/Engine/Binaries/Win64/
LogInit: Allocator: TBB
LogInit: Installed Engine Build: 1
LogDevObjectVersion: Number of dev versions registered: 26
LogDevObjectVersion:   Dev-Blueprints (B0D832E4-1F89-4F0D-ACCF-7EB736FD4AA2): 10
LogDevObjectVersion:   Dev-Build (E1C64328-A22C-4D53-A36C-8E866417BD8C): 0
LogDevObjectVersion:   Dev-Core (375EC13C-06E4-48FB-B500-84F0262A717E): 4
LogDevObjectVersion:   Dev-Editor (E4B068ED-F494-42E9-A231-DA0B2E46BB41): 38
LogDevObjectVersion:   Dev-Framework (CFFC743F-43B0-4480-9391-14DF171D2073): 37
LogDevObjectVersion:   Dev-Mobile (B02B49B5-BB20-44E9-A304-32B752E40360): 2
LogDevObjectVersion:   Dev-Networking (A4E4105C-59A1-49B5-A7C5-40C4547EDFEE): 0
LogDevObjectVersion:   Dev-Online (39C831C9-5AE6-47DC-9A44-9C173E1C8E7C): 0
LogDevObjectVersion:   Dev-Physics (78F01B33-EBEA-4F98-B9B4-84EACCB95AA2): 4
LogDevObjectVersion:   Dev-Platform (6631380F-2D4D-43E0-8009-CF276956A95A): 0
LogDevObjectVersion:   Dev-Rendering (12F88B9F-8875-4AFC-A67C-D90C383ABD29): 43
LogDevObjectVersion:   Dev-Sequencer (7B5AE74C-D270-4C10-A958-57980B212A5A): 12
LogDevObjectVersion:   Dev-VR (D7296918-1DD6-4BDD-9DE2-64A83CC13884): 3
LogDevObjectVersion:   Dev-LoadTimes (C2A15278-BFE7-4AFE-6C17-90FF531DF755): 1
LogDevObjectVersion:   Private-Geometry (6EACA3D4-40EC-4CC1-B786-8BED09428FC5): 3
LogDevObjectVersion:   Dev-AnimPhys (29E575DD-E0A3-4627-9D10-D276232CDCEA): 17
LogDevObjectVersion:   Dev-Anim (AF43A65D-7FD3-4947-9873-3E8ED9C1BB05): 7
LogDevObjectVersion:   Dev-ReflectionCapture (6B266CEC-1EC7-4B8F-A30B-E4D90942FC07): 1
LogDevObjectVersion:   Dev-Automation (0DF73D61-A23F-47EA-B727-89E90C41499A): 1
LogDevObjectVersion:   FortniteMain (601D1886-AC64-4F84-AA16-D3DE0DEAC7D6): 31
LogDevObjectVersion:   Dev-Enterprise (9DFFBCD6-494F-0158-E221-12823C92A888): 10
LogDevObjectVersion:   Dev-Niagara (F2AED0AC-9AFE-416F-8664-AA7FFA26D6FC): 1
LogDevObjectVersion:   Dev-Destruction (174F1F0B-B4C6-45A5-B13F-2EE8D0FB917D): 10
LogDevObjectVersion:   Dev-Physics-Ext (35F94A83-E258-406C-A318-09F59610247C): 37
LogDevObjectVersion:   Dev-PhysicsMaterial-Chaos (B68FC16E-8B1B-42E2-B453-215C058844FE): 1
LogDevObjectVersion:   Dev-CineCamera (B2E18506-4273-CFC2-A54E-F4BB758BBA07): 1
LogInit: Presizing for max 25165824 objects, including 0 objects not considered by GC, pre-allocating 0 bytes for permanent pool.
LogConfig: Applying CVar settings from Section [/Script/Engine.StreamingSettings] File [C:/Users/Garfield/Documents/GitHub/BattleChess/BattleChess_Game/Saved/Config/Windows/Engine.ini]
LogConfig: Setting CVar [[s.MinBulkDataSizeForAsyncLoading:131072]]
LogConfig: Setting CVar [[s.AsyncLoadingThreadEnabled:0]]
LogConfig: Setting CVar [[s.EventDrivenLoaderEnabled:1]]
LogConfig: Setting CVar [[s.WarnIfTimeLimitExceeded:0]]
LogConfig: Setting CVar [[s.TimeLimitExceededMultiplier:1.5]]
LogConfig: Setting CVar [[s.TimeLimitExceededMinTime:0.005]]
LogConfig: Setting CVar [[s.UseBackgroundLevelStreaming:1]]
LogConfig: Setting CVar [[s.PriorityAsyncLoadingExtraTime:15.0]]
LogConfig: Setting CVar [[s.LevelStreamingActorsUpdateTimeLimit:5.0]]
LogConfig: Setting CVar [[s.PriorityLevelStreamingActorsUpdateExtraTime:5.0]]
LogConfig: Setting CVar [[s.LevelStreamingComponentsRegistrationGranularity:10]]
LogConfig: Setting CVar [[s.UnregisterComponentsTimeLimit:1.0]]
LogConfig: Setting CVar [[s.LevelStreamingComponentsUnregistrationGranularity:5]]
LogConfig: Setting CVar [[s.FlushStreamingOnExit:1]]
LogInit: Object subsystem initialized
LogConfig: Setting CVar [[con.DebugEarlyDefault:1]]
LogConfig: Setting CVar [[r.setres:1280x720]]
[2020.11.06-14.14.21:463][  0]LogConfig: Setting CVar [[r.VSync:0]]
[2020.11.06-14.14.21:463][  0]LogConfig: Setting CVar [[r.RHICmdBypass:0]]
[2020.11.06-14.14.21:464][  0]LogConfig: Applying CVar settings from Section [/Script/Engine.RendererSettings] File [C:/Users/Garfield/Documents/GitHub/BattleChess/BattleChess_Game/Saved/Config/Windows/Engine.ini]
[2020.11.06-14.14.21:464][  0]LogConfig: Setting CVar [[r.GPUCrashDebugging:0]]
[2020.11.06-14.14.21:464][  0]LogConfig: Applying CVar settings from Section [/Script/Engine.RendererOverrideSettings] File [C:/Users/Garfield/Documents/GitHub/BattleChess/BattleChess_Game/Saved/Config/Windows/Engine.ini]
[2020.11.06-14.14.21:464][  0]LogConfig: Applying CVar settings from Section [/Script/Engine.StreamingSettings] File [C:/Users/Garfield/Documents/GitHub/BattleChess/BattleChess_Game/Saved/Config/Windows/Engine.ini]
[2020.11.06-14.14.21:464][  0]LogConfig: Setting CVar [[s.MinBulkDataSizeForAsyncLoading:131072]]
[2020.11.06-14.14.21:464][  0]LogConfig: Setting CVar [[s.AsyncLoadingThreadEnabled:0]]
[2020.11.06-14.14.21:464][  0]LogConfig: Setting CVar [[s.EventDrivenLoaderEnabled:1]]
[2020.11.06-14.14.21:464][  0]LogConfig: Setting CVar [[s.WarnIfTimeLimitExceeded:0]]
[2020.11.06-14.14.21:464][  0]LogConfig: Setting CVar [[s.TimeLimitExceededMultiplier:1.5]]
[2020.11.06-14.14.21:464][  0]LogConfig: Setting CVar [[s.TimeLimitExceededMinTime:0.005]]
[2020.11.06-14.14.21:464][  0]LogConfig: Setting CVar [[s.UseBackgroundLevelStreaming:1]]
[2020.11.06-14.14.21:464][  0]LogConfig: Setting CVar [[s.PriorityAsyncLoadingExtraTime:15.0]]
[2020.11.06-14.14.21:464][  0]LogConfig: Setting CVar [[s.LevelStreamingActorsUpdateTimeLimit:5.0]]
[2020.11.06-14.14.21:464][  0]LogConfig: Setting CVar [[s.PriorityLevelStreamingActorsUpdateExtraTime:5.0]]
[2020.11.06-14.14.21:464][  0]LogConfig: Setting CVar [[s.LevelStreamingComponentsRegistrationGranularity:10]]
[2020.11.06-14.14.21:464][  0]LogConfig: Setting CVar [[s.UnregisterComponentsTimeLimit:1.0]]
[2020.11.06-14.14.21:464][  0]LogConfig: Setting CVar [[s.LevelStreamingComponentsUnregistrationGranularity:5]]
[2020.11.06-14.14.21:464][  0]LogConfig: Setting CVar [[s.FlushStreamingOnExit:1]]
[2020.11.06-14.14.21:464][  0]LogConfig: Applying CVar settings from Section [/Script/Engine.GarbageCollectionSettings] File [C:/Users/Garfield/Documents/GitHub/BattleChess/BattleChess_Game/Saved/Config/Windows/Engine.ini]
[2020.11.06-14.14.21:464][  0]LogConfig: Setting CVar [[gc.MaxObjectsNotConsideredByGC:1]]
[2020.11.06-14.14.21:464][  0]LogConfig: Setting CVar [[gc.SizeOfPermanentObjectPool:0]]
[2020.11.06-14.14.21:464][  0]LogConfig: Setting CVar [[gc.FlushStreamingOnGC:0]]
[2020.11.06-14.14.21:464][  0]LogConfig: Setting CVar [[gc.NumRetriesBeforeForcingGC:10]]
[2020.11.06-14.14.21:464][  0]LogConfig: Setting CVar [[gc.AllowParallelGC:1]]
[2020.11.06-14.14.21:464][  0]LogConfig: Setting CVar [[gc.TimeBetweenPurgingPendingKillObjects:61.1]]
[2020.11.06-14.14.21:464][  0]LogConfig: Setting CVar [[gc.MaxObjectsInEditor:25165824]]
[2020.11.06-14.14.21:464][  0]LogConfig: Setting CVar [[gc.IncrementalBeginDestroyEnabled:1]]
[2020.11.06-14.14.21:464][  0]LogConfig: Setting CVar [[gc.CreateGCClusters:1]]
[2020.11.06-14.14.21:464][  0]LogConfig: Setting CVar [[gc.MinGCClusterSize:5]]
[2020.11.06-14.14.21:464][  0]LogConfig: Setting CVar [[gc.ActorClusteringEnabled:0]]
[2020.11.06-14.14.21:464][  0]LogConfig: Setting CVar [[gc.BlueprintClusteringEnabled:0]]
[2020.11.06-14.14.21:464][  0]LogConfig: Setting CVar [[gc.UseDisregardForGCOnDedicatedServers:0]]
[2020.11.06-14.14.21:464][  0]LogConfig: Applying CVar settings from Section [/Script/Engine.NetworkSettings] File [C:/Users/Garfield/Documents/GitHub/BattleChess/BattleChess_Game/Saved/Config/Windows/Engine.ini]
[2020.11.06-14.14.21:464][  0]LogConfig: Applying CVar settings from Section [/Script/UnrealEd.CookerSettings] File [C:/Users/Garfield/Documents/GitHub/BattleChess/BattleChess_Game/Saved/Config/Windows/Engine.ini]
[2020.11.06-14.14.21:468][  0]LogConfig: Applying CVar settings from Section [ViewDistanceQuality@3] File [C:/Users/Garfield/Documents/GitHub/BattleChess/BattleChess_Game/Saved/Config/Windows/Scalability.ini]
[2020.11.06-14.14.21:468][  0]LogConfig: Setting CVar [[r.SkeletalMeshLODBias:0]]
[2020.11.06-14.14.21:468][  0]LogConfig: Setting CVar [[r.ViewDistanceScale:1.0]]
[2020.11.06-14.14.21:468][  0]LogConfig: Applying CVar settings from Section [AntiAliasingQuality@3] File [C:/Users/Garfield/Documents/GitHub/BattleChess/BattleChess_Game/Saved/Config/Windows/Scalability.ini]
[2020.11.06-14.14.21:468][  0]LogConfig: Setting CVar [[r.PostProcessAAQuality:4]]
[2020.11.06-14.14.21:468][  0]LogConfig: Applying CVar settings from Section [ShadowQuality@3] File [C:/Users/Garfield/Documents/GitHub/BattleChess/BattleChess_Game/Saved/Config/Windows/Scalability.ini]
[2020.11.06-14.14.21:468][  0]LogConfig: Setting CVar [[r.LightFunctionQuality:1]]
[2020.11.06-14.14.21:468][  0]LogConfig: Setting CVar [[r.ShadowQuality:5]]
[2020.11.06-14.14.21:468][  0]LogConfig: Setting CVar [[r.Shadow.CSM.MaxCascades:10]]
[2020.11.06-14.14.21:468][  0]LogConfig: Setting CVar [[r.Shadow.MaxResolution:2048]]
[2020.11.06-14.14.21:468][  0]LogConfig: Setting CVar [[r.Shadow.MaxCSMResolution:2048]]
[2020.11.06-14.14.21:468][  0]LogConfig: Setting CVar [[r.Shadow.RadiusThreshold:0.01]]
[2020.11.06-14.14.21:468][  0]LogConfig: Setting CVar [[r.Shadow.DistanceScale:1.0]]
[2020.11.06-14.14.21:468][  0]LogConfig: Setting CVar [[r.Shadow.CSM.TransitionScale:1.0]]
[2020.11.06-14.14.21:468][  0]LogConfig: Setting CVar [[r.Shadow.PreShadowResolutionFactor:1.0]]
[2020.11.06-14.14.21:468][  0]LogConfig: Setting CVar [[r.DistanceFieldShadowing:1]]
[2020.11.06-14.14.21:468][  0]LogConfig: Setting CVar [[r.DistanceFieldAO:1]]
[2020.11.06-14.14.21:468][  0]LogConfig: Setting CVar [[r.AOQuality:2]]
[2020.11.06-14.14.21:468][  0]LogConfig: Setting CVar [[r.VolumetricFog:1]]
[2020.11.06-14.14.21:468][  0]LogConfig: Setting CVar [[r.VolumetricFog.GridPixelSize:8]]
[2020.11.06-14.14.21:468][  0]LogConfig: Setting CVar [[r.VolumetricFog.GridSizeZ:128]]
[2020.11.06-14.14.21:468][  0]LogConfig: Setting CVar [[r.VolumetricFog.HistoryMissSupersampleCount:4]]
[2020.11.06-14.14.21:468][  0]LogConfig: Setting CVar [[r.LightMaxDrawDistanceScale:1]]
[2020.11.06-14.14.21:468][  0]LogConfig: Setting CVar [[r.CapsuleShadows:1]]
[2020.11.06-14.14.21:468][  0]LogConfig: Applying CVar settings from Section [PostProcessQuality@3] File [C:/Users/Garfield/Documents/GitHub/BattleChess/BattleChess_Game/Saved/Config/Windows/Scalability.ini]
[2020.11.06-14.14.21:468][  0]LogConfig: Setting CVar [[r.MotionBlurQuality:4]]
[2020.11.06-14.14.21:468][  0]LogConfig: Setting CVar [[r.AmbientOcclusionMipLevelFactor:0.4]]
[2020.11.06-14.14.21:468][  0]LogConfig: Setting CVar [[r.AmbientOcclusionMaxQuality:100]]
[2020.11.06-14.14.21:468][  0]LogConfig: Setting CVar [[r.AmbientOcclusionLevels:-1]]
[2020.11.06-14.14.21:468][  0]LogConfig: Setting CVar [[r.AmbientOcclusionRadiusScale:1.0]]
[2020.11.06-14.14.21:468][  0]LogConfig: Setting CVar [[r.DepthOfFieldQuality:2]]
[2020.11.06-14.14.21:468][  0]LogConfig: Setting CVar [[r.RenderTargetPoolMin:400]]
[2020.11.06-14.14.21:468][  0]LogConfig: Setting CVar [[r.LensFlareQuality:2]]
[2020.11.06-14.14.21:468][  0]LogConfig: Setting CVar [[r.SceneColorFringeQuality:1]]
[2020.11.06-14.14.21:468][  0]LogConfig: Setting CVar [[r.EyeAdaptationQuality:2]]
[2020.11.06-14.14.21:468][  0]LogConfig: Setting CVar [[r.BloomQuality:5]]
[2020.11.06-14.14.21:468][  0]LogConfig: Setting CVar [[r.FastBlurThreshold:100]]
[2020.11.06-14.14.21:468][  0]LogConfig: Setting CVar [[r.Upscale.Quality:3]]
[2020.11.06-14.14.21:468][  0]LogConfig: Setting CVar [[r.Tonemapper.GrainQuantization:1]]
[2020.11.06-14.14.21:468][  0]LogConfig: Setting CVar [[r.LightShaftQuality:1]]
[2020.11.06-14.14.21:468][  0]LogConfig: Setting CVar [[r.Filter.SizeScale:1]]
[2020.11.06-14.14.21:468][  0]LogConfig: Setting CVar [[r.Tonemapper.Quality:5]]
[2020.11.06-14.14.21:468][  0]LogConfig: Setting CVar [[r.DOF.Gather.AccumulatorQuality:1        ; higher gathering accumulator quality]]
[2020.11.06-14.14.21:468][  0]LogConfig: Setting CVar [[r.DOF.Gather.PostfilterMethod:1          ; Median3x3 postfilering method]]
[2020.11.06-14.14.21:468][  0]LogConfig: Setting CVar [[r.DOF.Gather.EnableBokehSettings:0       ; no bokeh simulation when gathering]]
[2020.11.06-14.14.21:468][  0]LogConfig: Setting CVar [[r.DOF.Gather.RingCount:4                 ; medium number of samples when gathering]]
[2020.11.06-14.14.21:469][  0]LogConfig: Setting CVar [[r.DOF.Scatter.ForegroundCompositing:1    ; additive foreground scattering]]
[2020.11.06-14.14.21:469][  0]LogConfig: Setting CVar [[r.DOF.Scatter.BackgroundCompositing:2    ; additive background scattering]]
[2020.11.06-14.14.21:469][  0]LogConfig: Setting CVar [[r.DOF.Scatter.EnableBokehSettings:1      ; bokeh simulation when scattering]]
[2020.11.06-14.14.21:469][  0]LogConfig: Setting CVar [[r.DOF.Scatter.MaxSpriteRatio:0.1         ; only a maximum of 10% of scattered bokeh]]
[2020.11.06-14.14.21:469][  0]LogConfig: Setting CVar [[r.DOF.Recombine.Quality:1                ; cheap slight out of focus]]
[2020.11.06-14.14.21:469][  0]LogConfig: Setting CVar [[r.DOF.Recombine.EnableBokehSettings:0    ; no bokeh simulation on slight out of focus]]
[2020.11.06-14.14.21:469][  0]LogConfig: Setting CVar [[r.DOF.TemporalAAQuality:1                ; more stable temporal accumulation]]
[2020.11.06-14.14.21:469][  0]LogConfig: Setting CVar [[r.DOF.Kernel.MaxForegroundRadius:0.025]]
[2020.11.06-14.14.21:469][  0]LogConfig: Setting CVar [[r.DOF.Kernel.MaxBackgroundRadius:0.025]]
[2020.11.06-14.14.21:469][  0]LogConfig: Applying CVar settings from Section [TextureQuality@3] File [C:/Users/Garfield/Documents/GitHub/BattleChess/BattleChess_Game/Saved/Config/Windows/Scalability.ini]
[2020.11.06-14.14.21:469][  0]LogConfig: Setting CVar [[r.Streaming.MipBias:0]]
[2020.11.06-14.14.21:469][  0]LogConfig: Setting CVar [[r.Streaming.AmortizeCPUToGPUCopy:0]]
[2020.11.06-14.14.21:469][  0]LogConfig: Setting CVar [[r.Streaming.MaxNumTexturesToStreamPerFrame:0]]
[2020.11.06-14.14.21:469][  0]LogConfig: Setting CVar [[r.Streaming.Boost:1]]
[2020.11.06-14.14.21:469][  0]LogConfig: Setting CVar [[r.MaxAnisotropy:8]]
[2020.11.06-14.14.21:469][  0]LogConfig: Setting CVar [[r.VT.MaxAnisotropy:8]]
[2020.11.06-14.14.21:469][  0]LogConfig: Setting CVar [[r.Streaming.LimitPoolSizeToVRAM:0]]
[2020.11.06-14.14.21:469][  0]LogConfig: Setting CVar [[r.Streaming.PoolSize:1000]]
[2020.11.06-14.14.21:469][  0]LogConfig: Setting CVar [[r.Streaming.MaxEffectiveScreenSize:0]]
[2020.11.06-14.14.21:469][  0]LogConfig: Applying CVar settings from Section [EffectsQuality@3] File [C:/Users/Garfield/Documents/GitHub/BattleChess/BattleChess_Game/Saved/Config/Windows/Scalability.ini]
[2020.11.06-14.14.21:469][  0]LogConfig: Setting CVar [[r.TranslucencyLightingVolumeDim:64]]
[2020.11.06-14.14.21:469][  0]LogConfig: Setting CVar [[r.RefractionQuality:2]]
[2020.11.06-14.14.21:469][  0]LogConfig: Setting CVar [[r.SSR.Quality:3]]
[2020.11.06-14.14.21:469][  0]LogConfig: Setting CVar [[r.SSR.HalfResSceneColor:0]]
[2020.11.06-14.14.21:469][  0]LogConfig: Setting CVar [[r.SceneColorFormat:4]]
[2020.11.06-14.14.21:469][  0]LogConfig: Setting CVar [[r.DetailMode:2]]
[2020.11.06-14.14.21:469][  0]LogConfig: Setting CVar [[r.TranslucencyVolumeBlur:1]]
[2020.11.06-14.14.21:469][  0]LogConfig: Setting CVar [[r.MaterialQualityLevel:1 ; High quality]]
[2020.11.06-14.14.21:469][  0]LogConfig: Setting CVar [[r.SSS.Scale:1]]
[2020.11.06-14.14.21:469][  0]LogConfig: Setting CVar [[r.SSS.SampleSet:2]]
[2020.11.06-14.14.21:469][  0]LogConfig: Setting CVar [[r.SSS.Quality:1]]
[2020.11.06-14.14.21:469][  0]LogConfig: Setting CVar [[r.SSS.HalfRes:0]]
[2020.11.06-14.14.21:469][  0]LogConfig: Setting CVar [[r.SSGI.Quality:3]]
[2020.11.06-14.14.21:469][  0]LogConfig: Setting CVar [[r.EmitterSpawnRateScale:1.0]]
[2020.11.06-14.14.21:469][  0]LogConfig: Setting CVar [[r.ParticleLightQuality:2]]
[2020.11.06-14.14.21:469][  0]LogConfig: Setting CVar [[r.SkyAtmosphere.AerialPerspectiveLUT.FastApplyOnOpaque:1 ; Always have FastSkyLUT 1 in this case to avoid wrong sky]]
[2020.11.06-14.14.21:469][  0]LogConfig: Setting CVar [[r.SkyAtmosphere.AerialPerspectiveLUT.SampleCountPerSlice:1]]
[2020.11.06-14.14.21:469][  0]LogConfig: Setting CVar [[r.SkyAtmosphere.AerialPerspectiveLUT.DepthResolution:16.0]]
[2020.11.06-14.14.21:469][  0]LogConfig: Setting CVar [[r.SkyAtmosphere.FastSkyLUT:1]]
[2020.11.06-14.14.21:469][  0]LogConfig: Setting CVar [[r.SkyAtmosphere.FastSkyLUT.SampleCountMin:4.0]]
[2020.11.06-14.14.21:469][  0]LogConfig: Setting CVar [[r.SkyAtmosphere.FastSkyLUT.SampleCountMax:32.0]]
[2020.11.06-14.14.21:469][  0]LogConfig: Setting CVar [[r.SkyAtmosphere.SampleCountMin:4.0]]
[2020.11.06-14.14.21:469][  0]LogConfig: Setting CVar [[r.SkyAtmosphere.SampleCountMax:32.0]]
[2020.11.06-14.14.21:469][  0]LogConfig: Setting CVar [[r.SkyAtmosphere.TransmittanceLUT.UseSmallFormat:0]]
[2020.11.06-14.14.21:469][  0]LogConfig: Setting CVar [[r.SkyAtmosphere.TransmittanceLUT.SampleCount:10.0]]
[2020.11.06-14.14.21:469][  0]LogConfig: Setting CVar [[r.SkyAtmosphere.MultiScatteringLUT.SampleCount:15.0]]
[2020.11.06-14.14.21:469][  0]LogConfig: Applying CVar settings from Section [FoliageQuality@3] File [C:/Users/Garfield/Documents/GitHub/BattleChess/BattleChess_Game/Saved/Config/Windows/Scalability.ini]
[2020.11.06-14.14.21:469][  0]LogConfig: Setting CVar [[foliage.DensityScale:1.0]]
[2020.11.06-14.14.21:469][  0]LogConfig: Setting CVar [[grass.DensityScale:1.0]]
[2020.11.06-14.14.21:469][  0]LogConfig: Applying CVar settings from Section [ShadingQuality@3] File [C:/Users/Garfield/Documents/GitHub/BattleChess/BattleChess_Game/Saved/Config/Windows/Scalability.ini]
[2020.11.06-14.14.21:469][  0]LogConfig: Setting CVar [[r.HairStrands.SkyLighting.SampleCount:16]]
[2020.11.06-14.14.21:469][  0]LogConfig: Setting CVar [[r.HairStrands.SkyLighting.JitterIntegration:0]]
[2020.11.06-14.14.21:469][  0]LogConfig: Setting CVar [[r.HairStrands.SkyAO.SampleCount:16]]
[2020.11.06-14.14.21:469][  0]LogConfig: Setting CVar [[r.HairStrands.DeepShadow.SuperSampling:0]]
[2020.11.06-14.14.21:469][  0]LogConfig: Setting CVar [[r.HairStrands.VisibilityPPLL:0]]
[2020.11.06-14.14.21:469][  0]LogConfig: Setting CVar [[r.HairStrands.RasterizationScale:0.5]]
[2020.11.06-14.14.21:469][  0]LogConfig: Setting CVar [[r.HairStrands.VelocityRasterizationScale:1]]
[2020.11.06-14.14.21:469][  0]LogInit: Selected Device Profile: [Windows]
[2020.11.06-14.14.21:469][  0]LogInit: Applying CVar settings loaded from the selected device profile: [Windows]
[2020.11.06-14.14.21:469][  0]LogHAL: Display: Platform has ~ 8 GB [8424574976 / 8589934592 / 8], which maps to Default [LargestMinGB=32, LargerMinGB=12, DefaultMinGB=8, SmallerMinGB=6, SmallestMinGB=0)
[2020.11.06-14.14.21:469][  0]LogInit: Going up to parent DeviceProfile []
[2020.11.06-14.14.21:469][  0]LogConfig: Applying CVar settings from Section [ViewDistanceQuality@3] File [C:/Users/Garfield/Documents/GitHub/BattleChess/BattleChess_Game/Saved/Config/Windows/Scalability.ini]
[2020.11.06-14.14.21:469][  0]LogConfig: Setting CVar [[r.SkeletalMeshLODBias:0]]
[2020.11.06-14.14.21:470][  0]LogConfig: Setting CVar [[r.ViewDistanceScale:1.0]]
[2020.11.06-14.14.21:470][  0]LogConfig: Applying CVar settings from Section [AntiAliasingQuality@3] File [C:/Users/Garfield/Documents/GitHub/BattleChess/BattleChess_Game/Saved/Config/Windows/Scalability.ini]
[2020.11.06-14.14.21:470][  0]LogConfig: Setting CVar [[r.PostProcessAAQuality:4]]
[2020.11.06-14.14.21:470][  0]LogConfig: Applying CVar settings from Section [ShadowQuality@3] File [C:/Users/Garfield/Documents/GitHub/BattleChess/BattleChess_Game/Saved/Config/Windows/Scalability.ini]
[2020.11.06-14.14.21:470][  0]LogConfig: Setting CVar [[r.LightFunctionQuality:1]]
[2020.11.06-14.14.21:470][  0]LogConfig: Setting CVar [[r.ShadowQuality:5]]
[2020.11.06-14.14.21:470][  0]LogConfig: Setting CVar [[r.Shadow.CSM.MaxCascades:10]]
[2020.11.06-14.14.21:470][  0]LogConfig: Setting CVar [[r.Shadow.MaxResolution:2048]]
[2020.11.06-14.14.21:470][  0]LogConfig: Setting CVar [[r.Shadow.MaxCSMResolution:2048]]
[2020.11.06-14.14.21:470][  0]LogConfig: Setting CVar [[r.Shadow.RadiusThreshold:0.01]]
[2020.11.06-14.14.21:470][  0]LogConfig: Setting CVar [[r.Shadow.DistanceScale:1.0]]
[2020.11.06-14.14.21:470][  0]LogConfig: Setting CVar [[r.Shadow.CSM.TransitionScale:1.0]]
[2020.11.06-14.14.21:470][  0]LogConfig: Setting CVar [[r.Shadow.PreShadowResolutionFactor:1.0]]
[2020.11.06-14.14.21:470][  0]LogConfig: Setting CVar [[r.DistanceFieldShadowing:1]]
[2020.11.06-14.14.21:470][  0]LogConfig: Setting CVar [[r.DistanceFieldAO:1]]
[2020.11.06-14.14.21:470][  0]LogConfig: Setting CVar [[r.AOQuality:2]]
[2020.11.06-14.14.21:470][  0]LogConfig: Setting CVar [[r.VolumetricFog:1]]
[2020.11.06-14.14.21:470][  0]LogConfig: Setting CVar [[r.VolumetricFog.GridPixelSize:8]]
[2020.11.06-14.14.21:470][  0]LogConfig: Setting CVar [[r.VolumetricFog.GridSizeZ:128]]
[2020.11.06-14.14.21:470][  0]LogConfig: Setting CVar [[r.VolumetricFog.HistoryMissSupersampleCount:4]]
[2020.11.06-14.14.21:470][  0]LogConfig: Setting CVar [[r.LightMaxDrawDistanceScale:1]]
[2020.11.06-14.14.21:470][  0]LogConfig: Setting CVar [[r.CapsuleShadows:1]]
[2020.11.06-14.14.21:470][  0]LogConfig: Applying CVar settings from Section [PostProcessQuality@3] File [C:/Users/Garfield/Documents/GitHub/BattleChess/BattleChess_Game/Saved/Config/Windows/Scalability.ini]
[2020.11.06-14.14.21:470][  0]LogConfig: Setting CVar [[r.MotionBlurQuality:4]]
[2020.11.06-14.14.21:470][  0]LogConfig: Setting CVar [[r.AmbientOcclusionMipLevelFactor:0.4]]
[2020.11.06-14.14.21:470][  0]LogConfig: Setting CVar [[r.AmbientOcclusionMaxQuality:100]]
[2020.11.06-14.14.21:470][  0]LogConfig: Setting CVar [[r.AmbientOcclusionLevels:-1]]
[2020.11.06-14.14.21:470][  0]LogConfig: Setting CVar [[r.AmbientOcclusionRadiusScale:1.0]]
[2020.11.06-14.14.21:470][  0]LogConfig: Setting CVar [[r.DepthOfFieldQuality:2]]
[2020.11.06-14.14.21:470][  0]LogConfig: Setting CVar [[r.RenderTargetPoolMin:400]]
[2020.11.06-14.14.21:470][  0]LogConfig: Setting CVar [[r.LensFlareQuality:2]]
[2020.11.06-14.14.21:470][  0]LogConfig: Setting CVar [[r.SceneColorFringeQuality:1]]
[2020.11.06-14.14.21:470][  0]LogConfig: Setting CVar [[r.EyeAdaptationQuality:2]]
[2020.11.06-14.14.21:470][  0]LogConfig: Setting CVar [[r.BloomQuality:5]]
[2020.11.06-14.14.21:470][  0]LogConfig: Setting CVar [[r.FastBlurThreshold:100]]
[2020.11.06-14.14.21:470][  0]LogConfig: Setting CVar [[r.Upscale.Quality:3]]
[2020.11.06-14.14.21:470][  0]LogConfig: Setting CVar [[r.Tonemapper.GrainQuantization:1]]
[2020.11.06-14.14.21:470][  0]LogConfig: Setting CVar [[r.LightShaftQuality:1]]
[2020.11.06-14.14.21:470][  0]LogConfig: Setting CVar [[r.Filter.SizeScale:1]]
[2020.11.06-14.14.21:470][  0]LogConfig: Setting CVar [[r.Tonemapper.Quality:5]]
[2020.11.06-14.14.21:470][  0]LogConfig: Setting CVar [[r.DOF.Gather.AccumulatorQuality:1        ; higher gathering accumulator quality]]
[2020.11.06-14.14.21:470][  0]LogConfig: Setting CVar [[r.DOF.Gather.PostfilterMethod:1          ; Median3x3 postfilering method]]
[2020.11.06-14.14.21:470][  0]LogConfig: Setting CVar [[r.DOF.Gather.EnableBokehSettings:0       ; no bokeh simulation when gathering]]
[2020.11.06-14.14.21:470][  0]LogConfig: Setting CVar [[r.DOF.Gather.RingCount:4                 ; medium number of samples when gathering]]
[2020.11.06-14.14.21:470][  0]LogConfig: Setting CVar [[r.DOF.Scatter.ForegroundCompositing:1    ; additive foreground scattering]]
[2020.11.06-14.14.21:470][  0]LogConfig: Setting CVar [[r.DOF.Scatter.BackgroundCompositing:2    ; additive background scattering]]
[2020.11.06-14.14.21:470][  0]LogConfig: Setting CVar [[r.DOF.Scatter.EnableBokehSettings:1      ; bokeh simulation when scattering]]
[2020.11.06-14.14.21:470][  0]LogConfig: Setting CVar [[r.DOF.Scatter.MaxSpriteRatio:0.1         ; only a maximum of 10% of scattered bokeh]]
[2020.11.06-14.14.21:470][  0]LogConfig: Setting CVar [[r.DOF.Recombine.Quality:1                ; cheap slight out of focus]]
[2020.11.06-14.14.21:470][  0]LogConfig: Setting CVar [[r.DOF.Recombine.EnableBokehSettings:0    ; no bokeh simulation on slight out of focus]]
[2020.11.06-14.14.21:470][  0]LogConfig: Setting CVar [[r.DOF.TemporalAAQuality:1                ; more stable temporal accumulation]]
[2020.11.06-14.14.21:470][  0]LogConfig: Setting CVar [[r.DOF.Kernel.MaxForegroundRadius:0.025]]
[2020.11.06-14.14.21:470][  0]LogConfig: Setting CVar [[r.DOF.Kernel.MaxBackgroundRadius:0.025]]
[2020.11.06-14.14.21:470][  0]LogConfig: Applying CVar settings from Section [TextureQuality@3] File [C:/Users/Garfield/Documents/GitHub/BattleChess/BattleChess_Game/Saved/Config/Windows/Scalability.ini]
[2020.11.06-14.14.21:470][  0]LogConfig: Setting CVar [[r.Streaming.MipBias:0]]
[2020.11.06-14.14.21:470][  0]LogConfig: Setting CVar [[r.Streaming.AmortizeCPUToGPUCopy:0]]
[2020.11.06-14.14.21:470][  0]LogConfig: Setting CVar [[r.Streaming.MaxNumTexturesToStreamPerFrame:0]]
[2020.11.06-14.14.21:470][  0]LogConfig: Setting CVar [[r.Streaming.Boost:1]]
[2020.11.06-14.14.21:470][  0]LogConfig: Setting CVar [[r.MaxAnisotropy:8]]
[2020.11.06-14.14.21:470][  0]LogConfig: Setting CVar [[r.VT.MaxAnisotropy:8]]
[2020.11.06-14.14.21:470][  0]LogConfig: Setting CVar [[r.Streaming.LimitPoolSizeToVRAM:0]]
[2020.11.06-14.14.21:470][  0]LogConfig: Setting CVar [[r.Streaming.PoolSize:1000]]
[2020.11.06-14.14.21:470][  0]LogConfig: Setting CVar [[r.Streaming.MaxEffectiveScreenSize:0]]
[2020.11.06-14.14.21:470][  0]LogConfig: Applying CVar settings from Section [EffectsQuality@3] File [C:/Users/Garfield/Documents/GitHub/BattleChess/BattleChess_Game/Saved/Config/Windows/Scalability.ini]
[2020.11.06-14.14.21:470][  0]LogConfig: Setting CVar [[r.TranslucencyLightingVolumeDim:64]]
[2020.11.06-14.14.21:470][  0]LogConfig: Setting CVar [[r.RefractionQuality:2]]
[2020.11.06-14.14.21:470][  0]LogConfig: Setting CVar [[r.SSR.Quality:3]]
[2020.11.06-14.14.21:470][  0]LogConfig: Setting CVar [[r.SSR.HalfResSceneColor:0]]
[2020.11.06-14.14.21:470][  0]LogConfig: Setting CVar [[r.SceneColorFormat:4]]
[2020.11.06-14.14.21:470][  0]LogConfig: Setting CVar [[r.DetailMode:2]]
[2020.11.06-14.14.21:470][  0]LogConfig: Setting CVar [[r.TranslucencyVolumeBlur:1]]
[2020.11.06-14.14.21:470][  0]LogConfig: Setting CVar [[r.MaterialQualityLevel:1 ; High quality]]
[2020.11.06-14.14.21:470][  0]LogConfig: Setting CVar [[r.SSS.Scale:1]]
[2020.11.06-14.14.21:470][  0]LogConfig: Setting CVar [[r.SSS.SampleSet:2]]
[2020.11.06-14.14.21:470][  0]LogConfig: Setting CVar [[r.SSS.Quality:1]]
[2020.11.06-14.14.21:470][  0]LogConfig: Setting CVar [[r.SSS.HalfRes:0]]
[2020.11.06-14.14.21:470][  0]LogConfig: Setting CVar [[r.SSGI.Quality:3]]
[2020.11.06-14.14.21:471][  0]LogConfig: Setting CVar [[r.EmitterSpawnRateScale:1.0]]
[2020.11.06-14.14.21:471][  0]LogConfig: Setting CVar [[r.ParticleLightQuality:2]]
[2020.11.06-14.14.21:471][  0]LogConfig: Setting CVar [[r.SkyAtmosphere.AerialPerspectiveLUT.FastApplyOnOpaque:1 ; Always have FastSkyLUT 1 in this case to avoid wrong sky]]
[2020.11.06-14.14.21:471][  0]LogConfig: Setting CVar [[r.SkyAtmosphere.AerialPerspectiveLUT.SampleCountPerSlice:1]]
[2020.11.06-14.14.21:471][  0]LogConfig: Setting CVar [[r.SkyAtmosphere.AerialPerspectiveLUT.DepthResolution:16.0]]
[2020.11.06-14.14.21:471][  0]LogConfig: Setting CVar [[r.SkyAtmosphere.FastSkyLUT:1]]
[2020.11.06-14.14.21:471][  0]LogConfig: Setting CVar [[r.SkyAtmosphere.FastSkyLUT.SampleCountMin:4.0]]
[2020.11.06-14.14.21:471][  0]LogConfig: Setting CVar [[r.SkyAtmosphere.FastSkyLUT.SampleCountMax:32.0]]
[2020.11.06-14.14.21:471][  0]LogConfig: Setting CVar [[r.SkyAtmosphere.SampleCountMin:4.0]]
[2020.11.06-14.14.21:471][  0]LogConfig: Setting CVar [[r.SkyAtmosphere.SampleCountMax:32.0]]
[2020.11.06-14.14.21:471][  0]LogConfig: Setting CVar [[r.SkyAtmosphere.TransmittanceLUT.UseSmallFormat:0]]
[2020.11.06-14.14.21:471][  0]LogConfig: Setting CVar [[r.SkyAtmosphere.TransmittanceLUT.SampleCount:10.0]]
[2020.11.06-14.14.21:471][  0]LogConfig: Setting CVar [[r.SkyAtmosphere.MultiScatteringLUT.SampleCount:15.0]]
[2020.11.06-14.14.21:471][  0]LogConfig: Applying CVar settings from Section [FoliageQuality@3] File [C:/Users/Garfield/Documents/GitHub/BattleChess/BattleChess_Game/Saved/Config/Windows/Scalability.ini]
[2020.11.06-14.14.21:471][  0]LogConfig: Setting CVar [[foliage.DensityScale:1.0]]
[2020.11.06-14.14.21:471][  0]LogConfig: Setting CVar [[grass.DensityScale:1.0]]
[2020.11.06-14.14.21:471][  0]LogConfig: Applying CVar settings from Section [ShadingQuality@3] File [C:/Users/Garfield/Documents/GitHub/BattleChess/BattleChess_Game/Saved/Config/Windows/Scalability.ini]
[2020.11.06-14.14.21:471][  0]LogConfig: Setting CVar [[r.HairStrands.SkyLighting.SampleCount:16]]
[2020.11.06-14.14.21:471][  0]LogConfig: Setting CVar [[r.HairStrands.SkyLighting.JitterIntegration:0]]
[2020.11.06-14.14.21:471][  0]LogConfig: Setting CVar [[r.HairStrands.SkyAO.SampleCount:16]]
[2020.11.06-14.14.21:471][  0]LogConfig: Setting CVar [[r.HairStrands.DeepShadow.SuperSampling:0]]
[2020.11.06-14.14.21:471][  0]LogConfig: Setting CVar [[r.HairStrands.VisibilityPPLL:0]]
[2020.11.06-14.14.21:471][  0]LogConfig: Setting CVar [[r.HairStrands.RasterizationScale:0.5]]
[2020.11.06-14.14.21:471][  0]LogConfig: Setting CVar [[r.HairStrands.VelocityRasterizationScale:1]]
[2020.11.06-14.14.21:471][  0]LogConfig: Applying CVar settings from Section [Startup] File [../../../Engine/Config/ConsoleVariables.ini]
[2020.11.06-14.14.21:497][  0]LogConfig: Setting CVar [[net.UseAdaptiveNetUpdateFrequency:0]]
[2020.11.06-14.14.21:497][  0]LogConfig: Setting CVar [[p.chaos.AllowCreatePhysxBodies:1]]
[2020.11.06-14.14.21:497][  0]LogConfig: Setting CVar [[fx.SkipVectorVMBackendOptimizations:1]]
[2020.11.06-14.14.21:497][  0]LogConfig: Applying CVar settings from Section [ConsoleVariables] File [C:/Users/Garfield/Documents/GitHub/BattleChess/BattleChess_Game/Saved/Config/Windows/Engine.ini]
[2020.11.06-14.14.21:498][  0]LogInit: Computer: LAPTOP-83JLS1JF
[2020.11.06-14.14.21:498][  0]LogInit: User: Garfield
[2020.11.06-14.14.21:498][  0]LogInit: CPU Page size=4096, Cores=4
[2020.11.06-14.14.21:498][  0]LogInit: High frequency timer resolution =10.000000 MHz
[2020.11.06-14.14.21:498][  0]LogMemory: Memory total: Physical=7.8GB (8GB approx)
[2020.11.06-14.14.21:498][  0]LogMemory: Platform Memory Stats for Windows
[2020.11.06-14.14.21:498][  0]LogMemory: Process Physical Memory: 116.05 MB used, 116.05 MB peak
[2020.11.06-14.14.21:498][  0]LogMemory: Process Virtual Memory: 96.18 MB used, 96.18 MB peak
[2020.11.06-14.14.21:498][  0]LogMemory: Physical Memory: 5786.28 MB used,  2248.02 MB free, 8034.30 MB total
[2020.11.06-14.14.21:498][  0]LogMemory: Virtual Memory: 5146.23 MB used,  134212584.00 MB free, 134217728.00 MB total
[2020.11.06-14.14.21:506][  0]LogWindows: WindowsPlatformFeatures enabled
[2020.11.06-14.14.22:300][  0]LogInit: Physics initialised using underlying interface: PhysX
[2020.11.06-14.14.22:352][  0]LogInit: Using OS detected language (en-US).
[2020.11.06-14.14.22:352][  0]LogInit: Using OS detected locale (en-US).
[2020.11.06-14.14.22:851][  0]LogTextLocalizationManager: No specific localization for 'en-US' exists, so the 'en' localization will be used.
[2020.11.06-14.14.24:721][  0]LogInit: Setting process to per monitor DPI aware
[2020.11.06-14.14.25:039][  0]LogSlate: New Slate User Created.  User Index 0, Is Virtual User: 0
[2020.11.06-14.14.25:039][  0]LogSlate: Slate User Registered.  User Index 0, Is Virtual User: 0
[2020.11.06-14.14.27:521][  0]LogHMD: Failed to initialize OpenVR with code 110
[2020.11.06-14.14.27:521][  0]LogD3D11RHI: D3D11 min allowed feature level: 11_0
[2020.11.06-14.14.27:521][  0]LogD3D11RHI: D3D11 max allowed feature level: 11_0
[2020.11.06-14.14.27:521][  0]LogD3D11RHI: D3D11 adapters:
[2020.11.06-14.14.28:526][  0]LogD3D11RHI:    0. 'NVIDIA GeForce GTX 1060' (Feature Level 11_0)
[2020.11.06-14.14.28:526][  0]LogD3D11RHI:       6052/0/4017 MB DedicatedVideo/DedicatedSystem/SharedSystem, Outputs:1, VendorId:0x10de
[2020.11.06-14.14.28:545][  0]LogD3D11RHI:    1. 'Intel(R) UHD Graphics 630' (Feature Level 11_0)
[2020.11.06-14.14.28:545][  0]LogD3D11RHI:       128/0/4017 MB DedicatedVideo/DedicatedSystem/SharedSystem, Outputs:0, VendorId:0x8086
[2020.11.06-14.14.28:550][  0]LogD3D11RHI:    2. 'Microsoft Basic Render Driver' (Feature Level 11_0)
[2020.11.06-14.14.28:550][  0]LogD3D11RHI:       0/0/4017 MB DedicatedVideo/DedicatedSystem/SharedSystem, Outputs:0, VendorId:0x1414
[2020.11.06-14.14.28:550][  0]LogD3D11RHI: Chosen D3D11 Adapter: 0
[2020.11.06-14.14.28:555][  0]LogD3D11RHI: Creating new Direct3DDevice
[2020.11.06-14.14.28:556][  0]LogD3D11RHI:     GPU DeviceId: 0x1c20 (for the marketing name, search the web for "GPU Device Id")
[2020.11.06-14.14.28:556][  0]LogWindows: EnumDisplayDevices:
[2020.11.06-14.14.28:556][  0]LogWindows:    0. 'Intel(R) UHD Graphics 630' (P:1 D:1)
[2020.11.06-14.14.28:556][  0]LogWindows:    1. 'Intel(R) UHD Graphics 630' (P:0 D:0)
[2020.11.06-14.14.28:556][  0]LogWindows:    2. 'Intel(R) UHD Graphics 630' (P:0 D:0)
[2020.11.06-14.14.28:557][  0]LogWindows:    3. 'NVIDIA GeForce GTX 1060' (P:0 D:0)
[2020.11.06-14.14.28:557][  0]LogWindows: DebugString: PrimaryIsNotTheChoosenAdapter PrimaryIsNotTheChoosenAdapter PrimaryIsNotTheChoosenAdapter 
[2020.11.06-14.14.28:557][  0]LogD3D11RHI:     Adapter Name: NVIDIA GeForce GTX 1060
[2020.11.06-14.14.28:557][  0]LogD3D11RHI:   Driver Version: 457.09 (internal:27.21.14.5709, unified:457.09)
[2020.11.06-14.14.28:557][  0]LogD3D11RHI:      Driver Date: 10-22-2020
[2020.11.06-14.14.28:557][  0]LogRHI: Texture pool is 4236 MB (70% of 6052 MB)
[2020.11.06-14.14.28:651][  0]LogD3D11RHI: RHI has support for 64 bit atomics
[2020.11.06-14.14.28:651][  0]LogD3D11RHI: Async texture creation enabled
[2020.11.06-14.14.28:651][  0]LogD3D11RHI: Array index from any shader is supported
[2020.11.06-14.14.28:682][  0]LogD3D11RHI: GPU Timing Frequency: 1000.000000 (Debug: 2 1)
[2020.11.06-14.14.30:027][  0]LogTargetPlatformManager: Display: Loaded TargetPlatform 'AllDesktop'
[2020.11.06-14.14.30:091][  0]LogTargetPlatformManager: Display: Loaded TargetPlatform 'Android'
[2020.11.06-14.14.30:092][  0]LogTargetPlatformManager: Display: Loaded TargetPlatform 'Android_ASTC'
[2020.11.06-14.14.30:092][  0]LogTargetPlatformManager: Display: Loaded TargetPlatform 'Android_DXT'
[2020.11.06-14.14.30:092][  0]LogTargetPlatformManager: Display: Loaded TargetPlatform 'Android_ETC2'
[2020.11.06-14.14.30:092][  0]LogTargetPlatformManager: Display: Loaded TargetPlatform 'AndroidClient'
[2020.11.06-14.14.30:092][  0]LogTargetPlatformManager: Display: Loaded TargetPlatform 'Android_ASTCClient'
[2020.11.06-14.14.30:092][  0]LogTargetPlatformManager: Display: Loaded TargetPlatform 'Android_DXTClient'
[2020.11.06-14.14.30:092][  0]LogTargetPlatformManager: Display: Loaded TargetPlatform 'Android_ETC2Client'
[2020.11.06-14.14.30:092][  0]LogTargetPlatformManager: Display: Loaded TargetPlatform 'Android_Multi'
[2020.11.06-14.14.30:092][  0]LogTargetPlatformManager: Display: Loaded TargetPlatform 'Android_MultiClient'
[2020.11.06-14.14.30:250][  0]LogTargetPlatformManager: Display: Loaded TargetPlatform 'IOSClient'
[2020.11.06-14.14.30:250][  0]LogTargetPlatformManager: Display: Loaded TargetPlatform 'IOS'
[2020.11.06-14.14.30:330][  0]LogTargetPlatformManager: Display: Loaded TargetPlatform 'Linux'
[2020.11.06-14.14.30:397][  0]LogTargetPlatformManager: Display: Loaded TargetPlatform 'LinuxNoEditor'
[2020.11.06-14.14.30:433][  0]LogTargetPlatformManager: Display: Loaded TargetPlatform 'LinuxClient'
[2020.11.06-14.14.30:442][  0]LogTargetPlatformManager: Display: Loaded TargetPlatform 'LinuxServer'
[2020.11.06-14.14.30:475][  0]LogTargetPlatformManager: Display: Loaded TargetPlatform 'LinuxAArch64NoEditor'
[2020.11.06-14.14.30:491][  0]LogTargetPlatformManager: Display: Loaded TargetPlatform 'LinuxAArch64Client'
[2020.11.06-14.14.30:506][  0]LogTargetPlatformManager: Display: Loaded TargetPlatform 'LinuxAArch64Server'
[2020.11.06-14.14.30:555][  0]LogTargetPlatformManager: Display: Loaded TargetPlatform 'Lumin'
[2020.11.06-14.14.30:555][  0]LogTargetPlatformManager: Display: Loaded TargetPlatform 'LuminClient'
[2020.11.06-14.14.30:586][  0]LogTargetPlatformManager: Display: Loaded TargetPlatform 'TVOSClient'
[2020.11.06-14.14.30:586][  0]LogTargetPlatformManager: Display: Loaded TargetPlatform 'TVOS'
[2020.11.06-14.14.30:615][  0]LogTargetPlatformManager: Display: Loaded TargetPlatform 'WindowsNoEditor'
[2020.11.06-14.14.30:687][  0]LogTargetPlatformManager: Display: Loaded TargetPlatform 'Windows'
[2020.11.06-14.14.30:723][  0]LogTargetPlatformManager: Display: Loaded TargetPlatform 'WindowsClient'
[2020.11.06-14.14.30:732][  0]LogTargetPlatformManager: Display: Loaded TargetPlatform 'WindowsServer'
[2020.11.06-14.14.30:732][  0]LogTargetPlatformManager: Display: Building Assets For Windows
[2020.11.06-14.14.30:904][  0]LogAudioDebug: Display: Lib vorbis DLL was dynamically loaded.
[2020.11.06-14.14.31:745][  0]LogShaderCompilers: Guid format shader working directory is -14 characters bigger than the processId version (C:/Users/Garfield/Documents/GitHub/BattleChess/BattleChess_Game/Intermediate/Shaders/WorkingDirectory/8856/).
[2020.11.06-14.14.31:745][  0]LogShaderCompilers: Cleaned the shader compiler working directory 'C:/Users/Garfield/AppData/Local/Temp/UnrealShaderWorkingDir/F4D8F0CC40AA3D62A51814BC915DA991/'.
[2020.11.06-14.14.31:759][  0]LogXGEController: Cannot use XGE Controller as Incredibuild is not installed on this machine.
[2020.11.06-14.14.31:759][  0]LogShaderCompilers: Cannot use XGE Shader Compiler as Incredibuild is not installed on this machine.
[2020.11.06-14.14.31:759][  0]LogShaderCompilers: Display: Using Local Shader Compiler.
[2020.11.06-14.14.35:658][  0]LogDerivedDataCache: Display: Max Cache Size: 512 MB
[2020.11.06-14.14.36:444][  0]LogDerivedDataCache: Loaded boot cache 0.79s 75MB C:/Users/Garfield/AppData/Local/UnrealEngine/4.25/DerivedDataCache/Boot.ddc.
[2020.11.06-14.14.36:444][  0]LogDerivedDataCache: Display: Loaded Boot cache: C:/Users/Garfield/AppData/Local/UnrealEngine/4.25/DerivedDataCache/Boot.ddc
[2020.11.06-14.14.36:444][  0]LogDerivedDataCache: FDerivedDataBackendGraph:  Pak pak cache file C:/Users/Garfield/Documents/GitHub/BattleChess/BattleChess_Game/DerivedDataCache/DDC.ddp not found, will not use a pak cache.
[2020.11.06-14.14.36:444][  0]LogDerivedDataCache: Unable to find inner node Pak for hierarchical cache Hierarchy.
[2020.11.06-14.14.36:444][  0]LogDerivedDataCache: FDerivedDataBackendGraph:  CompressedPak pak cache file C:/Users/Garfield/Documents/GitHub/BattleChess/BattleChess_Game/DerivedDataCache/Compressed.ddp not found, will not use a pak cache.
[2020.11.06-14.14.36:444][  0]LogDerivedDataCache: Unable to find inner node CompressedPak for hierarchical cache Hierarchy.
[2020.11.06-14.14.36:454][  0]LogDerivedDataCache: Display: Pak cache opened for reading ../../../Engine/DerivedDataCache/Compressed.ddp.
[2020.11.06-14.14.36:454][  0]LogDerivedDataCache: FDerivedDataBackendGraph:  EnterprisePak pak cache file ../../../Enterprise/DerivedDataCache/Compressed.ddp not found, will not use a pak cache.
[2020.11.06-14.14.36:454][  0]LogDerivedDataCache: Unable to find inner node EnterprisePak for hierarchical cache Hierarchy.
[2020.11.06-14.14.36:456][  0]LogDerivedDataCache: Using Local data cache path C:/Users/Garfield/AppData/Local/UnrealEngine/Common/DerivedDataCache: Writable
[2020.11.06-14.14.36:456][  0]LogDerivedDataCache: Shared data cache path not found in *engine.ini, will not use an Shared cache.
[2020.11.06-14.14.36:456][  0]LogDerivedDataCache: Unable to find inner node Shared for hierarchical cache Hierarchy.
[2020.11.06-14.14.36:504][  0]LogSlate: Using FreeType 2.10.0
[2020.11.06-14.14.36:577][  0]LogSlate: SlateFontServices - WITH_FREETYPE: 1, WITH_HARFBUZZ: 1
[2020.11.06-14.14.37:272][  0]LogAssetRegistry: FAssetRegistry took 0.0024 seconds to start up
[2020.11.06-14.14.37:656][  0]LogInit: Selected Device Profile: [Windows]
[2020.11.06-14.14.38:746][  0]LogMeshReduction: Using QuadricMeshReduction for automatic static mesh reduction
[2020.11.06-14.14.38:746][  0]LogMeshReduction: Using SimplygonMeshReduction for automatic skeletal mesh reduction
[2020.11.06-14.14.38:746][  0]LogMeshReduction: Using ProxyLODMeshReduction for automatic mesh merging
[2020.11.06-14.14.38:746][  0]LogMeshReduction: No distributed automatic mesh merging module available
[2020.11.06-14.14.38:746][  0]LogMeshMerging: No distributed automatic mesh merging module available
[2020.11.06-14.14.38:842][  0]LogNetVersion: BattleChess_Game 1.0.0, NetCL: 13144385, EngineNetVer: 14, GameNetVer: 0 (Checksum: 631773850)
[2020.11.06-14.14.45:873][  0]LogAISub: UAISubsystem::UAISubsystem AISubsystem (000002213FB0A980), frame # 0
[2020.11.06-14.14.45:873][  0]LogAISub: UAISubsystem::UAISubsystem AIPerceptionSystem (000002213F9CD1C0), frame # 0
[2020.11.06-14.14.45:875][  0]LogAISub: UAISubsystem::UAISubsystem EnvQueryManager (000002213FA0DC00), frame # 0
[2020.11.06-14.14.45:996][  0]LogPackageLocalizationCache: Processed 19 localized package path(s) for 1 prioritized culture(s) in 0.111323 seconds
[2020.11.06-14.14.46:009][  0]LogUObjectArray: 15925 objects as part of root set at end of initial load.
[2020.11.06-14.14.46:009][  0]LogUObjectAllocator: 3977056 out of 0 bytes used by permanent object pool.
[2020.11.06-14.14.46:009][  0]LogUObjectArray: CloseDisregardForGC: 0/0 objects in disregard for GC pool
[2020.11.06-14.14.51:236][  0]LogTcpMessaging: Initializing TcpMessaging bridge
[2020.11.06-14.14.51:279][  0]LogUdpMessaging: Initializing bridge on interface 0.0.0.0:0 to multicast group 230.0.0.1:6666.
[2020.11.06-14.14.51:639][  0]LogLinker: Warning: Failed to load '/Game/FirstPersonBP/FirstPersonOverview': Can't find file.
[2020.11.06-14.14.51:639][  0]LogLinker: Warning: Failed to load '/Game/FirstPersonBP/FirstPersonOverview': Can't find file.
[2020.11.06-14.14.51:639][  0]LogUObjectGlobals: Warning: Failed to find object 'Class /Game/FirstPersonBP/FirstPersonOverview.FirstPersonOverview_C'
[2020.11.06-14.14.51:920][  0]SourceControl: Source control is disabled
[2020.11.06-14.14.51:920][  0]SourceControl: Source control is disabled
[2020.11.06-14.14.51:976][  0]SourceControl: Source control is disabled
[2020.11.06-14.14.52:021][  0]SourceControl: Source control is disabled
[2020.11.06-14.14.52:105][  0]SourceControl: Source control is disabled
[2020.11.06-14.14.55:179][  0]LogAndroidPermission: UAndroidPermissionCallbackProxy::GetInstance
[2020.11.06-14.14.55:346][  0]LogAudioCaptureCore: Display: No Audio Capture implementations found. Audio input will be silent.
[2020.11.06-14.14.55:346][  0]LogAudioCaptureCore: Display: No Audio Capture implementations found. Audio input will be silent.
[2020.11.06-14.14.55:821][  0]LogOcInput: OculusInput pre-init called
[2020.11.06-14.14.55:915][  0]LogWindows: Failed to load 'OVRPlugin.dll' (GetLastError=126)
[2020.11.06-14.14.55:915][  0]LogWindows: File 'OVRPlugin.dll' does not exist
[2020.11.06-14.14.56:284][  0]LogEngine: Initializing Engine...
[2020.11.06-14.14.56:287][  0]LogHMD: Failed to initialize OpenVR with code 110
[2020.11.06-14.14.56:287][  0]LogMagicLeap: Warning: VR disabled because ZI is not enabled.  To enable, in the editor, Edit -> Project Settings -> Plugins -> Magic Leap Plugin -> Enable Zero Iteration
[2020.11.06-14.14.56:289][  0]LogStats: UGameplayTagsManager::InitializeManager -  0.000 s
[2020.11.06-14.14.56:674][  0]LogInit: Initializing FReadOnlyCVARCache
[2020.11.06-14.14.56:765][  0]LogAIModule: Creating AISystem for world Untitled
[2020.11.06-14.14.56:765][  0]LogAISub: UAISubsystem::UAISubsystem EnvQueryManager (0000022142A1FC00), frame # 0
[2020.11.06-14.14.56:765][  0]LogAISub: UAISubsystem::UAISubsystem AIPerceptionSystem (0000022142A7D300), frame # 0
[2020.11.06-14.14.56:828][  0]LogAudioMixer: Display: Audio Mixer Platform Settings:
[2020.11.06-14.14.56:828][  0]LogAudioMixer: Display: 	Sample Rate:						  48000
[2020.11.06-14.14.56:828][  0]LogAudioMixer: Display: 	Callback Buffer Frame Size Requested: 1024
[2020.11.06-14.14.56:828][  0]LogAudioMixer: Display: 	Callback Buffer Frame Size To Use:	  1024
[2020.11.06-14.14.56:828][  0]LogAudioMixer: Display: 	Number of buffers to queue:			  2
[2020.11.06-14.14.56:828][  0]LogAudioMixer: Display: 	Max Channels (voices):				  32
[2020.11.06-14.14.56:828][  0]LogAudioMixer: Display: 	Number of Async Source Workers:		  0
[2020.11.06-14.14.56:828][  0]LogAudio: Display: AudioDevice MaxSources: 32
[2020.11.06-14.14.56:829][  0]LogAudio: Display: Using built-in audio occlusion.
[2020.11.06-14.14.56:829][  0]LogAudioMixer: Display: Initializing audio mixer.
[2020.11.06-14.14.56:881][  0]LogAudioMixer: Display: 0: FrontLeft
[2020.11.06-14.14.56:881][  0]LogAudioMixer: Display: 1: FrontRight
[2020.11.06-14.14.56:952][  0]LogAudioMixer: Display: Using Audio Device Speakers (Realtek High Definition Audio)
[2020.11.06-14.14.56:954][  0]LogAudioMixer: Display: Initializing Sound Submixes...
[2020.11.06-14.14.56:957][  0]LogAudioMixer: Display: Creating Master Submix 'MasterSubmixDefault'
[2020.11.06-14.14.56:957][  0]LogAudioMixer: Display: Creating Master Submix 'MasterReverbSubmixDefault'
[2020.11.06-14.14.56:959][  0]LogAudioMixer: Display: Creating Master Submix 'MasterEQSubmixDefault'
[2020.11.06-14.14.56:962][  0]LogInit: FAudioDevice initialized.
[2020.11.06-14.14.56:962][  0]LogNetVersion: Set ProjectVersion to 1.0.0.0. Version Checksum will be recalculated on next use.
[2020.11.06-14.14.57:285][  0]LogDerivedDataCache: Saved boot cache 0.32s 75MB C:/Users/Garfield/AppData/Local/UnrealEngine/4.25/DerivedDataCache/Boot.ddc.
[2020.11.06-14.14.57:302][  0]LogInit: Texture streaming: Enabled
[2020.11.06-14.14.57:414][  0]LogEngineSessionManager: EngineSessionManager initialized
[2020.11.06-14.14.57:414][  0]LogEngineSessionManager: EngineSessionManager sent abnormal shutdown report. Type=Crashed, SessionId={4DFADC19-4D81-C50E-9B5C-8E96BD9FF431}
[2020.11.06-14.14.57:414][  0]LogEditorSessionSummary: Verbose: Initializing EditorSessionSummaryWriter for editor session tracking
[2020.11.06-14.14.57:424][  0]LogEditorSessionSummary: EditorSessionSummaryWriter initialized
[2020.11.06-14.14.57:607][  0]LogInit: Transaction tracking system initialized
[2020.11.06-14.14.57:906][  0]BlueprintLog: New page: Editor Load
[2020.11.06-14.14.58:615][  0]LocalizationService: Localization service is disabled
[2020.11.06-14.15.00:247][  0]LogCook: Display: Max memory allowance for cook 16384mb min free memory 0mb
[2020.11.06-14.15.00:248][  0]LogCook: Display: Mobile HDR setting 1
[2020.11.06-14.15.01:030][  0]LogFileCache: Scanning file cache for directory 'C:/Users/Garfield/Documents/GitHub/BattleChess/BattleChess_Game/Content/' took 0.01s
[2020.11.06-14.15.03:544][  0]SourceControl: Source control is disabled
[2020.11.06-14.15.03:544][  0]LogUnrealEdMisc: Loading editor; pre map load, took 104.488
[2020.11.06-14.15.03:544][  0]Cmd: MAP LOAD FILE="C:/Users/Garfield/Documents/GitHub/BattleChess/BattleChess_Game/Content/Maps/MainMenu.umap" TEMPLATE=0 SHOWPROGRESS=1 FEATURELEVEL=3
[2020.11.06-14.15.03:547][  0]LightingResults: New page: Lighting Build
[2020.11.06-14.15.03:575][  0]LogWorld: UWorld::CleanupWorld for Untitled, bSessionEnded=true, bCleanupResources=true
[2020.11.06-14.15.03:575][  0]LogSlate: InvalidateAllWidgets triggered.  All widgets were invalidated
[2020.11.06-14.15.03:575][  0]MapCheck: New page: Map Check
[2020.11.06-14.15.03:575][  0]LightingResults: New page: Lighting Build
[2020.11.06-14.15.03:590][  0]LogAISub: UAISubsystem::~UAISubsystem EnvQueryManager (0000022142A1FC00), frame # 0
[2020.11.06-14.15.03:590][  0]LogAISub: UAISubsystem::~UAISubsystem AIPerceptionSystem (0000022142A7D300), frame # 0
[2020.11.06-14.15.03:592][  0]LogUObjectHash: Compacting FUObjectHashTables data took   1.63ms
[2020.11.06-14.15.03:812][  0]LogAIModule: Creating AISystem for world MainMenu
[2020.11.06-14.15.03:812][  0]LogAISub: UAISubsystem::UAISubsystem EnvQueryManager (0000022131CC2600), frame # 0
[2020.11.06-14.15.03:812][  0]LogAISub: UAISubsystem::UAISubsystem AIPerceptionSystem (0000022131DB4400), frame # 0
[2020.11.06-14.15.03:814][  0]LogEditorServer: Finished looking for orphan Actors (0.000 secs)
[2020.11.06-14.15.03:831][  0]LogUObjectHash: Compacting FUObjectHashTables data took   2.94ms
[2020.11.06-14.15.03:832][  0]Cmd: MAP CHECKDEP NOCLEARLOG
[2020.11.06-14.15.03:833][  0]MapCheck: Map check complete: 0 Error(s), 0 Warning(s), took 0.851ms to complete.
[2020.11.06-14.15.03:833][  0]LogFileHelpers: Loading map 'MainMenu' took 0.289
[2020.11.06-14.15.03:837][  0]LogUnrealEdMisc: Total Editor Startup Time, took 104.781
[2020.11.06-14.15.03:976][  0]LogSlate: Updating window title bar state: overlay mode, drag disabled, window buttons hidden, title bar hidden
[2020.11.06-14.15.03:991][  0]LogSlate: Updating window title bar state: overlay mode, drag disabled, window buttons hidden, title bar hidden
[2020.11.06-14.15.04:004][  0]LogSlate: Updating window title bar state: overlay mode, drag disabled, window buttons hidden, title bar hidden
[2020.11.06-14.15.04:015][  0]LogSlate: Updating window title bar state: overlay mode, drag disabled, window buttons hidden, title bar hidden
[2020.11.06-14.15.04:051][  0]LogCollectionManager: Loaded 0 collections in 0.003571 seconds
[2020.11.06-14.15.04:117][  0]LogFileCache: Scanning file cache for directory 'C:/Users/Garfield/Documents/GitHub/BattleChess/BattleChess_Game/Saved/Collections/' took 0.00s
[2020.11.06-14.15.04:117][  0]LogFileCache: Scanning file cache for directory 'C:/Users/Garfield/Documents/GitHub/BattleChess/BattleChess_Game/Content/Developers/Garfield/Collections/' took 0.00s
[2020.11.06-14.15.04:117][  0]LogFileCache: Scanning file cache for directory 'C:/Users/Garfield/Documents/GitHub/BattleChess/BattleChess_Game/Content/Collections/' took 0.00s
[2020.11.06-14.15.04:117][  0]LogContentBrowser: Native class hierarchy populated in 0.0099 seconds. Added 3430 classes and 825 folders.
[2020.11.06-14.15.04:172][  0]LogContentBrowser: Native class hierarchy updated for 'WidgetCarousel' in 0.0004 seconds. Added 0 classes and 0 folders.
[2020.11.06-14.15.05:200][  0]LogContentBrowser: Native class hierarchy updated for 'AddContentDialog' in 0.0003 seconds. Added 0 classes and 0 folders.
[2020.11.06-14.15.05:201][  0]LogContentBrowser: Native class hierarchy updated for 'SceneOutliner' in 0.0003 seconds. Added 2 classes and 0 folders.
[2020.11.06-14.15.05:378][  0]LogSlate: Took 0.044746 seconds to synchronously load lazily loaded font '../../../Engine/Content/Slate/Fonts/Roboto-Regular.ttf' (155K)
[2020.11.06-14.15.05:386][  0]LogSlate: Took 0.004873 seconds to synchronously load lazily loaded font '../../../Engine/Content/Slate/Fonts/Roboto-Bold.ttf' (160K)
[2020.11.06-14.15.05:440][  0]LogSlate: Took 0.036330 seconds to synchronously load lazily loaded font '../../../Engine/Content/Editor/Slate/Fonts/FontAwesome.ttf' (139K)
[2020.11.06-14.15.05:675][  0]LogRenderer: Reallocating scene render targets to support 964x432 Format 10 NumSamples 1 (Frame:1).
[2020.11.06-14.15.05:884][  0]LogContentBrowser: Native class hierarchy updated for 'HierarchicalLODOutliner' in 0.0008 seconds. Added 0 classes and 0 folders.
[2020.11.06-14.15.05:885][  0]LogLoad: (Engine Initialization) Total time: 106.83 seconds
[2020.11.06-14.15.05:885][  0]LogLoad: (Engine Initialization) Total Blueprint compile time: 0.00 seconds
[2020.11.06-14.15.05:964][  0]LogContentStreaming: Texture pool size now 1000 MB
[2020.11.06-14.15.06:070][  0]LogSlate: Took 0.029899 seconds to synchronously load lazily loaded font '../../../Engine/Content/Slate/Fonts/Roboto-Light.ttf' (167K)
[2020.11.06-14.15.06:114][  1]LogAssetRegistry: Asset discovery search completed in 28.8427 seconds
[2020.11.06-14.15.06:134][  1]LogCollectionManager: Fixed up redirectors for 0 collections in 0.000003 seconds (updated 0 objects)
[2020.11.06-14.15.07:439][  5]LogSlate: Took 0.000117 seconds to synchronously load lazily loaded font '../../../Engine/Content/Slate/Fonts/Roboto-Light.ttf' (167K)
[2020.11.06-14.15.24:638][586]LogAssetEditorSubsystem: Opening Asset editor for World /Game/ThirdPersonBP/Maps/ThirdPersonExampleMap.ThirdPersonExampleMap
[2020.11.06-14.15.24:653][586]LogUObjectHash: Compacting FUObjectHashTables data took   1.23ms
[2020.11.06-14.15.24:656][586]Cmd: MAP LOAD FILE="C:/Users/Garfield/Documents/GitHub/BattleChess/BattleChess_Game/Content/ThirdPersonBP/Maps/ThirdPersonExampleMap.umap" TEMPLATE=0 SHOWPROGRESS=1 FEATURELEVEL=3
[2020.11.06-14.15.24:656][586]LightingResults: New page: Lighting Build
[2020.11.06-14.15.24:656][586]LoadErrors: New page: Loading map: ThirdPersonExampleMap.umap
[2020.11.06-14.15.24:657][586]LogWorld: UWorld::CleanupWorld for MainMenu, bSessionEnded=true, bCleanupResources=true
[2020.11.06-14.15.24:657][586]LogSlate: InvalidateAllWidgets triggered.  All widgets were invalidated
[2020.11.06-14.15.24:657][586]MapCheck: New page: Map Check
[2020.11.06-14.15.24:657][586]LightingResults: New page: Lighting Build
[2020.11.06-14.15.24:665][586]LogAISub: UAISubsystem::~UAISubsystem EnvQueryManager (0000022131CC2600), frame # 586
[2020.11.06-14.15.24:665][586]LogAISub: UAISubsystem::~UAISubsystem AIPerceptionSystem (0000022131DB4400), frame # 586
[2020.11.06-14.15.24:665][586]LogUObjectHash: Compacting FUObjectHashTables data took   0.66ms
[2020.11.06-14.15.24:753][586]LogEditorServer: Finished looking for orphan Actors (0.000 secs)
[2020.11.06-14.15.24:753][586]LogAIModule: Creating AISystem for world ThirdPersonExampleMap
[2020.11.06-14.15.24:753][586]LogAISub: UAISubsystem::UAISubsystem EnvQueryManager (000002214907F800), frame # 586
[2020.11.06-14.15.24:753][586]LogAISub: UAISubsystem::UAISubsystem AIPerceptionSystem (00000221683E0B80), frame # 586
[2020.11.06-14.15.24:765][586]LogUObjectHash: Compacting FUObjectHashTables data took   0.54ms
[2020.11.06-14.15.24:796][586]Cmd: MAP CHECKDEP NOCLEARLOG
[2020.11.06-14.15.24:797][586]MapCheck: Map check complete: 0 Error(s), 0 Warning(s), took 0.2ms to complete.
[2020.11.06-14.15.24:797][586]LogFileHelpers: Loading map 'ThirdPersonExampleMap' took 0.141
[2020.11.06-14.15.26:275][653]LogAssetEditorSubsystem: Opening Asset editor for AnimBlueprint /Game/Mannequin/Animations/ThirdPerson_AnimBP.ThirdPerson_AnimBP
[2020.11.06-14.15.26:567][653]LogContentBrowser: Native class hierarchy updated for 'SkeletonEditor' in 0.0003 seconds. Added 1 classes and 2 folders.
[2020.11.06-14.15.26:935][653]LogActorComponent: RegisterComponentWithWorld: (/Engine/Transient.World_1:PersistentLevel.AnimationEditorPreviewActor_0.DebugSkelMeshComponent_0) Already registered. Aborting.
[2020.11.06-14.15.26:937][653]LogContentBrowser: Native class hierarchy updated for 'PinnedCommandList' in 0.0004 seconds. Added 1 classes and 0 folders.
[2020.11.06-14.15.27:372][653]LogContentBrowser: Native class hierarchy updated for 'BlueprintGraph' in 0.0005 seconds. Added 125 classes and 0 folders.
[2020.11.06-14.15.28:693][653]LogSkeletalMesh: USkeletalMeshComponent::InitArticulated : Bodies already created (/Engine/Transient.World_1:PersistentLevel.AnimationEditorPreviewActor_0.DebugSkelMeshComponent_0) - call TermArticulated first.
[2020.11.06-14.15.29:246][653]LogAssetEditorSubsystem: Opening Asset editor for BlendSpace /Game/Mannequin/Animations/IdleWalkRun.IdleWalkRun
[2020.11.06-14.15.29:314][653]LogActorComponent: RegisterComponentWithWorld: (/Engine/Transient.World_3:PersistentLevel.AnimationEditorPreviewActor_0.DebugSkelMeshComponent_0) Already registered. Aborting.
[2020.11.06-14.15.29:405][653]LogSkeletalMesh: USkeletalMeshComponent::InitArticulated : Bodies already created (/Engine/Transient.World_3:PersistentLevel.AnimationEditorPreviewActor_0.DebugSkelMeshComponent_0) - call TermArticulated first.
[2020.11.06-14.15.31:681][653]LogContentBrowser: Verbose: The majority of assets in the view are of type: AnimSequence
[2020.11.06-14.15.35:598][712]LogSlate: Took 0.040929 seconds to synchronously load lazily loaded font '../../../Engine/Content/Slate/Fonts/Roboto-BoldCondensed.ttf' (158K)
[2020.11.06-14.15.35:805][713]LogSlate: Took 0.019075 seconds to synchronously load lazily loaded font '../../../Engine/Content/Slate/Fonts/Roboto-Italic.ttf' (157K)
[2020.11.06-14.15.42:574][821]LogSavePackage: Moving 'C:/Users/Garfield/Documents/GitHub/BattleChess/BattleChess_Game/Saved/ThirdPerson_AnimBP5C61E21E4654C6DB4704C88249CE50F6.tmp' to 'C:/Users/Garfield/Documents/GitHub/BattleChess/BattleChess_Game/Content/Mannequin/Animations/ThirdPerson_AnimBP.uasset'
[2020.11.06-14.15.42:653][821]AssetCheck: New page: Asset Save: ThirdPerson_AnimBP
[2020.11.06-14.15.42:653][821]LogContentValidation: Display: Validating AnimBlueprint /Game/Mannequin/Animations/ThirdPerson_AnimBP.ThirdPerson_AnimBP
[2020.11.06-14.15.50:488][921]LogSavePackage: Moving 'C:/Users/Garfield/Documents/GitHub/BattleChess/BattleChess_Game/Saved/ThirdPerson_AnimBP6F4084B24D0AB83711A325B095D49A42.tmp' to 'C:/Users/Garfield/Documents/GitHub/BattleChess/BattleChess_Game/Content/Mannequin/Animations/ThirdPerson_AnimBP.uasset'
[2020.11.06-14.15.50:569][921]AssetCheck: New page: Asset Save: ThirdPerson_AnimBP
[2020.11.06-14.15.50:569][921]LogContentValidation: Display: Validating AnimBlueprint /Game/Mannequin/Animations/ThirdPerson_AnimBP.ThirdPerson_AnimBP
[2020.11.06-14.16.15:193][137]LogSavePackage: Moving 'C:/Users/Garfield/Documents/GitHub/BattleChess/BattleChess_Game/Saved/ThirdPerson_AnimBP6921314B44928B272A1C3AB647F4EB6F.tmp' to 'C:/Users/Garfield/Documents/GitHub/BattleChess/BattleChess_Game/Content/Mannequin/Animations/ThirdPerson_AnimBP.uasset'
[2020.11.06-14.16.15:213][137]AssetCheck: New page: Asset Save: ThirdPerson_AnimBP
[2020.11.06-14.16.15:213][137]LogContentValidation: Display: Validating AnimBlueprint /Game/Mannequin/Animations/ThirdPerson_AnimBP.ThirdPerson_AnimBP
[2020.11.06-14.16.21:267][272]LogSavePackage: Moving 'C:/Users/Garfield/Documents/GitHub/BattleChess/BattleChess_Game/Saved/ThirdPerson_AnimBPFED0002E4B7785269C163FAF9CC10853.tmp' to 'C:/Users/Garfield/Documents/GitHub/BattleChess/BattleChess_Game/Content/Mannequin/Animations/ThirdPerson_AnimBP.uasset'
[2020.11.06-14.16.21:330][272]AssetCheck: New page: Asset Save: ThirdPerson_AnimBP
[2020.11.06-14.16.21:330][272]LogContentValidation: Display: Validating AnimBlueprint /Game/Mannequin/Animations/ThirdPerson_AnimBP.ThirdPerson_AnimBP
[2020.11.06-14.16.24:157][317]LogSavePackage: Moving 'C:/Users/Garfield/Documents/GitHub/BattleChess/BattleChess_Game/Saved/ThirdPerson_AnimBP5A2151914B1D0FD3860A62A1D176AFD4.tmp' to 'C:/Users/Garfield/Documents/GitHub/BattleChess/BattleChess_Game/Content/Mannequin/Animations/ThirdPerson_AnimBP.uasset'
[2020.11.06-14.16.24:223][317]AssetCheck: New page: Asset Save: ThirdPerson_AnimBP
[2020.11.06-14.16.24:223][317]LogContentValidation: Display: Validating AnimBlueprint /Game/Mannequin/Animations/ThirdPerson_AnimBP.ThirdPerson_AnimBP
[2020.11.06-14.16.38:944][496]LogSavePackage: Moving 'C:/Users/Garfield/Documents/GitHub/BattleChess/BattleChess_Game/Saved/ThirdPerson_AnimBP5284F57841FBA60BAC047CA6E2184CF2.tmp' to 'C:/Users/Garfield/Documents/GitHub/BattleChess/BattleChess_Game/Content/Mannequin/Animations/ThirdPerson_AnimBP.uasset'
[2020.11.06-14.16.38:995][496]AssetCheck: New page: Asset Save: ThirdPerson_AnimBP
[2020.11.06-14.16.38:995][496]LogContentValidation: Display: Validating AnimBlueprint /Game/Mannequin/Animations/ThirdPerson_AnimBP.ThirdPerson_AnimBP
[2020.11.06-14.16.55:200][629]LogSavePackage: Moving 'C:/Users/Garfield/Documents/GitHub/BattleChess/BattleChess_Game/Saved/ThirdPerson_AnimBP66A7D9D54A151BE6832B6A9DA33C6066.tmp' to 'C:/Users/Garfield/Documents/GitHub/BattleChess/BattleChess_Game/Content/Mannequin/Animations/ThirdPerson_AnimBP.uasset'
[2020.11.06-14.16.55:248][629]AssetCheck: New page: Asset Save: ThirdPerson_AnimBP
[2020.11.06-14.16.55:248][629]LogContentValidation: Display: Validating AnimBlueprint /Game/Mannequin/Animations/ThirdPerson_AnimBP.ThirdPerson_AnimBP
[2020.11.06-14.17.27:421][962]LogSavePackage: Moving 'C:/Users/Garfield/Documents/GitHub/BattleChess/BattleChess_Game/Saved/ThirdPerson_AnimBPA8CA6CEC44E5D25B0A6E4A8481D4CD7C.tmp' to 'C:/Users/Garfield/Documents/GitHub/BattleChess/BattleChess_Game/Content/Mannequin/Animations/ThirdPerson_AnimBP.uasset'
[2020.11.06-14.17.27:475][962]AssetCheck: New page: Asset Save: ThirdPerson_AnimBP
[2020.11.06-14.17.27:476][962]LogContentValidation: Display: Validating AnimBlueprint /Game/Mannequin/Animations/ThirdPerson_AnimBP.ThirdPerson_AnimBP
[2020.11.06-14.17.43:765][110]LogSavePackage: Moving 'C:/Users/Garfield/Documents/GitHub/BattleChess/BattleChess_Game/Saved/ThirdPerson_AnimBPCABF9E7144E7E7047ACDECB717075DEE.tmp' to 'C:/Users/Garfield/Documents/GitHub/BattleChess/BattleChess_Game/Content/Mannequin/Animations/ThirdPerson_AnimBP.uasset'
[2020.11.06-14.17.43:806][110]AssetCheck: New page: Asset Save: ThirdPerson_AnimBP
[2020.11.06-14.17.43:806][110]LogContentValidation: Display: Validating AnimBlueprint /Game/Mannequin/Animations/ThirdPerson_AnimBP.ThirdPerson_AnimBP
[2020.11.06-14.17.56:625][445]LogSavePackage: Moving 'C:/Users/Garfield/Documents/GitHub/BattleChess/BattleChess_Game/Saved/ThirdPerson_AnimBPC655B9994C65631E103C9F8343963CB8.tmp' to 'C:/Users/Garfield/Documents/GitHub/BattleChess/BattleChess_Game/Content/Mannequin/Animations/ThirdPerson_AnimBP.uasset'
[2020.11.06-14.17.56:644][445]AssetCheck: New page: Asset Save: ThirdPerson_AnimBP
[2020.11.06-14.17.56:644][445]LogContentValidation: Display: Validating AnimBlueprint /Game/Mannequin/Animations/ThirdPerson_AnimBP.ThirdPerson_AnimBP
[2020.11.06-14.18.06:630][509]BlueprintLog: New page: Compile ThirdPerson_AnimBP
[2020.11.06-14.18.06:961][509]LogUObjectHash: Compacting FUObjectHashTables data took   5.09ms
[2020.11.06-14.18.25:754][686]LogSavePackage: Moving 'C:/Users/Garfield/Documents/GitHub/BattleChess/BattleChess_Game/Saved/ThirdPerson_AnimBP0DEDD36545C1303C34DB99AA548179C7.tmp' to 'C:/Users/Garfield/Documents/GitHub/BattleChess/BattleChess_Game/Content/Mannequin/Animations/ThirdPerson_AnimBP.uasset'
[2020.11.06-14.18.25:790][686]AssetCheck: New page: Asset Save: ThirdPerson_AnimBP
[2020.11.06-14.18.25:791][686]LogContentValidation: Display: Validating AnimBlueprint /Game/Mannequin/Animations/ThirdPerson_AnimBP.ThirdPerson_AnimBP
[2020.11.06-14.18.59:937][997]LogSavePackage: Moving 'C:/Users/Garfield/Documents/GitHub/BattleChess/BattleChess_Game/Saved/ThirdPerson_AnimBP4735CA144FAA9AC8A55633B80D745996.tmp' to 'C:/Users/Garfield/Documents/GitHub/BattleChess/BattleChess_Game/Content/Mannequin/Animations/ThirdPerson_AnimBP.uasset'
[2020.11.06-14.18.59:996][997]AssetCheck: New page: Asset Save: ThirdPerson_AnimBP
[2020.11.06-14.18.59:996][997]LogContentValidation: Display: Validating AnimBlueprint /Game/Mannequin/Animations/ThirdPerson_AnimBP.ThirdPerson_AnimBP
[2020.11.06-14.19.20:829][160]LogSavePackage: Moving 'C:/Users/Garfield/Documents/GitHub/BattleChess/BattleChess_Game/Saved/ThirdPerson_AnimBPF01B8A634CAF6BECAC2FDDBD8A4912CF.tmp' to 'C:/Users/Garfield/Documents/GitHub/BattleChess/BattleChess_Game/Content/Mannequin/Animations/ThirdPerson_AnimBP.uasset'
[2020.11.06-14.19.20:892][160]AssetCheck: New page: Asset Save: ThirdPerson_AnimBP
[2020.11.06-14.19.20:892][160]LogContentValidation: Display: Validating AnimBlueprint /Game/Mannequin/Animations/ThirdPerson_AnimBP.ThirdPerson_AnimBP
[2020.11.06-14.19.35:750][372]LogSavePackage: Moving 'C:/Users/Garfield/Documents/GitHub/BattleChess/BattleChess_Game/Saved/ThirdPerson_AnimBP43D5699F4A446107C77856837A3563FF.tmp' to 'C:/Users/Garfield/Documents/GitHub/BattleChess/BattleChess_Game/Content/Mannequin/Animations/ThirdPerson_AnimBP.uasset'
[2020.11.06-14.19.35:816][372]AssetCheck: New page: Asset Save: ThirdPerson_AnimBP
[2020.11.06-14.19.35:817][372]LogContentValidation: Display: Validating AnimBlueprint /Game/Mannequin/Animations/ThirdPerson_AnimBP.ThirdPerson_AnimBP
[2020.11.06-14.19.57:241][583]LogSavePackage: Moving 'C:/Users/Garfield/Documents/GitHub/BattleChess/BattleChess_Game/Saved/ThirdPerson_AnimBP87E0037C4446F6A01E6179935012320B.tmp' to 'C:/Users/Garfield/Documents/GitHub/BattleChess/BattleChess_Game/Content/Mannequin/Animations/ThirdPerson_AnimBP.uasset'
[2020.11.06-14.19.57:300][583]AssetCheck: New page: Asset Save: ThirdPerson_AnimBP
[2020.11.06-14.19.57:300][583]LogContentValidation: Display: Validating AnimBlueprint /Game/Mannequin/Animations/ThirdPerson_AnimBP.ThirdPerson_AnimBP
[2020.11.06-14.20.21:970][909]LogSavePackage: Moving 'C:/Users/Garfield/Documents/GitHub/BattleChess/BattleChess_Game/Saved/ThirdPerson_AnimBPF961C0264387A77EB128AC8906F2E757.tmp' to 'C:/Users/Garfield/Documents/GitHub/BattleChess/BattleChess_Game/Content/Mannequin/Animations/ThirdPerson_AnimBP.uasset'
[2020.11.06-14.20.21:987][909]AssetCheck: New page: Asset Save: ThirdPerson_AnimBP
[2020.11.06-14.20.21:987][909]LogContentValidation: Display: Validating AnimBlueprint /Game/Mannequin/Animations/ThirdPerson_AnimBP.ThirdPerson_AnimBP
[2020.11.06-14.20.41:559][155]LogSavePackage: Moving 'C:/Users/Garfield/Documents/GitHub/BattleChess/BattleChess_Game/Saved/ThirdPerson_AnimBPC3079E1E4BBAE4EE2EB3D899E396CDB5.tmp' to 'C:/Users/Garfield/Documents/GitHub/BattleChess/BattleChess_Game/Content/Mannequin/Animations/ThirdPerson_AnimBP.uasset'
[2020.11.06-14.20.41:614][155]AssetCheck: New page: Asset Save: ThirdPerson_AnimBP
[2020.11.06-14.20.41:614][155]LogContentValidation: Display: Validating AnimBlueprint /Game/Mannequin/Animations/ThirdPerson_AnimBP.ThirdPerson_AnimBP
[2020.11.06-14.20.54:740][260]LogSavePackage: Moving 'C:/Users/Garfield/Documents/GitHub/BattleChess/BattleChess_Game/Saved/ThirdPerson_AnimBP4FA54FDD47554FA452752E8DDCE3D506.tmp' to 'C:/Users/Garfield/Documents/GitHub/BattleChess/BattleChess_Game/Content/Mannequin/Animations/ThirdPerson_AnimBP.uasset'
[2020.11.06-14.20.54:798][260]AssetCheck: New page: Asset Save: ThirdPerson_AnimBP
[2020.11.06-14.20.54:799][260]LogContentValidation: Display: Validating AnimBlueprint /Game/Mannequin/Animations/ThirdPerson_AnimBP.ThirdPerson_AnimBP
[2020.11.06-14.21.04:861][308]BlueprintLog: New page: Compile ThirdPerson_AnimBP
[2020.11.06-14.21.04:999][308]LogUObjectHash: Compacting FUObjectHashTables data took   7.16ms
[2020.11.06-14.21.07:037][351]LogSavePackage: Moving 'C:/Users/Garfield/Documents/GitHub/BattleChess/BattleChess_Game/Saved/ThirdPerson_AnimBP2F8FE4A74E2EF8649865FA89370C5E30.tmp' to 'C:/Users/Garfield/Documents/GitHub/BattleChess/BattleChess_Game/Content/Mannequin/Animations/ThirdPerson_AnimBP.uasset'
[2020.11.06-14.21.07:064][351]AssetCheck: New page: Asset Save: ThirdPerson_AnimBP
[2020.11.06-14.21.07:064][351]LogContentValidation: Display: Validating AnimBlueprint /Game/Mannequin/Animations/ThirdPerson_AnimBP.ThirdPerson_AnimBP
[2020.11.06-14.21.36:331][677]LogSavePackage: Moving 'C:/Users/Garfield/Documents/GitHub/BattleChess/BattleChess_Game/Saved/ThirdPerson_AnimBPE5CA1BD54359EE660F14FC912F50B147.tmp' to 'C:/Users/Garfield/Documents/GitHub/BattleChess/BattleChess_Game/Content/Mannequin/Animations/ThirdPerson_AnimBP.uasset'
[2020.11.06-14.21.36:403][677]AssetCheck: New page: Asset Save: ThirdPerson_AnimBP
[2020.11.06-14.21.36:403][677]LogContentValidation: Display: Validating AnimBlueprint /Game/Mannequin/Animations/ThirdPerson_AnimBP.ThirdPerson_AnimBP
[2020.11.06-14.21.51:551][819]LogSavePackage: Moving 'C:/Users/Garfield/Documents/GitHub/BattleChess/BattleChess_Game/Saved/ThirdPerson_AnimBP639460444348C9531AA91D872A514F11.tmp' to 'C:/Users/Garfield/Documents/GitHub/BattleChess/BattleChess_Game/Content/Mannequin/Animations/ThirdPerson_AnimBP.uasset'
[2020.11.06-14.21.51:580][819]AssetCheck: New page: Asset Save: ThirdPerson_AnimBP
[2020.11.06-14.21.51:580][819]LogContentValidation: Display: Validating AnimBlueprint /Game/Mannequin/Animations/ThirdPerson_AnimBP.ThirdPerson_AnimBP
[2020.11.06-14.21.53:149][842]LogSavePackage: Moving 'C:/Users/Garfield/Documents/GitHub/BattleChess/BattleChess_Game/Saved/ThirdPerson_AnimBP3CD9520342A094D69D70C1A2B8828AA1.tmp' to 'C:/Users/Garfield/Documents/GitHub/BattleChess/BattleChess_Game/Content/Mannequin/Animations/ThirdPerson_AnimBP.uasset'
[2020.11.06-14.21.53:200][842]AssetCheck: New page: Asset Save: ThirdPerson_AnimBP
[2020.11.06-14.21.53:200][842]LogContentValidation: Display: Validating AnimBlueprint /Game/Mannequin/Animations/ThirdPerson_AnimBP.ThirdPerson_AnimBP
[2020.11.06-14.22.19:754][ 14]LogSavePackage: Moving 'C:/Users/Garfield/Documents/GitHub/BattleChess/BattleChess_Game/Saved/ThirdPerson_AnimBP40A8E26D4B1D9E9CEFB9B9A271214834.tmp' to 'C:/Users/Garfield/Documents/GitHub/BattleChess/BattleChess_Game/Content/Mannequin/Animations/ThirdPerson_AnimBP.uasset'
[2020.11.06-14.22.19:794][ 14]AssetCheck: New page: Asset Save: ThirdPerson_AnimBP
[2020.11.06-14.22.19:795][ 14]LogContentValidation: Display: Validating AnimBlueprint /Game/Mannequin/Animations/ThirdPerson_AnimBP.ThirdPerson_AnimBP
[2020.11.06-14.22.35:817][177]LogRHI: Error: Present Fail Count 1
[2020.11.06-14.22.35:817][177]LogRHI: Error: SyncInterval 0
[2020.11.06-14.22.35:817][177]LogRHI: Error: SwapChainDesc.BufferDesc.Width 810
[2020.11.06-14.22.35:817][177]LogRHI: Error: SwapChainDesc.BufferDesc.Height 122
[2020.11.06-14.22.35:817][177]LogRHI: Error: SwapChainDesc.BufferDesc.RefreshRate.Numerator 0
[2020.11.06-14.22.35:817][177]LogRHI: Error: SwapChainDesc.BufferDesc.RefreshRate.Denominator 0
[2020.11.06-14.22.35:817][177]LogRHI: Error: SwapChainDesc.BufferDesc.Format 24
[2020.11.06-14.22.35:817][177]LogRHI: Error: SwapChainDesc.BufferDesc.ScanlineOrdering 0
[2020.11.06-14.22.35:817][177]LogRHI: Error: SwapChainDesc.BufferDesc.Scaling 0
[2020.11.06-14.22.35:817][177]LogRHI: Error: SwapChainDesc.SampleDesc.Count 1
[2020.11.06-14.22.35:817][177]LogRHI: Error: SwapChainDesc.SampleDesc.Quality 0
[2020.11.06-14.22.35:817][177]LogRHI: Error: SwapChainDesc.BufferUsage 48
[2020.11.06-14.22.35:817][177]LogRHI: Error: SwapChainDesc.BufferCount 2
[2020.11.06-14.22.35:817][177]LogRHI: Error: SwapChainDesc.OutputWindow 000000000025080C
[2020.11.06-14.22.35:817][177]LogRHI: Error: SwapChainDesc.Windowed true
[2020.11.06-14.22.35:817][177]LogRHI: Error: SwapChainDesc.SwapEffect 4
[2020.11.06-14.22.35:817][177]LogRHI: Error: SwapChainDesc.Flags 2050
[2020.11.06-14.22.35:917][177]LogD3D11RHI: Error: Result failed 
 at D:/Build/++UE4/Sync/Engine/Source/Runtime/Windows/D3D11RHI/Private/D3D11Query.cpp:348 
 with error DXGI_ERROR_DEVICE_REMOVED DXGI_ERROR_DRIVER_INTERNAL_ERROR
[2020.11.06-14.22.35:917][177]LogD3D11RHI: [Aftermath] GDynamicRHI=00000221219460C0, GDX11NVAfterMathEnabled=0, Result=0xFFFFFFFF, bDeviceActive=0
[2020.11.06-14.22.35:917][177]LogWindows: Windows GetLastError: The operation completed successfully. (0)
[2020.11.06-14.23.35:956][177]LogWindows: FPlatformMisc::RequestExit(0)
[2020.11.06-14.23.35:956][177]LogCore: Engine exit requested (reason: Win RequestExit)
[2020.11.06-14.23.35:956][177]LogWindows: FPlatformMisc::RequestExit(1)
[2020.11.06-14.23.35:956][177]LogCore: Engine exit requested (reason: Win RequestExit; note: exit was already requested)
[2020.11.06-14.23.35:971][177]Log file closed, 11/06/20 21:23:35
